[2025-03-11T13:10:35.553+0000] {processor.py:186} INFO - Started process (PID=74) to work on /home/airflow/.local/lib/python3.12/site-packages/airflow/example_dags/example_task_group_decorator.py
[2025-03-11T13:10:35.554+0000] {processor.py:914} INFO - Processing file /home/airflow/.local/lib/python3.12/site-packages/airflow/example_dags/example_task_group_decorator.py for tasks to queue
[2025-03-11T13:10:35.558+0000] {logging_mixin.py:190} INFO - [2025-03-11T13:10:35.557+0000] {dagbag.py:588} INFO - Filling up the DagBag from /home/airflow/.local/lib/python3.12/site-packages/airflow/example_dags/example_task_group_decorator.py
[2025-03-11T13:10:35.618+0000] {processor.py:925} INFO - DAG(s) 'example_task_group_decorator' retrieved from /home/airflow/.local/lib/python3.12/site-packages/airflow/example_dags/example_task_group_decorator.py
[2025-03-11T13:10:35.694+0000] {logging_mixin.py:190} INFO - [2025-03-11T13:10:35.694+0000] {override.py:1912} INFO - Created Permission View: can read on DAG:example_task_group_decorator
[2025-03-11T13:10:35.708+0000] {logging_mixin.py:190} INFO - [2025-03-11T13:10:35.708+0000] {override.py:1912} INFO - Created Permission View: can edit on DAG:example_task_group_decorator
[2025-03-11T13:10:35.722+0000] {logging_mixin.py:190} INFO - [2025-03-11T13:10:35.722+0000] {override.py:1912} INFO - Created Permission View: can delete on DAG:example_task_group_decorator
[2025-03-11T13:10:35.736+0000] {logging_mixin.py:190} INFO - [2025-03-11T13:10:35.736+0000] {override.py:1912} INFO - Created Permission View: can read on DAG Run:example_task_group_decorator
[2025-03-11T13:10:35.745+0000] {logging_mixin.py:190} INFO - [2025-03-11T13:10:35.744+0000] {override.py:1912} INFO - Created Permission View: can delete on DAG Run:example_task_group_decorator
[2025-03-11T13:10:35.755+0000] {logging_mixin.py:190} INFO - [2025-03-11T13:10:35.754+0000] {override.py:1912} INFO - Created Permission View: can create on DAG Run:example_task_group_decorator
[2025-03-11T13:10:35.765+0000] {logging_mixin.py:190} INFO - [2025-03-11T13:10:35.765+0000] {override.py:1912} INFO - Created Permission View: menu access on DAG Run:example_task_group_decorator
[2025-03-11T13:10:35.766+0000] {logging_mixin.py:190} INFO - [2025-03-11T13:10:35.766+0000] {dag.py:3239} INFO - Sync 1 DAGs
[2025-03-11T13:10:35.785+0000] {logging_mixin.py:190} INFO - [2025-03-11T13:10:35.785+0000] {dag.py:3262} INFO - Creating ORM DAG for example_task_group_decorator
[2025-03-11T13:10:35.786+0000] {logging_mixin.py:190} INFO - [2025-03-11T13:10:35.786+0000] {dag.py:4180} INFO - Setting next_dagrun for example_task_group_decorator to None, run_after=None
[2025-03-11T13:10:35.804+0000] {processor.py:208} INFO - Processing /home/airflow/.local/lib/python3.12/site-packages/airflow/example_dags/example_task_group_decorator.py took 0.253 seconds
[2025-03-11T13:11:06.744+0000] {processor.py:186} INFO - Started process (PID=137) to work on /home/airflow/.local/lib/python3.12/site-packages/airflow/example_dags/example_task_group_decorator.py
[2025-03-11T13:11:06.745+0000] {processor.py:914} INFO - Processing file /home/airflow/.local/lib/python3.12/site-packages/airflow/example_dags/example_task_group_decorator.py for tasks to queue
[2025-03-11T13:11:06.752+0000] {logging_mixin.py:190} INFO - [2025-03-11T13:11:06.751+0000] {dagbag.py:588} INFO - Filling up the DagBag from /home/airflow/.local/lib/python3.12/site-packages/airflow/example_dags/example_task_group_decorator.py
[2025-03-11T13:11:06.771+0000] {processor.py:925} INFO - DAG(s) 'example_task_group_decorator' retrieved from /home/airflow/.local/lib/python3.12/site-packages/airflow/example_dags/example_task_group_decorator.py
[2025-03-11T13:11:06.804+0000] {logging_mixin.py:190} INFO - [2025-03-11T13:11:06.803+0000] {dag.py:3239} INFO - Sync 1 DAGs
[2025-03-11T13:11:06.815+0000] {logging_mixin.py:190} INFO - [2025-03-11T13:11:06.815+0000] {dag.py:4180} INFO - Setting next_dagrun for example_task_group_decorator to None, run_after=None
[2025-03-11T13:11:06.829+0000] {processor.py:208} INFO - Processing /home/airflow/.local/lib/python3.12/site-packages/airflow/example_dags/example_task_group_decorator.py took 0.093 seconds
[2025-03-11T13:11:37.140+0000] {processor.py:186} INFO - Started process (PID=199) to work on /home/airflow/.local/lib/python3.12/site-packages/airflow/example_dags/example_task_group_decorator.py
[2025-03-11T13:11:37.142+0000] {processor.py:914} INFO - Processing file /home/airflow/.local/lib/python3.12/site-packages/airflow/example_dags/example_task_group_decorator.py for tasks to queue
[2025-03-11T13:11:37.143+0000] {logging_mixin.py:190} INFO - [2025-03-11T13:11:37.143+0000] {dagbag.py:588} INFO - Filling up the DagBag from /home/airflow/.local/lib/python3.12/site-packages/airflow/example_dags/example_task_group_decorator.py
[2025-03-11T13:11:37.151+0000] {processor.py:925} INFO - DAG(s) 'example_task_group_decorator' retrieved from /home/airflow/.local/lib/python3.12/site-packages/airflow/example_dags/example_task_group_decorator.py
[2025-03-11T13:11:37.173+0000] {logging_mixin.py:190} INFO - [2025-03-11T13:11:37.173+0000] {dag.py:3239} INFO - Sync 1 DAGs
[2025-03-11T13:11:37.182+0000] {logging_mixin.py:190} INFO - [2025-03-11T13:11:37.182+0000] {dag.py:4180} INFO - Setting next_dagrun for example_task_group_decorator to None, run_after=None
[2025-03-11T13:11:37.194+0000] {processor.py:208} INFO - Processing /home/airflow/.local/lib/python3.12/site-packages/airflow/example_dags/example_task_group_decorator.py took 0.059 seconds
[2025-03-11T13:12:07.901+0000] {processor.py:186} INFO - Started process (PID=263) to work on /home/airflow/.local/lib/python3.12/site-packages/airflow/example_dags/example_task_group_decorator.py
[2025-03-11T13:12:07.901+0000] {processor.py:914} INFO - Processing file /home/airflow/.local/lib/python3.12/site-packages/airflow/example_dags/example_task_group_decorator.py for tasks to queue
[2025-03-11T13:12:07.903+0000] {logging_mixin.py:190} INFO - [2025-03-11T13:12:07.903+0000] {dagbag.py:588} INFO - Filling up the DagBag from /home/airflow/.local/lib/python3.12/site-packages/airflow/example_dags/example_task_group_decorator.py
[2025-03-11T13:12:07.920+0000] {processor.py:925} INFO - DAG(s) 'example_task_group_decorator' retrieved from /home/airflow/.local/lib/python3.12/site-packages/airflow/example_dags/example_task_group_decorator.py
[2025-03-11T13:12:07.937+0000] {logging_mixin.py:190} INFO - [2025-03-11T13:12:07.937+0000] {dag.py:3239} INFO - Sync 1 DAGs
[2025-03-11T13:12:07.945+0000] {logging_mixin.py:190} INFO - [2025-03-11T13:12:07.945+0000] {dag.py:4180} INFO - Setting next_dagrun for example_task_group_decorator to None, run_after=None
[2025-03-11T13:12:07.955+0000] {processor.py:208} INFO - Processing /home/airflow/.local/lib/python3.12/site-packages/airflow/example_dags/example_task_group_decorator.py took 0.060 seconds
[2025-03-11T13:12:39.025+0000] {processor.py:186} INFO - Started process (PID=326) to work on /home/airflow/.local/lib/python3.12/site-packages/airflow/example_dags/example_task_group_decorator.py
[2025-03-11T13:12:39.027+0000] {processor.py:914} INFO - Processing file /home/airflow/.local/lib/python3.12/site-packages/airflow/example_dags/example_task_group_decorator.py for tasks to queue
[2025-03-11T13:12:39.030+0000] {logging_mixin.py:190} INFO - [2025-03-11T13:12:39.030+0000] {dagbag.py:588} INFO - Filling up the DagBag from /home/airflow/.local/lib/python3.12/site-packages/airflow/example_dags/example_task_group_decorator.py
[2025-03-11T13:12:39.045+0000] {processor.py:925} INFO - DAG(s) 'example_task_group_decorator' retrieved from /home/airflow/.local/lib/python3.12/site-packages/airflow/example_dags/example_task_group_decorator.py
[2025-03-11T13:12:39.078+0000] {logging_mixin.py:190} INFO - [2025-03-11T13:12:39.078+0000] {dag.py:3239} INFO - Sync 1 DAGs
[2025-03-11T13:12:39.099+0000] {logging_mixin.py:190} INFO - [2025-03-11T13:12:39.098+0000] {dag.py:4180} INFO - Setting next_dagrun for example_task_group_decorator to None, run_after=None
[2025-03-11T13:12:39.121+0000] {processor.py:208} INFO - Processing /home/airflow/.local/lib/python3.12/site-packages/airflow/example_dags/example_task_group_decorator.py took 0.101 seconds
[2025-03-11T13:58:34.644+0000] {processor.py:186} INFO - Started process (PID=81) to work on /home/airflow/.local/lib/python3.12/site-packages/airflow/example_dags/example_task_group_decorator.py
[2025-03-11T13:58:34.654+0000] {processor.py:914} INFO - Processing file /home/airflow/.local/lib/python3.12/site-packages/airflow/example_dags/example_task_group_decorator.py for tasks to queue
[2025-03-11T13:58:34.687+0000] {logging_mixin.py:190} INFO - [2025-03-11T13:58:34.674+0000] {dagbag.py:588} INFO - Filling up the DagBag from /home/airflow/.local/lib/python3.12/site-packages/airflow/example_dags/example_task_group_decorator.py
[2025-03-11T13:58:34.827+0000] {processor.py:925} INFO - DAG(s) 'example_task_group_decorator' retrieved from /home/airflow/.local/lib/python3.12/site-packages/airflow/example_dags/example_task_group_decorator.py
[2025-03-11T13:58:36.015+0000] {logging_mixin.py:190} INFO - [2025-03-11T13:58:36.008+0000] {override.py:1912} INFO - Created Permission View: can edit on DAG:example_task_group_decorator
[2025-03-11T13:58:36.080+0000] {logging_mixin.py:190} INFO - [2025-03-11T13:58:36.080+0000] {override.py:1912} INFO - Created Permission View: can delete on DAG:example_task_group_decorator
[2025-03-11T13:58:36.116+0000] {logging_mixin.py:190} INFO - [2025-03-11T13:58:36.116+0000] {override.py:1912} INFO - Created Permission View: can read on DAG:example_task_group_decorator
[2025-03-11T13:58:36.155+0000] {logging_mixin.py:190} INFO - [2025-03-11T13:58:36.155+0000] {override.py:1912} INFO - Created Permission View: can create on DAG Run:example_task_group_decorator
[2025-03-11T13:58:36.211+0000] {logging_mixin.py:190} INFO - [2025-03-11T13:58:36.211+0000] {override.py:1912} INFO - Created Permission View: can delete on DAG Run:example_task_group_decorator
[2025-03-11T13:58:36.260+0000] {logging_mixin.py:190} INFO - [2025-03-11T13:58:36.260+0000] {override.py:1912} INFO - Created Permission View: can read on DAG Run:example_task_group_decorator
[2025-03-11T13:58:36.301+0000] {logging_mixin.py:190} INFO - [2025-03-11T13:58:36.297+0000] {override.py:1912} INFO - Created Permission View: menu access on DAG Run:example_task_group_decorator
[2025-03-11T13:58:36.301+0000] {logging_mixin.py:190} INFO - [2025-03-11T13:58:36.301+0000] {dag.py:3239} INFO - Sync 1 DAGs
[2025-03-11T13:58:36.406+0000] {logging_mixin.py:190} INFO - [2025-03-11T13:58:36.405+0000] {dag.py:3262} INFO - Creating ORM DAG for example_task_group_decorator
[2025-03-11T13:58:36.406+0000] {logging_mixin.py:190} INFO - [2025-03-11T13:58:36.406+0000] {dag.py:4180} INFO - Setting next_dagrun for example_task_group_decorator to None, run_after=None
[2025-03-11T13:58:36.541+0000] {processor.py:208} INFO - Processing /home/airflow/.local/lib/python3.12/site-packages/airflow/example_dags/example_task_group_decorator.py took 1.989 seconds
[2025-03-11T14:00:51.272+0000] {processor.py:186} INFO - Started process (PID=155) to work on /home/airflow/.local/lib/python3.12/site-packages/airflow/example_dags/example_task_group_decorator.py
[2025-03-11T14:00:51.286+0000] {processor.py:914} INFO - Processing file /home/airflow/.local/lib/python3.12/site-packages/airflow/example_dags/example_task_group_decorator.py for tasks to queue
[2025-03-11T14:00:51.318+0000] {logging_mixin.py:190} INFO - [2025-03-11T14:00:51.297+0000] {dagbag.py:588} INFO - Filling up the DagBag from /home/airflow/.local/lib/python3.12/site-packages/airflow/example_dags/example_task_group_decorator.py
[2025-03-11T14:00:51.827+0000] {processor.py:925} INFO - DAG(s) 'example_task_group_decorator' retrieved from /home/airflow/.local/lib/python3.12/site-packages/airflow/example_dags/example_task_group_decorator.py
[2025-03-11T14:00:52.224+0000] {logging_mixin.py:190} INFO - [2025-03-11T14:00:52.224+0000] {dag.py:3239} INFO - Sync 1 DAGs
[2025-03-11T14:00:52.392+0000] {logging_mixin.py:190} INFO - [2025-03-11T14:00:52.392+0000] {dag.py:4180} INFO - Setting next_dagrun for example_task_group_decorator to None, run_after=None
[2025-03-11T14:00:52.555+0000] {processor.py:208} INFO - Processing /home/airflow/.local/lib/python3.12/site-packages/airflow/example_dags/example_task_group_decorator.py took 1.346 seconds
[2025-03-11T14:28:58.412+0000] {processor.py:186} INFO - Started process (PID=69) to work on /home/airflow/.local/lib/python3.12/site-packages/airflow/example_dags/example_task_group_decorator.py
[2025-03-11T14:28:58.417+0000] {processor.py:914} INFO - Processing file /home/airflow/.local/lib/python3.12/site-packages/airflow/example_dags/example_task_group_decorator.py for tasks to queue
[2025-03-11T14:28:58.421+0000] {logging_mixin.py:190} INFO - [2025-03-11T14:28:58.421+0000] {dagbag.py:588} INFO - Filling up the DagBag from /home/airflow/.local/lib/python3.12/site-packages/airflow/example_dags/example_task_group_decorator.py
[2025-03-11T14:28:58.464+0000] {processor.py:925} INFO - DAG(s) 'example_task_group_decorator' retrieved from /home/airflow/.local/lib/python3.12/site-packages/airflow/example_dags/example_task_group_decorator.py
[2025-03-11T14:28:58.529+0000] {logging_mixin.py:190} INFO - [2025-03-11T14:28:58.529+0000] {dag.py:3239} INFO - Sync 1 DAGs
[2025-03-11T14:28:58.573+0000] {logging_mixin.py:190} INFO - [2025-03-11T14:28:58.573+0000] {dag.py:4180} INFO - Setting next_dagrun for example_task_group_decorator to None, run_after=None
[2025-03-11T14:28:58.645+0000] {processor.py:208} INFO - Processing /home/airflow/.local/lib/python3.12/site-packages/airflow/example_dags/example_task_group_decorator.py took 0.245 seconds
[2025-03-11T14:29:29.432+0000] {processor.py:186} INFO - Started process (PID=132) to work on /home/airflow/.local/lib/python3.12/site-packages/airflow/example_dags/example_task_group_decorator.py
[2025-03-11T14:29:29.434+0000] {processor.py:914} INFO - Processing file /home/airflow/.local/lib/python3.12/site-packages/airflow/example_dags/example_task_group_decorator.py for tasks to queue
[2025-03-11T14:29:29.436+0000] {logging_mixin.py:190} INFO - [2025-03-11T14:29:29.436+0000] {dagbag.py:588} INFO - Filling up the DagBag from /home/airflow/.local/lib/python3.12/site-packages/airflow/example_dags/example_task_group_decorator.py
[2025-03-11T14:29:29.454+0000] {processor.py:925} INFO - DAG(s) 'example_task_group_decorator' retrieved from /home/airflow/.local/lib/python3.12/site-packages/airflow/example_dags/example_task_group_decorator.py
[2025-03-11T14:29:29.478+0000] {logging_mixin.py:190} INFO - [2025-03-11T14:29:29.478+0000] {dag.py:3239} INFO - Sync 1 DAGs
[2025-03-11T14:29:29.491+0000] {logging_mixin.py:190} INFO - [2025-03-11T14:29:29.491+0000] {dag.py:4180} INFO - Setting next_dagrun for example_task_group_decorator to None, run_after=None
[2025-03-11T14:29:29.511+0000] {processor.py:208} INFO - Processing /home/airflow/.local/lib/python3.12/site-packages/airflow/example_dags/example_task_group_decorator.py took 0.086 seconds
[2025-03-11T14:30:00.090+0000] {processor.py:186} INFO - Started process (PID=194) to work on /home/airflow/.local/lib/python3.12/site-packages/airflow/example_dags/example_task_group_decorator.py
[2025-03-11T14:30:00.093+0000] {processor.py:914} INFO - Processing file /home/airflow/.local/lib/python3.12/site-packages/airflow/example_dags/example_task_group_decorator.py for tasks to queue
[2025-03-11T14:30:00.096+0000] {logging_mixin.py:190} INFO - [2025-03-11T14:30:00.094+0000] {dagbag.py:588} INFO - Filling up the DagBag from /home/airflow/.local/lib/python3.12/site-packages/airflow/example_dags/example_task_group_decorator.py
[2025-03-11T14:30:00.130+0000] {processor.py:925} INFO - DAG(s) 'example_task_group_decorator' retrieved from /home/airflow/.local/lib/python3.12/site-packages/airflow/example_dags/example_task_group_decorator.py
[2025-03-11T14:30:00.188+0000] {logging_mixin.py:190} INFO - [2025-03-11T14:30:00.188+0000] {dag.py:3239} INFO - Sync 1 DAGs
[2025-03-11T14:30:00.203+0000] {logging_mixin.py:190} INFO - [2025-03-11T14:30:00.202+0000] {dag.py:4180} INFO - Setting next_dagrun for example_task_group_decorator to None, run_after=None
[2025-03-11T14:30:00.229+0000] {processor.py:208} INFO - Processing /home/airflow/.local/lib/python3.12/site-packages/airflow/example_dags/example_task_group_decorator.py took 0.164 seconds
[2025-03-11T14:30:30.339+0000] {processor.py:186} INFO - Started process (PID=257) to work on /home/airflow/.local/lib/python3.12/site-packages/airflow/example_dags/example_task_group_decorator.py
[2025-03-11T14:30:30.343+0000] {processor.py:914} INFO - Processing file /home/airflow/.local/lib/python3.12/site-packages/airflow/example_dags/example_task_group_decorator.py for tasks to queue
[2025-03-11T14:30:30.345+0000] {logging_mixin.py:190} INFO - [2025-03-11T14:30:30.345+0000] {dagbag.py:588} INFO - Filling up the DagBag from /home/airflow/.local/lib/python3.12/site-packages/airflow/example_dags/example_task_group_decorator.py
[2025-03-11T14:30:30.396+0000] {processor.py:925} INFO - DAG(s) 'example_task_group_decorator' retrieved from /home/airflow/.local/lib/python3.12/site-packages/airflow/example_dags/example_task_group_decorator.py
[2025-03-11T14:30:30.516+0000] {logging_mixin.py:190} INFO - [2025-03-11T14:30:30.516+0000] {dag.py:3239} INFO - Sync 1 DAGs
[2025-03-11T14:30:30.563+0000] {logging_mixin.py:190} INFO - [2025-03-11T14:30:30.563+0000] {dag.py:4180} INFO - Setting next_dagrun for example_task_group_decorator to None, run_after=None
[2025-03-11T14:30:30.613+0000] {processor.py:208} INFO - Processing /home/airflow/.local/lib/python3.12/site-packages/airflow/example_dags/example_task_group_decorator.py took 0.283 seconds
[2025-03-11T14:31:00.726+0000] {processor.py:186} INFO - Started process (PID=320) to work on /home/airflow/.local/lib/python3.12/site-packages/airflow/example_dags/example_task_group_decorator.py
[2025-03-11T14:31:00.726+0000] {processor.py:914} INFO - Processing file /home/airflow/.local/lib/python3.12/site-packages/airflow/example_dags/example_task_group_decorator.py for tasks to queue
[2025-03-11T14:31:00.729+0000] {logging_mixin.py:190} INFO - [2025-03-11T14:31:00.729+0000] {dagbag.py:588} INFO - Filling up the DagBag from /home/airflow/.local/lib/python3.12/site-packages/airflow/example_dags/example_task_group_decorator.py
[2025-03-11T14:31:00.744+0000] {processor.py:925} INFO - DAG(s) 'example_task_group_decorator' retrieved from /home/airflow/.local/lib/python3.12/site-packages/airflow/example_dags/example_task_group_decorator.py
[2025-03-11T14:31:00.769+0000] {logging_mixin.py:190} INFO - [2025-03-11T14:31:00.769+0000] {dag.py:3239} INFO - Sync 1 DAGs
[2025-03-11T14:31:00.783+0000] {logging_mixin.py:190} INFO - [2025-03-11T14:31:00.782+0000] {dag.py:4180} INFO - Setting next_dagrun for example_task_group_decorator to None, run_after=None
[2025-03-11T14:31:00.804+0000] {processor.py:208} INFO - Processing /home/airflow/.local/lib/python3.12/site-packages/airflow/example_dags/example_task_group_decorator.py took 0.084 seconds
