[2025-03-11T13:10:33.423+0000] {processor.py:186} INFO - Started process (PID=61) to work on /home/airflow/.local/lib/python3.12/site-packages/airflow/example_dags/example_outlet_event_extra.py
[2025-03-11T13:10:33.426+0000] {processor.py:914} INFO - Processing file /home/airflow/.local/lib/python3.12/site-packages/airflow/example_dags/example_outlet_event_extra.py for tasks to queue
[2025-03-11T13:10:33.430+0000] {logging_mixin.py:190} INFO - [2025-03-11T13:10:33.430+0000] {dagbag.py:588} INFO - Filling up the DagBag from /home/airflow/.local/lib/python3.12/site-packages/airflow/example_dags/example_outlet_event_extra.py
[2025-03-11T13:10:34.888+0000] {processor.py:925} INFO - DAG(s) 'dataset_with_extra_from_classic_operator', 'dataset_with_extra_by_context', 'dataset_with_extra_by_yield' retrieved from /home/airflow/.local/lib/python3.12/site-packages/airflow/example_dags/example_outlet_event_extra.py
[2025-03-11T13:10:34.954+0000] {logging_mixin.py:190} INFO - [2025-03-11T13:10:34.953+0000] {override.py:1912} INFO - Created Permission View: can read on DAG:dataset_with_extra_from_classic_operator
[2025-03-11T13:10:34.967+0000] {logging_mixin.py:190} INFO - [2025-03-11T13:10:34.966+0000] {override.py:1912} INFO - Created Permission View: can edit on DAG:dataset_with_extra_from_classic_operator
[2025-03-11T13:10:34.979+0000] {logging_mixin.py:190} INFO - [2025-03-11T13:10:34.978+0000] {override.py:1912} INFO - Created Permission View: can delete on DAG:dataset_with_extra_from_classic_operator
[2025-03-11T13:10:34.987+0000] {logging_mixin.py:190} INFO - [2025-03-11T13:10:34.987+0000] {override.py:1912} INFO - Created Permission View: can read on DAG Run:dataset_with_extra_from_classic_operator
[2025-03-11T13:10:34.994+0000] {logging_mixin.py:190} INFO - [2025-03-11T13:10:34.993+0000] {override.py:1912} INFO - Created Permission View: can delete on DAG Run:dataset_with_extra_from_classic_operator
[2025-03-11T13:10:35.001+0000] {logging_mixin.py:190} INFO - [2025-03-11T13:10:35.000+0000] {override.py:1912} INFO - Created Permission View: can create on DAG Run:dataset_with_extra_from_classic_operator
[2025-03-11T13:10:35.007+0000] {logging_mixin.py:190} INFO - [2025-03-11T13:10:35.007+0000] {override.py:1912} INFO - Created Permission View: menu access on DAG Run:dataset_with_extra_from_classic_operator
[2025-03-11T13:10:35.021+0000] {logging_mixin.py:190} INFO - [2025-03-11T13:10:35.020+0000] {override.py:1912} INFO - Created Permission View: can read on DAG:dataset_with_extra_by_context
[2025-03-11T13:10:35.030+0000] {logging_mixin.py:190} INFO - [2025-03-11T13:10:35.029+0000] {override.py:1912} INFO - Created Permission View: can edit on DAG:dataset_with_extra_by_context
[2025-03-11T13:10:35.036+0000] {logging_mixin.py:190} INFO - [2025-03-11T13:10:35.036+0000] {override.py:1912} INFO - Created Permission View: can delete on DAG:dataset_with_extra_by_context
[2025-03-11T13:10:35.044+0000] {logging_mixin.py:190} INFO - [2025-03-11T13:10:35.043+0000] {override.py:1912} INFO - Created Permission View: can read on DAG Run:dataset_with_extra_by_context
[2025-03-11T13:10:35.047+0000] {logging_mixin.py:190} INFO - [2025-03-11T13:10:35.047+0000] {override.py:1912} INFO - Created Permission View: can delete on DAG Run:dataset_with_extra_by_context
[2025-03-11T13:10:35.054+0000] {logging_mixin.py:190} INFO - [2025-03-11T13:10:35.054+0000] {override.py:1912} INFO - Created Permission View: can create on DAG Run:dataset_with_extra_by_context
[2025-03-11T13:10:35.060+0000] {logging_mixin.py:190} INFO - [2025-03-11T13:10:35.060+0000] {override.py:1912} INFO - Created Permission View: menu access on DAG Run:dataset_with_extra_by_context
[2025-03-11T13:10:35.075+0000] {logging_mixin.py:190} INFO - [2025-03-11T13:10:35.074+0000] {override.py:1912} INFO - Created Permission View: can read on DAG:dataset_with_extra_by_yield
[2025-03-11T13:10:35.078+0000] {logging_mixin.py:190} INFO - [2025-03-11T13:10:35.078+0000] {override.py:1912} INFO - Created Permission View: can edit on DAG:dataset_with_extra_by_yield
[2025-03-11T13:10:35.081+0000] {logging_mixin.py:190} INFO - [2025-03-11T13:10:35.081+0000] {override.py:1912} INFO - Created Permission View: can delete on DAG:dataset_with_extra_by_yield
[2025-03-11T13:10:35.088+0000] {logging_mixin.py:190} INFO - [2025-03-11T13:10:35.088+0000] {override.py:1912} INFO - Created Permission View: can read on DAG Run:dataset_with_extra_by_yield
[2025-03-11T13:10:35.094+0000] {logging_mixin.py:190} INFO - [2025-03-11T13:10:35.094+0000] {override.py:1912} INFO - Created Permission View: can delete on DAG Run:dataset_with_extra_by_yield
[2025-03-11T13:10:35.099+0000] {logging_mixin.py:190} INFO - [2025-03-11T13:10:35.099+0000] {override.py:1912} INFO - Created Permission View: can create on DAG Run:dataset_with_extra_by_yield
[2025-03-11T13:10:35.107+0000] {logging_mixin.py:190} INFO - [2025-03-11T13:10:35.107+0000] {override.py:1912} INFO - Created Permission View: menu access on DAG Run:dataset_with_extra_by_yield
[2025-03-11T13:10:35.108+0000] {logging_mixin.py:190} INFO - [2025-03-11T13:10:35.108+0000] {dag.py:3239} INFO - Sync 3 DAGs
[2025-03-11T13:10:35.115+0000] {logging_mixin.py:190} INFO - [2025-03-11T13:10:35.114+0000] {dag.py:3262} INFO - Creating ORM DAG for dataset_with_extra_by_yield
[2025-03-11T13:10:35.116+0000] {logging_mixin.py:190} INFO - [2025-03-11T13:10:35.116+0000] {dag.py:3262} INFO - Creating ORM DAG for dataset_with_extra_from_classic_operator
[2025-03-11T13:10:35.117+0000] {logging_mixin.py:190} INFO - [2025-03-11T13:10:35.117+0000] {dag.py:3262} INFO - Creating ORM DAG for dataset_with_extra_by_context
[2025-03-11T13:10:35.126+0000] {logging_mixin.py:190} INFO - [2025-03-11T13:10:35.126+0000] {dag.py:4180} INFO - Setting next_dagrun for dataset_with_extra_by_context to 2025-03-10 00:00:00+00:00, run_after=2025-03-11 00:00:00+00:00
[2025-03-11T13:10:35.130+0000] {logging_mixin.py:190} INFO - [2025-03-11T13:10:35.129+0000] {dag.py:4180} INFO - Setting next_dagrun for dataset_with_extra_by_yield to 2025-03-10 00:00:00+00:00, run_after=2025-03-11 00:00:00+00:00
[2025-03-11T13:10:35.130+0000] {logging_mixin.py:190} INFO - [2025-03-11T13:10:35.130+0000] {dag.py:4180} INFO - Setting next_dagrun for dataset_with_extra_from_classic_operator to 2025-03-10 00:00:00+00:00, run_after=2025-03-11 00:00:00+00:00
[2025-03-11T13:10:35.160+0000] {processor.py:208} INFO - Processing /home/airflow/.local/lib/python3.12/site-packages/airflow/example_dags/example_outlet_event_extra.py took 1.742 seconds
[2025-03-11T13:11:05.177+0000] {processor.py:186} INFO - Started process (PID=132) to work on /home/airflow/.local/lib/python3.12/site-packages/airflow/example_dags/example_outlet_event_extra.py
[2025-03-11T13:11:05.178+0000] {processor.py:914} INFO - Processing file /home/airflow/.local/lib/python3.12/site-packages/airflow/example_dags/example_outlet_event_extra.py for tasks to queue
[2025-03-11T13:11:05.179+0000] {logging_mixin.py:190} INFO - [2025-03-11T13:11:05.179+0000] {dagbag.py:588} INFO - Filling up the DagBag from /home/airflow/.local/lib/python3.12/site-packages/airflow/example_dags/example_outlet_event_extra.py
[2025-03-11T13:11:05.547+0000] {processor.py:925} INFO - DAG(s) 'dataset_with_extra_from_classic_operator', 'dataset_with_extra_by_yield', 'dataset_with_extra_by_context' retrieved from /home/airflow/.local/lib/python3.12/site-packages/airflow/example_dags/example_outlet_event_extra.py
[2025-03-11T13:11:05.559+0000] {logging_mixin.py:190} INFO - [2025-03-11T13:11:05.558+0000] {dag.py:3239} INFO - Sync 3 DAGs
[2025-03-11T13:11:05.573+0000] {logging_mixin.py:190} INFO - [2025-03-11T13:11:05.573+0000] {dag.py:4180} INFO - Setting next_dagrun for dataset_with_extra_by_context to 2025-03-10 00:00:00+00:00, run_after=2025-03-11 00:00:00+00:00
[2025-03-11T13:11:05.577+0000] {logging_mixin.py:190} INFO - [2025-03-11T13:11:05.577+0000] {dag.py:4180} INFO - Setting next_dagrun for dataset_with_extra_by_yield to 2025-03-10 00:00:00+00:00, run_after=2025-03-11 00:00:00+00:00
[2025-03-11T13:11:05.579+0000] {logging_mixin.py:190} INFO - [2025-03-11T13:11:05.578+0000] {dag.py:4180} INFO - Setting next_dagrun for dataset_with_extra_from_classic_operator to 2025-03-10 00:00:00+00:00, run_after=2025-03-11 00:00:00+00:00
[2025-03-11T13:11:05.588+0000] {processor.py:208} INFO - Processing /home/airflow/.local/lib/python3.12/site-packages/airflow/example_dags/example_outlet_event_extra.py took 0.414 seconds
[2025-03-11T13:11:35.921+0000] {processor.py:186} INFO - Started process (PID=195) to work on /home/airflow/.local/lib/python3.12/site-packages/airflow/example_dags/example_outlet_event_extra.py
[2025-03-11T13:11:35.922+0000] {processor.py:914} INFO - Processing file /home/airflow/.local/lib/python3.12/site-packages/airflow/example_dags/example_outlet_event_extra.py for tasks to queue
[2025-03-11T13:11:35.924+0000] {logging_mixin.py:190} INFO - [2025-03-11T13:11:35.924+0000] {dagbag.py:588} INFO - Filling up the DagBag from /home/airflow/.local/lib/python3.12/site-packages/airflow/example_dags/example_outlet_event_extra.py
[2025-03-11T13:11:36.280+0000] {processor.py:925} INFO - DAG(s) 'dataset_with_extra_by_yield', 'dataset_with_extra_from_classic_operator', 'dataset_with_extra_by_context' retrieved from /home/airflow/.local/lib/python3.12/site-packages/airflow/example_dags/example_outlet_event_extra.py
[2025-03-11T13:11:36.292+0000] {logging_mixin.py:190} INFO - [2025-03-11T13:11:36.292+0000] {dag.py:3239} INFO - Sync 3 DAGs
[2025-03-11T13:11:36.302+0000] {logging_mixin.py:190} INFO - [2025-03-11T13:11:36.301+0000] {dag.py:4180} INFO - Setting next_dagrun for dataset_with_extra_by_context to 2025-03-10 00:00:00+00:00, run_after=2025-03-11 00:00:00+00:00
[2025-03-11T13:11:36.304+0000] {logging_mixin.py:190} INFO - [2025-03-11T13:11:36.303+0000] {dag.py:4180} INFO - Setting next_dagrun for dataset_with_extra_by_yield to 2025-03-10 00:00:00+00:00, run_after=2025-03-11 00:00:00+00:00
[2025-03-11T13:11:36.304+0000] {logging_mixin.py:190} INFO - [2025-03-11T13:11:36.304+0000] {dag.py:4180} INFO - Setting next_dagrun for dataset_with_extra_from_classic_operator to 2025-03-10 00:00:00+00:00, run_after=2025-03-11 00:00:00+00:00
[2025-03-11T13:11:36.313+0000] {processor.py:208} INFO - Processing /home/airflow/.local/lib/python3.12/site-packages/airflow/example_dags/example_outlet_event_extra.py took 0.399 seconds
[2025-03-11T13:12:06.844+0000] {processor.py:186} INFO - Started process (PID=261) to work on /home/airflow/.local/lib/python3.12/site-packages/airflow/example_dags/example_outlet_event_extra.py
[2025-03-11T13:12:06.846+0000] {processor.py:914} INFO - Processing file /home/airflow/.local/lib/python3.12/site-packages/airflow/example_dags/example_outlet_event_extra.py for tasks to queue
[2025-03-11T13:12:06.847+0000] {logging_mixin.py:190} INFO - [2025-03-11T13:12:06.847+0000] {dagbag.py:588} INFO - Filling up the DagBag from /home/airflow/.local/lib/python3.12/site-packages/airflow/example_dags/example_outlet_event_extra.py
[2025-03-11T13:12:07.141+0000] {processor.py:925} INFO - DAG(s) 'dataset_with_extra_by_context', 'dataset_with_extra_by_yield', 'dataset_with_extra_from_classic_operator' retrieved from /home/airflow/.local/lib/python3.12/site-packages/airflow/example_dags/example_outlet_event_extra.py
[2025-03-11T13:12:07.152+0000] {logging_mixin.py:190} INFO - [2025-03-11T13:12:07.152+0000] {dag.py:3239} INFO - Sync 3 DAGs
[2025-03-11T13:12:07.164+0000] {logging_mixin.py:190} INFO - [2025-03-11T13:12:07.164+0000] {dag.py:4180} INFO - Setting next_dagrun for dataset_with_extra_by_context to 2025-03-10 00:00:00+00:00, run_after=2025-03-11 00:00:00+00:00
[2025-03-11T13:12:07.166+0000] {logging_mixin.py:190} INFO - [2025-03-11T13:12:07.166+0000] {dag.py:4180} INFO - Setting next_dagrun for dataset_with_extra_by_yield to 2025-03-10 00:00:00+00:00, run_after=2025-03-11 00:00:00+00:00
[2025-03-11T13:12:07.167+0000] {logging_mixin.py:190} INFO - [2025-03-11T13:12:07.167+0000] {dag.py:4180} INFO - Setting next_dagrun for dataset_with_extra_from_classic_operator to 2025-03-10 00:00:00+00:00, run_after=2025-03-11 00:00:00+00:00
[2025-03-11T13:12:07.176+0000] {processor.py:208} INFO - Processing /home/airflow/.local/lib/python3.12/site-packages/airflow/example_dags/example_outlet_event_extra.py took 0.335 seconds
[2025-03-11T13:12:38.388+0000] {processor.py:186} INFO - Started process (PID=324) to work on /home/airflow/.local/lib/python3.12/site-packages/airflow/example_dags/example_outlet_event_extra.py
[2025-03-11T13:12:38.389+0000] {processor.py:914} INFO - Processing file /home/airflow/.local/lib/python3.12/site-packages/airflow/example_dags/example_outlet_event_extra.py for tasks to queue
[2025-03-11T13:12:38.391+0000] {logging_mixin.py:190} INFO - [2025-03-11T13:12:38.391+0000] {dagbag.py:588} INFO - Filling up the DagBag from /home/airflow/.local/lib/python3.12/site-packages/airflow/example_dags/example_outlet_event_extra.py
[2025-03-11T13:12:38.938+0000] {processor.py:925} INFO - DAG(s) 'dataset_with_extra_by_context', 'dataset_with_extra_from_classic_operator', 'dataset_with_extra_by_yield' retrieved from /home/airflow/.local/lib/python3.12/site-packages/airflow/example_dags/example_outlet_event_extra.py
[2025-03-11T13:12:38.961+0000] {logging_mixin.py:190} INFO - [2025-03-11T13:12:38.961+0000] {dag.py:3239} INFO - Sync 3 DAGs
[2025-03-11T13:12:38.981+0000] {logging_mixin.py:190} INFO - [2025-03-11T13:12:38.981+0000] {dag.py:4180} INFO - Setting next_dagrun for dataset_with_extra_by_context to 2025-03-10 00:00:00+00:00, run_after=2025-03-11 00:00:00+00:00
[2025-03-11T13:12:38.984+0000] {logging_mixin.py:190} INFO - [2025-03-11T13:12:38.984+0000] {dag.py:4180} INFO - Setting next_dagrun for dataset_with_extra_by_yield to 2025-03-10 00:00:00+00:00, run_after=2025-03-11 00:00:00+00:00
[2025-03-11T13:12:38.987+0000] {logging_mixin.py:190} INFO - [2025-03-11T13:12:38.987+0000] {dag.py:4180} INFO - Setting next_dagrun for dataset_with_extra_from_classic_operator to 2025-03-10 00:00:00+00:00, run_after=2025-03-11 00:00:00+00:00
[2025-03-11T13:12:39.000+0000] {processor.py:208} INFO - Processing /home/airflow/.local/lib/python3.12/site-packages/airflow/example_dags/example_outlet_event_extra.py took 0.618 seconds
