[2025-03-11T13:10:36.142+0000] {processor.py:186} INFO - Started process (PID=77) to work on /home/airflow/.local/lib/python3.12/site-packages/airflow/example_dags/example_short_circuit_decorator.py
[2025-03-11T13:10:36.143+0000] {processor.py:914} INFO - Processing file /home/airflow/.local/lib/python3.12/site-packages/airflow/example_dags/example_short_circuit_decorator.py for tasks to queue
[2025-03-11T13:10:36.145+0000] {logging_mixin.py:190} INFO - [2025-03-11T13:10:36.144+0000] {dagbag.py:588} INFO - Filling up the DagBag from /home/airflow/.local/lib/python3.12/site-packages/airflow/example_dags/example_short_circuit_decorator.py
[2025-03-11T13:10:36.152+0000] {processor.py:925} INFO - DAG(s) 'example_short_circuit_decorator' retrieved from /home/airflow/.local/lib/python3.12/site-packages/airflow/example_dags/example_short_circuit_decorator.py
[2025-03-11T13:10:36.241+0000] {logging_mixin.py:190} INFO - [2025-03-11T13:10:36.241+0000] {override.py:1912} INFO - Created Permission View: can read on DAG:example_short_circuit_decorator
[2025-03-11T13:10:36.248+0000] {logging_mixin.py:190} INFO - [2025-03-11T13:10:36.247+0000] {override.py:1912} INFO - Created Permission View: can edit on DAG:example_short_circuit_decorator
[2025-03-11T13:10:36.255+0000] {logging_mixin.py:190} INFO - [2025-03-11T13:10:36.255+0000] {override.py:1912} INFO - Created Permission View: can delete on DAG:example_short_circuit_decorator
[2025-03-11T13:10:36.262+0000] {logging_mixin.py:190} INFO - [2025-03-11T13:10:36.261+0000] {override.py:1912} INFO - Created Permission View: can read on DAG Run:example_short_circuit_decorator
[2025-03-11T13:10:36.267+0000] {logging_mixin.py:190} INFO - [2025-03-11T13:10:36.266+0000] {override.py:1912} INFO - Created Permission View: can delete on DAG Run:example_short_circuit_decorator
[2025-03-11T13:10:36.275+0000] {logging_mixin.py:190} INFO - [2025-03-11T13:10:36.275+0000] {override.py:1912} INFO - Created Permission View: can create on DAG Run:example_short_circuit_decorator
[2025-03-11T13:10:36.279+0000] {logging_mixin.py:190} INFO - [2025-03-11T13:10:36.279+0000] {override.py:1912} INFO - Created Permission View: menu access on DAG Run:example_short_circuit_decorator
[2025-03-11T13:10:36.280+0000] {logging_mixin.py:190} INFO - [2025-03-11T13:10:36.280+0000] {dag.py:3239} INFO - Sync 1 DAGs
[2025-03-11T13:10:36.307+0000] {logging_mixin.py:190} INFO - [2025-03-11T13:10:36.292+0000] {dag.py:3262} INFO - Creating ORM DAG for example_short_circuit_decorator
[2025-03-11T13:10:36.328+0000] {logging_mixin.py:190} INFO - [2025-03-11T13:10:36.328+0000] {dag.py:4180} INFO - Setting next_dagrun for example_short_circuit_decorator to None, run_after=None
[2025-03-11T13:10:36.372+0000] {processor.py:208} INFO - Processing /home/airflow/.local/lib/python3.12/site-packages/airflow/example_dags/example_short_circuit_decorator.py took 0.239 seconds
[2025-03-11T13:11:06.909+0000] {processor.py:186} INFO - Started process (PID=139) to work on /home/airflow/.local/lib/python3.12/site-packages/airflow/example_dags/example_short_circuit_decorator.py
[2025-03-11T13:11:06.909+0000] {processor.py:914} INFO - Processing file /home/airflow/.local/lib/python3.12/site-packages/airflow/example_dags/example_short_circuit_decorator.py for tasks to queue
[2025-03-11T13:11:06.911+0000] {logging_mixin.py:190} INFO - [2025-03-11T13:11:06.911+0000] {dagbag.py:588} INFO - Filling up the DagBag from /home/airflow/.local/lib/python3.12/site-packages/airflow/example_dags/example_short_circuit_decorator.py
[2025-03-11T13:11:06.917+0000] {processor.py:925} INFO - DAG(s) 'example_short_circuit_decorator' retrieved from /home/airflow/.local/lib/python3.12/site-packages/airflow/example_dags/example_short_circuit_decorator.py
[2025-03-11T13:11:06.931+0000] {logging_mixin.py:190} INFO - [2025-03-11T13:11:06.931+0000] {dag.py:3239} INFO - Sync 1 DAGs
[2025-03-11T13:11:06.940+0000] {logging_mixin.py:190} INFO - [2025-03-11T13:11:06.940+0000] {dag.py:4180} INFO - Setting next_dagrun for example_short_circuit_decorator to None, run_after=None
[2025-03-11T13:11:06.994+0000] {processor.py:208} INFO - Processing /home/airflow/.local/lib/python3.12/site-packages/airflow/example_dags/example_short_circuit_decorator.py took 0.089 seconds
[2025-03-11T13:11:37.208+0000] {processor.py:186} INFO - Started process (PID=201) to work on /home/airflow/.local/lib/python3.12/site-packages/airflow/example_dags/example_short_circuit_decorator.py
[2025-03-11T13:11:37.209+0000] {processor.py:914} INFO - Processing file /home/airflow/.local/lib/python3.12/site-packages/airflow/example_dags/example_short_circuit_decorator.py for tasks to queue
[2025-03-11T13:11:37.210+0000] {logging_mixin.py:190} INFO - [2025-03-11T13:11:37.210+0000] {dagbag.py:588} INFO - Filling up the DagBag from /home/airflow/.local/lib/python3.12/site-packages/airflow/example_dags/example_short_circuit_decorator.py
[2025-03-11T13:11:37.215+0000] {processor.py:925} INFO - DAG(s) 'example_short_circuit_decorator' retrieved from /home/airflow/.local/lib/python3.12/site-packages/airflow/example_dags/example_short_circuit_decorator.py
[2025-03-11T13:11:37.227+0000] {logging_mixin.py:190} INFO - [2025-03-11T13:11:37.226+0000] {dag.py:3239} INFO - Sync 1 DAGs
[2025-03-11T13:11:37.233+0000] {logging_mixin.py:190} INFO - [2025-03-11T13:11:37.233+0000] {dag.py:4180} INFO - Setting next_dagrun for example_short_circuit_decorator to None, run_after=None
[2025-03-11T13:11:37.241+0000] {processor.py:208} INFO - Processing /home/airflow/.local/lib/python3.12/site-packages/airflow/example_dags/example_short_circuit_decorator.py took 0.036 seconds
[2025-03-11T13:12:08.022+0000] {processor.py:186} INFO - Started process (PID=265) to work on /home/airflow/.local/lib/python3.12/site-packages/airflow/example_dags/example_short_circuit_decorator.py
[2025-03-11T13:12:08.023+0000] {processor.py:914} INFO - Processing file /home/airflow/.local/lib/python3.12/site-packages/airflow/example_dags/example_short_circuit_decorator.py for tasks to queue
[2025-03-11T13:12:08.024+0000] {logging_mixin.py:190} INFO - [2025-03-11T13:12:08.024+0000] {dagbag.py:588} INFO - Filling up the DagBag from /home/airflow/.local/lib/python3.12/site-packages/airflow/example_dags/example_short_circuit_decorator.py
[2025-03-11T13:12:08.029+0000] {processor.py:925} INFO - DAG(s) 'example_short_circuit_decorator' retrieved from /home/airflow/.local/lib/python3.12/site-packages/airflow/example_dags/example_short_circuit_decorator.py
[2025-03-11T13:12:08.041+0000] {logging_mixin.py:190} INFO - [2025-03-11T13:12:08.041+0000] {dag.py:3239} INFO - Sync 1 DAGs
[2025-03-11T13:12:08.047+0000] {logging_mixin.py:190} INFO - [2025-03-11T13:12:08.047+0000] {dag.py:4180} INFO - Setting next_dagrun for example_short_circuit_decorator to None, run_after=None
[2025-03-11T13:12:08.057+0000] {processor.py:208} INFO - Processing /home/airflow/.local/lib/python3.12/site-packages/airflow/example_dags/example_short_circuit_decorator.py took 0.038 seconds
[2025-03-11T13:12:39.152+0000] {processor.py:186} INFO - Started process (PID=328) to work on /home/airflow/.local/lib/python3.12/site-packages/airflow/example_dags/example_short_circuit_decorator.py
[2025-03-11T13:12:39.153+0000] {processor.py:914} INFO - Processing file /home/airflow/.local/lib/python3.12/site-packages/airflow/example_dags/example_short_circuit_decorator.py for tasks to queue
[2025-03-11T13:12:39.155+0000] {logging_mixin.py:190} INFO - [2025-03-11T13:12:39.155+0000] {dagbag.py:588} INFO - Filling up the DagBag from /home/airflow/.local/lib/python3.12/site-packages/airflow/example_dags/example_short_circuit_decorator.py
[2025-03-11T13:12:39.170+0000] {processor.py:925} INFO - DAG(s) 'example_short_circuit_decorator' retrieved from /home/airflow/.local/lib/python3.12/site-packages/airflow/example_dags/example_short_circuit_decorator.py
[2025-03-11T13:12:39.194+0000] {logging_mixin.py:190} INFO - [2025-03-11T13:12:39.194+0000] {dag.py:3239} INFO - Sync 1 DAGs
[2025-03-11T13:12:39.208+0000] {logging_mixin.py:190} INFO - [2025-03-11T13:12:39.208+0000] {dag.py:4180} INFO - Setting next_dagrun for example_short_circuit_decorator to None, run_after=None
[2025-03-11T13:12:39.225+0000] {processor.py:208} INFO - Processing /home/airflow/.local/lib/python3.12/site-packages/airflow/example_dags/example_short_circuit_decorator.py took 0.079 seconds
