[2025-03-11T13:10:37.638+0000] {processor.py:186} INFO - Started process (PID=84) to work on /home/airflow/.local/lib/python3.12/site-packages/airflow/example_dags/example_dataset_alias_with_no_taskflow.py
[2025-03-11T13:10:37.641+0000] {processor.py:914} INFO - Processing file /home/airflow/.local/lib/python3.12/site-packages/airflow/example_dags/example_dataset_alias_with_no_taskflow.py for tasks to queue
[2025-03-11T13:10:37.642+0000] {logging_mixin.py:190} INFO - [2025-03-11T13:10:37.642+0000] {dagbag.py:588} INFO - Filling up the DagBag from /home/airflow/.local/lib/python3.12/site-packages/airflow/example_dags/example_dataset_alias_with_no_taskflow.py
[2025-03-11T13:10:38.008+0000] {processor.py:925} INFO - DAG(s) 'dataset_s3_bucket_producer_with_no_taskflow', 'dataset_alias_example_alias_producer_with_no_taskflow', 'dataset_s3_bucket_consumer_with_no_taskflow', 'dataset_alias_example_alias_consumer_with_no_taskflow' retrieved from /home/airflow/.local/lib/python3.12/site-packages/airflow/example_dags/example_dataset_alias_with_no_taskflow.py
[2025-03-11T13:10:38.056+0000] {logging_mixin.py:190} INFO - [2025-03-11T13:10:38.055+0000] {override.py:1912} INFO - Created Permission View: can read on DAG:dataset_s3_bucket_producer_with_no_taskflow
[2025-03-11T13:10:38.062+0000] {logging_mixin.py:190} INFO - [2025-03-11T13:10:38.062+0000] {override.py:1912} INFO - Created Permission View: can edit on DAG:dataset_s3_bucket_producer_with_no_taskflow
[2025-03-11T13:10:38.065+0000] {logging_mixin.py:190} INFO - [2025-03-11T13:10:38.065+0000] {override.py:1912} INFO - Created Permission View: can delete on DAG:dataset_s3_bucket_producer_with_no_taskflow
[2025-03-11T13:10:38.070+0000] {logging_mixin.py:190} INFO - [2025-03-11T13:10:38.070+0000] {override.py:1912} INFO - Created Permission View: can read on DAG Run:dataset_s3_bucket_producer_with_no_taskflow
[2025-03-11T13:10:38.076+0000] {logging_mixin.py:190} INFO - [2025-03-11T13:10:38.075+0000] {override.py:1912} INFO - Created Permission View: can delete on DAG Run:dataset_s3_bucket_producer_with_no_taskflow
[2025-03-11T13:10:38.078+0000] {logging_mixin.py:190} INFO - [2025-03-11T13:10:38.078+0000] {override.py:1912} INFO - Created Permission View: can create on DAG Run:dataset_s3_bucket_producer_with_no_taskflow
[2025-03-11T13:10:38.086+0000] {logging_mixin.py:190} INFO - [2025-03-11T13:10:38.086+0000] {override.py:1912} INFO - Created Permission View: menu access on DAG Run:dataset_s3_bucket_producer_with_no_taskflow
[2025-03-11T13:10:38.095+0000] {logging_mixin.py:190} INFO - [2025-03-11T13:10:38.095+0000] {override.py:1912} INFO - Created Permission View: can read on DAG:dataset_alias_example_alias_producer_with_no_taskflow
[2025-03-11T13:10:38.097+0000] {logging_mixin.py:190} INFO - [2025-03-11T13:10:38.097+0000] {override.py:1912} INFO - Created Permission View: can edit on DAG:dataset_alias_example_alias_producer_with_no_taskflow
[2025-03-11T13:10:38.102+0000] {logging_mixin.py:190} INFO - [2025-03-11T13:10:38.101+0000] {override.py:1912} INFO - Created Permission View: can delete on DAG:dataset_alias_example_alias_producer_with_no_taskflow
[2025-03-11T13:10:38.106+0000] {logging_mixin.py:190} INFO - [2025-03-11T13:10:38.105+0000] {override.py:1912} INFO - Created Permission View: can read on DAG Run:dataset_alias_example_alias_producer_with_no_taskflow
[2025-03-11T13:10:38.110+0000] {logging_mixin.py:190} INFO - [2025-03-11T13:10:38.110+0000] {override.py:1912} INFO - Created Permission View: can delete on DAG Run:dataset_alias_example_alias_producer_with_no_taskflow
[2025-03-11T13:10:38.113+0000] {logging_mixin.py:190} INFO - [2025-03-11T13:10:38.113+0000] {override.py:1912} INFO - Created Permission View: can create on DAG Run:dataset_alias_example_alias_producer_with_no_taskflow
[2025-03-11T13:10:38.116+0000] {logging_mixin.py:190} INFO - [2025-03-11T13:10:38.116+0000] {override.py:1912} INFO - Created Permission View: menu access on DAG Run:dataset_alias_example_alias_producer_with_no_taskflow
[2025-03-11T13:10:38.122+0000] {logging_mixin.py:190} INFO - [2025-03-11T13:10:38.122+0000] {override.py:1912} INFO - Created Permission View: can read on DAG:dataset_s3_bucket_consumer_with_no_taskflow
[2025-03-11T13:10:38.127+0000] {logging_mixin.py:190} INFO - [2025-03-11T13:10:38.127+0000] {override.py:1912} INFO - Created Permission View: can edit on DAG:dataset_s3_bucket_consumer_with_no_taskflow
[2025-03-11T13:10:38.130+0000] {logging_mixin.py:190} INFO - [2025-03-11T13:10:38.130+0000] {override.py:1912} INFO - Created Permission View: can delete on DAG:dataset_s3_bucket_consumer_with_no_taskflow
[2025-03-11T13:10:38.135+0000] {logging_mixin.py:190} INFO - [2025-03-11T13:10:38.135+0000] {override.py:1912} INFO - Created Permission View: can read on DAG Run:dataset_s3_bucket_consumer_with_no_taskflow
[2025-03-11T13:10:38.140+0000] {logging_mixin.py:190} INFO - [2025-03-11T13:10:38.140+0000] {override.py:1912} INFO - Created Permission View: can delete on DAG Run:dataset_s3_bucket_consumer_with_no_taskflow
[2025-03-11T13:10:38.143+0000] {logging_mixin.py:190} INFO - [2025-03-11T13:10:38.143+0000] {override.py:1912} INFO - Created Permission View: can create on DAG Run:dataset_s3_bucket_consumer_with_no_taskflow
[2025-03-11T13:10:38.146+0000] {logging_mixin.py:190} INFO - [2025-03-11T13:10:38.146+0000] {override.py:1912} INFO - Created Permission View: menu access on DAG Run:dataset_s3_bucket_consumer_with_no_taskflow
[2025-03-11T13:10:38.155+0000] {logging_mixin.py:190} INFO - [2025-03-11T13:10:38.154+0000] {override.py:1912} INFO - Created Permission View: can read on DAG:dataset_alias_example_alias_consumer_with_no_taskflow
[2025-03-11T13:10:38.160+0000] {logging_mixin.py:190} INFO - [2025-03-11T13:10:38.159+0000] {override.py:1912} INFO - Created Permission View: can edit on DAG:dataset_alias_example_alias_consumer_with_no_taskflow
[2025-03-11T13:10:38.162+0000] {logging_mixin.py:190} INFO - [2025-03-11T13:10:38.162+0000] {override.py:1912} INFO - Created Permission View: can delete on DAG:dataset_alias_example_alias_consumer_with_no_taskflow
[2025-03-11T13:10:38.166+0000] {logging_mixin.py:190} INFO - [2025-03-11T13:10:38.166+0000] {override.py:1912} INFO - Created Permission View: can read on DAG Run:dataset_alias_example_alias_consumer_with_no_taskflow
[2025-03-11T13:10:38.170+0000] {logging_mixin.py:190} INFO - [2025-03-11T13:10:38.170+0000] {override.py:1912} INFO - Created Permission View: can delete on DAG Run:dataset_alias_example_alias_consumer_with_no_taskflow
[2025-03-11T13:10:38.175+0000] {logging_mixin.py:190} INFO - [2025-03-11T13:10:38.175+0000] {override.py:1912} INFO - Created Permission View: can create on DAG Run:dataset_alias_example_alias_consumer_with_no_taskflow
[2025-03-11T13:10:38.178+0000] {logging_mixin.py:190} INFO - [2025-03-11T13:10:38.178+0000] {override.py:1912} INFO - Created Permission View: menu access on DAG Run:dataset_alias_example_alias_consumer_with_no_taskflow
[2025-03-11T13:10:38.178+0000] {logging_mixin.py:190} INFO - [2025-03-11T13:10:38.178+0000] {dag.py:3239} INFO - Sync 4 DAGs
[2025-03-11T13:10:38.186+0000] {logging_mixin.py:190} INFO - [2025-03-11T13:10:38.186+0000] {dag.py:3262} INFO - Creating ORM DAG for dataset_s3_bucket_consumer_with_no_taskflow
[2025-03-11T13:10:38.186+0000] {logging_mixin.py:190} INFO - [2025-03-11T13:10:38.186+0000] {dag.py:3262} INFO - Creating ORM DAG for dataset_alias_example_alias_consumer_with_no_taskflow
[2025-03-11T13:10:38.187+0000] {logging_mixin.py:190} INFO - [2025-03-11T13:10:38.187+0000] {dag.py:3262} INFO - Creating ORM DAG for dataset_s3_bucket_producer_with_no_taskflow
[2025-03-11T13:10:38.187+0000] {logging_mixin.py:190} INFO - [2025-03-11T13:10:38.187+0000] {dag.py:3262} INFO - Creating ORM DAG for dataset_alias_example_alias_producer_with_no_taskflow
[2025-03-11T13:10:38.196+0000] {logging_mixin.py:190} INFO - [2025-03-11T13:10:38.196+0000] {dag.py:4180} INFO - Setting next_dagrun for dataset_alias_example_alias_consumer_with_no_taskflow to None, run_after=None
[2025-03-11T13:10:38.197+0000] {logging_mixin.py:190} INFO - [2025-03-11T13:10:38.197+0000] {dag.py:4180} INFO - Setting next_dagrun for dataset_alias_example_alias_producer_with_no_taskflow to None, run_after=None
[2025-03-11T13:10:38.197+0000] {logging_mixin.py:190} INFO - [2025-03-11T13:10:38.197+0000] {dag.py:4180} INFO - Setting next_dagrun for dataset_s3_bucket_consumer_with_no_taskflow to None, run_after=None
[2025-03-11T13:10:38.198+0000] {logging_mixin.py:190} INFO - [2025-03-11T13:10:38.198+0000] {dag.py:4180} INFO - Setting next_dagrun for dataset_s3_bucket_producer_with_no_taskflow to None, run_after=None
[2025-03-11T13:10:38.216+0000] {processor.py:208} INFO - Processing /home/airflow/.local/lib/python3.12/site-packages/airflow/example_dags/example_dataset_alias_with_no_taskflow.py took 0.581 seconds
[2025-03-11T13:11:09.181+0000] {processor.py:186} INFO - Started process (PID=149) to work on /home/airflow/.local/lib/python3.12/site-packages/airflow/example_dags/example_dataset_alias_with_no_taskflow.py
[2025-03-11T13:11:09.182+0000] {processor.py:914} INFO - Processing file /home/airflow/.local/lib/python3.12/site-packages/airflow/example_dags/example_dataset_alias_with_no_taskflow.py for tasks to queue
[2025-03-11T13:11:09.184+0000] {logging_mixin.py:190} INFO - [2025-03-11T13:11:09.184+0000] {dagbag.py:588} INFO - Filling up the DagBag from /home/airflow/.local/lib/python3.12/site-packages/airflow/example_dags/example_dataset_alias_with_no_taskflow.py
[2025-03-11T13:11:09.494+0000] {processor.py:925} INFO - DAG(s) 'dataset_s3_bucket_consumer_with_no_taskflow', 'dataset_s3_bucket_producer_with_no_taskflow', 'dataset_alias_example_alias_consumer_with_no_taskflow', 'dataset_alias_example_alias_producer_with_no_taskflow' retrieved from /home/airflow/.local/lib/python3.12/site-packages/airflow/example_dags/example_dataset_alias_with_no_taskflow.py
[2025-03-11T13:11:09.505+0000] {logging_mixin.py:190} INFO - [2025-03-11T13:11:09.505+0000] {dag.py:3239} INFO - Sync 4 DAGs
[2025-03-11T13:11:09.515+0000] {logging_mixin.py:190} INFO - [2025-03-11T13:11:09.515+0000] {dag.py:4180} INFO - Setting next_dagrun for dataset_alias_example_alias_consumer_with_no_taskflow to None, run_after=None
[2025-03-11T13:11:09.516+0000] {logging_mixin.py:190} INFO - [2025-03-11T13:11:09.516+0000] {dag.py:4180} INFO - Setting next_dagrun for dataset_alias_example_alias_producer_with_no_taskflow to None, run_after=None
[2025-03-11T13:11:09.517+0000] {logging_mixin.py:190} INFO - [2025-03-11T13:11:09.517+0000] {dag.py:4180} INFO - Setting next_dagrun for dataset_s3_bucket_consumer_with_no_taskflow to None, run_after=None
[2025-03-11T13:11:09.518+0000] {logging_mixin.py:190} INFO - [2025-03-11T13:11:09.518+0000] {dag.py:4180} INFO - Setting next_dagrun for dataset_s3_bucket_producer_with_no_taskflow to None, run_after=None
[2025-03-11T13:11:09.527+0000] {processor.py:208} INFO - Processing /home/airflow/.local/lib/python3.12/site-packages/airflow/example_dags/example_dataset_alias_with_no_taskflow.py took 0.353 seconds
[2025-03-11T13:11:39.936+0000] {processor.py:186} INFO - Started process (PID=212) to work on /home/airflow/.local/lib/python3.12/site-packages/airflow/example_dags/example_dataset_alias_with_no_taskflow.py
[2025-03-11T13:11:39.939+0000] {processor.py:914} INFO - Processing file /home/airflow/.local/lib/python3.12/site-packages/airflow/example_dags/example_dataset_alias_with_no_taskflow.py for tasks to queue
[2025-03-11T13:11:39.941+0000] {logging_mixin.py:190} INFO - [2025-03-11T13:11:39.941+0000] {dagbag.py:588} INFO - Filling up the DagBag from /home/airflow/.local/lib/python3.12/site-packages/airflow/example_dags/example_dataset_alias_with_no_taskflow.py
[2025-03-11T13:11:40.304+0000] {processor.py:925} INFO - DAG(s) 'dataset_s3_bucket_producer_with_no_taskflow', 'dataset_alias_example_alias_producer_with_no_taskflow', 'dataset_s3_bucket_consumer_with_no_taskflow', 'dataset_alias_example_alias_consumer_with_no_taskflow' retrieved from /home/airflow/.local/lib/python3.12/site-packages/airflow/example_dags/example_dataset_alias_with_no_taskflow.py
[2025-03-11T13:11:40.319+0000] {logging_mixin.py:190} INFO - [2025-03-11T13:11:40.319+0000] {dag.py:3239} INFO - Sync 4 DAGs
[2025-03-11T13:11:40.330+0000] {logging_mixin.py:190} INFO - [2025-03-11T13:11:40.330+0000] {dag.py:4180} INFO - Setting next_dagrun for dataset_alias_example_alias_consumer_with_no_taskflow to None, run_after=None
[2025-03-11T13:11:40.333+0000] {logging_mixin.py:190} INFO - [2025-03-11T13:11:40.333+0000] {dag.py:4180} INFO - Setting next_dagrun for dataset_alias_example_alias_producer_with_no_taskflow to None, run_after=None
[2025-03-11T13:11:40.335+0000] {logging_mixin.py:190} INFO - [2025-03-11T13:11:40.335+0000] {dag.py:4180} INFO - Setting next_dagrun for dataset_s3_bucket_consumer_with_no_taskflow to None, run_after=None
[2025-03-11T13:11:40.336+0000] {logging_mixin.py:190} INFO - [2025-03-11T13:11:40.335+0000] {dag.py:4180} INFO - Setting next_dagrun for dataset_s3_bucket_producer_with_no_taskflow to None, run_after=None
[2025-03-11T13:11:40.347+0000] {processor.py:208} INFO - Processing /home/airflow/.local/lib/python3.12/site-packages/airflow/example_dags/example_dataset_alias_with_no_taskflow.py took 0.414 seconds
[2025-03-11T13:12:10.782+0000] {processor.py:186} INFO - Started process (PID=275) to work on /home/airflow/.local/lib/python3.12/site-packages/airflow/example_dags/example_dataset_alias_with_no_taskflow.py
[2025-03-11T13:12:10.785+0000] {processor.py:914} INFO - Processing file /home/airflow/.local/lib/python3.12/site-packages/airflow/example_dags/example_dataset_alias_with_no_taskflow.py for tasks to queue
[2025-03-11T13:12:10.787+0000] {logging_mixin.py:190} INFO - [2025-03-11T13:12:10.787+0000] {dagbag.py:588} INFO - Filling up the DagBag from /home/airflow/.local/lib/python3.12/site-packages/airflow/example_dags/example_dataset_alias_with_no_taskflow.py
[2025-03-11T13:12:11.103+0000] {processor.py:925} INFO - DAG(s) 'dataset_s3_bucket_producer_with_no_taskflow', 'dataset_s3_bucket_consumer_with_no_taskflow', 'dataset_alias_example_alias_consumer_with_no_taskflow', 'dataset_alias_example_alias_producer_with_no_taskflow' retrieved from /home/airflow/.local/lib/python3.12/site-packages/airflow/example_dags/example_dataset_alias_with_no_taskflow.py
[2025-03-11T13:12:11.115+0000] {logging_mixin.py:190} INFO - [2025-03-11T13:12:11.115+0000] {dag.py:3239} INFO - Sync 4 DAGs
[2025-03-11T13:12:11.127+0000] {logging_mixin.py:190} INFO - [2025-03-11T13:12:11.127+0000] {dag.py:4180} INFO - Setting next_dagrun for dataset_alias_example_alias_consumer_with_no_taskflow to None, run_after=None
[2025-03-11T13:12:11.131+0000] {logging_mixin.py:190} INFO - [2025-03-11T13:12:11.131+0000] {dag.py:4180} INFO - Setting next_dagrun for dataset_alias_example_alias_producer_with_no_taskflow to None, run_after=None
[2025-03-11T13:12:11.133+0000] {logging_mixin.py:190} INFO - [2025-03-11T13:12:11.133+0000] {dag.py:4180} INFO - Setting next_dagrun for dataset_s3_bucket_consumer_with_no_taskflow to None, run_after=None
[2025-03-11T13:12:11.133+0000] {logging_mixin.py:190} INFO - [2025-03-11T13:12:11.133+0000] {dag.py:4180} INFO - Setting next_dagrun for dataset_s3_bucket_producer_with_no_taskflow to None, run_after=None
[2025-03-11T13:12:11.149+0000] {processor.py:208} INFO - Processing /home/airflow/.local/lib/python3.12/site-packages/airflow/example_dags/example_dataset_alias_with_no_taskflow.py took 0.369 seconds
[2025-03-11T13:12:41.174+0000] {processor.py:186} INFO - Started process (PID=344) to work on /home/airflow/.local/lib/python3.12/site-packages/airflow/example_dags/example_dataset_alias_with_no_taskflow.py
[2025-03-11T13:12:41.177+0000] {processor.py:914} INFO - Processing file /home/airflow/.local/lib/python3.12/site-packages/airflow/example_dags/example_dataset_alias_with_no_taskflow.py for tasks to queue
[2025-03-11T13:12:41.179+0000] {logging_mixin.py:190} INFO - [2025-03-11T13:12:41.179+0000] {dagbag.py:588} INFO - Filling up the DagBag from /home/airflow/.local/lib/python3.12/site-packages/airflow/example_dags/example_dataset_alias_with_no_taskflow.py
[2025-03-11T13:12:41.546+0000] {processor.py:925} INFO - DAG(s) 'dataset_s3_bucket_consumer_with_no_taskflow', 'dataset_alias_example_alias_producer_with_no_taskflow', 'dataset_alias_example_alias_consumer_with_no_taskflow', 'dataset_s3_bucket_producer_with_no_taskflow' retrieved from /home/airflow/.local/lib/python3.12/site-packages/airflow/example_dags/example_dataset_alias_with_no_taskflow.py
[2025-03-11T13:12:41.556+0000] {logging_mixin.py:190} INFO - [2025-03-11T13:12:41.556+0000] {dag.py:3239} INFO - Sync 4 DAGs
[2025-03-11T13:12:41.568+0000] {logging_mixin.py:190} INFO - [2025-03-11T13:12:41.568+0000] {dag.py:4180} INFO - Setting next_dagrun for dataset_alias_example_alias_consumer_with_no_taskflow to None, run_after=None
[2025-03-11T13:12:41.569+0000] {logging_mixin.py:190} INFO - [2025-03-11T13:12:41.569+0000] {dag.py:4180} INFO - Setting next_dagrun for dataset_alias_example_alias_producer_with_no_taskflow to None, run_after=None
[2025-03-11T13:12:41.570+0000] {logging_mixin.py:190} INFO - [2025-03-11T13:12:41.570+0000] {dag.py:4180} INFO - Setting next_dagrun for dataset_s3_bucket_consumer_with_no_taskflow to None, run_after=None
[2025-03-11T13:12:41.570+0000] {logging_mixin.py:190} INFO - [2025-03-11T13:12:41.570+0000] {dag.py:4180} INFO - Setting next_dagrun for dataset_s3_bucket_producer_with_no_taskflow to None, run_after=None
[2025-03-11T13:12:41.583+0000] {processor.py:208} INFO - Processing /home/airflow/.local/lib/python3.12/site-packages/airflow/example_dags/example_dataset_alias_with_no_taskflow.py took 0.413 seconds
[2025-03-11T14:00:08.721+0000] {processor.py:186} INFO - Started process (PID=117) to work on /home/airflow/.local/lib/python3.12/site-packages/airflow/example_dags/example_dataset_alias_with_no_taskflow.py
[2025-03-11T14:00:08.726+0000] {processor.py:914} INFO - Processing file /home/airflow/.local/lib/python3.12/site-packages/airflow/example_dags/example_dataset_alias_with_no_taskflow.py for tasks to queue
[2025-03-11T14:00:08.738+0000] {logging_mixin.py:190} INFO - [2025-03-11T14:00:08.738+0000] {dagbag.py:588} INFO - Filling up the DagBag from /home/airflow/.local/lib/python3.12/site-packages/airflow/example_dags/example_dataset_alias_with_no_taskflow.py
[2025-03-11T14:00:14.145+0000] {processor.py:925} INFO - DAG(s) 'dataset_alias_example_alias_consumer_with_no_taskflow', 'dataset_alias_example_alias_producer_with_no_taskflow', 'dataset_s3_bucket_consumer_with_no_taskflow', 'dataset_s3_bucket_producer_with_no_taskflow' retrieved from /home/airflow/.local/lib/python3.12/site-packages/airflow/example_dags/example_dataset_alias_with_no_taskflow.py
[2025-03-11T14:00:15.083+0000] {logging_mixin.py:190} INFO - [2025-03-11T14:00:15.082+0000] {override.py:1912} INFO - Created Permission View: can edit on DAG:dataset_alias_example_alias_consumer_with_no_taskflow
[2025-03-11T14:00:15.216+0000] {logging_mixin.py:190} INFO - [2025-03-11T14:00:15.216+0000] {override.py:1912} INFO - Created Permission View: can delete on DAG:dataset_alias_example_alias_consumer_with_no_taskflow
[2025-03-11T14:00:15.281+0000] {logging_mixin.py:190} INFO - [2025-03-11T14:00:15.280+0000] {override.py:1912} INFO - Created Permission View: can read on DAG:dataset_alias_example_alias_consumer_with_no_taskflow
[2025-03-11T14:00:15.347+0000] {logging_mixin.py:190} INFO - [2025-03-11T14:00:15.347+0000] {override.py:1912} INFO - Created Permission View: can create on DAG Run:dataset_alias_example_alias_consumer_with_no_taskflow
[2025-03-11T14:00:15.408+0000] {logging_mixin.py:190} INFO - [2025-03-11T14:00:15.407+0000] {override.py:1912} INFO - Created Permission View: can delete on DAG Run:dataset_alias_example_alias_consumer_with_no_taskflow
[2025-03-11T14:00:15.467+0000] {logging_mixin.py:190} INFO - [2025-03-11T14:00:15.467+0000] {override.py:1912} INFO - Created Permission View: can read on DAG Run:dataset_alias_example_alias_consumer_with_no_taskflow
[2025-03-11T14:00:15.518+0000] {logging_mixin.py:190} INFO - [2025-03-11T14:00:15.517+0000] {override.py:1912} INFO - Created Permission View: menu access on DAG Run:dataset_alias_example_alias_consumer_with_no_taskflow
[2025-03-11T14:00:15.638+0000] {logging_mixin.py:190} INFO - [2025-03-11T14:00:15.638+0000] {override.py:1912} INFO - Created Permission View: can edit on DAG:dataset_alias_example_alias_producer_with_no_taskflow
[2025-03-11T14:00:15.696+0000] {logging_mixin.py:190} INFO - [2025-03-11T14:00:15.690+0000] {override.py:1912} INFO - Created Permission View: can delete on DAG:dataset_alias_example_alias_producer_with_no_taskflow
[2025-03-11T14:00:15.736+0000] {logging_mixin.py:190} INFO - [2025-03-11T14:00:15.736+0000] {override.py:1912} INFO - Created Permission View: can read on DAG:dataset_alias_example_alias_producer_with_no_taskflow
[2025-03-11T14:00:15.798+0000] {logging_mixin.py:190} INFO - [2025-03-11T14:00:15.797+0000] {override.py:1912} INFO - Created Permission View: can create on DAG Run:dataset_alias_example_alias_producer_with_no_taskflow
[2025-03-11T14:00:15.845+0000] {logging_mixin.py:190} INFO - [2025-03-11T14:00:15.844+0000] {override.py:1912} INFO - Created Permission View: can delete on DAG Run:dataset_alias_example_alias_producer_with_no_taskflow
[2025-03-11T14:00:15.909+0000] {logging_mixin.py:190} INFO - [2025-03-11T14:00:15.909+0000] {override.py:1912} INFO - Created Permission View: can read on DAG Run:dataset_alias_example_alias_producer_with_no_taskflow
[2025-03-11T14:00:15.936+0000] {logging_mixin.py:190} INFO - [2025-03-11T14:00:15.936+0000] {override.py:1912} INFO - Created Permission View: menu access on DAG Run:dataset_alias_example_alias_producer_with_no_taskflow
[2025-03-11T14:00:16.042+0000] {logging_mixin.py:190} INFO - [2025-03-11T14:00:16.042+0000] {override.py:1912} INFO - Created Permission View: can edit on DAG:dataset_s3_bucket_consumer_with_no_taskflow
[2025-03-11T14:00:16.077+0000] {logging_mixin.py:190} INFO - [2025-03-11T14:00:16.077+0000] {override.py:1912} INFO - Created Permission View: can delete on DAG:dataset_s3_bucket_consumer_with_no_taskflow
[2025-03-11T14:00:16.122+0000] {logging_mixin.py:190} INFO - [2025-03-11T14:00:16.120+0000] {override.py:1912} INFO - Created Permission View: can read on DAG:dataset_s3_bucket_consumer_with_no_taskflow
[2025-03-11T14:00:16.168+0000] {logging_mixin.py:190} INFO - [2025-03-11T14:00:16.168+0000] {override.py:1912} INFO - Created Permission View: can create on DAG Run:dataset_s3_bucket_consumer_with_no_taskflow
[2025-03-11T14:00:16.243+0000] {logging_mixin.py:190} INFO - [2025-03-11T14:00:16.243+0000] {override.py:1912} INFO - Created Permission View: can delete on DAG Run:dataset_s3_bucket_consumer_with_no_taskflow
[2025-03-11T14:00:16.298+0000] {logging_mixin.py:190} INFO - [2025-03-11T14:00:16.298+0000] {override.py:1912} INFO - Created Permission View: can read on DAG Run:dataset_s3_bucket_consumer_with_no_taskflow
[2025-03-11T14:00:16.366+0000] {logging_mixin.py:190} INFO - [2025-03-11T14:00:16.366+0000] {override.py:1912} INFO - Created Permission View: menu access on DAG Run:dataset_s3_bucket_consumer_with_no_taskflow
[2025-03-11T14:00:16.498+0000] {logging_mixin.py:190} INFO - [2025-03-11T14:00:16.498+0000] {override.py:1912} INFO - Created Permission View: can edit on DAG:dataset_s3_bucket_producer_with_no_taskflow
[2025-03-11T14:00:16.584+0000] {logging_mixin.py:190} INFO - [2025-03-11T14:00:16.584+0000] {override.py:1912} INFO - Created Permission View: can delete on DAG:dataset_s3_bucket_producer_with_no_taskflow
[2025-03-11T14:00:16.647+0000] {logging_mixin.py:190} INFO - [2025-03-11T14:00:16.647+0000] {override.py:1912} INFO - Created Permission View: can read on DAG:dataset_s3_bucket_producer_with_no_taskflow
[2025-03-11T14:00:16.684+0000] {logging_mixin.py:190} INFO - [2025-03-11T14:00:16.684+0000] {override.py:1912} INFO - Created Permission View: can create on DAG Run:dataset_s3_bucket_producer_with_no_taskflow
[2025-03-11T14:00:16.733+0000] {logging_mixin.py:190} INFO - [2025-03-11T14:00:16.733+0000] {override.py:1912} INFO - Created Permission View: can delete on DAG Run:dataset_s3_bucket_producer_with_no_taskflow
[2025-03-11T14:00:16.785+0000] {logging_mixin.py:190} INFO - [2025-03-11T14:00:16.775+0000] {override.py:1912} INFO - Created Permission View: can read on DAG Run:dataset_s3_bucket_producer_with_no_taskflow
[2025-03-11T14:00:16.874+0000] {logging_mixin.py:190} INFO - [2025-03-11T14:00:16.874+0000] {override.py:1912} INFO - Created Permission View: menu access on DAG Run:dataset_s3_bucket_producer_with_no_taskflow
[2025-03-11T14:00:16.887+0000] {logging_mixin.py:190} INFO - [2025-03-11T14:00:16.874+0000] {dag.py:3239} INFO - Sync 4 DAGs
[2025-03-11T14:00:17.012+0000] {logging_mixin.py:190} INFO - [2025-03-11T14:00:16.995+0000] {dag.py:3262} INFO - Creating ORM DAG for dataset_alias_example_alias_producer_with_no_taskflow
[2025-03-11T14:00:17.019+0000] {logging_mixin.py:190} INFO - [2025-03-11T14:00:17.015+0000] {dag.py:3262} INFO - Creating ORM DAG for dataset_s3_bucket_consumer_with_no_taskflow
[2025-03-11T14:00:17.020+0000] {logging_mixin.py:190} INFO - [2025-03-11T14:00:17.020+0000] {dag.py:3262} INFO - Creating ORM DAG for dataset_s3_bucket_producer_with_no_taskflow
[2025-03-11T14:00:17.020+0000] {logging_mixin.py:190} INFO - [2025-03-11T14:00:17.020+0000] {dag.py:3262} INFO - Creating ORM DAG for dataset_alias_example_alias_consumer_with_no_taskflow
[2025-03-11T14:00:17.113+0000] {logging_mixin.py:190} INFO - [2025-03-11T14:00:17.109+0000] {dag.py:4180} INFO - Setting next_dagrun for dataset_alias_example_alias_consumer_with_no_taskflow to None, run_after=None
[2025-03-11T14:00:17.114+0000] {logging_mixin.py:190} INFO - [2025-03-11T14:00:17.114+0000] {dag.py:4180} INFO - Setting next_dagrun for dataset_alias_example_alias_producer_with_no_taskflow to None, run_after=None
[2025-03-11T14:00:17.118+0000] {logging_mixin.py:190} INFO - [2025-03-11T14:00:17.117+0000] {dag.py:4180} INFO - Setting next_dagrun for dataset_s3_bucket_consumer_with_no_taskflow to None, run_after=None
[2025-03-11T14:00:17.121+0000] {logging_mixin.py:190} INFO - [2025-03-11T14:00:17.121+0000] {dag.py:4180} INFO - Setting next_dagrun for dataset_s3_bucket_producer_with_no_taskflow to None, run_after=None
[2025-03-11T14:00:17.323+0000] {processor.py:208} INFO - Processing /home/airflow/.local/lib/python3.12/site-packages/airflow/example_dags/example_dataset_alias_with_no_taskflow.py took 8.630 seconds
[2025-03-11T14:29:06.367+0000] {processor.py:186} INFO - Started process (PID=93) to work on /home/airflow/.local/lib/python3.12/site-packages/airflow/example_dags/example_dataset_alias_with_no_taskflow.py
[2025-03-11T14:29:06.370+0000] {processor.py:914} INFO - Processing file /home/airflow/.local/lib/python3.12/site-packages/airflow/example_dags/example_dataset_alias_with_no_taskflow.py for tasks to queue
[2025-03-11T14:29:06.374+0000] {logging_mixin.py:190} INFO - [2025-03-11T14:29:06.374+0000] {dagbag.py:588} INFO - Filling up the DagBag from /home/airflow/.local/lib/python3.12/site-packages/airflow/example_dags/example_dataset_alias_with_no_taskflow.py
[2025-03-11T14:29:07.878+0000] {processor.py:925} INFO - DAG(s) 'dataset_s3_bucket_producer_with_no_taskflow', 'dataset_alias_example_alias_consumer_with_no_taskflow', 'dataset_alias_example_alias_producer_with_no_taskflow', 'dataset_s3_bucket_consumer_with_no_taskflow' retrieved from /home/airflow/.local/lib/python3.12/site-packages/airflow/example_dags/example_dataset_alias_with_no_taskflow.py
[2025-03-11T14:29:07.899+0000] {logging_mixin.py:190} INFO - [2025-03-11T14:29:07.898+0000] {dag.py:3239} INFO - Sync 4 DAGs
[2025-03-11T14:29:07.925+0000] {logging_mixin.py:190} INFO - [2025-03-11T14:29:07.925+0000] {dag.py:4180} INFO - Setting next_dagrun for dataset_alias_example_alias_consumer_with_no_taskflow to None, run_after=None
[2025-03-11T14:29:07.930+0000] {logging_mixin.py:190} INFO - [2025-03-11T14:29:07.929+0000] {dag.py:4180} INFO - Setting next_dagrun for dataset_alias_example_alias_producer_with_no_taskflow to None, run_after=None
[2025-03-11T14:29:07.931+0000] {logging_mixin.py:190} INFO - [2025-03-11T14:29:07.931+0000] {dag.py:4180} INFO - Setting next_dagrun for dataset_s3_bucket_consumer_with_no_taskflow to None, run_after=None
[2025-03-11T14:29:07.933+0000] {logging_mixin.py:190} INFO - [2025-03-11T14:29:07.933+0000] {dag.py:4180} INFO - Setting next_dagrun for dataset_s3_bucket_producer_with_no_taskflow to None, run_after=None
[2025-03-11T14:29:07.956+0000] {processor.py:208} INFO - Processing /home/airflow/.local/lib/python3.12/site-packages/airflow/example_dags/example_dataset_alias_with_no_taskflow.py took 1.596 seconds
[2025-03-11T14:29:38.601+0000] {processor.py:186} INFO - Started process (PID=158) to work on /home/airflow/.local/lib/python3.12/site-packages/airflow/example_dags/example_dataset_alias_with_no_taskflow.py
[2025-03-11T14:29:38.603+0000] {processor.py:914} INFO - Processing file /home/airflow/.local/lib/python3.12/site-packages/airflow/example_dags/example_dataset_alias_with_no_taskflow.py for tasks to queue
[2025-03-11T14:29:38.605+0000] {logging_mixin.py:190} INFO - [2025-03-11T14:29:38.605+0000] {dagbag.py:588} INFO - Filling up the DagBag from /home/airflow/.local/lib/python3.12/site-packages/airflow/example_dags/example_dataset_alias_with_no_taskflow.py
[2025-03-11T14:29:39.301+0000] {processor.py:925} INFO - DAG(s) 'dataset_s3_bucket_producer_with_no_taskflow', 'dataset_s3_bucket_consumer_with_no_taskflow', 'dataset_alias_example_alias_consumer_with_no_taskflow', 'dataset_alias_example_alias_producer_with_no_taskflow' retrieved from /home/airflow/.local/lib/python3.12/site-packages/airflow/example_dags/example_dataset_alias_with_no_taskflow.py
[2025-03-11T14:29:39.325+0000] {logging_mixin.py:190} INFO - [2025-03-11T14:29:39.324+0000] {dag.py:3239} INFO - Sync 4 DAGs
[2025-03-11T14:29:39.351+0000] {logging_mixin.py:190} INFO - [2025-03-11T14:29:39.351+0000] {dag.py:4180} INFO - Setting next_dagrun for dataset_alias_example_alias_consumer_with_no_taskflow to None, run_after=None
[2025-03-11T14:29:39.353+0000] {logging_mixin.py:190} INFO - [2025-03-11T14:29:39.353+0000] {dag.py:4180} INFO - Setting next_dagrun for dataset_alias_example_alias_producer_with_no_taskflow to None, run_after=None
[2025-03-11T14:29:39.356+0000] {logging_mixin.py:190} INFO - [2025-03-11T14:29:39.356+0000] {dag.py:4180} INFO - Setting next_dagrun for dataset_s3_bucket_consumer_with_no_taskflow to None, run_after=None
[2025-03-11T14:29:39.357+0000] {logging_mixin.py:190} INFO - [2025-03-11T14:29:39.357+0000] {dag.py:4180} INFO - Setting next_dagrun for dataset_s3_bucket_producer_with_no_taskflow to None, run_after=None
[2025-03-11T14:29:39.378+0000] {processor.py:208} INFO - Processing /home/airflow/.local/lib/python3.12/site-packages/airflow/example_dags/example_dataset_alias_with_no_taskflow.py took 0.783 seconds
[2025-03-11T14:30:09.537+0000] {processor.py:186} INFO - Started process (PID=225) to work on /home/airflow/.local/lib/python3.12/site-packages/airflow/example_dags/example_dataset_alias_with_no_taskflow.py
[2025-03-11T14:30:09.538+0000] {processor.py:914} INFO - Processing file /home/airflow/.local/lib/python3.12/site-packages/airflow/example_dags/example_dataset_alias_with_no_taskflow.py for tasks to queue
[2025-03-11T14:30:09.540+0000] {logging_mixin.py:190} INFO - [2025-03-11T14:30:09.540+0000] {dagbag.py:588} INFO - Filling up the DagBag from /home/airflow/.local/lib/python3.12/site-packages/airflow/example_dags/example_dataset_alias_with_no_taskflow.py
[2025-03-11T14:30:10.170+0000] {processor.py:925} INFO - DAG(s) 'dataset_alias_example_alias_producer_with_no_taskflow', 'dataset_s3_bucket_producer_with_no_taskflow', 'dataset_alias_example_alias_consumer_with_no_taskflow', 'dataset_s3_bucket_consumer_with_no_taskflow' retrieved from /home/airflow/.local/lib/python3.12/site-packages/airflow/example_dags/example_dataset_alias_with_no_taskflow.py
[2025-03-11T14:30:10.190+0000] {logging_mixin.py:190} INFO - [2025-03-11T14:30:10.189+0000] {dag.py:3239} INFO - Sync 4 DAGs
[2025-03-11T14:30:10.213+0000] {logging_mixin.py:190} INFO - [2025-03-11T14:30:10.213+0000] {dag.py:4180} INFO - Setting next_dagrun for dataset_alias_example_alias_consumer_with_no_taskflow to None, run_after=None
[2025-03-11T14:30:10.216+0000] {logging_mixin.py:190} INFO - [2025-03-11T14:30:10.216+0000] {dag.py:4180} INFO - Setting next_dagrun for dataset_alias_example_alias_producer_with_no_taskflow to None, run_after=None
[2025-03-11T14:30:10.217+0000] {logging_mixin.py:190} INFO - [2025-03-11T14:30:10.217+0000] {dag.py:4180} INFO - Setting next_dagrun for dataset_s3_bucket_consumer_with_no_taskflow to None, run_after=None
[2025-03-11T14:30:10.218+0000] {logging_mixin.py:190} INFO - [2025-03-11T14:30:10.218+0000] {dag.py:4180} INFO - Setting next_dagrun for dataset_s3_bucket_producer_with_no_taskflow to None, run_after=None
[2025-03-11T14:30:10.238+0000] {processor.py:208} INFO - Processing /home/airflow/.local/lib/python3.12/site-packages/airflow/example_dags/example_dataset_alias_with_no_taskflow.py took 0.708 seconds
[2025-03-11T14:30:40.576+0000] {processor.py:186} INFO - Started process (PID=294) to work on /home/airflow/.local/lib/python3.12/site-packages/airflow/example_dags/example_dataset_alias_with_no_taskflow.py
[2025-03-11T14:30:40.578+0000] {processor.py:914} INFO - Processing file /home/airflow/.local/lib/python3.12/site-packages/airflow/example_dags/example_dataset_alias_with_no_taskflow.py for tasks to queue
[2025-03-11T14:30:40.581+0000] {logging_mixin.py:190} INFO - [2025-03-11T14:30:40.580+0000] {dagbag.py:588} INFO - Filling up the DagBag from /home/airflow/.local/lib/python3.12/site-packages/airflow/example_dags/example_dataset_alias_with_no_taskflow.py
[2025-03-11T14:30:41.205+0000] {processor.py:925} INFO - DAG(s) 'dataset_s3_bucket_producer_with_no_taskflow', 'dataset_s3_bucket_consumer_with_no_taskflow', 'dataset_alias_example_alias_consumer_with_no_taskflow', 'dataset_alias_example_alias_producer_with_no_taskflow' retrieved from /home/airflow/.local/lib/python3.12/site-packages/airflow/example_dags/example_dataset_alias_with_no_taskflow.py
[2025-03-11T14:30:41.225+0000] {logging_mixin.py:190} INFO - [2025-03-11T14:30:41.225+0000] {dag.py:3239} INFO - Sync 4 DAGs
[2025-03-11T14:30:41.245+0000] {logging_mixin.py:190} INFO - [2025-03-11T14:30:41.245+0000] {dag.py:4180} INFO - Setting next_dagrun for dataset_alias_example_alias_consumer_with_no_taskflow to None, run_after=None
[2025-03-11T14:30:41.248+0000] {logging_mixin.py:190} INFO - [2025-03-11T14:30:41.248+0000] {dag.py:4180} INFO - Setting next_dagrun for dataset_alias_example_alias_producer_with_no_taskflow to None, run_after=None
[2025-03-11T14:30:41.250+0000] {logging_mixin.py:190} INFO - [2025-03-11T14:30:41.250+0000] {dag.py:4180} INFO - Setting next_dagrun for dataset_s3_bucket_consumer_with_no_taskflow to None, run_after=None
[2025-03-11T14:30:41.252+0000] {logging_mixin.py:190} INFO - [2025-03-11T14:30:41.251+0000] {dag.py:4180} INFO - Setting next_dagrun for dataset_s3_bucket_producer_with_no_taskflow to None, run_after=None
[2025-03-11T14:30:41.278+0000] {processor.py:208} INFO - Processing /home/airflow/.local/lib/python3.12/site-packages/airflow/example_dags/example_dataset_alias_with_no_taskflow.py took 0.709 seconds
[2025-03-11T14:31:11.500+0000] {processor.py:186} INFO - Started process (PID=346) to work on /home/airflow/.local/lib/python3.12/site-packages/airflow/example_dags/example_dataset_alias_with_no_taskflow.py
[2025-03-11T14:31:11.502+0000] {processor.py:914} INFO - Processing file /home/airflow/.local/lib/python3.12/site-packages/airflow/example_dags/example_dataset_alias_with_no_taskflow.py for tasks to queue
[2025-03-11T14:31:11.504+0000] {logging_mixin.py:190} INFO - [2025-03-11T14:31:11.504+0000] {dagbag.py:588} INFO - Filling up the DagBag from /home/airflow/.local/lib/python3.12/site-packages/airflow/example_dags/example_dataset_alias_with_no_taskflow.py
[2025-03-11T14:31:12.167+0000] {processor.py:925} INFO - DAG(s) 'dataset_alias_example_alias_consumer_with_no_taskflow', 'dataset_s3_bucket_producer_with_no_taskflow', 'dataset_s3_bucket_consumer_with_no_taskflow', 'dataset_alias_example_alias_producer_with_no_taskflow' retrieved from /home/airflow/.local/lib/python3.12/site-packages/airflow/example_dags/example_dataset_alias_with_no_taskflow.py
[2025-03-11T14:31:12.186+0000] {logging_mixin.py:190} INFO - [2025-03-11T14:31:12.185+0000] {dag.py:3239} INFO - Sync 4 DAGs
[2025-03-11T14:31:12.208+0000] {logging_mixin.py:190} INFO - [2025-03-11T14:31:12.207+0000] {dag.py:4180} INFO - Setting next_dagrun for dataset_alias_example_alias_consumer_with_no_taskflow to None, run_after=None
[2025-03-11T14:31:12.210+0000] {logging_mixin.py:190} INFO - [2025-03-11T14:31:12.210+0000] {dag.py:4180} INFO - Setting next_dagrun for dataset_alias_example_alias_producer_with_no_taskflow to None, run_after=None
[2025-03-11T14:31:12.212+0000] {logging_mixin.py:190} INFO - [2025-03-11T14:31:12.211+0000] {dag.py:4180} INFO - Setting next_dagrun for dataset_s3_bucket_consumer_with_no_taskflow to None, run_after=None
[2025-03-11T14:31:12.214+0000] {logging_mixin.py:190} INFO - [2025-03-11T14:31:12.214+0000] {dag.py:4180} INFO - Setting next_dagrun for dataset_s3_bucket_producer_with_no_taskflow to None, run_after=None
[2025-03-11T14:31:12.234+0000] {processor.py:208} INFO - Processing /home/airflow/.local/lib/python3.12/site-packages/airflow/example_dags/example_dataset_alias_with_no_taskflow.py took 0.738 seconds
