[2025-03-11T13:10:31.645+0000] {processor.py:186} INFO - Started process (PID=45) to work on /home/airflow/.local/lib/python3.12/site-packages/airflow/example_dags/example_python_operator.py
[2025-03-11T13:10:31.647+0000] {processor.py:914} INFO - Processing file /home/airflow/.local/lib/python3.12/site-packages/airflow/example_dags/example_python_operator.py for tasks to queue
[2025-03-11T13:10:31.655+0000] {logging_mixin.py:190} INFO - [2025-03-11T13:10:31.654+0000] {dagbag.py:588} INFO - Filling up the DagBag from /home/airflow/.local/lib/python3.12/site-packages/airflow/example_dags/example_python_operator.py
[2025-03-11T13:10:31.710+0000] {processor.py:925} INFO - DAG(s) 'example_python_operator' retrieved from /home/airflow/.local/lib/python3.12/site-packages/airflow/example_dags/example_python_operator.py
[2025-03-11T13:10:32.241+0000] {logging_mixin.py:190} INFO - [2025-03-11T13:10:32.240+0000] {override.py:1912} INFO - Created Permission View: can read on DAG:example_python_operator
[2025-03-11T13:10:32.259+0000] {logging_mixin.py:190} INFO - [2025-03-11T13:10:32.259+0000] {override.py:1912} INFO - Created Permission View: can edit on DAG:example_python_operator
[2025-03-11T13:10:32.270+0000] {logging_mixin.py:190} INFO - [2025-03-11T13:10:32.270+0000] {override.py:1912} INFO - Created Permission View: can delete on DAG:example_python_operator
[2025-03-11T13:10:32.283+0000] {logging_mixin.py:190} INFO - [2025-03-11T13:10:32.283+0000] {override.py:1912} INFO - Created Permission View: can read on DAG Run:example_python_operator
[2025-03-11T13:10:32.295+0000] {logging_mixin.py:190} INFO - [2025-03-11T13:10:32.295+0000] {override.py:1912} INFO - Created Permission View: can delete on DAG Run:example_python_operator
[2025-03-11T13:10:32.303+0000] {logging_mixin.py:190} INFO - [2025-03-11T13:10:32.302+0000] {override.py:1912} INFO - Created Permission View: can create on DAG Run:example_python_operator
[2025-03-11T13:10:32.312+0000] {logging_mixin.py:190} INFO - [2025-03-11T13:10:32.312+0000] {override.py:1912} INFO - Created Permission View: menu access on DAG Run:example_python_operator
[2025-03-11T13:10:32.312+0000] {logging_mixin.py:190} INFO - [2025-03-11T13:10:32.312+0000] {dag.py:3239} INFO - Sync 1 DAGs
[2025-03-11T13:10:32.326+0000] {logging_mixin.py:190} INFO - [2025-03-11T13:10:32.325+0000] {dag.py:3262} INFO - Creating ORM DAG for example_python_operator
[2025-03-11T13:10:32.327+0000] {logging_mixin.py:190} INFO - [2025-03-11T13:10:32.326+0000] {dag.py:4180} INFO - Setting next_dagrun for example_python_operator to None, run_after=None
[2025-03-11T13:10:32.358+0000] {processor.py:208} INFO - Processing /home/airflow/.local/lib/python3.12/site-packages/airflow/example_dags/example_python_operator.py took 0.725 seconds
[2025-03-11T13:11:02.492+0000] {processor.py:186} INFO - Started process (PID=114) to work on /home/airflow/.local/lib/python3.12/site-packages/airflow/example_dags/example_python_operator.py
[2025-03-11T13:11:02.498+0000] {processor.py:914} INFO - Processing file /home/airflow/.local/lib/python3.12/site-packages/airflow/example_dags/example_python_operator.py for tasks to queue
[2025-03-11T13:11:02.501+0000] {logging_mixin.py:190} INFO - [2025-03-11T13:11:02.501+0000] {dagbag.py:588} INFO - Filling up the DagBag from /home/airflow/.local/lib/python3.12/site-packages/airflow/example_dags/example_python_operator.py
[2025-03-11T13:11:02.523+0000] {processor.py:925} INFO - DAG(s) 'example_python_operator' retrieved from /home/airflow/.local/lib/python3.12/site-packages/airflow/example_dags/example_python_operator.py
[2025-03-11T13:11:02.549+0000] {logging_mixin.py:190} INFO - [2025-03-11T13:11:02.549+0000] {dag.py:3239} INFO - Sync 1 DAGs
[2025-03-11T13:11:02.559+0000] {logging_mixin.py:190} INFO - [2025-03-11T13:11:02.559+0000] {dag.py:4180} INFO - Setting next_dagrun for example_python_operator to None, run_after=None
[2025-03-11T13:11:02.588+0000] {processor.py:208} INFO - Processing /home/airflow/.local/lib/python3.12/site-packages/airflow/example_dags/example_python_operator.py took 0.101 seconds
[2025-03-11T13:11:33.071+0000] {processor.py:186} INFO - Started process (PID=177) to work on /home/airflow/.local/lib/python3.12/site-packages/airflow/example_dags/example_python_operator.py
[2025-03-11T13:11:33.078+0000] {processor.py:914} INFO - Processing file /home/airflow/.local/lib/python3.12/site-packages/airflow/example_dags/example_python_operator.py for tasks to queue
[2025-03-11T13:11:33.081+0000] {logging_mixin.py:190} INFO - [2025-03-11T13:11:33.081+0000] {dagbag.py:588} INFO - Filling up the DagBag from /home/airflow/.local/lib/python3.12/site-packages/airflow/example_dags/example_python_operator.py
[2025-03-11T13:11:33.101+0000] {processor.py:925} INFO - DAG(s) 'example_python_operator' retrieved from /home/airflow/.local/lib/python3.12/site-packages/airflow/example_dags/example_python_operator.py
[2025-03-11T13:11:33.123+0000] {logging_mixin.py:190} INFO - [2025-03-11T13:11:33.122+0000] {dag.py:3239} INFO - Sync 1 DAGs
[2025-03-11T13:11:33.132+0000] {logging_mixin.py:190} INFO - [2025-03-11T13:11:33.132+0000] {dag.py:4180} INFO - Setting next_dagrun for example_python_operator to None, run_after=None
[2025-03-11T13:11:33.143+0000] {processor.py:208} INFO - Processing /home/airflow/.local/lib/python3.12/site-packages/airflow/example_dags/example_python_operator.py took 0.085 seconds
[2025-03-11T13:12:04.022+0000] {processor.py:186} INFO - Started process (PID=240) to work on /home/airflow/.local/lib/python3.12/site-packages/airflow/example_dags/example_python_operator.py
[2025-03-11T13:12:04.024+0000] {processor.py:914} INFO - Processing file /home/airflow/.local/lib/python3.12/site-packages/airflow/example_dags/example_python_operator.py for tasks to queue
[2025-03-11T13:12:04.027+0000] {logging_mixin.py:190} INFO - [2025-03-11T13:12:04.026+0000] {dagbag.py:588} INFO - Filling up the DagBag from /home/airflow/.local/lib/python3.12/site-packages/airflow/example_dags/example_python_operator.py
[2025-03-11T13:12:04.039+0000] {processor.py:925} INFO - DAG(s) 'example_python_operator' retrieved from /home/airflow/.local/lib/python3.12/site-packages/airflow/example_dags/example_python_operator.py
[2025-03-11T13:12:04.055+0000] {logging_mixin.py:190} INFO - [2025-03-11T13:12:04.055+0000] {dag.py:3239} INFO - Sync 1 DAGs
[2025-03-11T13:12:04.066+0000] {logging_mixin.py:190} INFO - [2025-03-11T13:12:04.065+0000] {dag.py:4180} INFO - Setting next_dagrun for example_python_operator to None, run_after=None
[2025-03-11T13:12:04.080+0000] {processor.py:208} INFO - Processing /home/airflow/.local/lib/python3.12/site-packages/airflow/example_dags/example_python_operator.py took 0.064 seconds
[2025-03-11T13:12:34.868+0000] {processor.py:186} INFO - Started process (PID=303) to work on /home/airflow/.local/lib/python3.12/site-packages/airflow/example_dags/example_python_operator.py
[2025-03-11T13:12:34.869+0000] {processor.py:914} INFO - Processing file /home/airflow/.local/lib/python3.12/site-packages/airflow/example_dags/example_python_operator.py for tasks to queue
[2025-03-11T13:12:34.874+0000] {logging_mixin.py:190} INFO - [2025-03-11T13:12:34.873+0000] {dagbag.py:588} INFO - Filling up the DagBag from /home/airflow/.local/lib/python3.12/site-packages/airflow/example_dags/example_python_operator.py
[2025-03-11T13:12:34.893+0000] {processor.py:925} INFO - DAG(s) 'example_python_operator' retrieved from /home/airflow/.local/lib/python3.12/site-packages/airflow/example_dags/example_python_operator.py
[2025-03-11T13:12:34.915+0000] {logging_mixin.py:190} INFO - [2025-03-11T13:12:34.915+0000] {dag.py:3239} INFO - Sync 1 DAGs
[2025-03-11T13:12:34.930+0000] {logging_mixin.py:190} INFO - [2025-03-11T13:12:34.929+0000] {dag.py:4180} INFO - Setting next_dagrun for example_python_operator to None, run_after=None
[2025-03-11T13:12:34.947+0000] {processor.py:208} INFO - Processing /home/airflow/.local/lib/python3.12/site-packages/airflow/example_dags/example_python_operator.py took 0.086 seconds
