[2025-03-11T13:10:32.936+0000] {processor.py:186} INFO - Started process (PID=56) to work on /home/airflow/.local/lib/python3.12/site-packages/airflow/example_dags/example_latest_only.py
[2025-03-11T13:10:32.937+0000] {processor.py:914} INFO - Processing file /home/airflow/.local/lib/python3.12/site-packages/airflow/example_dags/example_latest_only.py for tasks to queue
[2025-03-11T13:10:32.940+0000] {logging_mixin.py:190} INFO - [2025-03-11T13:10:32.939+0000] {dagbag.py:588} INFO - Filling up the DagBag from /home/airflow/.local/lib/python3.12/site-packages/airflow/example_dags/example_latest_only.py
[2025-03-11T13:10:32.945+0000] {processor.py:925} INFO - DAG(s) 'latest_only' retrieved from /home/airflow/.local/lib/python3.12/site-packages/airflow/example_dags/example_latest_only.py
[2025-03-11T13:10:33.013+0000] {logging_mixin.py:190} INFO - [2025-03-11T13:10:33.013+0000] {override.py:1912} INFO - Created Permission View: can read on DAG:latest_only
[2025-03-11T13:10:33.019+0000] {logging_mixin.py:190} INFO - [2025-03-11T13:10:33.019+0000] {override.py:1912} INFO - Created Permission View: can edit on DAG:latest_only
[2025-03-11T13:10:33.024+0000] {logging_mixin.py:190} INFO - [2025-03-11T13:10:33.024+0000] {override.py:1912} INFO - Created Permission View: can delete on DAG:latest_only
[2025-03-11T13:10:33.027+0000] {logging_mixin.py:190} INFO - [2025-03-11T13:10:33.027+0000] {override.py:1912} INFO - Created Permission View: can read on DAG Run:latest_only
[2025-03-11T13:10:33.030+0000] {logging_mixin.py:190} INFO - [2025-03-11T13:10:33.030+0000] {override.py:1912} INFO - Created Permission View: can delete on DAG Run:latest_only
[2025-03-11T13:10:33.034+0000] {logging_mixin.py:190} INFO - [2025-03-11T13:10:33.034+0000] {override.py:1912} INFO - Created Permission View: can create on DAG Run:latest_only
[2025-03-11T13:10:33.037+0000] {logging_mixin.py:190} INFO - [2025-03-11T13:10:33.037+0000] {override.py:1912} INFO - Created Permission View: menu access on DAG Run:latest_only
[2025-03-11T13:10:33.038+0000] {logging_mixin.py:190} INFO - [2025-03-11T13:10:33.038+0000] {dag.py:3239} INFO - Sync 1 DAGs
[2025-03-11T13:10:33.046+0000] {logging_mixin.py:190} INFO - [2025-03-11T13:10:33.045+0000] {dag.py:3262} INFO - Creating ORM DAG for latest_only
[2025-03-11T13:10:33.054+0000] {logging_mixin.py:190} INFO - [2025-03-11T13:10:33.054+0000] {dag.py:4180} INFO - Setting next_dagrun for latest_only to 2025-03-11 08:00:00+00:00, run_after=2025-03-11 12:00:00+00:00
[2025-03-11T13:10:33.070+0000] {processor.py:208} INFO - Processing /home/airflow/.local/lib/python3.12/site-packages/airflow/example_dags/example_latest_only.py took 0.137 seconds
[2025-03-11T13:11:04.693+0000] {processor.py:186} INFO - Started process (PID=119) to work on /home/airflow/.local/lib/python3.12/site-packages/airflow/example_dags/example_latest_only.py
[2025-03-11T13:11:04.694+0000] {processor.py:914} INFO - Processing file /home/airflow/.local/lib/python3.12/site-packages/airflow/example_dags/example_latest_only.py for tasks to queue
[2025-03-11T13:11:04.695+0000] {logging_mixin.py:190} INFO - [2025-03-11T13:11:04.695+0000] {dagbag.py:588} INFO - Filling up the DagBag from /home/airflow/.local/lib/python3.12/site-packages/airflow/example_dags/example_latest_only.py
[2025-03-11T13:11:04.702+0000] {processor.py:925} INFO - DAG(s) 'latest_only' retrieved from /home/airflow/.local/lib/python3.12/site-packages/airflow/example_dags/example_latest_only.py
[2025-03-11T13:11:04.724+0000] {logging_mixin.py:190} INFO - [2025-03-11T13:11:04.724+0000] {dag.py:3239} INFO - Sync 1 DAGs
[2025-03-11T13:11:04.743+0000] {logging_mixin.py:190} INFO - [2025-03-11T13:11:04.743+0000] {dag.py:4180} INFO - Setting next_dagrun for latest_only to 2025-03-11 08:00:00+00:00, run_after=2025-03-11 12:00:00+00:00
[2025-03-11T13:11:04.758+0000] {processor.py:208} INFO - Processing /home/airflow/.local/lib/python3.12/site-packages/airflow/example_dags/example_latest_only.py took 0.072 seconds
[2025-03-11T13:11:35.338+0000] {processor.py:186} INFO - Started process (PID=182) to work on /home/airflow/.local/lib/python3.12/site-packages/airflow/example_dags/example_latest_only.py
[2025-03-11T13:11:35.339+0000] {processor.py:914} INFO - Processing file /home/airflow/.local/lib/python3.12/site-packages/airflow/example_dags/example_latest_only.py for tasks to queue
[2025-03-11T13:11:35.342+0000] {logging_mixin.py:190} INFO - [2025-03-11T13:11:35.341+0000] {dagbag.py:588} INFO - Filling up the DagBag from /home/airflow/.local/lib/python3.12/site-packages/airflow/example_dags/example_latest_only.py
[2025-03-11T13:11:35.348+0000] {processor.py:925} INFO - DAG(s) 'latest_only' retrieved from /home/airflow/.local/lib/python3.12/site-packages/airflow/example_dags/example_latest_only.py
[2025-03-11T13:11:35.363+0000] {logging_mixin.py:190} INFO - [2025-03-11T13:11:35.363+0000] {dag.py:3239} INFO - Sync 1 DAGs
[2025-03-11T13:11:35.384+0000] {logging_mixin.py:190} INFO - [2025-03-11T13:11:35.384+0000] {dag.py:4180} INFO - Setting next_dagrun for latest_only to 2025-03-11 08:00:00+00:00, run_after=2025-03-11 12:00:00+00:00
[2025-03-11T13:11:35.399+0000] {processor.py:208} INFO - Processing /home/airflow/.local/lib/python3.12/site-packages/airflow/example_dags/example_latest_only.py took 0.066 seconds
[2025-03-11T13:12:06.269+0000] {processor.py:186} INFO - Started process (PID=245) to work on /home/airflow/.local/lib/python3.12/site-packages/airflow/example_dags/example_latest_only.py
[2025-03-11T13:12:06.270+0000] {processor.py:914} INFO - Processing file /home/airflow/.local/lib/python3.12/site-packages/airflow/example_dags/example_latest_only.py for tasks to queue
[2025-03-11T13:12:06.272+0000] {logging_mixin.py:190} INFO - [2025-03-11T13:12:06.272+0000] {dagbag.py:588} INFO - Filling up the DagBag from /home/airflow/.local/lib/python3.12/site-packages/airflow/example_dags/example_latest_only.py
[2025-03-11T13:12:06.277+0000] {processor.py:925} INFO - DAG(s) 'latest_only' retrieved from /home/airflow/.local/lib/python3.12/site-packages/airflow/example_dags/example_latest_only.py
[2025-03-11T13:12:06.290+0000] {logging_mixin.py:190} INFO - [2025-03-11T13:12:06.290+0000] {dag.py:3239} INFO - Sync 1 DAGs
[2025-03-11T13:12:06.312+0000] {logging_mixin.py:190} INFO - [2025-03-11T13:12:06.311+0000] {dag.py:4180} INFO - Setting next_dagrun for latest_only to 2025-03-11 08:00:00+00:00, run_after=2025-03-11 12:00:00+00:00
[2025-03-11T13:12:06.327+0000] {processor.py:208} INFO - Processing /home/airflow/.local/lib/python3.12/site-packages/airflow/example_dags/example_latest_only.py took 0.062 seconds
[2025-03-11T13:12:36.545+0000] {processor.py:186} INFO - Started process (PID=308) to work on /home/airflow/.local/lib/python3.12/site-packages/airflow/example_dags/example_latest_only.py
[2025-03-11T13:12:36.553+0000] {processor.py:914} INFO - Processing file /home/airflow/.local/lib/python3.12/site-packages/airflow/example_dags/example_latest_only.py for tasks to queue
[2025-03-11T13:12:36.559+0000] {logging_mixin.py:190} INFO - [2025-03-11T13:12:36.558+0000] {dagbag.py:588} INFO - Filling up the DagBag from /home/airflow/.local/lib/python3.12/site-packages/airflow/example_dags/example_latest_only.py
[2025-03-11T13:12:36.576+0000] {processor.py:925} INFO - DAG(s) 'latest_only' retrieved from /home/airflow/.local/lib/python3.12/site-packages/airflow/example_dags/example_latest_only.py
[2025-03-11T13:12:36.622+0000] {logging_mixin.py:190} INFO - [2025-03-11T13:12:36.622+0000] {dag.py:3239} INFO - Sync 1 DAGs
[2025-03-11T13:12:36.660+0000] {logging_mixin.py:190} INFO - [2025-03-11T13:12:36.660+0000] {dag.py:4180} INFO - Setting next_dagrun for latest_only to 2025-03-11 08:00:00+00:00, run_after=2025-03-11 12:00:00+00:00
[2025-03-11T13:12:36.703+0000] {processor.py:208} INFO - Processing /home/airflow/.local/lib/python3.12/site-packages/airflow/example_dags/example_latest_only.py took 0.170 seconds
