[2025-03-11T13:10:38.667+0000] {processor.py:186} INFO - Started process (PID=94) to work on /home/airflow/.local/lib/python3.12/site-packages/airflow/example_dags/example_params_ui_tutorial.py
[2025-03-11T13:10:38.668+0000] {processor.py:914} INFO - Processing file /home/airflow/.local/lib/python3.12/site-packages/airflow/example_dags/example_params_ui_tutorial.py for tasks to queue
[2025-03-11T13:10:38.669+0000] {logging_mixin.py:190} INFO - [2025-03-11T13:10:38.669+0000] {dagbag.py:588} INFO - Filling up the DagBag from /home/airflow/.local/lib/python3.12/site-packages/airflow/example_dags/example_params_ui_tutorial.py
[2025-03-11T13:10:38.676+0000] {processor.py:925} INFO - DAG(s) 'example_params_ui_tutorial' retrieved from /home/airflow/.local/lib/python3.12/site-packages/airflow/example_dags/example_params_ui_tutorial.py
[2025-03-11T13:10:38.739+0000] {logging_mixin.py:190} INFO - [2025-03-11T13:10:38.739+0000] {override.py:1912} INFO - Created Permission View: can read on DAG:example_params_ui_tutorial
[2025-03-11T13:10:38.744+0000] {logging_mixin.py:190} INFO - [2025-03-11T13:10:38.744+0000] {override.py:1912} INFO - Created Permission View: can edit on DAG:example_params_ui_tutorial
[2025-03-11T13:10:38.747+0000] {logging_mixin.py:190} INFO - [2025-03-11T13:10:38.746+0000] {override.py:1912} INFO - Created Permission View: can delete on DAG:example_params_ui_tutorial
[2025-03-11T13:10:38.750+0000] {logging_mixin.py:190} INFO - [2025-03-11T13:10:38.750+0000] {override.py:1912} INFO - Created Permission View: can read on DAG Run:example_params_ui_tutorial
[2025-03-11T13:10:38.753+0000] {logging_mixin.py:190} INFO - [2025-03-11T13:10:38.753+0000] {override.py:1912} INFO - Created Permission View: can delete on DAG Run:example_params_ui_tutorial
[2025-03-11T13:10:38.755+0000] {logging_mixin.py:190} INFO - [2025-03-11T13:10:38.755+0000] {override.py:1912} INFO - Created Permission View: can create on DAG Run:example_params_ui_tutorial
[2025-03-11T13:10:38.760+0000] {logging_mixin.py:190} INFO - [2025-03-11T13:10:38.760+0000] {override.py:1912} INFO - Created Permission View: menu access on DAG Run:example_params_ui_tutorial
[2025-03-11T13:10:38.761+0000] {logging_mixin.py:190} INFO - [2025-03-11T13:10:38.761+0000] {dag.py:3239} INFO - Sync 1 DAGs
[2025-03-11T13:10:38.767+0000] {logging_mixin.py:190} INFO - [2025-03-11T13:10:38.766+0000] {dag.py:3262} INFO - Creating ORM DAG for example_params_ui_tutorial
[2025-03-11T13:10:38.767+0000] {logging_mixin.py:190} INFO - [2025-03-11T13:10:38.767+0000] {dag.py:4180} INFO - Setting next_dagrun for example_params_ui_tutorial to None, run_after=None
[2025-03-11T13:10:38.775+0000] {processor.py:208} INFO - Processing /home/airflow/.local/lib/python3.12/site-packages/airflow/example_dags/example_params_ui_tutorial.py took 0.112 seconds
[2025-03-11T13:11:09.533+0000] {processor.py:186} INFO - Started process (PID=157) to work on /home/airflow/.local/lib/python3.12/site-packages/airflow/example_dags/example_params_ui_tutorial.py
[2025-03-11T13:11:09.535+0000] {processor.py:914} INFO - Processing file /home/airflow/.local/lib/python3.12/site-packages/airflow/example_dags/example_params_ui_tutorial.py for tasks to queue
[2025-03-11T13:11:09.536+0000] {logging_mixin.py:190} INFO - [2025-03-11T13:11:09.536+0000] {dagbag.py:588} INFO - Filling up the DagBag from /home/airflow/.local/lib/python3.12/site-packages/airflow/example_dags/example_params_ui_tutorial.py
[2025-03-11T13:11:09.541+0000] {processor.py:925} INFO - DAG(s) 'example_params_ui_tutorial' retrieved from /home/airflow/.local/lib/python3.12/site-packages/airflow/example_dags/example_params_ui_tutorial.py
[2025-03-11T13:11:09.560+0000] {logging_mixin.py:190} INFO - [2025-03-11T13:11:09.560+0000] {dag.py:3239} INFO - Sync 1 DAGs
[2025-03-11T13:11:09.567+0000] {logging_mixin.py:190} INFO - [2025-03-11T13:11:09.567+0000] {dag.py:4180} INFO - Setting next_dagrun for example_params_ui_tutorial to None, run_after=None
[2025-03-11T13:11:09.575+0000] {processor.py:208} INFO - Processing /home/airflow/.local/lib/python3.12/site-packages/airflow/example_dags/example_params_ui_tutorial.py took 0.045 seconds
[2025-03-11T13:11:40.373+0000] {processor.py:186} INFO - Started process (PID=220) to work on /home/airflow/.local/lib/python3.12/site-packages/airflow/example_dags/example_params_ui_tutorial.py
[2025-03-11T13:11:40.375+0000] {processor.py:914} INFO - Processing file /home/airflow/.local/lib/python3.12/site-packages/airflow/example_dags/example_params_ui_tutorial.py for tasks to queue
[2025-03-11T13:11:40.378+0000] {logging_mixin.py:190} INFO - [2025-03-11T13:11:40.377+0000] {dagbag.py:588} INFO - Filling up the DagBag from /home/airflow/.local/lib/python3.12/site-packages/airflow/example_dags/example_params_ui_tutorial.py
[2025-03-11T13:11:40.388+0000] {processor.py:925} INFO - DAG(s) 'example_params_ui_tutorial' retrieved from /home/airflow/.local/lib/python3.12/site-packages/airflow/example_dags/example_params_ui_tutorial.py
[2025-03-11T13:11:40.414+0000] {logging_mixin.py:190} INFO - [2025-03-11T13:11:40.414+0000] {dag.py:3239} INFO - Sync 1 DAGs
[2025-03-11T13:11:40.425+0000] {logging_mixin.py:190} INFO - [2025-03-11T13:11:40.425+0000] {dag.py:4180} INFO - Setting next_dagrun for example_params_ui_tutorial to None, run_after=None
[2025-03-11T13:11:40.442+0000] {processor.py:208} INFO - Processing /home/airflow/.local/lib/python3.12/site-packages/airflow/example_dags/example_params_ui_tutorial.py took 0.073 seconds
[2025-03-11T13:12:11.167+0000] {processor.py:186} INFO - Started process (PID=283) to work on /home/airflow/.local/lib/python3.12/site-packages/airflow/example_dags/example_params_ui_tutorial.py
[2025-03-11T13:12:11.168+0000] {processor.py:914} INFO - Processing file /home/airflow/.local/lib/python3.12/site-packages/airflow/example_dags/example_params_ui_tutorial.py for tasks to queue
[2025-03-11T13:12:11.169+0000] {logging_mixin.py:190} INFO - [2025-03-11T13:12:11.169+0000] {dagbag.py:588} INFO - Filling up the DagBag from /home/airflow/.local/lib/python3.12/site-packages/airflow/example_dags/example_params_ui_tutorial.py
[2025-03-11T13:12:11.174+0000] {processor.py:925} INFO - DAG(s) 'example_params_ui_tutorial' retrieved from /home/airflow/.local/lib/python3.12/site-packages/airflow/example_dags/example_params_ui_tutorial.py
[2025-03-11T13:12:11.195+0000] {logging_mixin.py:190} INFO - [2025-03-11T13:12:11.195+0000] {dag.py:3239} INFO - Sync 1 DAGs
[2025-03-11T13:12:11.203+0000] {logging_mixin.py:190} INFO - [2025-03-11T13:12:11.203+0000] {dag.py:4180} INFO - Setting next_dagrun for example_params_ui_tutorial to None, run_after=None
[2025-03-11T13:12:11.216+0000] {processor.py:208} INFO - Processing /home/airflow/.local/lib/python3.12/site-packages/airflow/example_dags/example_params_ui_tutorial.py took 0.052 seconds
[2025-03-11T13:12:41.263+0000] {processor.py:186} INFO - Started process (PID=346) to work on /home/airflow/.local/lib/python3.12/site-packages/airflow/example_dags/example_params_ui_tutorial.py
[2025-03-11T13:12:41.264+0000] {processor.py:914} INFO - Processing file /home/airflow/.local/lib/python3.12/site-packages/airflow/example_dags/example_params_ui_tutorial.py for tasks to queue
[2025-03-11T13:12:41.265+0000] {logging_mixin.py:190} INFO - [2025-03-11T13:12:41.265+0000] {dagbag.py:588} INFO - Filling up the DagBag from /home/airflow/.local/lib/python3.12/site-packages/airflow/example_dags/example_params_ui_tutorial.py
[2025-03-11T13:12:41.270+0000] {processor.py:925} INFO - DAG(s) 'example_params_ui_tutorial' retrieved from /home/airflow/.local/lib/python3.12/site-packages/airflow/example_dags/example_params_ui_tutorial.py
[2025-03-11T13:12:41.290+0000] {logging_mixin.py:190} INFO - [2025-03-11T13:12:41.290+0000] {dag.py:3239} INFO - Sync 1 DAGs
[2025-03-11T13:12:41.297+0000] {logging_mixin.py:190} INFO - [2025-03-11T13:12:41.297+0000] {dag.py:4180} INFO - Setting next_dagrun for example_params_ui_tutorial to None, run_after=None
[2025-03-11T13:12:41.307+0000] {processor.py:208} INFO - Processing /home/airflow/.local/lib/python3.12/site-packages/airflow/example_dags/example_params_ui_tutorial.py took 0.046 seconds
[2025-03-11T13:58:30.065+0000] {processor.py:186} INFO - Started process (PID=77) to work on /home/airflow/.local/lib/python3.12/site-packages/airflow/example_dags/example_params_ui_tutorial.py
[2025-03-11T13:58:30.072+0000] {processor.py:914} INFO - Processing file /home/airflow/.local/lib/python3.12/site-packages/airflow/example_dags/example_params_ui_tutorial.py for tasks to queue
[2025-03-11T13:58:30.085+0000] {logging_mixin.py:190} INFO - [2025-03-11T13:58:30.085+0000] {dagbag.py:588} INFO - Filling up the DagBag from /home/airflow/.local/lib/python3.12/site-packages/airflow/example_dags/example_params_ui_tutorial.py
[2025-03-11T13:58:30.221+0000] {processor.py:925} INFO - DAG(s) 'example_params_ui_tutorial' retrieved from /home/airflow/.local/lib/python3.12/site-packages/airflow/example_dags/example_params_ui_tutorial.py
[2025-03-11T13:58:32.727+0000] {logging_mixin.py:190} INFO - [2025-03-11T13:58:32.726+0000] {override.py:1912} INFO - Created Permission View: can edit on DAG:example_params_ui_tutorial
[2025-03-11T13:58:32.821+0000] {logging_mixin.py:190} INFO - [2025-03-11T13:58:32.816+0000] {override.py:1912} INFO - Created Permission View: can delete on DAG:example_params_ui_tutorial
[2025-03-11T13:58:32.858+0000] {logging_mixin.py:190} INFO - [2025-03-11T13:58:32.858+0000] {override.py:1912} INFO - Created Permission View: can read on DAG:example_params_ui_tutorial
[2025-03-11T13:58:32.898+0000] {logging_mixin.py:190} INFO - [2025-03-11T13:58:32.896+0000] {override.py:1912} INFO - Created Permission View: can create on DAG Run:example_params_ui_tutorial
[2025-03-11T13:58:32.927+0000] {logging_mixin.py:190} INFO - [2025-03-11T13:58:32.927+0000] {override.py:1912} INFO - Created Permission View: can delete on DAG Run:example_params_ui_tutorial
[2025-03-11T13:58:32.958+0000] {logging_mixin.py:190} INFO - [2025-03-11T13:58:32.956+0000] {override.py:1912} INFO - Created Permission View: can read on DAG Run:example_params_ui_tutorial
[2025-03-11T13:58:33.009+0000] {logging_mixin.py:190} INFO - [2025-03-11T13:58:33.008+0000] {override.py:1912} INFO - Created Permission View: menu access on DAG Run:example_params_ui_tutorial
[2025-03-11T13:58:33.009+0000] {logging_mixin.py:190} INFO - [2025-03-11T13:58:33.009+0000] {dag.py:3239} INFO - Sync 1 DAGs
[2025-03-11T13:58:33.115+0000] {logging_mixin.py:190} INFO - [2025-03-11T13:58:33.115+0000] {dag.py:3262} INFO - Creating ORM DAG for example_params_ui_tutorial
[2025-03-11T13:58:33.115+0000] {logging_mixin.py:190} INFO - [2025-03-11T13:58:33.115+0000] {dag.py:4180} INFO - Setting next_dagrun for example_params_ui_tutorial to None, run_after=None
[2025-03-11T13:58:33.339+0000] {processor.py:208} INFO - Processing /home/airflow/.local/lib/python3.12/site-packages/airflow/example_dags/example_params_ui_tutorial.py took 3.314 seconds
[2025-03-11T14:00:42.618+0000] {processor.py:186} INFO - Started process (PID=151) to work on /home/airflow/.local/lib/python3.12/site-packages/airflow/example_dags/example_params_ui_tutorial.py
[2025-03-11T14:00:42.630+0000] {processor.py:914} INFO - Processing file /home/airflow/.local/lib/python3.12/site-packages/airflow/example_dags/example_params_ui_tutorial.py for tasks to queue
[2025-03-11T14:00:42.663+0000] {logging_mixin.py:190} INFO - [2025-03-11T14:00:42.662+0000] {dagbag.py:588} INFO - Filling up the DagBag from /home/airflow/.local/lib/python3.12/site-packages/airflow/example_dags/example_params_ui_tutorial.py
[2025-03-11T14:00:42.816+0000] {processor.py:925} INFO - DAG(s) 'example_params_ui_tutorial' retrieved from /home/airflow/.local/lib/python3.12/site-packages/airflow/example_dags/example_params_ui_tutorial.py
[2025-03-11T14:00:43.310+0000] {logging_mixin.py:190} INFO - [2025-03-11T14:00:43.310+0000] {dag.py:3239} INFO - Sync 1 DAGs
[2025-03-11T14:00:43.495+0000] {logging_mixin.py:190} INFO - [2025-03-11T14:00:43.494+0000] {dag.py:4180} INFO - Setting next_dagrun for example_params_ui_tutorial to None, run_after=None
[2025-03-11T14:00:43.702+0000] {processor.py:208} INFO - Processing /home/airflow/.local/lib/python3.12/site-packages/airflow/example_dags/example_params_ui_tutorial.py took 1.179 seconds
[2025-03-11T14:28:57.986+0000] {processor.py:186} INFO - Started process (PID=65) to work on /home/airflow/.local/lib/python3.12/site-packages/airflow/example_dags/example_params_ui_tutorial.py
[2025-03-11T14:28:57.988+0000] {processor.py:914} INFO - Processing file /home/airflow/.local/lib/python3.12/site-packages/airflow/example_dags/example_params_ui_tutorial.py for tasks to queue
[2025-03-11T14:28:57.992+0000] {logging_mixin.py:190} INFO - [2025-03-11T14:28:57.992+0000] {dagbag.py:588} INFO - Filling up the DagBag from /home/airflow/.local/lib/python3.12/site-packages/airflow/example_dags/example_params_ui_tutorial.py
[2025-03-11T14:28:58.010+0000] {processor.py:925} INFO - DAG(s) 'example_params_ui_tutorial' retrieved from /home/airflow/.local/lib/python3.12/site-packages/airflow/example_dags/example_params_ui_tutorial.py
[2025-03-11T14:28:58.133+0000] {logging_mixin.py:190} INFO - [2025-03-11T14:28:58.133+0000] {dag.py:3239} INFO - Sync 1 DAGs
[2025-03-11T14:28:58.168+0000] {logging_mixin.py:190} INFO - [2025-03-11T14:28:58.168+0000] {dag.py:4180} INFO - Setting next_dagrun for example_params_ui_tutorial to None, run_after=None
[2025-03-11T14:28:58.217+0000] {processor.py:208} INFO - Processing /home/airflow/.local/lib/python3.12/site-packages/airflow/example_dags/example_params_ui_tutorial.py took 0.239 seconds
[2025-03-11T14:29:28.291+0000] {processor.py:186} INFO - Started process (PID=128) to work on /home/airflow/.local/lib/python3.12/site-packages/airflow/example_dags/example_params_ui_tutorial.py
[2025-03-11T14:29:28.294+0000] {processor.py:914} INFO - Processing file /home/airflow/.local/lib/python3.12/site-packages/airflow/example_dags/example_params_ui_tutorial.py for tasks to queue
[2025-03-11T14:29:28.298+0000] {logging_mixin.py:190} INFO - [2025-03-11T14:29:28.298+0000] {dagbag.py:588} INFO - Filling up the DagBag from /home/airflow/.local/lib/python3.12/site-packages/airflow/example_dags/example_params_ui_tutorial.py
[2025-03-11T14:29:28.308+0000] {processor.py:925} INFO - DAG(s) 'example_params_ui_tutorial' retrieved from /home/airflow/.local/lib/python3.12/site-packages/airflow/example_dags/example_params_ui_tutorial.py
[2025-03-11T14:29:28.357+0000] {logging_mixin.py:190} INFO - [2025-03-11T14:29:28.356+0000] {dag.py:3239} INFO - Sync 1 DAGs
[2025-03-11T14:29:28.370+0000] {logging_mixin.py:190} INFO - [2025-03-11T14:29:28.370+0000] {dag.py:4180} INFO - Setting next_dagrun for example_params_ui_tutorial to None, run_after=None
[2025-03-11T14:29:28.386+0000] {processor.py:208} INFO - Processing /home/airflow/.local/lib/python3.12/site-packages/airflow/example_dags/example_params_ui_tutorial.py took 0.101 seconds
[2025-03-11T14:29:58.791+0000] {processor.py:186} INFO - Started process (PID=190) to work on /home/airflow/.local/lib/python3.12/site-packages/airflow/example_dags/example_params_ui_tutorial.py
[2025-03-11T14:29:58.792+0000] {processor.py:914} INFO - Processing file /home/airflow/.local/lib/python3.12/site-packages/airflow/example_dags/example_params_ui_tutorial.py for tasks to queue
[2025-03-11T14:29:58.799+0000] {logging_mixin.py:190} INFO - [2025-03-11T14:29:58.798+0000] {dagbag.py:588} INFO - Filling up the DagBag from /home/airflow/.local/lib/python3.12/site-packages/airflow/example_dags/example_params_ui_tutorial.py
[2025-03-11T14:29:58.826+0000] {processor.py:925} INFO - DAG(s) 'example_params_ui_tutorial' retrieved from /home/airflow/.local/lib/python3.12/site-packages/airflow/example_dags/example_params_ui_tutorial.py
[2025-03-11T14:29:58.910+0000] {logging_mixin.py:190} INFO - [2025-03-11T14:29:58.910+0000] {dag.py:3239} INFO - Sync 1 DAGs
[2025-03-11T14:29:58.940+0000] {logging_mixin.py:190} INFO - [2025-03-11T14:29:58.940+0000] {dag.py:4180} INFO - Setting next_dagrun for example_params_ui_tutorial to None, run_after=None
[2025-03-11T14:29:58.981+0000] {processor.py:208} INFO - Processing /home/airflow/.local/lib/python3.12/site-packages/airflow/example_dags/example_params_ui_tutorial.py took 0.204 seconds
[2025-03-11T14:30:29.091+0000] {processor.py:186} INFO - Started process (PID=253) to work on /home/airflow/.local/lib/python3.12/site-packages/airflow/example_dags/example_params_ui_tutorial.py
[2025-03-11T14:30:29.093+0000] {processor.py:914} INFO - Processing file /home/airflow/.local/lib/python3.12/site-packages/airflow/example_dags/example_params_ui_tutorial.py for tasks to queue
[2025-03-11T14:30:29.096+0000] {logging_mixin.py:190} INFO - [2025-03-11T14:30:29.095+0000] {dagbag.py:588} INFO - Filling up the DagBag from /home/airflow/.local/lib/python3.12/site-packages/airflow/example_dags/example_params_ui_tutorial.py
[2025-03-11T14:30:29.108+0000] {processor.py:925} INFO - DAG(s) 'example_params_ui_tutorial' retrieved from /home/airflow/.local/lib/python3.12/site-packages/airflow/example_dags/example_params_ui_tutorial.py
[2025-03-11T14:30:29.169+0000] {logging_mixin.py:190} INFO - [2025-03-11T14:30:29.168+0000] {dag.py:3239} INFO - Sync 1 DAGs
[2025-03-11T14:30:29.188+0000] {logging_mixin.py:190} INFO - [2025-03-11T14:30:29.188+0000] {dag.py:4180} INFO - Setting next_dagrun for example_params_ui_tutorial to None, run_after=None
[2025-03-11T14:30:29.207+0000] {processor.py:208} INFO - Processing /home/airflow/.local/lib/python3.12/site-packages/airflow/example_dags/example_params_ui_tutorial.py took 0.127 seconds
[2025-03-11T14:30:59.519+0000] {processor.py:186} INFO - Started process (PID=316) to work on /home/airflow/.local/lib/python3.12/site-packages/airflow/example_dags/example_params_ui_tutorial.py
[2025-03-11T14:30:59.520+0000] {processor.py:914} INFO - Processing file /home/airflow/.local/lib/python3.12/site-packages/airflow/example_dags/example_params_ui_tutorial.py for tasks to queue
[2025-03-11T14:30:59.522+0000] {logging_mixin.py:190} INFO - [2025-03-11T14:30:59.522+0000] {dagbag.py:588} INFO - Filling up the DagBag from /home/airflow/.local/lib/python3.12/site-packages/airflow/example_dags/example_params_ui_tutorial.py
[2025-03-11T14:30:59.532+0000] {processor.py:925} INFO - DAG(s) 'example_params_ui_tutorial' retrieved from /home/airflow/.local/lib/python3.12/site-packages/airflow/example_dags/example_params_ui_tutorial.py
[2025-03-11T14:30:59.575+0000] {logging_mixin.py:190} INFO - [2025-03-11T14:30:59.574+0000] {dag.py:3239} INFO - Sync 1 DAGs
[2025-03-11T14:30:59.590+0000] {logging_mixin.py:190} INFO - [2025-03-11T14:30:59.590+0000] {dag.py:4180} INFO - Setting next_dagrun for example_params_ui_tutorial to None, run_after=None
[2025-03-11T14:30:59.608+0000] {processor.py:208} INFO - Processing /home/airflow/.local/lib/python3.12/site-packages/airflow/example_dags/example_params_ui_tutorial.py took 0.095 seconds
