[2025-03-11T13:10:38.397+0000] {processor.py:186} INFO - Started process (PID=91) to work on /home/airflow/.local/lib/python3.12/site-packages/airflow/example_dags/example_setup_teardown.py
[2025-03-11T13:10:38.398+0000] {processor.py:914} INFO - Processing file /home/airflow/.local/lib/python3.12/site-packages/airflow/example_dags/example_setup_teardown.py for tasks to queue
[2025-03-11T13:10:38.400+0000] {logging_mixin.py:190} INFO - [2025-03-11T13:10:38.400+0000] {dagbag.py:588} INFO - Filling up the DagBag from /home/airflow/.local/lib/python3.12/site-packages/airflow/example_dags/example_setup_teardown.py
[2025-03-11T13:10:38.408+0000] {processor.py:925} INFO - DAG(s) 'example_setup_teardown' retrieved from /home/airflow/.local/lib/python3.12/site-packages/airflow/example_dags/example_setup_teardown.py
[2025-03-11T13:10:38.477+0000] {logging_mixin.py:190} INFO - [2025-03-11T13:10:38.476+0000] {override.py:1912} INFO - Created Permission View: can read on DAG:example_setup_teardown
[2025-03-11T13:10:38.482+0000] {logging_mixin.py:190} INFO - [2025-03-11T13:10:38.481+0000] {override.py:1912} INFO - Created Permission View: can edit on DAG:example_setup_teardown
[2025-03-11T13:10:38.486+0000] {logging_mixin.py:190} INFO - [2025-03-11T13:10:38.485+0000] {override.py:1912} INFO - Created Permission View: can delete on DAG:example_setup_teardown
[2025-03-11T13:10:38.491+0000] {logging_mixin.py:190} INFO - [2025-03-11T13:10:38.491+0000] {override.py:1912} INFO - Created Permission View: can read on DAG Run:example_setup_teardown
[2025-03-11T13:10:38.498+0000] {logging_mixin.py:190} INFO - [2025-03-11T13:10:38.497+0000] {override.py:1912} INFO - Created Permission View: can delete on DAG Run:example_setup_teardown
[2025-03-11T13:10:38.506+0000] {logging_mixin.py:190} INFO - [2025-03-11T13:10:38.506+0000] {override.py:1912} INFO - Created Permission View: can create on DAG Run:example_setup_teardown
[2025-03-11T13:10:38.511+0000] {logging_mixin.py:190} INFO - [2025-03-11T13:10:38.510+0000] {override.py:1912} INFO - Created Permission View: menu access on DAG Run:example_setup_teardown
[2025-03-11T13:10:38.511+0000] {logging_mixin.py:190} INFO - [2025-03-11T13:10:38.511+0000] {dag.py:3239} INFO - Sync 1 DAGs
[2025-03-11T13:10:38.522+0000] {logging_mixin.py:190} INFO - [2025-03-11T13:10:38.521+0000] {dag.py:3262} INFO - Creating ORM DAG for example_setup_teardown
[2025-03-11T13:10:38.524+0000] {logging_mixin.py:190} INFO - [2025-03-11T13:10:38.524+0000] {dag.py:4180} INFO - Setting next_dagrun for example_setup_teardown to None, run_after=None
[2025-03-11T13:10:38.537+0000] {processor.py:208} INFO - Processing /home/airflow/.local/lib/python3.12/site-packages/airflow/example_dags/example_setup_teardown.py took 0.143 seconds
[2025-03-11T13:11:09.377+0000] {processor.py:186} INFO - Started process (PID=154) to work on /home/airflow/.local/lib/python3.12/site-packages/airflow/example_dags/example_setup_teardown.py
[2025-03-11T13:11:09.378+0000] {processor.py:914} INFO - Processing file /home/airflow/.local/lib/python3.12/site-packages/airflow/example_dags/example_setup_teardown.py for tasks to queue
[2025-03-11T13:11:09.380+0000] {logging_mixin.py:190} INFO - [2025-03-11T13:11:09.380+0000] {dagbag.py:588} INFO - Filling up the DagBag from /home/airflow/.local/lib/python3.12/site-packages/airflow/example_dags/example_setup_teardown.py
[2025-03-11T13:11:09.385+0000] {processor.py:925} INFO - DAG(s) 'example_setup_teardown' retrieved from /home/airflow/.local/lib/python3.12/site-packages/airflow/example_dags/example_setup_teardown.py
[2025-03-11T13:11:09.397+0000] {logging_mixin.py:190} INFO - [2025-03-11T13:11:09.397+0000] {dag.py:3239} INFO - Sync 1 DAGs
[2025-03-11T13:11:09.407+0000] {logging_mixin.py:190} INFO - [2025-03-11T13:11:09.406+0000] {dag.py:4180} INFO - Setting next_dagrun for example_setup_teardown to None, run_after=None
[2025-03-11T13:11:09.417+0000] {processor.py:208} INFO - Processing /home/airflow/.local/lib/python3.12/site-packages/airflow/example_dags/example_setup_teardown.py took 0.044 seconds
[2025-03-11T13:11:40.198+0000] {processor.py:186} INFO - Started process (PID=217) to work on /home/airflow/.local/lib/python3.12/site-packages/airflow/example_dags/example_setup_teardown.py
[2025-03-11T13:11:40.199+0000] {processor.py:914} INFO - Processing file /home/airflow/.local/lib/python3.12/site-packages/airflow/example_dags/example_setup_teardown.py for tasks to queue
[2025-03-11T13:11:40.201+0000] {logging_mixin.py:190} INFO - [2025-03-11T13:11:40.201+0000] {dagbag.py:588} INFO - Filling up the DagBag from /home/airflow/.local/lib/python3.12/site-packages/airflow/example_dags/example_setup_teardown.py
[2025-03-11T13:11:40.208+0000] {processor.py:925} INFO - DAG(s) 'example_setup_teardown' retrieved from /home/airflow/.local/lib/python3.12/site-packages/airflow/example_dags/example_setup_teardown.py
[2025-03-11T13:11:40.224+0000] {logging_mixin.py:190} INFO - [2025-03-11T13:11:40.224+0000] {dag.py:3239} INFO - Sync 1 DAGs
[2025-03-11T13:11:40.233+0000] {logging_mixin.py:190} INFO - [2025-03-11T13:11:40.233+0000] {dag.py:4180} INFO - Setting next_dagrun for example_setup_teardown to None, run_after=None
[2025-03-11T13:11:40.246+0000] {processor.py:208} INFO - Processing /home/airflow/.local/lib/python3.12/site-packages/airflow/example_dags/example_setup_teardown.py took 0.052 seconds
[2025-03-11T13:12:11.002+0000] {processor.py:186} INFO - Started process (PID=280) to work on /home/airflow/.local/lib/python3.12/site-packages/airflow/example_dags/example_setup_teardown.py
[2025-03-11T13:12:11.003+0000] {processor.py:914} INFO - Processing file /home/airflow/.local/lib/python3.12/site-packages/airflow/example_dags/example_setup_teardown.py for tasks to queue
[2025-03-11T13:12:11.004+0000] {logging_mixin.py:190} INFO - [2025-03-11T13:12:11.004+0000] {dagbag.py:588} INFO - Filling up the DagBag from /home/airflow/.local/lib/python3.12/site-packages/airflow/example_dags/example_setup_teardown.py
[2025-03-11T13:12:11.009+0000] {processor.py:925} INFO - DAG(s) 'example_setup_teardown' retrieved from /home/airflow/.local/lib/python3.12/site-packages/airflow/example_dags/example_setup_teardown.py
[2025-03-11T13:12:11.021+0000] {logging_mixin.py:190} INFO - [2025-03-11T13:12:11.021+0000] {dag.py:3239} INFO - Sync 1 DAGs
[2025-03-11T13:12:11.029+0000] {logging_mixin.py:190} INFO - [2025-03-11T13:12:11.029+0000] {dag.py:4180} INFO - Setting next_dagrun for example_setup_teardown to None, run_after=None
[2025-03-11T13:12:11.040+0000] {processor.py:208} INFO - Processing /home/airflow/.local/lib/python3.12/site-packages/airflow/example_dags/example_setup_teardown.py took 0.042 seconds
[2025-03-11T13:12:41.120+0000] {processor.py:186} INFO - Started process (PID=342) to work on /home/airflow/.local/lib/python3.12/site-packages/airflow/example_dags/example_setup_teardown.py
[2025-03-11T13:12:41.123+0000] {processor.py:914} INFO - Processing file /home/airflow/.local/lib/python3.12/site-packages/airflow/example_dags/example_setup_teardown.py for tasks to queue
[2025-03-11T13:12:41.125+0000] {logging_mixin.py:190} INFO - [2025-03-11T13:12:41.125+0000] {dagbag.py:588} INFO - Filling up the DagBag from /home/airflow/.local/lib/python3.12/site-packages/airflow/example_dags/example_setup_teardown.py
[2025-03-11T13:12:41.130+0000] {processor.py:925} INFO - DAG(s) 'example_setup_teardown' retrieved from /home/airflow/.local/lib/python3.12/site-packages/airflow/example_dags/example_setup_teardown.py
[2025-03-11T13:12:41.142+0000] {logging_mixin.py:190} INFO - [2025-03-11T13:12:41.142+0000] {dag.py:3239} INFO - Sync 1 DAGs
[2025-03-11T13:12:41.149+0000] {logging_mixin.py:190} INFO - [2025-03-11T13:12:41.148+0000] {dag.py:4180} INFO - Setting next_dagrun for example_setup_teardown to None, run_after=None
[2025-03-11T13:12:41.158+0000] {processor.py:208} INFO - Processing /home/airflow/.local/lib/python3.12/site-packages/airflow/example_dags/example_setup_teardown.py took 0.041 seconds
[2025-03-11T14:00:37.268+0000] {processor.py:186} INFO - Started process (PID=142) to work on /home/airflow/.local/lib/python3.12/site-packages/airflow/example_dags/example_setup_teardown.py
[2025-03-11T14:00:37.276+0000] {processor.py:914} INFO - Processing file /home/airflow/.local/lib/python3.12/site-packages/airflow/example_dags/example_setup_teardown.py for tasks to queue
[2025-03-11T14:00:37.290+0000] {logging_mixin.py:190} INFO - [2025-03-11T14:00:37.285+0000] {dagbag.py:588} INFO - Filling up the DagBag from /home/airflow/.local/lib/python3.12/site-packages/airflow/example_dags/example_setup_teardown.py
[2025-03-11T14:00:37.360+0000] {processor.py:925} INFO - DAG(s) 'example_setup_teardown' retrieved from /home/airflow/.local/lib/python3.12/site-packages/airflow/example_dags/example_setup_teardown.py
[2025-03-11T14:00:38.328+0000] {logging_mixin.py:190} INFO - [2025-03-11T14:00:38.327+0000] {override.py:1912} INFO - Created Permission View: can edit on DAG:example_setup_teardown
[2025-03-11T14:00:38.419+0000] {logging_mixin.py:190} INFO - [2025-03-11T14:00:38.419+0000] {override.py:1912} INFO - Created Permission View: can delete on DAG:example_setup_teardown
[2025-03-11T14:00:38.472+0000] {logging_mixin.py:190} INFO - [2025-03-11T14:00:38.470+0000] {override.py:1912} INFO - Created Permission View: can read on DAG:example_setup_teardown
[2025-03-11T14:00:38.525+0000] {logging_mixin.py:190} INFO - [2025-03-11T14:00:38.525+0000] {override.py:1912} INFO - Created Permission View: can create on DAG Run:example_setup_teardown
[2025-03-11T14:00:38.572+0000] {logging_mixin.py:190} INFO - [2025-03-11T14:00:38.572+0000] {override.py:1912} INFO - Created Permission View: can delete on DAG Run:example_setup_teardown
[2025-03-11T14:00:38.647+0000] {logging_mixin.py:190} INFO - [2025-03-11T14:00:38.639+0000] {override.py:1912} INFO - Created Permission View: can read on DAG Run:example_setup_teardown
[2025-03-11T14:00:38.679+0000] {logging_mixin.py:190} INFO - [2025-03-11T14:00:38.679+0000] {override.py:1912} INFO - Created Permission View: menu access on DAG Run:example_setup_teardown
[2025-03-11T14:00:38.680+0000] {logging_mixin.py:190} INFO - [2025-03-11T14:00:38.680+0000] {dag.py:3239} INFO - Sync 1 DAGs
[2025-03-11T14:00:38.763+0000] {logging_mixin.py:190} INFO - [2025-03-11T14:00:38.762+0000] {dag.py:3262} INFO - Creating ORM DAG for example_setup_teardown
[2025-03-11T14:00:38.769+0000] {logging_mixin.py:190} INFO - [2025-03-11T14:00:38.769+0000] {dag.py:4180} INFO - Setting next_dagrun for example_setup_teardown to None, run_after=None
[2025-03-11T14:00:38.957+0000] {processor.py:208} INFO - Processing /home/airflow/.local/lib/python3.12/site-packages/airflow/example_dags/example_setup_teardown.py took 1.738 seconds
[2025-03-11T14:29:10.405+0000] {processor.py:186} INFO - Started process (PID=113) to work on /home/airflow/.local/lib/python3.12/site-packages/airflow/example_dags/example_setup_teardown.py
[2025-03-11T14:29:10.407+0000] {processor.py:914} INFO - Processing file /home/airflow/.local/lib/python3.12/site-packages/airflow/example_dags/example_setup_teardown.py for tasks to queue
[2025-03-11T14:29:10.414+0000] {logging_mixin.py:190} INFO - [2025-03-11T14:29:10.413+0000] {dagbag.py:588} INFO - Filling up the DagBag from /home/airflow/.local/lib/python3.12/site-packages/airflow/example_dags/example_setup_teardown.py
[2025-03-11T14:29:10.438+0000] {processor.py:925} INFO - DAG(s) 'example_setup_teardown' retrieved from /home/airflow/.local/lib/python3.12/site-packages/airflow/example_dags/example_setup_teardown.py
[2025-03-11T14:29:10.484+0000] {logging_mixin.py:190} INFO - [2025-03-11T14:29:10.484+0000] {dag.py:3239} INFO - Sync 1 DAGs
[2025-03-11T14:29:10.533+0000] {logging_mixin.py:190} INFO - [2025-03-11T14:29:10.532+0000] {dag.py:4180} INFO - Setting next_dagrun for example_setup_teardown to None, run_after=None
[2025-03-11T14:29:10.584+0000] {processor.py:208} INFO - Processing /home/airflow/.local/lib/python3.12/site-packages/airflow/example_dags/example_setup_teardown.py took 0.190 seconds
[2025-03-11T14:29:41.033+0000] {processor.py:186} INFO - Started process (PID=175) to work on /home/airflow/.local/lib/python3.12/site-packages/airflow/example_dags/example_setup_teardown.py
[2025-03-11T14:29:41.036+0000] {processor.py:914} INFO - Processing file /home/airflow/.local/lib/python3.12/site-packages/airflow/example_dags/example_setup_teardown.py for tasks to queue
[2025-03-11T14:29:41.038+0000] {logging_mixin.py:190} INFO - [2025-03-11T14:29:41.038+0000] {dagbag.py:588} INFO - Filling up the DagBag from /home/airflow/.local/lib/python3.12/site-packages/airflow/example_dags/example_setup_teardown.py
[2025-03-11T14:29:41.048+0000] {processor.py:925} INFO - DAG(s) 'example_setup_teardown' retrieved from /home/airflow/.local/lib/python3.12/site-packages/airflow/example_dags/example_setup_teardown.py
[2025-03-11T14:29:41.068+0000] {logging_mixin.py:190} INFO - [2025-03-11T14:29:41.067+0000] {dag.py:3239} INFO - Sync 1 DAGs
[2025-03-11T14:29:41.082+0000] {logging_mixin.py:190} INFO - [2025-03-11T14:29:41.081+0000] {dag.py:4180} INFO - Setting next_dagrun for example_setup_teardown to None, run_after=None
[2025-03-11T14:29:41.097+0000] {processor.py:208} INFO - Processing /home/airflow/.local/lib/python3.12/site-packages/airflow/example_dags/example_setup_teardown.py took 0.070 seconds
[2025-03-11T14:30:11.497+0000] {processor.py:186} INFO - Started process (PID=237) to work on /home/airflow/.local/lib/python3.12/site-packages/airflow/example_dags/example_setup_teardown.py
[2025-03-11T14:30:11.499+0000] {processor.py:914} INFO - Processing file /home/airflow/.local/lib/python3.12/site-packages/airflow/example_dags/example_setup_teardown.py for tasks to queue
[2025-03-11T14:30:11.502+0000] {logging_mixin.py:190} INFO - [2025-03-11T14:30:11.501+0000] {dagbag.py:588} INFO - Filling up the DagBag from /home/airflow/.local/lib/python3.12/site-packages/airflow/example_dags/example_setup_teardown.py
[2025-03-11T14:30:11.511+0000] {processor.py:925} INFO - DAG(s) 'example_setup_teardown' retrieved from /home/airflow/.local/lib/python3.12/site-packages/airflow/example_dags/example_setup_teardown.py
[2025-03-11T14:30:11.530+0000] {logging_mixin.py:190} INFO - [2025-03-11T14:30:11.530+0000] {dag.py:3239} INFO - Sync 1 DAGs
[2025-03-11T14:30:11.544+0000] {logging_mixin.py:190} INFO - [2025-03-11T14:30:11.544+0000] {dag.py:4180} INFO - Setting next_dagrun for example_setup_teardown to None, run_after=None
[2025-03-11T14:30:11.560+0000] {processor.py:208} INFO - Processing /home/airflow/.local/lib/python3.12/site-packages/airflow/example_dags/example_setup_teardown.py took 0.068 seconds
[2025-03-11T14:30:41.940+0000] {processor.py:186} INFO - Started process (PID=300) to work on /home/airflow/.local/lib/python3.12/site-packages/airflow/example_dags/example_setup_teardown.py
[2025-03-11T14:30:41.941+0000] {processor.py:914} INFO - Processing file /home/airflow/.local/lib/python3.12/site-packages/airflow/example_dags/example_setup_teardown.py for tasks to queue
[2025-03-11T14:30:41.942+0000] {logging_mixin.py:190} INFO - [2025-03-11T14:30:41.942+0000] {dagbag.py:588} INFO - Filling up the DagBag from /home/airflow/.local/lib/python3.12/site-packages/airflow/example_dags/example_setup_teardown.py
[2025-03-11T14:30:41.951+0000] {processor.py:925} INFO - DAG(s) 'example_setup_teardown' retrieved from /home/airflow/.local/lib/python3.12/site-packages/airflow/example_dags/example_setup_teardown.py
[2025-03-11T14:30:41.970+0000] {logging_mixin.py:190} INFO - [2025-03-11T14:30:41.970+0000] {dag.py:3239} INFO - Sync 1 DAGs
[2025-03-11T14:30:41.984+0000] {logging_mixin.py:190} INFO - [2025-03-11T14:30:41.984+0000] {dag.py:4180} INFO - Setting next_dagrun for example_setup_teardown to None, run_after=None
[2025-03-11T14:30:42.001+0000] {processor.py:208} INFO - Processing /home/airflow/.local/lib/python3.12/site-packages/airflow/example_dags/example_setup_teardown.py took 0.067 seconds
[2025-03-11T14:31:12.799+0000] {processor.py:186} INFO - Started process (PID=363) to work on /home/airflow/.local/lib/python3.12/site-packages/airflow/example_dags/example_setup_teardown.py
[2025-03-11T14:31:12.801+0000] {processor.py:914} INFO - Processing file /home/airflow/.local/lib/python3.12/site-packages/airflow/example_dags/example_setup_teardown.py for tasks to queue
[2025-03-11T14:31:12.803+0000] {logging_mixin.py:190} INFO - [2025-03-11T14:31:12.803+0000] {dagbag.py:588} INFO - Filling up the DagBag from /home/airflow/.local/lib/python3.12/site-packages/airflow/example_dags/example_setup_teardown.py
[2025-03-11T14:31:12.812+0000] {processor.py:925} INFO - DAG(s) 'example_setup_teardown' retrieved from /home/airflow/.local/lib/python3.12/site-packages/airflow/example_dags/example_setup_teardown.py
[2025-03-11T14:31:12.831+0000] {logging_mixin.py:190} INFO - [2025-03-11T14:31:12.831+0000] {dag.py:3239} INFO - Sync 1 DAGs
[2025-03-11T14:31:12.844+0000] {logging_mixin.py:190} INFO - [2025-03-11T14:31:12.844+0000] {dag.py:4180} INFO - Setting next_dagrun for example_setup_teardown to None, run_after=None
[2025-03-11T14:31:12.862+0000] {processor.py:208} INFO - Processing /home/airflow/.local/lib/python3.12/site-packages/airflow/example_dags/example_setup_teardown.py took 0.069 seconds
