[2025-03-11T13:10:35.139+0000] {processor.py:186} INFO - Started process (PID=70) to work on /home/airflow/.local/lib/python3.12/site-packages/airflow/example_dags/example_complex.py
[2025-03-11T13:10:35.141+0000] {processor.py:914} INFO - Processing file /home/airflow/.local/lib/python3.12/site-packages/airflow/example_dags/example_complex.py for tasks to queue
[2025-03-11T13:10:35.144+0000] {logging_mixin.py:190} INFO - [2025-03-11T13:10:35.144+0000] {dagbag.py:588} INFO - Filling up the DagBag from /home/airflow/.local/lib/python3.12/site-packages/airflow/example_dags/example_complex.py
[2025-03-11T13:10:35.159+0000] {processor.py:925} INFO - DAG(s) 'example_complex' retrieved from /home/airflow/.local/lib/python3.12/site-packages/airflow/example_dags/example_complex.py
[2025-03-11T13:10:35.268+0000] {logging_mixin.py:190} INFO - [2025-03-11T13:10:35.267+0000] {override.py:1912} INFO - Created Permission View: can read on DAG:example_complex
[2025-03-11T13:10:35.278+0000] {logging_mixin.py:190} INFO - [2025-03-11T13:10:35.278+0000] {override.py:1912} INFO - Created Permission View: can edit on DAG:example_complex
[2025-03-11T13:10:35.284+0000] {logging_mixin.py:190} INFO - [2025-03-11T13:10:35.284+0000] {override.py:1912} INFO - Created Permission View: can delete on DAG:example_complex
[2025-03-11T13:10:35.289+0000] {logging_mixin.py:190} INFO - [2025-03-11T13:10:35.288+0000] {override.py:1912} INFO - Created Permission View: can read on DAG Run:example_complex
[2025-03-11T13:10:35.294+0000] {logging_mixin.py:190} INFO - [2025-03-11T13:10:35.293+0000] {override.py:1912} INFO - Created Permission View: can delete on DAG Run:example_complex
[2025-03-11T13:10:35.304+0000] {logging_mixin.py:190} INFO - [2025-03-11T13:10:35.303+0000] {override.py:1912} INFO - Created Permission View: can create on DAG Run:example_complex
[2025-03-11T13:10:35.312+0000] {logging_mixin.py:190} INFO - [2025-03-11T13:10:35.312+0000] {override.py:1912} INFO - Created Permission View: menu access on DAG Run:example_complex
[2025-03-11T13:10:35.313+0000] {logging_mixin.py:190} INFO - [2025-03-11T13:10:35.313+0000] {dag.py:3239} INFO - Sync 1 DAGs
[2025-03-11T13:10:35.330+0000] {logging_mixin.py:190} INFO - [2025-03-11T13:10:35.329+0000] {dag.py:3262} INFO - Creating ORM DAG for example_complex
[2025-03-11T13:10:35.333+0000] {logging_mixin.py:190} INFO - [2025-03-11T13:10:35.332+0000] {dag.py:4180} INFO - Setting next_dagrun for example_complex to None, run_after=None
[2025-03-11T13:10:35.350+0000] {processor.py:208} INFO - Processing /home/airflow/.local/lib/python3.12/site-packages/airflow/example_dags/example_complex.py took 0.215 seconds
[2025-03-11T13:11:05.609+0000] {processor.py:186} INFO - Started process (PID=133) to work on /home/airflow/.local/lib/python3.12/site-packages/airflow/example_dags/example_complex.py
[2025-03-11T13:11:05.610+0000] {processor.py:914} INFO - Processing file /home/airflow/.local/lib/python3.12/site-packages/airflow/example_dags/example_complex.py for tasks to queue
[2025-03-11T13:11:05.611+0000] {logging_mixin.py:190} INFO - [2025-03-11T13:11:05.611+0000] {dagbag.py:588} INFO - Filling up the DagBag from /home/airflow/.local/lib/python3.12/site-packages/airflow/example_dags/example_complex.py
[2025-03-11T13:11:05.619+0000] {processor.py:925} INFO - DAG(s) 'example_complex' retrieved from /home/airflow/.local/lib/python3.12/site-packages/airflow/example_dags/example_complex.py
[2025-03-11T13:11:05.638+0000] {logging_mixin.py:190} INFO - [2025-03-11T13:11:05.638+0000] {dag.py:3239} INFO - Sync 1 DAGs
[2025-03-11T13:11:05.654+0000] {logging_mixin.py:190} INFO - [2025-03-11T13:11:05.653+0000] {dag.py:4180} INFO - Setting next_dagrun for example_complex to None, run_after=None
[2025-03-11T13:11:05.679+0000] {processor.py:208} INFO - Processing /home/airflow/.local/lib/python3.12/site-packages/airflow/example_dags/example_complex.py took 0.074 seconds
[2025-03-11T13:11:35.954+0000] {processor.py:186} INFO - Started process (PID=196) to work on /home/airflow/.local/lib/python3.12/site-packages/airflow/example_dags/example_complex.py
[2025-03-11T13:11:35.955+0000] {processor.py:914} INFO - Processing file /home/airflow/.local/lib/python3.12/site-packages/airflow/example_dags/example_complex.py for tasks to queue
[2025-03-11T13:11:35.957+0000] {logging_mixin.py:190} INFO - [2025-03-11T13:11:35.957+0000] {dagbag.py:588} INFO - Filling up the DagBag from /home/airflow/.local/lib/python3.12/site-packages/airflow/example_dags/example_complex.py
[2025-03-11T13:11:35.964+0000] {processor.py:925} INFO - DAG(s) 'example_complex' retrieved from /home/airflow/.local/lib/python3.12/site-packages/airflow/example_dags/example_complex.py
[2025-03-11T13:11:35.985+0000] {logging_mixin.py:190} INFO - [2025-03-11T13:11:35.985+0000] {dag.py:3239} INFO - Sync 1 DAGs
[2025-03-11T13:11:35.993+0000] {logging_mixin.py:190} INFO - [2025-03-11T13:11:35.993+0000] {dag.py:4180} INFO - Setting next_dagrun for example_complex to None, run_after=None
[2025-03-11T13:11:36.005+0000] {processor.py:208} INFO - Processing /home/airflow/.local/lib/python3.12/site-packages/airflow/example_dags/example_complex.py took 0.055 seconds
[2025-03-11T13:12:06.762+0000] {processor.py:186} INFO - Started process (PID=258) to work on /home/airflow/.local/lib/python3.12/site-packages/airflow/example_dags/example_complex.py
[2025-03-11T13:12:06.763+0000] {processor.py:914} INFO - Processing file /home/airflow/.local/lib/python3.12/site-packages/airflow/example_dags/example_complex.py for tasks to queue
[2025-03-11T13:12:06.766+0000] {logging_mixin.py:190} INFO - [2025-03-11T13:12:06.765+0000] {dagbag.py:588} INFO - Filling up the DagBag from /home/airflow/.local/lib/python3.12/site-packages/airflow/example_dags/example_complex.py
[2025-03-11T13:12:06.772+0000] {processor.py:925} INFO - DAG(s) 'example_complex' retrieved from /home/airflow/.local/lib/python3.12/site-packages/airflow/example_dags/example_complex.py
[2025-03-11T13:12:06.788+0000] {logging_mixin.py:190} INFO - [2025-03-11T13:12:06.788+0000] {dag.py:3239} INFO - Sync 1 DAGs
[2025-03-11T13:12:06.795+0000] {logging_mixin.py:190} INFO - [2025-03-11T13:12:06.795+0000] {dag.py:4180} INFO - Setting next_dagrun for example_complex to None, run_after=None
[2025-03-11T13:12:06.809+0000] {processor.py:208} INFO - Processing /home/airflow/.local/lib/python3.12/site-packages/airflow/example_dags/example_complex.py took 0.050 seconds
[2025-03-11T13:12:38.153+0000] {processor.py:186} INFO - Started process (PID=321) to work on /home/airflow/.local/lib/python3.12/site-packages/airflow/example_dags/example_complex.py
[2025-03-11T13:12:38.154+0000] {processor.py:914} INFO - Processing file /home/airflow/.local/lib/python3.12/site-packages/airflow/example_dags/example_complex.py for tasks to queue
[2025-03-11T13:12:38.158+0000] {logging_mixin.py:190} INFO - [2025-03-11T13:12:38.157+0000] {dagbag.py:588} INFO - Filling up the DagBag from /home/airflow/.local/lib/python3.12/site-packages/airflow/example_dags/example_complex.py
[2025-03-11T13:12:38.181+0000] {processor.py:925} INFO - DAG(s) 'example_complex' retrieved from /home/airflow/.local/lib/python3.12/site-packages/airflow/example_dags/example_complex.py
[2025-03-11T13:12:38.238+0000] {logging_mixin.py:190} INFO - [2025-03-11T13:12:38.238+0000] {dag.py:3239} INFO - Sync 1 DAGs
[2025-03-11T13:12:38.258+0000] {logging_mixin.py:190} INFO - [2025-03-11T13:12:38.258+0000] {dag.py:4180} INFO - Setting next_dagrun for example_complex to None, run_after=None
[2025-03-11T13:12:38.301+0000] {processor.py:208} INFO - Processing /home/airflow/.local/lib/python3.12/site-packages/airflow/example_dags/example_complex.py took 0.156 seconds
