[2025-03-11T13:10:38.204+0000] {processor.py:186} INFO - Started process (PID=88) to work on /home/airflow/.local/lib/python3.12/site-packages/airflow/example_dags/example_time_delta_sensor_async.py
[2025-03-11T13:10:38.205+0000] {processor.py:914} INFO - Processing file /home/airflow/.local/lib/python3.12/site-packages/airflow/example_dags/example_time_delta_sensor_async.py for tasks to queue
[2025-03-11T13:10:38.208+0000] {logging_mixin.py:190} INFO - [2025-03-11T13:10:38.207+0000] {dagbag.py:588} INFO - Filling up the DagBag from /home/airflow/.local/lib/python3.12/site-packages/airflow/example_dags/example_time_delta_sensor_async.py
[2025-03-11T13:10:38.212+0000] {processor.py:925} INFO - DAG(s) 'example_time_delta_sensor_async' retrieved from /home/airflow/.local/lib/python3.12/site-packages/airflow/example_dags/example_time_delta_sensor_async.py
[2025-03-11T13:10:38.280+0000] {logging_mixin.py:190} INFO - [2025-03-11T13:10:38.280+0000] {override.py:1912} INFO - Created Permission View: can read on DAG:example_time_delta_sensor_async
[2025-03-11T13:10:38.291+0000] {logging_mixin.py:190} INFO - [2025-03-11T13:10:38.291+0000] {override.py:1912} INFO - Created Permission View: can edit on DAG:example_time_delta_sensor_async
[2025-03-11T13:10:38.294+0000] {logging_mixin.py:190} INFO - [2025-03-11T13:10:38.294+0000] {override.py:1912} INFO - Created Permission View: can delete on DAG:example_time_delta_sensor_async
[2025-03-11T13:10:38.297+0000] {logging_mixin.py:190} INFO - [2025-03-11T13:10:38.297+0000] {override.py:1912} INFO - Created Permission View: can read on DAG Run:example_time_delta_sensor_async
[2025-03-11T13:10:38.301+0000] {logging_mixin.py:190} INFO - [2025-03-11T13:10:38.300+0000] {override.py:1912} INFO - Created Permission View: can delete on DAG Run:example_time_delta_sensor_async
[2025-03-11T13:10:38.304+0000] {logging_mixin.py:190} INFO - [2025-03-11T13:10:38.304+0000] {override.py:1912} INFO - Created Permission View: can create on DAG Run:example_time_delta_sensor_async
[2025-03-11T13:10:38.309+0000] {logging_mixin.py:190} INFO - [2025-03-11T13:10:38.309+0000] {override.py:1912} INFO - Created Permission View: menu access on DAG Run:example_time_delta_sensor_async
[2025-03-11T13:10:38.309+0000] {logging_mixin.py:190} INFO - [2025-03-11T13:10:38.309+0000] {dag.py:3239} INFO - Sync 1 DAGs
[2025-03-11T13:10:38.316+0000] {logging_mixin.py:190} INFO - [2025-03-11T13:10:38.316+0000] {dag.py:3262} INFO - Creating ORM DAG for example_time_delta_sensor_async
[2025-03-11T13:10:38.317+0000] {logging_mixin.py:190} INFO - [2025-03-11T13:10:38.317+0000] {dag.py:4180} INFO - Setting next_dagrun for example_time_delta_sensor_async to None, run_after=None
[2025-03-11T13:10:38.327+0000] {processor.py:208} INFO - Processing /home/airflow/.local/lib/python3.12/site-packages/airflow/example_dags/example_time_delta_sensor_async.py took 0.126 seconds
[2025-03-11T13:11:09.241+0000] {processor.py:186} INFO - Started process (PID=151) to work on /home/airflow/.local/lib/python3.12/site-packages/airflow/example_dags/example_time_delta_sensor_async.py
[2025-03-11T13:11:09.242+0000] {processor.py:914} INFO - Processing file /home/airflow/.local/lib/python3.12/site-packages/airflow/example_dags/example_time_delta_sensor_async.py for tasks to queue
[2025-03-11T13:11:09.243+0000] {logging_mixin.py:190} INFO - [2025-03-11T13:11:09.243+0000] {dagbag.py:588} INFO - Filling up the DagBag from /home/airflow/.local/lib/python3.12/site-packages/airflow/example_dags/example_time_delta_sensor_async.py
[2025-03-11T13:11:09.247+0000] {processor.py:925} INFO - DAG(s) 'example_time_delta_sensor_async' retrieved from /home/airflow/.local/lib/python3.12/site-packages/airflow/example_dags/example_time_delta_sensor_async.py
[2025-03-11T13:11:09.257+0000] {logging_mixin.py:190} INFO - [2025-03-11T13:11:09.257+0000] {dag.py:3239} INFO - Sync 1 DAGs
[2025-03-11T13:11:09.264+0000] {logging_mixin.py:190} INFO - [2025-03-11T13:11:09.264+0000] {dag.py:4180} INFO - Setting next_dagrun for example_time_delta_sensor_async to None, run_after=None
[2025-03-11T13:11:09.272+0000] {processor.py:208} INFO - Processing /home/airflow/.local/lib/python3.12/site-packages/airflow/example_dags/example_time_delta_sensor_async.py took 0.034 seconds
[2025-03-11T13:11:39.996+0000] {processor.py:186} INFO - Started process (PID=214) to work on /home/airflow/.local/lib/python3.12/site-packages/airflow/example_dags/example_time_delta_sensor_async.py
[2025-03-11T13:11:39.997+0000] {processor.py:914} INFO - Processing file /home/airflow/.local/lib/python3.12/site-packages/airflow/example_dags/example_time_delta_sensor_async.py for tasks to queue
[2025-03-11T13:11:39.999+0000] {logging_mixin.py:190} INFO - [2025-03-11T13:11:39.999+0000] {dagbag.py:588} INFO - Filling up the DagBag from /home/airflow/.local/lib/python3.12/site-packages/airflow/example_dags/example_time_delta_sensor_async.py
[2025-03-11T13:11:40.005+0000] {processor.py:925} INFO - DAG(s) 'example_time_delta_sensor_async' retrieved from /home/airflow/.local/lib/python3.12/site-packages/airflow/example_dags/example_time_delta_sensor_async.py
[2025-03-11T13:11:40.025+0000] {logging_mixin.py:190} INFO - [2025-03-11T13:11:40.025+0000] {dag.py:3239} INFO - Sync 1 DAGs
[2025-03-11T13:11:40.041+0000] {logging_mixin.py:190} INFO - [2025-03-11T13:11:40.041+0000] {dag.py:4180} INFO - Setting next_dagrun for example_time_delta_sensor_async to None, run_after=None
[2025-03-11T13:11:40.061+0000] {processor.py:208} INFO - Processing /home/airflow/.local/lib/python3.12/site-packages/airflow/example_dags/example_time_delta_sensor_async.py took 0.069 seconds
[2025-03-11T13:12:10.841+0000] {processor.py:186} INFO - Started process (PID=277) to work on /home/airflow/.local/lib/python3.12/site-packages/airflow/example_dags/example_time_delta_sensor_async.py
[2025-03-11T13:12:10.842+0000] {processor.py:914} INFO - Processing file /home/airflow/.local/lib/python3.12/site-packages/airflow/example_dags/example_time_delta_sensor_async.py for tasks to queue
[2025-03-11T13:12:10.843+0000] {logging_mixin.py:190} INFO - [2025-03-11T13:12:10.843+0000] {dagbag.py:588} INFO - Filling up the DagBag from /home/airflow/.local/lib/python3.12/site-packages/airflow/example_dags/example_time_delta_sensor_async.py
[2025-03-11T13:12:10.847+0000] {processor.py:925} INFO - DAG(s) 'example_time_delta_sensor_async' retrieved from /home/airflow/.local/lib/python3.12/site-packages/airflow/example_dags/example_time_delta_sensor_async.py
[2025-03-11T13:12:10.858+0000] {logging_mixin.py:190} INFO - [2025-03-11T13:12:10.857+0000] {dag.py:3239} INFO - Sync 1 DAGs
[2025-03-11T13:12:10.865+0000] {logging_mixin.py:190} INFO - [2025-03-11T13:12:10.865+0000] {dag.py:4180} INFO - Setting next_dagrun for example_time_delta_sensor_async to None, run_after=None
[2025-03-11T13:12:10.873+0000] {processor.py:208} INFO - Processing /home/airflow/.local/lib/python3.12/site-packages/airflow/example_dags/example_time_delta_sensor_async.py took 0.035 seconds
[2025-03-11T13:12:41.041+0000] {processor.py:186} INFO - Started process (PID=339) to work on /home/airflow/.local/lib/python3.12/site-packages/airflow/example_dags/example_time_delta_sensor_async.py
[2025-03-11T13:12:41.041+0000] {processor.py:914} INFO - Processing file /home/airflow/.local/lib/python3.12/site-packages/airflow/example_dags/example_time_delta_sensor_async.py for tasks to queue
[2025-03-11T13:12:41.043+0000] {logging_mixin.py:190} INFO - [2025-03-11T13:12:41.042+0000] {dagbag.py:588} INFO - Filling up the DagBag from /home/airflow/.local/lib/python3.12/site-packages/airflow/example_dags/example_time_delta_sensor_async.py
[2025-03-11T13:12:41.046+0000] {processor.py:925} INFO - DAG(s) 'example_time_delta_sensor_async' retrieved from /home/airflow/.local/lib/python3.12/site-packages/airflow/example_dags/example_time_delta_sensor_async.py
[2025-03-11T13:12:41.057+0000] {logging_mixin.py:190} INFO - [2025-03-11T13:12:41.057+0000] {dag.py:3239} INFO - Sync 1 DAGs
[2025-03-11T13:12:41.064+0000] {logging_mixin.py:190} INFO - [2025-03-11T13:12:41.064+0000] {dag.py:4180} INFO - Setting next_dagrun for example_time_delta_sensor_async to None, run_after=None
[2025-03-11T13:12:41.081+0000] {processor.py:208} INFO - Processing /home/airflow/.local/lib/python3.12/site-packages/airflow/example_dags/example_time_delta_sensor_async.py took 0.045 seconds
