[2025-03-11T13:10:34.105+0000] {processor.py:186} INFO - Started process (PID=64) to work on /home/airflow/.local/lib/python3.12/site-packages/airflow/example_dags/example_short_circuit_operator.py
[2025-03-11T13:10:34.108+0000] {processor.py:914} INFO - Processing file /home/airflow/.local/lib/python3.12/site-packages/airflow/example_dags/example_short_circuit_operator.py for tasks to queue
[2025-03-11T13:10:34.110+0000] {logging_mixin.py:190} INFO - [2025-03-11T13:10:34.110+0000] {dagbag.py:588} INFO - Filling up the DagBag from /home/airflow/.local/lib/python3.12/site-packages/airflow/example_dags/example_short_circuit_operator.py
[2025-03-11T13:10:34.121+0000] {processor.py:925} INFO - DAG(s) 'example_short_circuit_operator' retrieved from /home/airflow/.local/lib/python3.12/site-packages/airflow/example_dags/example_short_circuit_operator.py
[2025-03-11T13:10:34.195+0000] {logging_mixin.py:190} INFO - [2025-03-11T13:10:34.195+0000] {override.py:1912} INFO - Created Permission View: can read on DAG:example_short_circuit_operator
[2025-03-11T13:10:34.203+0000] {logging_mixin.py:190} INFO - [2025-03-11T13:10:34.203+0000] {override.py:1912} INFO - Created Permission View: can edit on DAG:example_short_circuit_operator
[2025-03-11T13:10:34.208+0000] {logging_mixin.py:190} INFO - [2025-03-11T13:10:34.208+0000] {override.py:1912} INFO - Created Permission View: can delete on DAG:example_short_circuit_operator
[2025-03-11T13:10:34.212+0000] {logging_mixin.py:190} INFO - [2025-03-11T13:10:34.211+0000] {override.py:1912} INFO - Created Permission View: can read on DAG Run:example_short_circuit_operator
[2025-03-11T13:10:34.215+0000] {logging_mixin.py:190} INFO - [2025-03-11T13:10:34.214+0000] {override.py:1912} INFO - Created Permission View: can delete on DAG Run:example_short_circuit_operator
[2025-03-11T13:10:34.219+0000] {logging_mixin.py:190} INFO - [2025-03-11T13:10:34.219+0000] {override.py:1912} INFO - Created Permission View: can create on DAG Run:example_short_circuit_operator
[2025-03-11T13:10:34.224+0000] {logging_mixin.py:190} INFO - [2025-03-11T13:10:34.224+0000] {override.py:1912} INFO - Created Permission View: menu access on DAG Run:example_short_circuit_operator
[2025-03-11T13:10:34.224+0000] {logging_mixin.py:190} INFO - [2025-03-11T13:10:34.224+0000] {dag.py:3239} INFO - Sync 1 DAGs
[2025-03-11T13:10:34.231+0000] {logging_mixin.py:190} INFO - [2025-03-11T13:10:34.231+0000] {dag.py:3262} INFO - Creating ORM DAG for example_short_circuit_operator
[2025-03-11T13:10:34.233+0000] {logging_mixin.py:190} INFO - [2025-03-11T13:10:34.232+0000] {dag.py:4180} INFO - Setting next_dagrun for example_short_circuit_operator to None, run_after=None
[2025-03-11T13:10:34.245+0000] {processor.py:208} INFO - Processing /home/airflow/.local/lib/python3.12/site-packages/airflow/example_dags/example_short_circuit_operator.py took 0.146 seconds
[2025-03-11T13:11:04.943+0000] {processor.py:186} INFO - Started process (PID=126) to work on /home/airflow/.local/lib/python3.12/site-packages/airflow/example_dags/example_short_circuit_operator.py
[2025-03-11T13:11:04.943+0000] {processor.py:914} INFO - Processing file /home/airflow/.local/lib/python3.12/site-packages/airflow/example_dags/example_short_circuit_operator.py for tasks to queue
[2025-03-11T13:11:04.945+0000] {logging_mixin.py:190} INFO - [2025-03-11T13:11:04.945+0000] {dagbag.py:588} INFO - Filling up the DagBag from /home/airflow/.local/lib/python3.12/site-packages/airflow/example_dags/example_short_circuit_operator.py
[2025-03-11T13:11:04.951+0000] {processor.py:925} INFO - DAG(s) 'example_short_circuit_operator' retrieved from /home/airflow/.local/lib/python3.12/site-packages/airflow/example_dags/example_short_circuit_operator.py
[2025-03-11T13:11:04.965+0000] {logging_mixin.py:190} INFO - [2025-03-11T13:11:04.964+0000] {dag.py:3239} INFO - Sync 1 DAGs
[2025-03-11T13:11:04.974+0000] {logging_mixin.py:190} INFO - [2025-03-11T13:11:04.974+0000] {dag.py:4180} INFO - Setting next_dagrun for example_short_circuit_operator to None, run_after=None
[2025-03-11T13:11:04.986+0000] {processor.py:208} INFO - Processing /home/airflow/.local/lib/python3.12/site-packages/airflow/example_dags/example_short_circuit_operator.py took 0.047 seconds
[2025-03-11T13:11:35.591+0000] {processor.py:186} INFO - Started process (PID=189) to work on /home/airflow/.local/lib/python3.12/site-packages/airflow/example_dags/example_short_circuit_operator.py
[2025-03-11T13:11:35.592+0000] {processor.py:914} INFO - Processing file /home/airflow/.local/lib/python3.12/site-packages/airflow/example_dags/example_short_circuit_operator.py for tasks to queue
[2025-03-11T13:11:35.594+0000] {logging_mixin.py:190} INFO - [2025-03-11T13:11:35.594+0000] {dagbag.py:588} INFO - Filling up the DagBag from /home/airflow/.local/lib/python3.12/site-packages/airflow/example_dags/example_short_circuit_operator.py
[2025-03-11T13:11:35.600+0000] {processor.py:925} INFO - DAG(s) 'example_short_circuit_operator' retrieved from /home/airflow/.local/lib/python3.12/site-packages/airflow/example_dags/example_short_circuit_operator.py
[2025-03-11T13:11:35.621+0000] {logging_mixin.py:190} INFO - [2025-03-11T13:11:35.621+0000] {dag.py:3239} INFO - Sync 1 DAGs
[2025-03-11T13:11:35.630+0000] {logging_mixin.py:190} INFO - [2025-03-11T13:11:35.629+0000] {dag.py:4180} INFO - Setting next_dagrun for example_short_circuit_operator to None, run_after=None
[2025-03-11T13:11:35.640+0000] {processor.py:208} INFO - Processing /home/airflow/.local/lib/python3.12/site-packages/airflow/example_dags/example_short_circuit_operator.py took 0.054 seconds
[2025-03-11T13:12:06.514+0000] {processor.py:186} INFO - Started process (PID=252) to work on /home/airflow/.local/lib/python3.12/site-packages/airflow/example_dags/example_short_circuit_operator.py
[2025-03-11T13:12:06.514+0000] {processor.py:914} INFO - Processing file /home/airflow/.local/lib/python3.12/site-packages/airflow/example_dags/example_short_circuit_operator.py for tasks to queue
[2025-03-11T13:12:06.516+0000] {logging_mixin.py:190} INFO - [2025-03-11T13:12:06.516+0000] {dagbag.py:588} INFO - Filling up the DagBag from /home/airflow/.local/lib/python3.12/site-packages/airflow/example_dags/example_short_circuit_operator.py
[2025-03-11T13:12:06.520+0000] {processor.py:925} INFO - DAG(s) 'example_short_circuit_operator' retrieved from /home/airflow/.local/lib/python3.12/site-packages/airflow/example_dags/example_short_circuit_operator.py
[2025-03-11T13:12:06.536+0000] {logging_mixin.py:190} INFO - [2025-03-11T13:12:06.536+0000] {dag.py:3239} INFO - Sync 1 DAGs
[2025-03-11T13:12:06.544+0000] {logging_mixin.py:190} INFO - [2025-03-11T13:12:06.544+0000] {dag.py:4180} INFO - Setting next_dagrun for example_short_circuit_operator to None, run_after=None
[2025-03-11T13:12:06.553+0000] {processor.py:208} INFO - Processing /home/airflow/.local/lib/python3.12/site-packages/airflow/example_dags/example_short_circuit_operator.py took 0.043 seconds
[2025-03-11T13:12:37.349+0000] {processor.py:186} INFO - Started process (PID=315) to work on /home/airflow/.local/lib/python3.12/site-packages/airflow/example_dags/example_short_circuit_operator.py
[2025-03-11T13:12:37.355+0000] {processor.py:914} INFO - Processing file /home/airflow/.local/lib/python3.12/site-packages/airflow/example_dags/example_short_circuit_operator.py for tasks to queue
[2025-03-11T13:12:37.366+0000] {logging_mixin.py:190} INFO - [2025-03-11T13:12:37.365+0000] {dagbag.py:588} INFO - Filling up the DagBag from /home/airflow/.local/lib/python3.12/site-packages/airflow/example_dags/example_short_circuit_operator.py
[2025-03-11T13:12:37.389+0000] {processor.py:925} INFO - DAG(s) 'example_short_circuit_operator' retrieved from /home/airflow/.local/lib/python3.12/site-packages/airflow/example_dags/example_short_circuit_operator.py
[2025-03-11T13:12:37.431+0000] {logging_mixin.py:190} INFO - [2025-03-11T13:12:37.431+0000] {dag.py:3239} INFO - Sync 1 DAGs
[2025-03-11T13:12:37.463+0000] {logging_mixin.py:190} INFO - [2025-03-11T13:12:37.462+0000] {dag.py:4180} INFO - Setting next_dagrun for example_short_circuit_operator to None, run_after=None
[2025-03-11T13:12:37.534+0000] {processor.py:208} INFO - Processing /home/airflow/.local/lib/python3.12/site-packages/airflow/example_dags/example_short_circuit_operator.py took 0.204 seconds
