[2025-03-11T13:10:32.441+0000] {processor.py:186} INFO - Started process (PID=52) to work on /home/airflow/.local/lib/python3.12/site-packages/airflow/example_dags/example_local_kubernetes_executor.py
[2025-03-11T13:10:32.443+0000] {processor.py:914} INFO - Processing file /home/airflow/.local/lib/python3.12/site-packages/airflow/example_dags/example_local_kubernetes_executor.py for tasks to queue
[2025-03-11T13:10:32.445+0000] {logging_mixin.py:190} INFO - [2025-03-11T13:10:32.445+0000] {dagbag.py:588} INFO - Filling up the DagBag from /home/airflow/.local/lib/python3.12/site-packages/airflow/example_dags/example_local_kubernetes_executor.py
[2025-03-11T13:10:32.454+0000] {processor.py:925} INFO - DAG(s) 'example_local_kubernetes_executor' retrieved from /home/airflow/.local/lib/python3.12/site-packages/airflow/example_dags/example_local_kubernetes_executor.py
[2025-03-11T13:10:32.643+0000] {logging_mixin.py:190} INFO - [2025-03-11T13:10:32.642+0000] {override.py:1912} INFO - Created Permission View: can read on DAG:example_local_kubernetes_executor
[2025-03-11T13:10:32.652+0000] {logging_mixin.py:190} INFO - [2025-03-11T13:10:32.652+0000] {override.py:1912} INFO - Created Permission View: can edit on DAG:example_local_kubernetes_executor
[2025-03-11T13:10:32.661+0000] {logging_mixin.py:190} INFO - [2025-03-11T13:10:32.661+0000] {override.py:1912} INFO - Created Permission View: can delete on DAG:example_local_kubernetes_executor
[2025-03-11T13:10:32.677+0000] {logging_mixin.py:190} INFO - [2025-03-11T13:10:32.676+0000] {override.py:1912} INFO - Created Permission View: can read on DAG Run:example_local_kubernetes_executor
[2025-03-11T13:10:32.687+0000] {logging_mixin.py:190} INFO - [2025-03-11T13:10:32.687+0000] {override.py:1912} INFO - Created Permission View: can delete on DAG Run:example_local_kubernetes_executor
[2025-03-11T13:10:32.695+0000] {logging_mixin.py:190} INFO - [2025-03-11T13:10:32.695+0000] {override.py:1912} INFO - Created Permission View: can create on DAG Run:example_local_kubernetes_executor
[2025-03-11T13:10:32.702+0000] {logging_mixin.py:190} INFO - [2025-03-11T13:10:32.702+0000] {override.py:1912} INFO - Created Permission View: menu access on DAG Run:example_local_kubernetes_executor
[2025-03-11T13:10:32.703+0000] {logging_mixin.py:190} INFO - [2025-03-11T13:10:32.703+0000] {dag.py:3239} INFO - Sync 1 DAGs
[2025-03-11T13:10:32.718+0000] {logging_mixin.py:190} INFO - [2025-03-11T13:10:32.718+0000] {dag.py:3262} INFO - Creating ORM DAG for example_local_kubernetes_executor
[2025-03-11T13:10:32.719+0000] {logging_mixin.py:190} INFO - [2025-03-11T13:10:32.719+0000] {dag.py:4180} INFO - Setting next_dagrun for example_local_kubernetes_executor to None, run_after=None
[2025-03-11T13:10:32.740+0000] {processor.py:208} INFO - Processing /home/airflow/.local/lib/python3.12/site-packages/airflow/example_dags/example_local_kubernetes_executor.py took 0.306 seconds
[2025-03-11T13:11:03.526+0000] {processor.py:186} INFO - Started process (PID=115) to work on /home/airflow/.local/lib/python3.12/site-packages/airflow/example_dags/example_local_kubernetes_executor.py
[2025-03-11T13:11:03.528+0000] {processor.py:914} INFO - Processing file /home/airflow/.local/lib/python3.12/site-packages/airflow/example_dags/example_local_kubernetes_executor.py for tasks to queue
[2025-03-11T13:11:03.531+0000] {logging_mixin.py:190} INFO - [2025-03-11T13:11:03.530+0000] {dagbag.py:588} INFO - Filling up the DagBag from /home/airflow/.local/lib/python3.12/site-packages/airflow/example_dags/example_local_kubernetes_executor.py
[2025-03-11T13:11:03.543+0000] {processor.py:925} INFO - DAG(s) 'example_local_kubernetes_executor' retrieved from /home/airflow/.local/lib/python3.12/site-packages/airflow/example_dags/example_local_kubernetes_executor.py
[2025-03-11T13:11:03.565+0000] {logging_mixin.py:190} INFO - [2025-03-11T13:11:03.564+0000] {dag.py:3239} INFO - Sync 1 DAGs
[2025-03-11T13:11:03.576+0000] {logging_mixin.py:190} INFO - [2025-03-11T13:11:03.576+0000] {dag.py:4180} INFO - Setting next_dagrun for example_local_kubernetes_executor to None, run_after=None
[2025-03-11T13:11:03.594+0000] {processor.py:208} INFO - Processing /home/airflow/.local/lib/python3.12/site-packages/airflow/example_dags/example_local_kubernetes_executor.py took 0.074 seconds
[2025-03-11T13:11:34.185+0000] {processor.py:186} INFO - Started process (PID=178) to work on /home/airflow/.local/lib/python3.12/site-packages/airflow/example_dags/example_local_kubernetes_executor.py
[2025-03-11T13:11:34.187+0000] {processor.py:914} INFO - Processing file /home/airflow/.local/lib/python3.12/site-packages/airflow/example_dags/example_local_kubernetes_executor.py for tasks to queue
[2025-03-11T13:11:34.190+0000] {logging_mixin.py:190} INFO - [2025-03-11T13:11:34.189+0000] {dagbag.py:588} INFO - Filling up the DagBag from /home/airflow/.local/lib/python3.12/site-packages/airflow/example_dags/example_local_kubernetes_executor.py
[2025-03-11T13:11:34.200+0000] {processor.py:925} INFO - DAG(s) 'example_local_kubernetes_executor' retrieved from /home/airflow/.local/lib/python3.12/site-packages/airflow/example_dags/example_local_kubernetes_executor.py
[2025-03-11T13:11:34.224+0000] {logging_mixin.py:190} INFO - [2025-03-11T13:11:34.223+0000] {dag.py:3239} INFO - Sync 1 DAGs
[2025-03-11T13:11:34.234+0000] {logging_mixin.py:190} INFO - [2025-03-11T13:11:34.233+0000] {dag.py:4180} INFO - Setting next_dagrun for example_local_kubernetes_executor to None, run_after=None
[2025-03-11T13:11:34.249+0000] {processor.py:208} INFO - Processing /home/airflow/.local/lib/python3.12/site-packages/airflow/example_dags/example_local_kubernetes_executor.py took 0.072 seconds
[2025-03-11T13:12:05.122+0000] {processor.py:186} INFO - Started process (PID=241) to work on /home/airflow/.local/lib/python3.12/site-packages/airflow/example_dags/example_local_kubernetes_executor.py
[2025-03-11T13:12:05.125+0000] {processor.py:914} INFO - Processing file /home/airflow/.local/lib/python3.12/site-packages/airflow/example_dags/example_local_kubernetes_executor.py for tasks to queue
[2025-03-11T13:12:05.130+0000] {logging_mixin.py:190} INFO - [2025-03-11T13:12:05.130+0000] {dagbag.py:588} INFO - Filling up the DagBag from /home/airflow/.local/lib/python3.12/site-packages/airflow/example_dags/example_local_kubernetes_executor.py
[2025-03-11T13:12:05.142+0000] {processor.py:925} INFO - DAG(s) 'example_local_kubernetes_executor' retrieved from /home/airflow/.local/lib/python3.12/site-packages/airflow/example_dags/example_local_kubernetes_executor.py
[2025-03-11T13:12:05.166+0000] {logging_mixin.py:190} INFO - [2025-03-11T13:12:05.165+0000] {dag.py:3239} INFO - Sync 1 DAGs
[2025-03-11T13:12:05.176+0000] {logging_mixin.py:190} INFO - [2025-03-11T13:12:05.176+0000] {dag.py:4180} INFO - Setting next_dagrun for example_local_kubernetes_executor to None, run_after=None
[2025-03-11T13:12:05.190+0000] {processor.py:208} INFO - Processing /home/airflow/.local/lib/python3.12/site-packages/airflow/example_dags/example_local_kubernetes_executor.py took 0.081 seconds
[2025-03-11T13:12:36.029+0000] {processor.py:186} INFO - Started process (PID=304) to work on /home/airflow/.local/lib/python3.12/site-packages/airflow/example_dags/example_local_kubernetes_executor.py
[2025-03-11T13:12:36.031+0000] {processor.py:914} INFO - Processing file /home/airflow/.local/lib/python3.12/site-packages/airflow/example_dags/example_local_kubernetes_executor.py for tasks to queue
[2025-03-11T13:12:36.038+0000] {logging_mixin.py:190} INFO - [2025-03-11T13:12:36.037+0000] {dagbag.py:588} INFO - Filling up the DagBag from /home/airflow/.local/lib/python3.12/site-packages/airflow/example_dags/example_local_kubernetes_executor.py
[2025-03-11T13:12:36.058+0000] {processor.py:925} INFO - DAG(s) 'example_local_kubernetes_executor' retrieved from /home/airflow/.local/lib/python3.12/site-packages/airflow/example_dags/example_local_kubernetes_executor.py
[2025-03-11T13:12:36.102+0000] {logging_mixin.py:190} INFO - [2025-03-11T13:12:36.101+0000] {dag.py:3239} INFO - Sync 1 DAGs
[2025-03-11T13:12:36.130+0000] {logging_mixin.py:190} INFO - [2025-03-11T13:12:36.129+0000] {dag.py:4180} INFO - Setting next_dagrun for example_local_kubernetes_executor to None, run_after=None
[2025-03-11T13:12:36.148+0000] {processor.py:208} INFO - Processing /home/airflow/.local/lib/python3.12/site-packages/airflow/example_dags/example_local_kubernetes_executor.py took 0.135 seconds
