[2025-03-11T13:10:38.818+0000] {processor.py:186} INFO - Started process (PID=97) to work on /home/airflow/.local/lib/python3.12/site-packages/airflow/example_dags/example_branch_datetime_operator.py
[2025-03-11T13:10:38.819+0000] {processor.py:914} INFO - Processing file /home/airflow/.local/lib/python3.12/site-packages/airflow/example_dags/example_branch_datetime_operator.py for tasks to queue
[2025-03-11T13:10:38.820+0000] {logging_mixin.py:190} INFO - [2025-03-11T13:10:38.820+0000] {dagbag.py:588} INFO - Filling up the DagBag from /home/airflow/.local/lib/python3.12/site-packages/airflow/example_dags/example_branch_datetime_operator.py
[2025-03-11T13:10:38.828+0000] {processor.py:925} INFO - DAG(s) 'example_branch_datetime_operator_3', 'example_branch_datetime_operator_2', 'example_branch_datetime_operator' retrieved from /home/airflow/.local/lib/python3.12/site-packages/airflow/example_dags/example_branch_datetime_operator.py
[2025-03-11T13:10:38.877+0000] {logging_mixin.py:190} INFO - [2025-03-11T13:10:38.876+0000] {override.py:1912} INFO - Created Permission View: can read on DAG:example_branch_datetime_operator_3
[2025-03-11T13:10:38.883+0000] {logging_mixin.py:190} INFO - [2025-03-11T13:10:38.883+0000] {override.py:1912} INFO - Created Permission View: can edit on DAG:example_branch_datetime_operator_3
[2025-03-11T13:10:38.886+0000] {logging_mixin.py:190} INFO - [2025-03-11T13:10:38.885+0000] {override.py:1912} INFO - Created Permission View: can delete on DAG:example_branch_datetime_operator_3
[2025-03-11T13:10:38.889+0000] {logging_mixin.py:190} INFO - [2025-03-11T13:10:38.889+0000] {override.py:1912} INFO - Created Permission View: can read on DAG Run:example_branch_datetime_operator_3
[2025-03-11T13:10:38.892+0000] {logging_mixin.py:190} INFO - [2025-03-11T13:10:38.892+0000] {override.py:1912} INFO - Created Permission View: can delete on DAG Run:example_branch_datetime_operator_3
[2025-03-11T13:10:38.895+0000] {logging_mixin.py:190} INFO - [2025-03-11T13:10:38.895+0000] {override.py:1912} INFO - Created Permission View: can create on DAG Run:example_branch_datetime_operator_3
[2025-03-11T13:10:38.900+0000] {logging_mixin.py:190} INFO - [2025-03-11T13:10:38.900+0000] {override.py:1912} INFO - Created Permission View: menu access on DAG Run:example_branch_datetime_operator_3
[2025-03-11T13:10:38.909+0000] {logging_mixin.py:190} INFO - [2025-03-11T13:10:38.909+0000] {override.py:1912} INFO - Created Permission View: can read on DAG:example_branch_datetime_operator_2
[2025-03-11T13:10:38.913+0000] {logging_mixin.py:190} INFO - [2025-03-11T13:10:38.912+0000] {override.py:1912} INFO - Created Permission View: can edit on DAG:example_branch_datetime_operator_2
[2025-03-11T13:10:38.916+0000] {logging_mixin.py:190} INFO - [2025-03-11T13:10:38.916+0000] {override.py:1912} INFO - Created Permission View: can delete on DAG:example_branch_datetime_operator_2
[2025-03-11T13:10:38.919+0000] {logging_mixin.py:190} INFO - [2025-03-11T13:10:38.919+0000] {override.py:1912} INFO - Created Permission View: can read on DAG Run:example_branch_datetime_operator_2
[2025-03-11T13:10:38.922+0000] {logging_mixin.py:190} INFO - [2025-03-11T13:10:38.922+0000] {override.py:1912} INFO - Created Permission View: can delete on DAG Run:example_branch_datetime_operator_2
[2025-03-11T13:10:38.926+0000] {logging_mixin.py:190} INFO - [2025-03-11T13:10:38.926+0000] {override.py:1912} INFO - Created Permission View: can create on DAG Run:example_branch_datetime_operator_2
[2025-03-11T13:10:38.929+0000] {logging_mixin.py:190} INFO - [2025-03-11T13:10:38.929+0000] {override.py:1912} INFO - Created Permission View: menu access on DAG Run:example_branch_datetime_operator_2
[2025-03-11T13:10:38.934+0000] {logging_mixin.py:190} INFO - [2025-03-11T13:10:38.934+0000] {override.py:1912} INFO - Created Permission View: can read on DAG:example_branch_datetime_operator
[2025-03-11T13:10:38.936+0000] {logging_mixin.py:190} INFO - [2025-03-11T13:10:38.936+0000] {override.py:1912} INFO - Created Permission View: can edit on DAG:example_branch_datetime_operator
[2025-03-11T13:10:38.939+0000] {logging_mixin.py:190} INFO - [2025-03-11T13:10:38.939+0000] {override.py:1912} INFO - Created Permission View: can delete on DAG:example_branch_datetime_operator
[2025-03-11T13:10:38.942+0000] {logging_mixin.py:190} INFO - [2025-03-11T13:10:38.942+0000] {override.py:1912} INFO - Created Permission View: can read on DAG Run:example_branch_datetime_operator
[2025-03-11T13:10:38.944+0000] {logging_mixin.py:190} INFO - [2025-03-11T13:10:38.944+0000] {override.py:1912} INFO - Created Permission View: can delete on DAG Run:example_branch_datetime_operator
[2025-03-11T13:10:38.947+0000] {logging_mixin.py:190} INFO - [2025-03-11T13:10:38.947+0000] {override.py:1912} INFO - Created Permission View: can create on DAG Run:example_branch_datetime_operator
[2025-03-11T13:10:38.949+0000] {logging_mixin.py:190} INFO - [2025-03-11T13:10:38.949+0000] {override.py:1912} INFO - Created Permission View: menu access on DAG Run:example_branch_datetime_operator
[2025-03-11T13:10:38.949+0000] {logging_mixin.py:190} INFO - [2025-03-11T13:10:38.949+0000] {dag.py:3239} INFO - Sync 3 DAGs
[2025-03-11T13:10:38.956+0000] {logging_mixin.py:190} INFO - [2025-03-11T13:10:38.956+0000] {dag.py:3262} INFO - Creating ORM DAG for example_branch_datetime_operator_2
[2025-03-11T13:10:38.956+0000] {logging_mixin.py:190} INFO - [2025-03-11T13:10:38.956+0000] {dag.py:3262} INFO - Creating ORM DAG for example_branch_datetime_operator_3
[2025-03-11T13:10:38.957+0000] {logging_mixin.py:190} INFO - [2025-03-11T13:10:38.956+0000] {dag.py:3262} INFO - Creating ORM DAG for example_branch_datetime_operator
[2025-03-11T13:10:38.962+0000] {logging_mixin.py:190} INFO - [2025-03-11T13:10:38.962+0000] {dag.py:4180} INFO - Setting next_dagrun for example_branch_datetime_operator to 2025-03-10 00:00:00+00:00, run_after=2025-03-11 00:00:00+00:00
[2025-03-11T13:10:38.963+0000] {logging_mixin.py:190} INFO - [2025-03-11T13:10:38.963+0000] {dag.py:4180} INFO - Setting next_dagrun for example_branch_datetime_operator_2 to 2025-03-10 00:00:00+00:00, run_after=2025-03-11 00:00:00+00:00
[2025-03-11T13:10:38.964+0000] {logging_mixin.py:190} INFO - [2025-03-11T13:10:38.964+0000] {dag.py:4180} INFO - Setting next_dagrun for example_branch_datetime_operator_3 to 2025-03-10 00:00:00+00:00, run_after=2025-03-11 00:00:00+00:00
[2025-03-11T13:10:38.972+0000] {processor.py:208} INFO - Processing /home/airflow/.local/lib/python3.12/site-packages/airflow/example_dags/example_branch_datetime_operator.py took 0.158 seconds
[2025-03-11T13:11:09.617+0000] {processor.py:186} INFO - Started process (PID=160) to work on /home/airflow/.local/lib/python3.12/site-packages/airflow/example_dags/example_branch_datetime_operator.py
[2025-03-11T13:11:09.619+0000] {processor.py:914} INFO - Processing file /home/airflow/.local/lib/python3.12/site-packages/airflow/example_dags/example_branch_datetime_operator.py for tasks to queue
[2025-03-11T13:11:09.620+0000] {logging_mixin.py:190} INFO - [2025-03-11T13:11:09.620+0000] {dagbag.py:588} INFO - Filling up the DagBag from /home/airflow/.local/lib/python3.12/site-packages/airflow/example_dags/example_branch_datetime_operator.py
[2025-03-11T13:11:09.626+0000] {processor.py:925} INFO - DAG(s) 'example_branch_datetime_operator_3', 'example_branch_datetime_operator', 'example_branch_datetime_operator_2' retrieved from /home/airflow/.local/lib/python3.12/site-packages/airflow/example_dags/example_branch_datetime_operator.py
[2025-03-11T13:11:09.639+0000] {logging_mixin.py:190} INFO - [2025-03-11T13:11:09.639+0000] {dag.py:3239} INFO - Sync 3 DAGs
[2025-03-11T13:11:09.654+0000] {logging_mixin.py:190} INFO - [2025-03-11T13:11:09.654+0000] {dag.py:4180} INFO - Setting next_dagrun for example_branch_datetime_operator to 2025-03-10 00:00:00+00:00, run_after=2025-03-11 00:00:00+00:00
[2025-03-11T13:11:09.657+0000] {logging_mixin.py:190} INFO - [2025-03-11T13:11:09.657+0000] {dag.py:4180} INFO - Setting next_dagrun for example_branch_datetime_operator_2 to 2025-03-10 00:00:00+00:00, run_after=2025-03-11 00:00:00+00:00
[2025-03-11T13:11:09.658+0000] {logging_mixin.py:190} INFO - [2025-03-11T13:11:09.658+0000] {dag.py:4180} INFO - Setting next_dagrun for example_branch_datetime_operator_3 to 2025-03-10 00:00:00+00:00, run_after=2025-03-11 00:00:00+00:00
[2025-03-11T13:11:09.666+0000] {processor.py:208} INFO - Processing /home/airflow/.local/lib/python3.12/site-packages/airflow/example_dags/example_branch_datetime_operator.py took 0.052 seconds
[2025-03-11T13:11:40.480+0000] {processor.py:186} INFO - Started process (PID=223) to work on /home/airflow/.local/lib/python3.12/site-packages/airflow/example_dags/example_branch_datetime_operator.py
[2025-03-11T13:11:40.481+0000] {processor.py:914} INFO - Processing file /home/airflow/.local/lib/python3.12/site-packages/airflow/example_dags/example_branch_datetime_operator.py for tasks to queue
[2025-03-11T13:11:40.484+0000] {logging_mixin.py:190} INFO - [2025-03-11T13:11:40.483+0000] {dagbag.py:588} INFO - Filling up the DagBag from /home/airflow/.local/lib/python3.12/site-packages/airflow/example_dags/example_branch_datetime_operator.py
[2025-03-11T13:11:40.490+0000] {processor.py:925} INFO - DAG(s) 'example_branch_datetime_operator_3', 'example_branch_datetime_operator_2', 'example_branch_datetime_operator' retrieved from /home/airflow/.local/lib/python3.12/site-packages/airflow/example_dags/example_branch_datetime_operator.py
[2025-03-11T13:11:40.508+0000] {logging_mixin.py:190} INFO - [2025-03-11T13:11:40.508+0000] {dag.py:3239} INFO - Sync 3 DAGs
[2025-03-11T13:11:40.520+0000] {logging_mixin.py:190} INFO - [2025-03-11T13:11:40.520+0000] {dag.py:4180} INFO - Setting next_dagrun for example_branch_datetime_operator to 2025-03-10 00:00:00+00:00, run_after=2025-03-11 00:00:00+00:00
[2025-03-11T13:11:40.525+0000] {logging_mixin.py:190} INFO - [2025-03-11T13:11:40.525+0000] {dag.py:4180} INFO - Setting next_dagrun for example_branch_datetime_operator_2 to 2025-03-10 00:00:00+00:00, run_after=2025-03-11 00:00:00+00:00
[2025-03-11T13:11:40.527+0000] {logging_mixin.py:190} INFO - [2025-03-11T13:11:40.526+0000] {dag.py:4180} INFO - Setting next_dagrun for example_branch_datetime_operator_3 to 2025-03-10 00:00:00+00:00, run_after=2025-03-11 00:00:00+00:00
[2025-03-11T13:11:40.540+0000] {processor.py:208} INFO - Processing /home/airflow/.local/lib/python3.12/site-packages/airflow/example_dags/example_branch_datetime_operator.py took 0.063 seconds
[2025-03-11T13:12:11.275+0000] {processor.py:186} INFO - Started process (PID=286) to work on /home/airflow/.local/lib/python3.12/site-packages/airflow/example_dags/example_branch_datetime_operator.py
[2025-03-11T13:12:11.276+0000] {processor.py:914} INFO - Processing file /home/airflow/.local/lib/python3.12/site-packages/airflow/example_dags/example_branch_datetime_operator.py for tasks to queue
[2025-03-11T13:12:11.277+0000] {logging_mixin.py:190} INFO - [2025-03-11T13:12:11.277+0000] {dagbag.py:588} INFO - Filling up the DagBag from /home/airflow/.local/lib/python3.12/site-packages/airflow/example_dags/example_branch_datetime_operator.py
[2025-03-11T13:12:11.284+0000] {processor.py:925} INFO - DAG(s) 'example_branch_datetime_operator_3', 'example_branch_datetime_operator', 'example_branch_datetime_operator_2' retrieved from /home/airflow/.local/lib/python3.12/site-packages/airflow/example_dags/example_branch_datetime_operator.py
[2025-03-11T13:12:11.301+0000] {logging_mixin.py:190} INFO - [2025-03-11T13:12:11.301+0000] {dag.py:3239} INFO - Sync 3 DAGs
[2025-03-11T13:12:11.316+0000] {logging_mixin.py:190} INFO - [2025-03-11T13:12:11.316+0000] {dag.py:4180} INFO - Setting next_dagrun for example_branch_datetime_operator to 2025-03-10 00:00:00+00:00, run_after=2025-03-11 00:00:00+00:00
[2025-03-11T13:12:11.319+0000] {logging_mixin.py:190} INFO - [2025-03-11T13:12:11.319+0000] {dag.py:4180} INFO - Setting next_dagrun for example_branch_datetime_operator_2 to 2025-03-10 00:00:00+00:00, run_after=2025-03-11 00:00:00+00:00
[2025-03-11T13:12:11.320+0000] {logging_mixin.py:190} INFO - [2025-03-11T13:12:11.320+0000] {dag.py:4180} INFO - Setting next_dagrun for example_branch_datetime_operator_3 to 2025-03-10 00:00:00+00:00, run_after=2025-03-11 00:00:00+00:00
[2025-03-11T13:12:11.328+0000] {processor.py:208} INFO - Processing /home/airflow/.local/lib/python3.12/site-packages/airflow/example_dags/example_branch_datetime_operator.py took 0.056 seconds
[2025-03-11T13:12:41.488+0000] {processor.py:186} INFO - Started process (PID=349) to work on /home/airflow/.local/lib/python3.12/site-packages/airflow/example_dags/example_branch_datetime_operator.py
[2025-03-11T13:12:41.488+0000] {processor.py:914} INFO - Processing file /home/airflow/.local/lib/python3.12/site-packages/airflow/example_dags/example_branch_datetime_operator.py for tasks to queue
[2025-03-11T13:12:41.491+0000] {logging_mixin.py:190} INFO - [2025-03-11T13:12:41.491+0000] {dagbag.py:588} INFO - Filling up the DagBag from /home/airflow/.local/lib/python3.12/site-packages/airflow/example_dags/example_branch_datetime_operator.py
[2025-03-11T13:12:41.499+0000] {processor.py:925} INFO - DAG(s) 'example_branch_datetime_operator_3', 'example_branch_datetime_operator_2', 'example_branch_datetime_operator' retrieved from /home/airflow/.local/lib/python3.12/site-packages/airflow/example_dags/example_branch_datetime_operator.py
[2025-03-11T13:12:41.517+0000] {logging_mixin.py:190} INFO - [2025-03-11T13:12:41.517+0000] {dag.py:3239} INFO - Sync 3 DAGs
[2025-03-11T13:12:41.531+0000] {logging_mixin.py:190} INFO - [2025-03-11T13:12:41.531+0000] {dag.py:4180} INFO - Setting next_dagrun for example_branch_datetime_operator to 2025-03-10 00:00:00+00:00, run_after=2025-03-11 00:00:00+00:00
[2025-03-11T13:12:41.533+0000] {logging_mixin.py:190} INFO - [2025-03-11T13:12:41.533+0000] {dag.py:4180} INFO - Setting next_dagrun for example_branch_datetime_operator_2 to 2025-03-10 00:00:00+00:00, run_after=2025-03-11 00:00:00+00:00
[2025-03-11T13:12:41.534+0000] {logging_mixin.py:190} INFO - [2025-03-11T13:12:41.534+0000] {dag.py:4180} INFO - Setting next_dagrun for example_branch_datetime_operator_3 to 2025-03-10 00:00:00+00:00, run_after=2025-03-11 00:00:00+00:00
[2025-03-11T13:12:41.545+0000] {processor.py:208} INFO - Processing /home/airflow/.local/lib/python3.12/site-packages/airflow/example_dags/example_branch_datetime_operator.py took 0.061 seconds
