[2025-03-11T13:10:38.913+0000] {processor.py:186} INFO - Started process (PID=98) to work on /home/airflow/.local/lib/python3.12/site-packages/airflow/example_dags/example_trigger_target_dag.py
[2025-03-11T13:10:38.913+0000] {processor.py:914} INFO - Processing file /home/airflow/.local/lib/python3.12/site-packages/airflow/example_dags/example_trigger_target_dag.py for tasks to queue
[2025-03-11T13:10:38.914+0000] {logging_mixin.py:190} INFO - [2025-03-11T13:10:38.914+0000] {dagbag.py:588} INFO - Filling up the DagBag from /home/airflow/.local/lib/python3.12/site-packages/airflow/example_dags/example_trigger_target_dag.py
[2025-03-11T13:10:38.920+0000] {processor.py:925} INFO - DAG(s) 'example_trigger_target_dag' retrieved from /home/airflow/.local/lib/python3.12/site-packages/airflow/example_dags/example_trigger_target_dag.py
[2025-03-11T13:10:38.970+0000] {logging_mixin.py:190} INFO - [2025-03-11T13:10:38.970+0000] {override.py:1912} INFO - Created Permission View: can read on DAG:example_trigger_target_dag
[2025-03-11T13:10:38.975+0000] {logging_mixin.py:190} INFO - [2025-03-11T13:10:38.975+0000] {override.py:1912} INFO - Created Permission View: can edit on DAG:example_trigger_target_dag
[2025-03-11T13:10:38.979+0000] {logging_mixin.py:190} INFO - [2025-03-11T13:10:38.979+0000] {override.py:1912} INFO - Created Permission View: can delete on DAG:example_trigger_target_dag
[2025-03-11T13:10:38.985+0000] {logging_mixin.py:190} INFO - [2025-03-11T13:10:38.985+0000] {override.py:1912} INFO - Created Permission View: can read on DAG Run:example_trigger_target_dag
[2025-03-11T13:10:38.988+0000] {logging_mixin.py:190} INFO - [2025-03-11T13:10:38.988+0000] {override.py:1912} INFO - Created Permission View: can delete on DAG Run:example_trigger_target_dag
[2025-03-11T13:10:38.992+0000] {logging_mixin.py:190} INFO - [2025-03-11T13:10:38.992+0000] {override.py:1912} INFO - Created Permission View: can create on DAG Run:example_trigger_target_dag
[2025-03-11T13:10:38.996+0000] {logging_mixin.py:190} INFO - [2025-03-11T13:10:38.995+0000] {override.py:1912} INFO - Created Permission View: menu access on DAG Run:example_trigger_target_dag
[2025-03-11T13:10:38.996+0000] {logging_mixin.py:190} INFO - [2025-03-11T13:10:38.996+0000] {dag.py:3239} INFO - Sync 1 DAGs
[2025-03-11T13:10:39.002+0000] {logging_mixin.py:190} INFO - [2025-03-11T13:10:39.002+0000] {dag.py:3262} INFO - Creating ORM DAG for example_trigger_target_dag
[2025-03-11T13:10:39.002+0000] {logging_mixin.py:190} INFO - [2025-03-11T13:10:39.002+0000] {dag.py:4180} INFO - Setting next_dagrun for example_trigger_target_dag to None, run_after=None
[2025-03-11T13:10:39.011+0000] {processor.py:208} INFO - Processing /home/airflow/.local/lib/python3.12/site-packages/airflow/example_dags/example_trigger_target_dag.py took 0.102 seconds
[2025-03-11T13:11:09.636+0000] {processor.py:186} INFO - Started process (PID=161) to work on /home/airflow/.local/lib/python3.12/site-packages/airflow/example_dags/example_trigger_target_dag.py
[2025-03-11T13:11:09.637+0000] {processor.py:914} INFO - Processing file /home/airflow/.local/lib/python3.12/site-packages/airflow/example_dags/example_trigger_target_dag.py for tasks to queue
[2025-03-11T13:11:09.638+0000] {logging_mixin.py:190} INFO - [2025-03-11T13:11:09.638+0000] {dagbag.py:588} INFO - Filling up the DagBag from /home/airflow/.local/lib/python3.12/site-packages/airflow/example_dags/example_trigger_target_dag.py
[2025-03-11T13:11:09.642+0000] {processor.py:925} INFO - DAG(s) 'example_trigger_target_dag' retrieved from /home/airflow/.local/lib/python3.12/site-packages/airflow/example_dags/example_trigger_target_dag.py
[2025-03-11T13:11:09.652+0000] {logging_mixin.py:190} INFO - [2025-03-11T13:11:09.651+0000] {dag.py:3239} INFO - Sync 1 DAGs
[2025-03-11T13:11:09.658+0000] {logging_mixin.py:190} INFO - [2025-03-11T13:11:09.658+0000] {dag.py:4180} INFO - Setting next_dagrun for example_trigger_target_dag to None, run_after=None
[2025-03-11T13:11:09.666+0000] {processor.py:208} INFO - Processing /home/airflow/.local/lib/python3.12/site-packages/airflow/example_dags/example_trigger_target_dag.py took 0.033 seconds
[2025-03-11T13:11:40.517+0000] {processor.py:186} INFO - Started process (PID=224) to work on /home/airflow/.local/lib/python3.12/site-packages/airflow/example_dags/example_trigger_target_dag.py
[2025-03-11T13:11:40.518+0000] {processor.py:914} INFO - Processing file /home/airflow/.local/lib/python3.12/site-packages/airflow/example_dags/example_trigger_target_dag.py for tasks to queue
[2025-03-11T13:11:40.521+0000] {logging_mixin.py:190} INFO - [2025-03-11T13:11:40.521+0000] {dagbag.py:588} INFO - Filling up the DagBag from /home/airflow/.local/lib/python3.12/site-packages/airflow/example_dags/example_trigger_target_dag.py
[2025-03-11T13:11:40.526+0000] {processor.py:925} INFO - DAG(s) 'example_trigger_target_dag' retrieved from /home/airflow/.local/lib/python3.12/site-packages/airflow/example_dags/example_trigger_target_dag.py
[2025-03-11T13:11:40.541+0000] {logging_mixin.py:190} INFO - [2025-03-11T13:11:40.539+0000] {dag.py:3239} INFO - Sync 1 DAGs
[2025-03-11T13:11:40.548+0000] {logging_mixin.py:190} INFO - [2025-03-11T13:11:40.548+0000] {dag.py:4180} INFO - Setting next_dagrun for example_trigger_target_dag to None, run_after=None
[2025-03-11T13:11:40.559+0000] {processor.py:208} INFO - Processing /home/airflow/.local/lib/python3.12/site-packages/airflow/example_dags/example_trigger_target_dag.py took 0.045 seconds
[2025-03-11T13:12:11.280+0000] {processor.py:186} INFO - Started process (PID=287) to work on /home/airflow/.local/lib/python3.12/site-packages/airflow/example_dags/example_trigger_target_dag.py
[2025-03-11T13:12:11.281+0000] {processor.py:914} INFO - Processing file /home/airflow/.local/lib/python3.12/site-packages/airflow/example_dags/example_trigger_target_dag.py for tasks to queue
[2025-03-11T13:12:11.283+0000] {logging_mixin.py:190} INFO - [2025-03-11T13:12:11.283+0000] {dagbag.py:588} INFO - Filling up the DagBag from /home/airflow/.local/lib/python3.12/site-packages/airflow/example_dags/example_trigger_target_dag.py
[2025-03-11T13:12:11.288+0000] {processor.py:925} INFO - DAG(s) 'example_trigger_target_dag' retrieved from /home/airflow/.local/lib/python3.12/site-packages/airflow/example_dags/example_trigger_target_dag.py
[2025-03-11T13:12:11.301+0000] {logging_mixin.py:190} INFO - [2025-03-11T13:12:11.301+0000] {dag.py:3239} INFO - Sync 1 DAGs
[2025-03-11T13:12:11.307+0000] {logging_mixin.py:190} INFO - [2025-03-11T13:12:11.307+0000] {dag.py:4180} INFO - Setting next_dagrun for example_trigger_target_dag to None, run_after=None
[2025-03-11T13:12:11.316+0000] {processor.py:208} INFO - Processing /home/airflow/.local/lib/python3.12/site-packages/airflow/example_dags/example_trigger_target_dag.py took 0.040 seconds
[2025-03-11T13:12:41.560+0000] {processor.py:186} INFO - Started process (PID=350) to work on /home/airflow/.local/lib/python3.12/site-packages/airflow/example_dags/example_trigger_target_dag.py
[2025-03-11T13:12:41.561+0000] {processor.py:914} INFO - Processing file /home/airflow/.local/lib/python3.12/site-packages/airflow/example_dags/example_trigger_target_dag.py for tasks to queue
[2025-03-11T13:12:41.562+0000] {logging_mixin.py:190} INFO - [2025-03-11T13:12:41.562+0000] {dagbag.py:588} INFO - Filling up the DagBag from /home/airflow/.local/lib/python3.12/site-packages/airflow/example_dags/example_trigger_target_dag.py
[2025-03-11T13:12:41.566+0000] {processor.py:925} INFO - DAG(s) 'example_trigger_target_dag' retrieved from /home/airflow/.local/lib/python3.12/site-packages/airflow/example_dags/example_trigger_target_dag.py
[2025-03-11T13:12:41.580+0000] {logging_mixin.py:190} INFO - [2025-03-11T13:12:41.579+0000] {dag.py:3239} INFO - Sync 1 DAGs
[2025-03-11T13:12:41.587+0000] {logging_mixin.py:190} INFO - [2025-03-11T13:12:41.587+0000] {dag.py:4180} INFO - Setting next_dagrun for example_trigger_target_dag to None, run_after=None
[2025-03-11T13:12:41.597+0000] {processor.py:208} INFO - Processing /home/airflow/.local/lib/python3.12/site-packages/airflow/example_dags/example_trigger_target_dag.py took 0.039 seconds
[2025-03-11T14:00:35.513+0000] {processor.py:186} INFO - Started process (PID=140) to work on /home/airflow/.local/lib/python3.12/site-packages/airflow/example_dags/example_trigger_target_dag.py
[2025-03-11T14:00:35.518+0000] {processor.py:914} INFO - Processing file /home/airflow/.local/lib/python3.12/site-packages/airflow/example_dags/example_trigger_target_dag.py for tasks to queue
[2025-03-11T14:00:35.536+0000] {logging_mixin.py:190} INFO - [2025-03-11T14:00:35.530+0000] {dagbag.py:588} INFO - Filling up the DagBag from /home/airflow/.local/lib/python3.12/site-packages/airflow/example_dags/example_trigger_target_dag.py
[2025-03-11T14:00:35.608+0000] {processor.py:925} INFO - DAG(s) 'example_trigger_target_dag' retrieved from /home/airflow/.local/lib/python3.12/site-packages/airflow/example_dags/example_trigger_target_dag.py
[2025-03-11T14:00:36.593+0000] {logging_mixin.py:190} INFO - [2025-03-11T14:00:36.589+0000] {override.py:1912} INFO - Created Permission View: can edit on DAG:example_trigger_target_dag
[2025-03-11T14:00:36.657+0000] {logging_mixin.py:190} INFO - [2025-03-11T14:00:36.656+0000] {override.py:1912} INFO - Created Permission View: can delete on DAG:example_trigger_target_dag
[2025-03-11T14:00:36.692+0000] {logging_mixin.py:190} INFO - [2025-03-11T14:00:36.691+0000] {override.py:1912} INFO - Created Permission View: can read on DAG:example_trigger_target_dag
[2025-03-11T14:00:36.733+0000] {logging_mixin.py:190} INFO - [2025-03-11T14:00:36.733+0000] {override.py:1912} INFO - Created Permission View: can create on DAG Run:example_trigger_target_dag
[2025-03-11T14:00:36.771+0000] {logging_mixin.py:190} INFO - [2025-03-11T14:00:36.770+0000] {override.py:1912} INFO - Created Permission View: can delete on DAG Run:example_trigger_target_dag
[2025-03-11T14:00:36.821+0000] {logging_mixin.py:190} INFO - [2025-03-11T14:00:36.820+0000] {override.py:1912} INFO - Created Permission View: can read on DAG Run:example_trigger_target_dag
[2025-03-11T14:00:36.872+0000] {logging_mixin.py:190} INFO - [2025-03-11T14:00:36.871+0000] {override.py:1912} INFO - Created Permission View: menu access on DAG Run:example_trigger_target_dag
[2025-03-11T14:00:36.875+0000] {logging_mixin.py:190} INFO - [2025-03-11T14:00:36.874+0000] {dag.py:3239} INFO - Sync 1 DAGs
[2025-03-11T14:00:36.944+0000] {logging_mixin.py:190} INFO - [2025-03-11T14:00:36.944+0000] {dag.py:3262} INFO - Creating ORM DAG for example_trigger_target_dag
[2025-03-11T14:00:36.945+0000] {logging_mixin.py:190} INFO - [2025-03-11T14:00:36.944+0000] {dag.py:4180} INFO - Setting next_dagrun for example_trigger_target_dag to None, run_after=None
[2025-03-11T14:00:37.050+0000] {processor.py:208} INFO - Processing /home/airflow/.local/lib/python3.12/site-packages/airflow/example_dags/example_trigger_target_dag.py took 1.591 seconds
[2025-03-11T14:29:10.049+0000] {processor.py:186} INFO - Started process (PID=111) to work on /home/airflow/.local/lib/python3.12/site-packages/airflow/example_dags/example_trigger_target_dag.py
[2025-03-11T14:29:10.051+0000] {processor.py:914} INFO - Processing file /home/airflow/.local/lib/python3.12/site-packages/airflow/example_dags/example_trigger_target_dag.py for tasks to queue
[2025-03-11T14:29:10.053+0000] {logging_mixin.py:190} INFO - [2025-03-11T14:29:10.052+0000] {dagbag.py:588} INFO - Filling up the DagBag from /home/airflow/.local/lib/python3.12/site-packages/airflow/example_dags/example_trigger_target_dag.py
[2025-03-11T14:29:10.061+0000] {processor.py:925} INFO - DAG(s) 'example_trigger_target_dag' retrieved from /home/airflow/.local/lib/python3.12/site-packages/airflow/example_dags/example_trigger_target_dag.py
[2025-03-11T14:29:10.088+0000] {logging_mixin.py:190} INFO - [2025-03-11T14:29:10.087+0000] {dag.py:3239} INFO - Sync 1 DAGs
[2025-03-11T14:29:10.102+0000] {logging_mixin.py:190} INFO - [2025-03-11T14:29:10.101+0000] {dag.py:4180} INFO - Setting next_dagrun for example_trigger_target_dag to None, run_after=None
[2025-03-11T14:29:10.122+0000] {processor.py:208} INFO - Processing /home/airflow/.local/lib/python3.12/site-packages/airflow/example_dags/example_trigger_target_dag.py took 0.078 seconds
[2025-03-11T14:29:40.931+0000] {processor.py:186} INFO - Started process (PID=173) to work on /home/airflow/.local/lib/python3.12/site-packages/airflow/example_dags/example_trigger_target_dag.py
[2025-03-11T14:29:40.933+0000] {processor.py:914} INFO - Processing file /home/airflow/.local/lib/python3.12/site-packages/airflow/example_dags/example_trigger_target_dag.py for tasks to queue
[2025-03-11T14:29:40.935+0000] {logging_mixin.py:190} INFO - [2025-03-11T14:29:40.935+0000] {dagbag.py:588} INFO - Filling up the DagBag from /home/airflow/.local/lib/python3.12/site-packages/airflow/example_dags/example_trigger_target_dag.py
[2025-03-11T14:29:40.945+0000] {processor.py:925} INFO - DAG(s) 'example_trigger_target_dag' retrieved from /home/airflow/.local/lib/python3.12/site-packages/airflow/example_dags/example_trigger_target_dag.py
[2025-03-11T14:29:40.966+0000] {logging_mixin.py:190} INFO - [2025-03-11T14:29:40.965+0000] {dag.py:3239} INFO - Sync 1 DAGs
[2025-03-11T14:29:40.979+0000] {logging_mixin.py:190} INFO - [2025-03-11T14:29:40.979+0000] {dag.py:4180} INFO - Setting next_dagrun for example_trigger_target_dag to None, run_after=None
[2025-03-11T14:29:40.998+0000] {processor.py:208} INFO - Processing /home/airflow/.local/lib/python3.12/site-packages/airflow/example_dags/example_trigger_target_dag.py took 0.073 seconds
[2025-03-11T14:30:11.394+0000] {processor.py:186} INFO - Started process (PID=235) to work on /home/airflow/.local/lib/python3.12/site-packages/airflow/example_dags/example_trigger_target_dag.py
[2025-03-11T14:30:11.396+0000] {processor.py:914} INFO - Processing file /home/airflow/.local/lib/python3.12/site-packages/airflow/example_dags/example_trigger_target_dag.py for tasks to queue
[2025-03-11T14:30:11.398+0000] {logging_mixin.py:190} INFO - [2025-03-11T14:30:11.398+0000] {dagbag.py:588} INFO - Filling up the DagBag from /home/airflow/.local/lib/python3.12/site-packages/airflow/example_dags/example_trigger_target_dag.py
[2025-03-11T14:30:11.407+0000] {processor.py:925} INFO - DAG(s) 'example_trigger_target_dag' retrieved from /home/airflow/.local/lib/python3.12/site-packages/airflow/example_dags/example_trigger_target_dag.py
[2025-03-11T14:30:11.430+0000] {logging_mixin.py:190} INFO - [2025-03-11T14:30:11.430+0000] {dag.py:3239} INFO - Sync 1 DAGs
[2025-03-11T14:30:11.444+0000] {logging_mixin.py:190} INFO - [2025-03-11T14:30:11.444+0000] {dag.py:4180} INFO - Setting next_dagrun for example_trigger_target_dag to None, run_after=None
[2025-03-11T14:30:11.465+0000] {processor.py:208} INFO - Processing /home/airflow/.local/lib/python3.12/site-packages/airflow/example_dags/example_trigger_target_dag.py took 0.077 seconds
[2025-03-11T14:30:41.842+0000] {processor.py:186} INFO - Started process (PID=298) to work on /home/airflow/.local/lib/python3.12/site-packages/airflow/example_dags/example_trigger_target_dag.py
[2025-03-11T14:30:41.843+0000] {processor.py:914} INFO - Processing file /home/airflow/.local/lib/python3.12/site-packages/airflow/example_dags/example_trigger_target_dag.py for tasks to queue
[2025-03-11T14:30:41.845+0000] {logging_mixin.py:190} INFO - [2025-03-11T14:30:41.844+0000] {dagbag.py:588} INFO - Filling up the DagBag from /home/airflow/.local/lib/python3.12/site-packages/airflow/example_dags/example_trigger_target_dag.py
[2025-03-11T14:30:41.854+0000] {processor.py:925} INFO - DAG(s) 'example_trigger_target_dag' retrieved from /home/airflow/.local/lib/python3.12/site-packages/airflow/example_dags/example_trigger_target_dag.py
[2025-03-11T14:30:41.874+0000] {logging_mixin.py:190} INFO - [2025-03-11T14:30:41.874+0000] {dag.py:3239} INFO - Sync 1 DAGs
[2025-03-11T14:30:41.888+0000] {logging_mixin.py:190} INFO - [2025-03-11T14:30:41.888+0000] {dag.py:4180} INFO - Setting next_dagrun for example_trigger_target_dag to None, run_after=None
[2025-03-11T14:30:41.908+0000] {processor.py:208} INFO - Processing /home/airflow/.local/lib/python3.12/site-packages/airflow/example_dags/example_trigger_target_dag.py took 0.073 seconds
[2025-03-11T14:31:12.703+0000] {processor.py:186} INFO - Started process (PID=361) to work on /home/airflow/.local/lib/python3.12/site-packages/airflow/example_dags/example_trigger_target_dag.py
[2025-03-11T14:31:12.705+0000] {processor.py:914} INFO - Processing file /home/airflow/.local/lib/python3.12/site-packages/airflow/example_dags/example_trigger_target_dag.py for tasks to queue
[2025-03-11T14:31:12.709+0000] {logging_mixin.py:190} INFO - [2025-03-11T14:31:12.708+0000] {dagbag.py:588} INFO - Filling up the DagBag from /home/airflow/.local/lib/python3.12/site-packages/airflow/example_dags/example_trigger_target_dag.py
[2025-03-11T14:31:12.718+0000] {processor.py:925} INFO - DAG(s) 'example_trigger_target_dag' retrieved from /home/airflow/.local/lib/python3.12/site-packages/airflow/example_dags/example_trigger_target_dag.py
[2025-03-11T14:31:12.736+0000] {logging_mixin.py:190} INFO - [2025-03-11T14:31:12.736+0000] {dag.py:3239} INFO - Sync 1 DAGs
[2025-03-11T14:31:12.750+0000] {logging_mixin.py:190} INFO - [2025-03-11T14:31:12.750+0000] {dag.py:4180} INFO - Setting next_dagrun for example_trigger_target_dag to None, run_after=None
[2025-03-11T14:31:12.766+0000] {processor.py:208} INFO - Processing /home/airflow/.local/lib/python3.12/site-packages/airflow/example_dags/example_trigger_target_dag.py took 0.069 seconds
