[2025-03-11T13:10:38.562+0000] {processor.py:186} INFO - Started process (PID=93) to work on /home/airflow/.local/lib/python3.12/site-packages/airflow/example_dags/example_display_name.py
[2025-03-11T13:10:38.563+0000] {processor.py:914} INFO - Processing file /home/airflow/.local/lib/python3.12/site-packages/airflow/example_dags/example_display_name.py for tasks to queue
[2025-03-11T13:10:38.564+0000] {logging_mixin.py:190} INFO - [2025-03-11T13:10:38.564+0000] {dagbag.py:588} INFO - Filling up the DagBag from /home/airflow/.local/lib/python3.12/site-packages/airflow/example_dags/example_display_name.py
[2025-03-11T13:10:38.570+0000] {processor.py:925} INFO - DAG(s) 'example_display_name' retrieved from /home/airflow/.local/lib/python3.12/site-packages/airflow/example_dags/example_display_name.py
[2025-03-11T13:10:38.633+0000] {logging_mixin.py:190} INFO - [2025-03-11T13:10:38.632+0000] {override.py:1912} INFO - Created Permission View: can read on DAG:example_display_name
[2025-03-11T13:10:38.638+0000] {logging_mixin.py:190} INFO - [2025-03-11T13:10:38.638+0000] {override.py:1912} INFO - Created Permission View: can edit on DAG:example_display_name
[2025-03-11T13:10:38.643+0000] {logging_mixin.py:190} INFO - [2025-03-11T13:10:38.643+0000] {override.py:1912} INFO - Created Permission View: can delete on DAG:example_display_name
[2025-03-11T13:10:38.646+0000] {logging_mixin.py:190} INFO - [2025-03-11T13:10:38.646+0000] {override.py:1912} INFO - Created Permission View: can read on DAG Run:example_display_name
[2025-03-11T13:10:38.649+0000] {logging_mixin.py:190} INFO - [2025-03-11T13:10:38.649+0000] {override.py:1912} INFO - Created Permission View: can delete on DAG Run:example_display_name
[2025-03-11T13:10:38.653+0000] {logging_mixin.py:190} INFO - [2025-03-11T13:10:38.653+0000] {override.py:1912} INFO - Created Permission View: can create on DAG Run:example_display_name
[2025-03-11T13:10:38.659+0000] {logging_mixin.py:190} INFO - [2025-03-11T13:10:38.659+0000] {override.py:1912} INFO - Created Permission View: menu access on DAG Run:example_display_name
[2025-03-11T13:10:38.659+0000] {logging_mixin.py:190} INFO - [2025-03-11T13:10:38.659+0000] {dag.py:3239} INFO - Sync 1 DAGs
[2025-03-11T13:10:38.669+0000] {logging_mixin.py:190} INFO - [2025-03-11T13:10:38.669+0000] {dag.py:3262} INFO - Creating ORM DAG for example_display_name
[2025-03-11T13:10:38.669+0000] {logging_mixin.py:190} INFO - [2025-03-11T13:10:38.669+0000] {dag.py:4180} INFO - Setting next_dagrun for example_display_name to None, run_after=None
[2025-03-11T13:10:38.678+0000] {processor.py:208} INFO - Processing /home/airflow/.local/lib/python3.12/site-packages/airflow/example_dags/example_display_name.py took 0.120 seconds
[2025-03-11T13:11:09.491+0000] {processor.py:186} INFO - Started process (PID=156) to work on /home/airflow/.local/lib/python3.12/site-packages/airflow/example_dags/example_display_name.py
[2025-03-11T13:11:09.491+0000] {processor.py:914} INFO - Processing file /home/airflow/.local/lib/python3.12/site-packages/airflow/example_dags/example_display_name.py for tasks to queue
[2025-03-11T13:11:09.492+0000] {logging_mixin.py:190} INFO - [2025-03-11T13:11:09.492+0000] {dagbag.py:588} INFO - Filling up the DagBag from /home/airflow/.local/lib/python3.12/site-packages/airflow/example_dags/example_display_name.py
[2025-03-11T13:11:09.496+0000] {processor.py:925} INFO - DAG(s) 'example_display_name' retrieved from /home/airflow/.local/lib/python3.12/site-packages/airflow/example_dags/example_display_name.py
[2025-03-11T13:11:09.505+0000] {logging_mixin.py:190} INFO - [2025-03-11T13:11:09.505+0000] {dag.py:3239} INFO - Sync 1 DAGs
[2025-03-11T13:11:09.512+0000] {logging_mixin.py:190} INFO - [2025-03-11T13:11:09.512+0000] {dag.py:4180} INFO - Setting next_dagrun for example_display_name to None, run_after=None
[2025-03-11T13:11:09.520+0000] {processor.py:208} INFO - Processing /home/airflow/.local/lib/python3.12/site-packages/airflow/example_dags/example_display_name.py took 0.032 seconds
[2025-03-11T13:11:40.349+0000] {processor.py:186} INFO - Started process (PID=219) to work on /home/airflow/.local/lib/python3.12/site-packages/airflow/example_dags/example_display_name.py
[2025-03-11T13:11:40.352+0000] {processor.py:914} INFO - Processing file /home/airflow/.local/lib/python3.12/site-packages/airflow/example_dags/example_display_name.py for tasks to queue
[2025-03-11T13:11:40.357+0000] {logging_mixin.py:190} INFO - [2025-03-11T13:11:40.356+0000] {dagbag.py:588} INFO - Filling up the DagBag from /home/airflow/.local/lib/python3.12/site-packages/airflow/example_dags/example_display_name.py
[2025-03-11T13:11:40.363+0000] {processor.py:925} INFO - DAG(s) 'example_display_name' retrieved from /home/airflow/.local/lib/python3.12/site-packages/airflow/example_dags/example_display_name.py
[2025-03-11T13:11:40.375+0000] {logging_mixin.py:190} INFO - [2025-03-11T13:11:40.375+0000] {dag.py:3239} INFO - Sync 1 DAGs
[2025-03-11T13:11:40.386+0000] {logging_mixin.py:190} INFO - [2025-03-11T13:11:40.386+0000] {dag.py:4180} INFO - Setting next_dagrun for example_display_name to None, run_after=None
[2025-03-11T13:11:40.400+0000] {processor.py:208} INFO - Processing /home/airflow/.local/lib/python3.12/site-packages/airflow/example_dags/example_display_name.py took 0.055 seconds
[2025-03-11T13:12:11.123+0000] {processor.py:186} INFO - Started process (PID=282) to work on /home/airflow/.local/lib/python3.12/site-packages/airflow/example_dags/example_display_name.py
[2025-03-11T13:12:11.124+0000] {processor.py:914} INFO - Processing file /home/airflow/.local/lib/python3.12/site-packages/airflow/example_dags/example_display_name.py for tasks to queue
[2025-03-11T13:12:11.126+0000] {logging_mixin.py:190} INFO - [2025-03-11T13:12:11.125+0000] {dagbag.py:588} INFO - Filling up the DagBag from /home/airflow/.local/lib/python3.12/site-packages/airflow/example_dags/example_display_name.py
[2025-03-11T13:12:11.130+0000] {processor.py:925} INFO - DAG(s) 'example_display_name' retrieved from /home/airflow/.local/lib/python3.12/site-packages/airflow/example_dags/example_display_name.py
[2025-03-11T13:12:11.142+0000] {logging_mixin.py:190} INFO - [2025-03-11T13:12:11.142+0000] {dag.py:3239} INFO - Sync 1 DAGs
[2025-03-11T13:12:11.149+0000] {logging_mixin.py:190} INFO - [2025-03-11T13:12:11.149+0000] {dag.py:4180} INFO - Setting next_dagrun for example_display_name to None, run_after=None
[2025-03-11T13:12:11.163+0000] {processor.py:208} INFO - Processing /home/airflow/.local/lib/python3.12/site-packages/airflow/example_dags/example_display_name.py took 0.043 seconds
[2025-03-11T13:12:41.218+0000] {processor.py:186} INFO - Started process (PID=345) to work on /home/airflow/.local/lib/python3.12/site-packages/airflow/example_dags/example_display_name.py
[2025-03-11T13:12:41.218+0000] {processor.py:914} INFO - Processing file /home/airflow/.local/lib/python3.12/site-packages/airflow/example_dags/example_display_name.py for tasks to queue
[2025-03-11T13:12:41.220+0000] {logging_mixin.py:190} INFO - [2025-03-11T13:12:41.220+0000] {dagbag.py:588} INFO - Filling up the DagBag from /home/airflow/.local/lib/python3.12/site-packages/airflow/example_dags/example_display_name.py
[2025-03-11T13:12:41.224+0000] {processor.py:925} INFO - DAG(s) 'example_display_name' retrieved from /home/airflow/.local/lib/python3.12/site-packages/airflow/example_dags/example_display_name.py
[2025-03-11T13:12:41.234+0000] {logging_mixin.py:190} INFO - [2025-03-11T13:12:41.234+0000] {dag.py:3239} INFO - Sync 1 DAGs
[2025-03-11T13:12:41.241+0000] {logging_mixin.py:190} INFO - [2025-03-11T13:12:41.240+0000] {dag.py:4180} INFO - Setting next_dagrun for example_display_name to None, run_after=None
[2025-03-11T13:12:41.249+0000] {processor.py:208} INFO - Processing /home/airflow/.local/lib/python3.12/site-packages/airflow/example_dags/example_display_name.py took 0.035 seconds
[2025-03-11T13:59:55.635+0000] {processor.py:186} INFO - Started process (PID=110) to work on /home/airflow/.local/lib/python3.12/site-packages/airflow/example_dags/example_display_name.py
[2025-03-11T13:59:55.645+0000] {processor.py:914} INFO - Processing file /home/airflow/.local/lib/python3.12/site-packages/airflow/example_dags/example_display_name.py for tasks to queue
[2025-03-11T13:59:55.662+0000] {logging_mixin.py:190} INFO - [2025-03-11T13:59:55.661+0000] {dagbag.py:588} INFO - Filling up the DagBag from /home/airflow/.local/lib/python3.12/site-packages/airflow/example_dags/example_display_name.py
[2025-03-11T13:59:55.735+0000] {processor.py:925} INFO - DAG(s) 'example_display_name' retrieved from /home/airflow/.local/lib/python3.12/site-packages/airflow/example_dags/example_display_name.py
[2025-03-11T13:59:56.442+0000] {logging_mixin.py:190} INFO - [2025-03-11T13:59:56.439+0000] {override.py:1912} INFO - Created Permission View: can edit on DAG:example_display_name
[2025-03-11T13:59:56.496+0000] {logging_mixin.py:190} INFO - [2025-03-11T13:59:56.496+0000] {override.py:1912} INFO - Created Permission View: can delete on DAG:example_display_name
[2025-03-11T13:59:56.534+0000] {logging_mixin.py:190} INFO - [2025-03-11T13:59:56.532+0000] {override.py:1912} INFO - Created Permission View: can read on DAG:example_display_name
[2025-03-11T13:59:56.578+0000] {logging_mixin.py:190} INFO - [2025-03-11T13:59:56.575+0000] {override.py:1912} INFO - Created Permission View: can create on DAG Run:example_display_name
[2025-03-11T13:59:56.628+0000] {logging_mixin.py:190} INFO - [2025-03-11T13:59:56.628+0000] {override.py:1912} INFO - Created Permission View: can delete on DAG Run:example_display_name
[2025-03-11T13:59:56.670+0000] {logging_mixin.py:190} INFO - [2025-03-11T13:59:56.670+0000] {override.py:1912} INFO - Created Permission View: can read on DAG Run:example_display_name
[2025-03-11T13:59:56.732+0000] {logging_mixin.py:190} INFO - [2025-03-11T13:59:56.732+0000] {override.py:1912} INFO - Created Permission View: menu access on DAG Run:example_display_name
[2025-03-11T13:59:56.743+0000] {logging_mixin.py:190} INFO - [2025-03-11T13:59:56.732+0000] {dag.py:3239} INFO - Sync 1 DAGs
[2025-03-11T13:59:56.859+0000] {logging_mixin.py:190} INFO - [2025-03-11T13:59:56.859+0000] {dag.py:3262} INFO - Creating ORM DAG for example_display_name
[2025-03-11T13:59:56.868+0000] {logging_mixin.py:190} INFO - [2025-03-11T13:59:56.868+0000] {dag.py:4180} INFO - Setting next_dagrun for example_display_name to None, run_after=None
[2025-03-11T13:59:57.043+0000] {processor.py:208} INFO - Processing /home/airflow/.local/lib/python3.12/site-packages/airflow/example_dags/example_display_name.py took 1.452 seconds
[2025-03-11T14:29:05.053+0000] {processor.py:186} INFO - Started process (PID=86) to work on /home/airflow/.local/lib/python3.12/site-packages/airflow/example_dags/example_display_name.py
[2025-03-11T14:29:05.057+0000] {processor.py:914} INFO - Processing file /home/airflow/.local/lib/python3.12/site-packages/airflow/example_dags/example_display_name.py for tasks to queue
[2025-03-11T14:29:05.063+0000] {logging_mixin.py:190} INFO - [2025-03-11T14:29:05.063+0000] {dagbag.py:588} INFO - Filling up the DagBag from /home/airflow/.local/lib/python3.12/site-packages/airflow/example_dags/example_display_name.py
[2025-03-11T14:29:05.092+0000] {processor.py:925} INFO - DAG(s) 'example_display_name' retrieved from /home/airflow/.local/lib/python3.12/site-packages/airflow/example_dags/example_display_name.py
[2025-03-11T14:29:05.146+0000] {logging_mixin.py:190} INFO - [2025-03-11T14:29:05.145+0000] {dag.py:3239} INFO - Sync 1 DAGs
[2025-03-11T14:29:05.188+0000] {logging_mixin.py:190} INFO - [2025-03-11T14:29:05.188+0000] {dag.py:4180} INFO - Setting next_dagrun for example_display_name to None, run_after=None
[2025-03-11T14:29:05.242+0000] {processor.py:208} INFO - Processing /home/airflow/.local/lib/python3.12/site-packages/airflow/example_dags/example_display_name.py took 0.202 seconds
[2025-03-11T14:29:35.406+0000] {processor.py:186} INFO - Started process (PID=149) to work on /home/airflow/.local/lib/python3.12/site-packages/airflow/example_dags/example_display_name.py
[2025-03-11T14:29:35.407+0000] {processor.py:914} INFO - Processing file /home/airflow/.local/lib/python3.12/site-packages/airflow/example_dags/example_display_name.py for tasks to queue
[2025-03-11T14:29:35.410+0000] {logging_mixin.py:190} INFO - [2025-03-11T14:29:35.409+0000] {dagbag.py:588} INFO - Filling up the DagBag from /home/airflow/.local/lib/python3.12/site-packages/airflow/example_dags/example_display_name.py
[2025-03-11T14:29:35.418+0000] {processor.py:925} INFO - DAG(s) 'example_display_name' retrieved from /home/airflow/.local/lib/python3.12/site-packages/airflow/example_dags/example_display_name.py
[2025-03-11T14:29:35.438+0000] {logging_mixin.py:190} INFO - [2025-03-11T14:29:35.438+0000] {dag.py:3239} INFO - Sync 1 DAGs
[2025-03-11T14:29:35.452+0000] {logging_mixin.py:190} INFO - [2025-03-11T14:29:35.452+0000] {dag.py:4180} INFO - Setting next_dagrun for example_display_name to None, run_after=None
[2025-03-11T14:29:35.468+0000] {processor.py:208} INFO - Processing /home/airflow/.local/lib/python3.12/site-packages/airflow/example_dags/example_display_name.py took 0.069 seconds
[2025-03-11T14:30:05.840+0000] {processor.py:186} INFO - Started process (PID=210) to work on /home/airflow/.local/lib/python3.12/site-packages/airflow/example_dags/example_display_name.py
[2025-03-11T14:30:05.841+0000] {processor.py:914} INFO - Processing file /home/airflow/.local/lib/python3.12/site-packages/airflow/example_dags/example_display_name.py for tasks to queue
[2025-03-11T14:30:05.843+0000] {logging_mixin.py:190} INFO - [2025-03-11T14:30:05.843+0000] {dagbag.py:588} INFO - Filling up the DagBag from /home/airflow/.local/lib/python3.12/site-packages/airflow/example_dags/example_display_name.py
[2025-03-11T14:30:05.853+0000] {processor.py:925} INFO - DAG(s) 'example_display_name' retrieved from /home/airflow/.local/lib/python3.12/site-packages/airflow/example_dags/example_display_name.py
[2025-03-11T14:30:05.879+0000] {logging_mixin.py:190} INFO - [2025-03-11T14:30:05.879+0000] {dag.py:3239} INFO - Sync 1 DAGs
[2025-03-11T14:30:05.897+0000] {logging_mixin.py:190} INFO - [2025-03-11T14:30:05.897+0000] {dag.py:4180} INFO - Setting next_dagrun for example_display_name to None, run_after=None
[2025-03-11T14:30:05.920+0000] {processor.py:208} INFO - Processing /home/airflow/.local/lib/python3.12/site-packages/airflow/example_dags/example_display_name.py took 0.089 seconds
[2025-03-11T14:30:37.743+0000] {processor.py:186} INFO - Started process (PID=273) to work on /home/airflow/.local/lib/python3.12/site-packages/airflow/example_dags/example_display_name.py
[2025-03-11T14:30:37.744+0000] {processor.py:914} INFO - Processing file /home/airflow/.local/lib/python3.12/site-packages/airflow/example_dags/example_display_name.py for tasks to queue
[2025-03-11T14:30:37.747+0000] {logging_mixin.py:190} INFO - [2025-03-11T14:30:37.747+0000] {dagbag.py:588} INFO - Filling up the DagBag from /home/airflow/.local/lib/python3.12/site-packages/airflow/example_dags/example_display_name.py
[2025-03-11T14:30:37.757+0000] {processor.py:925} INFO - DAG(s) 'example_display_name' retrieved from /home/airflow/.local/lib/python3.12/site-packages/airflow/example_dags/example_display_name.py
[2025-03-11T14:30:37.774+0000] {logging_mixin.py:190} INFO - [2025-03-11T14:30:37.773+0000] {dag.py:3239} INFO - Sync 1 DAGs
[2025-03-11T14:30:37.787+0000] {logging_mixin.py:190} INFO - [2025-03-11T14:30:37.787+0000] {dag.py:4180} INFO - Setting next_dagrun for example_display_name to None, run_after=None
[2025-03-11T14:30:37.802+0000] {processor.py:208} INFO - Processing /home/airflow/.local/lib/python3.12/site-packages/airflow/example_dags/example_display_name.py took 0.066 seconds
[2025-03-11T14:31:10.187+0000] {processor.py:186} INFO - Started process (PID=337) to work on /home/airflow/.local/lib/python3.12/site-packages/airflow/example_dags/example_display_name.py
[2025-03-11T14:31:10.188+0000] {processor.py:914} INFO - Processing file /home/airflow/.local/lib/python3.12/site-packages/airflow/example_dags/example_display_name.py for tasks to queue
[2025-03-11T14:31:10.190+0000] {logging_mixin.py:190} INFO - [2025-03-11T14:31:10.190+0000] {dagbag.py:588} INFO - Filling up the DagBag from /home/airflow/.local/lib/python3.12/site-packages/airflow/example_dags/example_display_name.py
[2025-03-11T14:31:10.199+0000] {processor.py:925} INFO - DAG(s) 'example_display_name' retrieved from /home/airflow/.local/lib/python3.12/site-packages/airflow/example_dags/example_display_name.py
[2025-03-11T14:31:10.216+0000] {logging_mixin.py:190} INFO - [2025-03-11T14:31:10.215+0000] {dag.py:3239} INFO - Sync 1 DAGs
[2025-03-11T14:31:10.229+0000] {logging_mixin.py:190} INFO - [2025-03-11T14:31:10.229+0000] {dag.py:4180} INFO - Setting next_dagrun for example_display_name to None, run_after=None
[2025-03-11T14:31:10.246+0000] {processor.py:208} INFO - Processing /home/airflow/.local/lib/python3.12/site-packages/airflow/example_dags/example_display_name.py took 0.065 seconds
