[2025-03-11T13:10:36.029+0000] {processor.py:186} INFO - Started process (PID=76) to work on /home/airflow/.local/lib/python3.12/site-packages/airflow/example_dags/example_datasets.py
[2025-03-11T13:10:36.030+0000] {processor.py:914} INFO - Processing file /home/airflow/.local/lib/python3.12/site-packages/airflow/example_dags/example_datasets.py for tasks to queue
[2025-03-11T13:10:36.032+0000] {logging_mixin.py:190} INFO - [2025-03-11T13:10:36.031+0000] {dagbag.py:588} INFO - Filling up the DagBag from /home/airflow/.local/lib/python3.12/site-packages/airflow/example_dags/example_datasets.py
[2025-03-11T13:10:36.575+0000] {processor.py:925} INFO - DAG(s) 'dataset_consumes_1', 'dataset_consumes_unknown_never_scheduled', 'consume_1_or_2_with_dataset_expressions', 'dataset_produces_1', 'dataset_consumes_1_and_2', 'consume_1_or_both_2_and_3_with_dataset_expressions', 'conditional_dataset_and_time_based_timetable', 'dataset_produces_2', 'dataset_consumes_1_never_scheduled', 'consume_1_and_2_with_dataset_expressions' retrieved from /home/airflow/.local/lib/python3.12/site-packages/airflow/example_dags/example_datasets.py
[2025-03-11T13:10:36.640+0000] {logging_mixin.py:190} INFO - [2025-03-11T13:10:36.639+0000] {override.py:1912} INFO - Created Permission View: can read on DAG:dataset_consumes_1
[2025-03-11T13:10:36.649+0000] {logging_mixin.py:190} INFO - [2025-03-11T13:10:36.648+0000] {override.py:1912} INFO - Created Permission View: can edit on DAG:dataset_consumes_1
[2025-03-11T13:10:36.657+0000] {logging_mixin.py:190} INFO - [2025-03-11T13:10:36.656+0000] {override.py:1912} INFO - Created Permission View: can delete on DAG:dataset_consumes_1
[2025-03-11T13:10:36.663+0000] {logging_mixin.py:190} INFO - [2025-03-11T13:10:36.663+0000] {override.py:1912} INFO - Created Permission View: can read on DAG Run:dataset_consumes_1
[2025-03-11T13:10:36.676+0000] {logging_mixin.py:190} INFO - [2025-03-11T13:10:36.676+0000] {override.py:1912} INFO - Created Permission View: can delete on DAG Run:dataset_consumes_1
[2025-03-11T13:10:36.685+0000] {logging_mixin.py:190} INFO - [2025-03-11T13:10:36.685+0000] {override.py:1912} INFO - Created Permission View: can create on DAG Run:dataset_consumes_1
[2025-03-11T13:10:36.694+0000] {logging_mixin.py:190} INFO - [2025-03-11T13:10:36.693+0000] {override.py:1912} INFO - Created Permission View: menu access on DAG Run:dataset_consumes_1
[2025-03-11T13:10:36.709+0000] {logging_mixin.py:190} INFO - [2025-03-11T13:10:36.709+0000] {override.py:1912} INFO - Created Permission View: can read on DAG:dataset_consumes_unknown_never_scheduled
[2025-03-11T13:10:36.714+0000] {logging_mixin.py:190} INFO - [2025-03-11T13:10:36.714+0000] {override.py:1912} INFO - Created Permission View: can edit on DAG:dataset_consumes_unknown_never_scheduled
[2025-03-11T13:10:36.721+0000] {logging_mixin.py:190} INFO - [2025-03-11T13:10:36.720+0000] {override.py:1912} INFO - Created Permission View: can delete on DAG:dataset_consumes_unknown_never_scheduled
[2025-03-11T13:10:36.727+0000] {logging_mixin.py:190} INFO - [2025-03-11T13:10:36.727+0000] {override.py:1912} INFO - Created Permission View: can read on DAG Run:dataset_consumes_unknown_never_scheduled
[2025-03-11T13:10:36.731+0000] {logging_mixin.py:190} INFO - [2025-03-11T13:10:36.731+0000] {override.py:1912} INFO - Created Permission View: can delete on DAG Run:dataset_consumes_unknown_never_scheduled
[2025-03-11T13:10:36.739+0000] {logging_mixin.py:190} INFO - [2025-03-11T13:10:36.738+0000] {override.py:1912} INFO - Created Permission View: can create on DAG Run:dataset_consumes_unknown_never_scheduled
[2025-03-11T13:10:36.745+0000] {logging_mixin.py:190} INFO - [2025-03-11T13:10:36.744+0000] {override.py:1912} INFO - Created Permission View: menu access on DAG Run:dataset_consumes_unknown_never_scheduled
[2025-03-11T13:10:36.755+0000] {logging_mixin.py:190} INFO - [2025-03-11T13:10:36.755+0000] {override.py:1912} INFO - Created Permission View: can read on DAG:consume_1_or_2_with_dataset_expressions
[2025-03-11T13:10:36.761+0000] {logging_mixin.py:190} INFO - [2025-03-11T13:10:36.760+0000] {override.py:1912} INFO - Created Permission View: can edit on DAG:consume_1_or_2_with_dataset_expressions
[2025-03-11T13:10:36.764+0000] {logging_mixin.py:190} INFO - [2025-03-11T13:10:36.764+0000] {override.py:1912} INFO - Created Permission View: can delete on DAG:consume_1_or_2_with_dataset_expressions
[2025-03-11T13:10:36.771+0000] {logging_mixin.py:190} INFO - [2025-03-11T13:10:36.771+0000] {override.py:1912} INFO - Created Permission View: can read on DAG Run:consume_1_or_2_with_dataset_expressions
[2025-03-11T13:10:36.776+0000] {logging_mixin.py:190} INFO - [2025-03-11T13:10:36.776+0000] {override.py:1912} INFO - Created Permission View: can delete on DAG Run:consume_1_or_2_with_dataset_expressions
[2025-03-11T13:10:36.780+0000] {logging_mixin.py:190} INFO - [2025-03-11T13:10:36.780+0000] {override.py:1912} INFO - Created Permission View: can create on DAG Run:consume_1_or_2_with_dataset_expressions
[2025-03-11T13:10:36.786+0000] {logging_mixin.py:190} INFO - [2025-03-11T13:10:36.786+0000] {override.py:1912} INFO - Created Permission View: menu access on DAG Run:consume_1_or_2_with_dataset_expressions
[2025-03-11T13:10:36.795+0000] {logging_mixin.py:190} INFO - [2025-03-11T13:10:36.795+0000] {override.py:1912} INFO - Created Permission View: can read on DAG:dataset_produces_1
[2025-03-11T13:10:36.801+0000] {logging_mixin.py:190} INFO - [2025-03-11T13:10:36.801+0000] {override.py:1912} INFO - Created Permission View: can edit on DAG:dataset_produces_1
[2025-03-11T13:10:36.809+0000] {logging_mixin.py:190} INFO - [2025-03-11T13:10:36.808+0000] {override.py:1912} INFO - Created Permission View: can delete on DAG:dataset_produces_1
[2025-03-11T13:10:36.813+0000] {logging_mixin.py:190} INFO - [2025-03-11T13:10:36.813+0000] {override.py:1912} INFO - Created Permission View: can read on DAG Run:dataset_produces_1
[2025-03-11T13:10:36.819+0000] {logging_mixin.py:190} INFO - [2025-03-11T13:10:36.819+0000] {override.py:1912} INFO - Created Permission View: can delete on DAG Run:dataset_produces_1
[2025-03-11T13:10:36.832+0000] {logging_mixin.py:190} INFO - [2025-03-11T13:10:36.831+0000] {override.py:1912} INFO - Created Permission View: can create on DAG Run:dataset_produces_1
[2025-03-11T13:10:36.844+0000] {logging_mixin.py:190} INFO - [2025-03-11T13:10:36.844+0000] {override.py:1912} INFO - Created Permission View: menu access on DAG Run:dataset_produces_1
[2025-03-11T13:10:36.863+0000] {logging_mixin.py:190} INFO - [2025-03-11T13:10:36.862+0000] {override.py:1912} INFO - Created Permission View: can read on DAG:dataset_consumes_1_and_2
[2025-03-11T13:10:36.879+0000] {logging_mixin.py:190} INFO - [2025-03-11T13:10:36.878+0000] {override.py:1912} INFO - Created Permission View: can edit on DAG:dataset_consumes_1_and_2
[2025-03-11T13:10:36.888+0000] {logging_mixin.py:190} INFO - [2025-03-11T13:10:36.888+0000] {override.py:1912} INFO - Created Permission View: can delete on DAG:dataset_consumes_1_and_2
[2025-03-11T13:10:36.895+0000] {logging_mixin.py:190} INFO - [2025-03-11T13:10:36.895+0000] {override.py:1912} INFO - Created Permission View: can read on DAG Run:dataset_consumes_1_and_2
[2025-03-11T13:10:36.900+0000] {logging_mixin.py:190} INFO - [2025-03-11T13:10:36.900+0000] {override.py:1912} INFO - Created Permission View: can delete on DAG Run:dataset_consumes_1_and_2
[2025-03-11T13:10:36.909+0000] {logging_mixin.py:190} INFO - [2025-03-11T13:10:36.909+0000] {override.py:1912} INFO - Created Permission View: can create on DAG Run:dataset_consumes_1_and_2
[2025-03-11T13:10:36.913+0000] {logging_mixin.py:190} INFO - [2025-03-11T13:10:36.913+0000] {override.py:1912} INFO - Created Permission View: menu access on DAG Run:dataset_consumes_1_and_2
[2025-03-11T13:10:36.927+0000] {logging_mixin.py:190} INFO - [2025-03-11T13:10:36.927+0000] {override.py:1912} INFO - Created Permission View: can read on DAG:consume_1_or_both_2_and_3_with_dataset_expressions
[2025-03-11T13:10:36.932+0000] {logging_mixin.py:190} INFO - [2025-03-11T13:10:36.931+0000] {override.py:1912} INFO - Created Permission View: can edit on DAG:consume_1_or_both_2_and_3_with_dataset_expressions
[2025-03-11T13:10:36.945+0000] {logging_mixin.py:190} INFO - [2025-03-11T13:10:36.944+0000] {override.py:1912} INFO - Created Permission View: can delete on DAG:consume_1_or_both_2_and_3_with_dataset_expressions
[2025-03-11T13:10:36.956+0000] {logging_mixin.py:190} INFO - [2025-03-11T13:10:36.955+0000] {override.py:1912} INFO - Created Permission View: can read on DAG Run:consume_1_or_both_2_and_3_with_dataset_expressions
[2025-03-11T13:10:36.967+0000] {logging_mixin.py:190} INFO - [2025-03-11T13:10:36.966+0000] {override.py:1912} INFO - Created Permission View: can delete on DAG Run:consume_1_or_both_2_and_3_with_dataset_expressions
[2025-03-11T13:10:36.974+0000] {logging_mixin.py:190} INFO - [2025-03-11T13:10:36.974+0000] {override.py:1912} INFO - Created Permission View: can create on DAG Run:consume_1_or_both_2_and_3_with_dataset_expressions
[2025-03-11T13:10:36.978+0000] {logging_mixin.py:190} INFO - [2025-03-11T13:10:36.978+0000] {override.py:1912} INFO - Created Permission View: menu access on DAG Run:consume_1_or_both_2_and_3_with_dataset_expressions
[2025-03-11T13:10:36.987+0000] {logging_mixin.py:190} INFO - [2025-03-11T13:10:36.987+0000] {override.py:1912} INFO - Created Permission View: can read on DAG:conditional_dataset_and_time_based_timetable
[2025-03-11T13:10:36.993+0000] {logging_mixin.py:190} INFO - [2025-03-11T13:10:36.992+0000] {override.py:1912} INFO - Created Permission View: can edit on DAG:conditional_dataset_and_time_based_timetable
[2025-03-11T13:10:36.996+0000] {logging_mixin.py:190} INFO - [2025-03-11T13:10:36.996+0000] {override.py:1912} INFO - Created Permission View: can delete on DAG:conditional_dataset_and_time_based_timetable
[2025-03-11T13:10:37.004+0000] {logging_mixin.py:190} INFO - [2025-03-11T13:10:37.004+0000] {override.py:1912} INFO - Created Permission View: can read on DAG Run:conditional_dataset_and_time_based_timetable
[2025-03-11T13:10:37.011+0000] {logging_mixin.py:190} INFO - [2025-03-11T13:10:37.011+0000] {override.py:1912} INFO - Created Permission View: can delete on DAG Run:conditional_dataset_and_time_based_timetable
[2025-03-11T13:10:37.015+0000] {logging_mixin.py:190} INFO - [2025-03-11T13:10:37.014+0000] {override.py:1912} INFO - Created Permission View: can create on DAG Run:conditional_dataset_and_time_based_timetable
[2025-03-11T13:10:37.020+0000] {logging_mixin.py:190} INFO - [2025-03-11T13:10:37.020+0000] {override.py:1912} INFO - Created Permission View: menu access on DAG Run:conditional_dataset_and_time_based_timetable
[2025-03-11T13:10:37.030+0000] {logging_mixin.py:190} INFO - [2025-03-11T13:10:37.029+0000] {override.py:1912} INFO - Created Permission View: can read on DAG:dataset_produces_2
[2025-03-11T13:10:37.036+0000] {logging_mixin.py:190} INFO - [2025-03-11T13:10:37.036+0000] {override.py:1912} INFO - Created Permission View: can edit on DAG:dataset_produces_2
[2025-03-11T13:10:37.046+0000] {logging_mixin.py:190} INFO - [2025-03-11T13:10:37.046+0000] {override.py:1912} INFO - Created Permission View: can delete on DAG:dataset_produces_2
[2025-03-11T13:10:37.055+0000] {logging_mixin.py:190} INFO - [2025-03-11T13:10:37.055+0000] {override.py:1912} INFO - Created Permission View: can read on DAG Run:dataset_produces_2
[2025-03-11T13:10:37.062+0000] {logging_mixin.py:190} INFO - [2025-03-11T13:10:37.062+0000] {override.py:1912} INFO - Created Permission View: can delete on DAG Run:dataset_produces_2
[2025-03-11T13:10:37.069+0000] {logging_mixin.py:190} INFO - [2025-03-11T13:10:37.068+0000] {override.py:1912} INFO - Created Permission View: can create on DAG Run:dataset_produces_2
[2025-03-11T13:10:37.076+0000] {logging_mixin.py:190} INFO - [2025-03-11T13:10:37.076+0000] {override.py:1912} INFO - Created Permission View: menu access on DAG Run:dataset_produces_2
[2025-03-11T13:10:37.087+0000] {logging_mixin.py:190} INFO - [2025-03-11T13:10:37.087+0000] {override.py:1912} INFO - Created Permission View: can read on DAG:dataset_consumes_1_never_scheduled
[2025-03-11T13:10:37.094+0000] {logging_mixin.py:190} INFO - [2025-03-11T13:10:37.094+0000] {override.py:1912} INFO - Created Permission View: can edit on DAG:dataset_consumes_1_never_scheduled
[2025-03-11T13:10:37.098+0000] {logging_mixin.py:190} INFO - [2025-03-11T13:10:37.098+0000] {override.py:1912} INFO - Created Permission View: can delete on DAG:dataset_consumes_1_never_scheduled
[2025-03-11T13:10:37.108+0000] {logging_mixin.py:190} INFO - [2025-03-11T13:10:37.108+0000] {override.py:1912} INFO - Created Permission View: can read on DAG Run:dataset_consumes_1_never_scheduled
[2025-03-11T13:10:37.113+0000] {logging_mixin.py:190} INFO - [2025-03-11T13:10:37.112+0000] {override.py:1912} INFO - Created Permission View: can delete on DAG Run:dataset_consumes_1_never_scheduled
[2025-03-11T13:10:37.119+0000] {logging_mixin.py:190} INFO - [2025-03-11T13:10:37.118+0000] {override.py:1912} INFO - Created Permission View: can create on DAG Run:dataset_consumes_1_never_scheduled
[2025-03-11T13:10:37.126+0000] {logging_mixin.py:190} INFO - [2025-03-11T13:10:37.126+0000] {override.py:1912} INFO - Created Permission View: menu access on DAG Run:dataset_consumes_1_never_scheduled
[2025-03-11T13:10:37.138+0000] {logging_mixin.py:190} INFO - [2025-03-11T13:10:37.137+0000] {override.py:1912} INFO - Created Permission View: can read on DAG:consume_1_and_2_with_dataset_expressions
[2025-03-11T13:10:37.144+0000] {logging_mixin.py:190} INFO - [2025-03-11T13:10:37.144+0000] {override.py:1912} INFO - Created Permission View: can edit on DAG:consume_1_and_2_with_dataset_expressions
[2025-03-11T13:10:37.148+0000] {logging_mixin.py:190} INFO - [2025-03-11T13:10:37.148+0000] {override.py:1912} INFO - Created Permission View: can delete on DAG:consume_1_and_2_with_dataset_expressions
[2025-03-11T13:10:37.158+0000] {logging_mixin.py:190} INFO - [2025-03-11T13:10:37.158+0000] {override.py:1912} INFO - Created Permission View: can read on DAG Run:consume_1_and_2_with_dataset_expressions
[2025-03-11T13:10:37.162+0000] {logging_mixin.py:190} INFO - [2025-03-11T13:10:37.162+0000] {override.py:1912} INFO - Created Permission View: can delete on DAG Run:consume_1_and_2_with_dataset_expressions
[2025-03-11T13:10:37.168+0000] {logging_mixin.py:190} INFO - [2025-03-11T13:10:37.167+0000] {override.py:1912} INFO - Created Permission View: can create on DAG Run:consume_1_and_2_with_dataset_expressions
[2025-03-11T13:10:37.175+0000] {logging_mixin.py:190} INFO - [2025-03-11T13:10:37.175+0000] {override.py:1912} INFO - Created Permission View: menu access on DAG Run:consume_1_and_2_with_dataset_expressions
[2025-03-11T13:10:37.176+0000] {logging_mixin.py:190} INFO - [2025-03-11T13:10:37.176+0000] {dag.py:3239} INFO - Sync 10 DAGs
[2025-03-11T13:10:37.184+0000] {logging_mixin.py:190} INFO - [2025-03-11T13:10:37.183+0000] {dag.py:3262} INFO - Creating ORM DAG for dataset_consumes_unknown_never_scheduled
[2025-03-11T13:10:37.184+0000] {logging_mixin.py:190} INFO - [2025-03-11T13:10:37.184+0000] {dag.py:3262} INFO - Creating ORM DAG for dataset_consumes_1
[2025-03-11T13:10:37.185+0000] {logging_mixin.py:190} INFO - [2025-03-11T13:10:37.185+0000] {dag.py:3262} INFO - Creating ORM DAG for conditional_dataset_and_time_based_timetable
[2025-03-11T13:10:37.186+0000] {logging_mixin.py:190} INFO - [2025-03-11T13:10:37.185+0000] {dag.py:3262} INFO - Creating ORM DAG for dataset_produces_2
[2025-03-11T13:10:37.186+0000] {logging_mixin.py:190} INFO - [2025-03-11T13:10:37.186+0000] {dag.py:3262} INFO - Creating ORM DAG for consume_1_or_both_2_and_3_with_dataset_expressions
[2025-03-11T13:10:37.187+0000] {logging_mixin.py:190} INFO - [2025-03-11T13:10:37.187+0000] {dag.py:3262} INFO - Creating ORM DAG for dataset_consumes_1_never_scheduled
[2025-03-11T13:10:37.187+0000] {logging_mixin.py:190} INFO - [2025-03-11T13:10:37.187+0000] {dag.py:3262} INFO - Creating ORM DAG for consume_1_and_2_with_dataset_expressions
[2025-03-11T13:10:37.188+0000] {logging_mixin.py:190} INFO - [2025-03-11T13:10:37.188+0000] {dag.py:3262} INFO - Creating ORM DAG for dataset_produces_1
[2025-03-11T13:10:37.188+0000] {logging_mixin.py:190} INFO - [2025-03-11T13:10:37.188+0000] {dag.py:3262} INFO - Creating ORM DAG for consume_1_or_2_with_dataset_expressions
[2025-03-11T13:10:37.190+0000] {logging_mixin.py:190} INFO - [2025-03-11T13:10:37.189+0000] {dag.py:3262} INFO - Creating ORM DAG for dataset_consumes_1_and_2
[2025-03-11T13:10:37.196+0000] {logging_mixin.py:190} INFO - [2025-03-11T13:10:37.196+0000] {dag.py:4180} INFO - Setting next_dagrun for conditional_dataset_and_time_based_timetable to 2025-03-05 01:00:00+00:00, run_after=2025-03-05 01:00:00+00:00
[2025-03-11T13:10:37.196+0000] {logging_mixin.py:190} INFO - [2025-03-11T13:10:37.196+0000] {dag.py:4180} INFO - Setting next_dagrun for consume_1_and_2_with_dataset_expressions to None, run_after=None
[2025-03-11T13:10:37.196+0000] {logging_mixin.py:190} INFO - [2025-03-11T13:10:37.196+0000] {dag.py:4180} INFO - Setting next_dagrun for consume_1_or_2_with_dataset_expressions to None, run_after=None
[2025-03-11T13:10:37.197+0000] {logging_mixin.py:190} INFO - [2025-03-11T13:10:37.197+0000] {dag.py:4180} INFO - Setting next_dagrun for consume_1_or_both_2_and_3_with_dataset_expressions to None, run_after=None
[2025-03-11T13:10:37.197+0000] {logging_mixin.py:190} INFO - [2025-03-11T13:10:37.197+0000] {dag.py:4180} INFO - Setting next_dagrun for dataset_consumes_1 to None, run_after=None
[2025-03-11T13:10:37.197+0000] {logging_mixin.py:190} INFO - [2025-03-11T13:10:37.197+0000] {dag.py:4180} INFO - Setting next_dagrun for dataset_consumes_1_and_2 to None, run_after=None
[2025-03-11T13:10:37.197+0000] {logging_mixin.py:190} INFO - [2025-03-11T13:10:37.197+0000] {dag.py:4180} INFO - Setting next_dagrun for dataset_consumes_1_never_scheduled to None, run_after=None
[2025-03-11T13:10:37.198+0000] {logging_mixin.py:190} INFO - [2025-03-11T13:10:37.198+0000] {dag.py:4180} INFO - Setting next_dagrun for dataset_consumes_unknown_never_scheduled to None, run_after=None
[2025-03-11T13:10:37.199+0000] {logging_mixin.py:190} INFO - [2025-03-11T13:10:37.199+0000] {dag.py:4180} INFO - Setting next_dagrun for dataset_produces_1 to 2025-03-10 00:00:00+00:00, run_after=2025-03-11 00:00:00+00:00
[2025-03-11T13:10:37.200+0000] {logging_mixin.py:190} INFO - [2025-03-11T13:10:37.200+0000] {dag.py:4180} INFO - Setting next_dagrun for dataset_produces_2 to None, run_after=None
[2025-03-11T13:10:37.245+0000] {processor.py:208} INFO - Processing /home/airflow/.local/lib/python3.12/site-packages/airflow/example_dags/example_datasets.py took 1.219 seconds
[2025-03-11T13:11:07.309+0000] {processor.py:186} INFO - Started process (PID=143) to work on /home/airflow/.local/lib/python3.12/site-packages/airflow/example_dags/example_datasets.py
[2025-03-11T13:11:07.310+0000] {processor.py:914} INFO - Processing file /home/airflow/.local/lib/python3.12/site-packages/airflow/example_dags/example_datasets.py for tasks to queue
[2025-03-11T13:11:07.311+0000] {logging_mixin.py:190} INFO - [2025-03-11T13:11:07.311+0000] {dagbag.py:588} INFO - Filling up the DagBag from /home/airflow/.local/lib/python3.12/site-packages/airflow/example_dags/example_datasets.py
[2025-03-11T13:11:07.600+0000] {processor.py:925} INFO - DAG(s) 'conditional_dataset_and_time_based_timetable', 'consume_1_or_2_with_dataset_expressions', 'dataset_consumes_1', 'dataset_produces_2', 'dataset_consumes_1_never_scheduled', 'dataset_consumes_unknown_never_scheduled', 'consume_1_or_both_2_and_3_with_dataset_expressions', 'dataset_consumes_1_and_2', 'dataset_produces_1', 'consume_1_and_2_with_dataset_expressions' retrieved from /home/airflow/.local/lib/python3.12/site-packages/airflow/example_dags/example_datasets.py
[2025-03-11T13:11:07.620+0000] {logging_mixin.py:190} INFO - [2025-03-11T13:11:07.620+0000] {dag.py:3239} INFO - Sync 10 DAGs
[2025-03-11T13:11:07.633+0000] {logging_mixin.py:190} INFO - [2025-03-11T13:11:07.633+0000] {dag.py:4180} INFO - Setting next_dagrun for conditional_dataset_and_time_based_timetable to 2025-03-05 01:00:00+00:00, run_after=2025-03-05 01:00:00+00:00
[2025-03-11T13:11:07.635+0000] {logging_mixin.py:190} INFO - [2025-03-11T13:11:07.635+0000] {dag.py:4180} INFO - Setting next_dagrun for consume_1_and_2_with_dataset_expressions to None, run_after=None
[2025-03-11T13:11:07.636+0000] {logging_mixin.py:190} INFO - [2025-03-11T13:11:07.636+0000] {dag.py:4180} INFO - Setting next_dagrun for consume_1_or_2_with_dataset_expressions to None, run_after=None
[2025-03-11T13:11:07.637+0000] {logging_mixin.py:190} INFO - [2025-03-11T13:11:07.636+0000] {dag.py:4180} INFO - Setting next_dagrun for consume_1_or_both_2_and_3_with_dataset_expressions to None, run_after=None
[2025-03-11T13:11:07.637+0000] {logging_mixin.py:190} INFO - [2025-03-11T13:11:07.637+0000] {dag.py:4180} INFO - Setting next_dagrun for dataset_consumes_1 to None, run_after=None
[2025-03-11T13:11:07.638+0000] {logging_mixin.py:190} INFO - [2025-03-11T13:11:07.638+0000] {dag.py:4180} INFO - Setting next_dagrun for dataset_consumes_1_and_2 to None, run_after=None
[2025-03-11T13:11:07.638+0000] {logging_mixin.py:190} INFO - [2025-03-11T13:11:07.638+0000] {dag.py:4180} INFO - Setting next_dagrun for dataset_consumes_1_never_scheduled to None, run_after=None
[2025-03-11T13:11:07.639+0000] {logging_mixin.py:190} INFO - [2025-03-11T13:11:07.639+0000] {dag.py:4180} INFO - Setting next_dagrun for dataset_consumes_unknown_never_scheduled to None, run_after=None
[2025-03-11T13:11:07.640+0000] {logging_mixin.py:190} INFO - [2025-03-11T13:11:07.640+0000] {dag.py:4180} INFO - Setting next_dagrun for dataset_produces_1 to 2025-03-10 00:00:00+00:00, run_after=2025-03-11 00:00:00+00:00
[2025-03-11T13:11:07.640+0000] {logging_mixin.py:190} INFO - [2025-03-11T13:11:07.640+0000] {dag.py:4180} INFO - Setting next_dagrun for dataset_produces_2 to None, run_after=None
[2025-03-11T13:11:07.655+0000] {processor.py:208} INFO - Processing /home/airflow/.local/lib/python3.12/site-packages/airflow/example_dags/example_datasets.py took 0.349 seconds
[2025-03-11T13:11:38.397+0000] {processor.py:186} INFO - Started process (PID=206) to work on /home/airflow/.local/lib/python3.12/site-packages/airflow/example_dags/example_datasets.py
[2025-03-11T13:11:38.402+0000] {processor.py:914} INFO - Processing file /home/airflow/.local/lib/python3.12/site-packages/airflow/example_dags/example_datasets.py for tasks to queue
[2025-03-11T13:11:38.405+0000] {logging_mixin.py:190} INFO - [2025-03-11T13:11:38.404+0000] {dagbag.py:588} INFO - Filling up the DagBag from /home/airflow/.local/lib/python3.12/site-packages/airflow/example_dags/example_datasets.py
[2025-03-11T13:11:38.718+0000] {processor.py:925} INFO - DAG(s) 'dataset_consumes_unknown_never_scheduled', 'consume_1_or_both_2_and_3_with_dataset_expressions', 'conditional_dataset_and_time_based_timetable', 'dataset_produces_2', 'dataset_consumes_1_and_2', 'dataset_consumes_1_never_scheduled', 'consume_1_or_2_with_dataset_expressions', 'dataset_produces_1', 'consume_1_and_2_with_dataset_expressions', 'dataset_consumes_1' retrieved from /home/airflow/.local/lib/python3.12/site-packages/airflow/example_dags/example_datasets.py
[2025-03-11T13:11:38.748+0000] {logging_mixin.py:190} INFO - [2025-03-11T13:11:38.747+0000] {dag.py:3239} INFO - Sync 10 DAGs
[2025-03-11T13:11:38.760+0000] {logging_mixin.py:190} INFO - [2025-03-11T13:11:38.760+0000] {dag.py:4180} INFO - Setting next_dagrun for conditional_dataset_and_time_based_timetable to 2025-03-05 01:00:00+00:00, run_after=2025-03-05 01:00:00+00:00
[2025-03-11T13:11:38.762+0000] {logging_mixin.py:190} INFO - [2025-03-11T13:11:38.761+0000] {dag.py:4180} INFO - Setting next_dagrun for consume_1_and_2_with_dataset_expressions to None, run_after=None
[2025-03-11T13:11:38.763+0000] {logging_mixin.py:190} INFO - [2025-03-11T13:11:38.763+0000] {dag.py:4180} INFO - Setting next_dagrun for consume_1_or_2_with_dataset_expressions to None, run_after=None
[2025-03-11T13:11:38.764+0000] {logging_mixin.py:190} INFO - [2025-03-11T13:11:38.764+0000] {dag.py:4180} INFO - Setting next_dagrun for consume_1_or_both_2_and_3_with_dataset_expressions to None, run_after=None
[2025-03-11T13:11:38.764+0000] {logging_mixin.py:190} INFO - [2025-03-11T13:11:38.764+0000] {dag.py:4180} INFO - Setting next_dagrun for dataset_consumes_1 to None, run_after=None
[2025-03-11T13:11:38.765+0000] {logging_mixin.py:190} INFO - [2025-03-11T13:11:38.765+0000] {dag.py:4180} INFO - Setting next_dagrun for dataset_consumes_1_and_2 to None, run_after=None
[2025-03-11T13:11:38.766+0000] {logging_mixin.py:190} INFO - [2025-03-11T13:11:38.766+0000] {dag.py:4180} INFO - Setting next_dagrun for dataset_consumes_1_never_scheduled to None, run_after=None
[2025-03-11T13:11:38.767+0000] {logging_mixin.py:190} INFO - [2025-03-11T13:11:38.767+0000] {dag.py:4180} INFO - Setting next_dagrun for dataset_consumes_unknown_never_scheduled to None, run_after=None
[2025-03-11T13:11:38.768+0000] {logging_mixin.py:190} INFO - [2025-03-11T13:11:38.768+0000] {dag.py:4180} INFO - Setting next_dagrun for dataset_produces_1 to 2025-03-10 00:00:00+00:00, run_after=2025-03-11 00:00:00+00:00
[2025-03-11T13:11:38.769+0000] {logging_mixin.py:190} INFO - [2025-03-11T13:11:38.769+0000] {dag.py:4180} INFO - Setting next_dagrun for dataset_produces_2 to None, run_after=None
[2025-03-11T13:11:38.791+0000] {processor.py:208} INFO - Processing /home/airflow/.local/lib/python3.12/site-packages/airflow/example_dags/example_datasets.py took 0.399 seconds
[2025-03-11T13:12:09.289+0000] {processor.py:186} INFO - Started process (PID=269) to work on /home/airflow/.local/lib/python3.12/site-packages/airflow/example_dags/example_datasets.py
[2025-03-11T13:12:09.290+0000] {processor.py:914} INFO - Processing file /home/airflow/.local/lib/python3.12/site-packages/airflow/example_dags/example_datasets.py for tasks to queue
[2025-03-11T13:12:09.292+0000] {logging_mixin.py:190} INFO - [2025-03-11T13:12:09.292+0000] {dagbag.py:588} INFO - Filling up the DagBag from /home/airflow/.local/lib/python3.12/site-packages/airflow/example_dags/example_datasets.py
[2025-03-11T13:12:09.593+0000] {processor.py:925} INFO - DAG(s) 'consume_1_and_2_with_dataset_expressions', 'dataset_produces_2', 'conditional_dataset_and_time_based_timetable', 'dataset_consumes_1_and_2', 'dataset_consumes_1', 'consume_1_or_2_with_dataset_expressions', 'dataset_produces_1', 'dataset_consumes_1_never_scheduled', 'consume_1_or_both_2_and_3_with_dataset_expressions', 'dataset_consumes_unknown_never_scheduled' retrieved from /home/airflow/.local/lib/python3.12/site-packages/airflow/example_dags/example_datasets.py
[2025-03-11T13:12:09.622+0000] {logging_mixin.py:190} INFO - [2025-03-11T13:12:09.622+0000] {dag.py:3239} INFO - Sync 10 DAGs
[2025-03-11T13:12:09.634+0000] {logging_mixin.py:190} INFO - [2025-03-11T13:12:09.634+0000] {dag.py:4180} INFO - Setting next_dagrun for conditional_dataset_and_time_based_timetable to 2025-03-05 01:00:00+00:00, run_after=2025-03-05 01:00:00+00:00
[2025-03-11T13:12:09.636+0000] {logging_mixin.py:190} INFO - [2025-03-11T13:12:09.636+0000] {dag.py:4180} INFO - Setting next_dagrun for consume_1_and_2_with_dataset_expressions to None, run_after=None
[2025-03-11T13:12:09.637+0000] {logging_mixin.py:190} INFO - [2025-03-11T13:12:09.637+0000] {dag.py:4180} INFO - Setting next_dagrun for consume_1_or_2_with_dataset_expressions to None, run_after=None
[2025-03-11T13:12:09.638+0000] {logging_mixin.py:190} INFO - [2025-03-11T13:12:09.638+0000] {dag.py:4180} INFO - Setting next_dagrun for consume_1_or_both_2_and_3_with_dataset_expressions to None, run_after=None
[2025-03-11T13:12:09.639+0000] {logging_mixin.py:190} INFO - [2025-03-11T13:12:09.639+0000] {dag.py:4180} INFO - Setting next_dagrun for dataset_consumes_1 to None, run_after=None
[2025-03-11T13:12:09.640+0000] {logging_mixin.py:190} INFO - [2025-03-11T13:12:09.640+0000] {dag.py:4180} INFO - Setting next_dagrun for dataset_consumes_1_and_2 to None, run_after=None
[2025-03-11T13:12:09.643+0000] {logging_mixin.py:190} INFO - [2025-03-11T13:12:09.643+0000] {dag.py:4180} INFO - Setting next_dagrun for dataset_consumes_1_never_scheduled to None, run_after=None
[2025-03-11T13:12:09.644+0000] {logging_mixin.py:190} INFO - [2025-03-11T13:12:09.644+0000] {dag.py:4180} INFO - Setting next_dagrun for dataset_consumes_unknown_never_scheduled to None, run_after=None
[2025-03-11T13:12:09.646+0000] {logging_mixin.py:190} INFO - [2025-03-11T13:12:09.646+0000] {dag.py:4180} INFO - Setting next_dagrun for dataset_produces_1 to 2025-03-10 00:00:00+00:00, run_after=2025-03-11 00:00:00+00:00
[2025-03-11T13:12:09.646+0000] {logging_mixin.py:190} INFO - [2025-03-11T13:12:09.646+0000] {dag.py:4180} INFO - Setting next_dagrun for dataset_produces_2 to None, run_after=None
[2025-03-11T13:12:09.666+0000] {processor.py:208} INFO - Processing /home/airflow/.local/lib/python3.12/site-packages/airflow/example_dags/example_datasets.py took 0.384 seconds
[2025-03-11T13:12:40.361+0000] {processor.py:186} INFO - Started process (PID=332) to work on /home/airflow/.local/lib/python3.12/site-packages/airflow/example_dags/example_datasets.py
[2025-03-11T13:12:40.362+0000] {processor.py:914} INFO - Processing file /home/airflow/.local/lib/python3.12/site-packages/airflow/example_dags/example_datasets.py for tasks to queue
[2025-03-11T13:12:40.364+0000] {logging_mixin.py:190} INFO - [2025-03-11T13:12:40.364+0000] {dagbag.py:588} INFO - Filling up the DagBag from /home/airflow/.local/lib/python3.12/site-packages/airflow/example_dags/example_datasets.py
[2025-03-11T13:12:40.783+0000] {processor.py:925} INFO - DAG(s) 'dataset_consumes_1', 'conditional_dataset_and_time_based_timetable', 'dataset_consumes_1_and_2', 'dataset_produces_2', 'dataset_produces_1', 'consume_1_or_2_with_dataset_expressions', 'dataset_consumes_1_never_scheduled', 'consume_1_and_2_with_dataset_expressions', 'dataset_consumes_unknown_never_scheduled', 'consume_1_or_both_2_and_3_with_dataset_expressions' retrieved from /home/airflow/.local/lib/python3.12/site-packages/airflow/example_dags/example_datasets.py
[2025-03-11T13:12:40.812+0000] {logging_mixin.py:190} INFO - [2025-03-11T13:12:40.812+0000] {dag.py:3239} INFO - Sync 10 DAGs
[2025-03-11T13:12:40.827+0000] {logging_mixin.py:190} INFO - [2025-03-11T13:12:40.827+0000] {dag.py:4180} INFO - Setting next_dagrun for conditional_dataset_and_time_based_timetable to 2025-03-05 01:00:00+00:00, run_after=2025-03-05 01:00:00+00:00
[2025-03-11T13:12:40.830+0000] {logging_mixin.py:190} INFO - [2025-03-11T13:12:40.830+0000] {dag.py:4180} INFO - Setting next_dagrun for consume_1_and_2_with_dataset_expressions to None, run_after=None
[2025-03-11T13:12:40.831+0000] {logging_mixin.py:190} INFO - [2025-03-11T13:12:40.831+0000] {dag.py:4180} INFO - Setting next_dagrun for consume_1_or_2_with_dataset_expressions to None, run_after=None
[2025-03-11T13:12:40.832+0000] {logging_mixin.py:190} INFO - [2025-03-11T13:12:40.832+0000] {dag.py:4180} INFO - Setting next_dagrun for consume_1_or_both_2_and_3_with_dataset_expressions to None, run_after=None
[2025-03-11T13:12:40.833+0000] {logging_mixin.py:190} INFO - [2025-03-11T13:12:40.833+0000] {dag.py:4180} INFO - Setting next_dagrun for dataset_consumes_1 to None, run_after=None
[2025-03-11T13:12:40.834+0000] {logging_mixin.py:190} INFO - [2025-03-11T13:12:40.834+0000] {dag.py:4180} INFO - Setting next_dagrun for dataset_consumes_1_and_2 to None, run_after=None
[2025-03-11T13:12:40.834+0000] {logging_mixin.py:190} INFO - [2025-03-11T13:12:40.834+0000] {dag.py:4180} INFO - Setting next_dagrun for dataset_consumes_1_never_scheduled to None, run_after=None
[2025-03-11T13:12:40.835+0000] {logging_mixin.py:190} INFO - [2025-03-11T13:12:40.835+0000] {dag.py:4180} INFO - Setting next_dagrun for dataset_consumes_unknown_never_scheduled to None, run_after=None
[2025-03-11T13:12:40.837+0000] {logging_mixin.py:190} INFO - [2025-03-11T13:12:40.837+0000] {dag.py:4180} INFO - Setting next_dagrun for dataset_produces_1 to 2025-03-10 00:00:00+00:00, run_after=2025-03-11 00:00:00+00:00
[2025-03-11T13:12:40.838+0000] {logging_mixin.py:190} INFO - [2025-03-11T13:12:40.838+0000] {dag.py:4180} INFO - Setting next_dagrun for dataset_produces_2 to None, run_after=None
[2025-03-11T13:12:40.856+0000] {processor.py:208} INFO - Processing /home/airflow/.local/lib/python3.12/site-packages/airflow/example_dags/example_datasets.py took 0.502 seconds
