[2025-03-11T13:10:35.188+0000] {processor.py:186} INFO - Started process (PID=71) to work on /home/airflow/.local/lib/python3.12/site-packages/airflow/example_dags/example_branch_labels.py
[2025-03-11T13:10:35.189+0000] {processor.py:914} INFO - Processing file /home/airflow/.local/lib/python3.12/site-packages/airflow/example_dags/example_branch_labels.py for tasks to queue
[2025-03-11T13:10:35.194+0000] {logging_mixin.py:190} INFO - [2025-03-11T13:10:35.193+0000] {dagbag.py:588} INFO - Filling up the DagBag from /home/airflow/.local/lib/python3.12/site-packages/airflow/example_dags/example_branch_labels.py
[2025-03-11T13:10:35.205+0000] {processor.py:925} INFO - DAG(s) 'example_branch_labels' retrieved from /home/airflow/.local/lib/python3.12/site-packages/airflow/example_dags/example_branch_labels.py
[2025-03-11T13:10:35.308+0000] {logging_mixin.py:190} INFO - [2025-03-11T13:10:35.307+0000] {override.py:1912} INFO - Created Permission View: can read on DAG:example_branch_labels
[2025-03-11T13:10:35.316+0000] {logging_mixin.py:190} INFO - [2025-03-11T13:10:35.316+0000] {override.py:1912} INFO - Created Permission View: can edit on DAG:example_branch_labels
[2025-03-11T13:10:35.329+0000] {logging_mixin.py:190} INFO - [2025-03-11T13:10:35.328+0000] {override.py:1912} INFO - Created Permission View: can delete on DAG:example_branch_labels
[2025-03-11T13:10:35.343+0000] {logging_mixin.py:190} INFO - [2025-03-11T13:10:35.342+0000] {override.py:1912} INFO - Created Permission View: can read on DAG Run:example_branch_labels
[2025-03-11T13:10:35.347+0000] {logging_mixin.py:190} INFO - [2025-03-11T13:10:35.346+0000] {override.py:1912} INFO - Created Permission View: can delete on DAG Run:example_branch_labels
[2025-03-11T13:10:35.353+0000] {logging_mixin.py:190} INFO - [2025-03-11T13:10:35.353+0000] {override.py:1912} INFO - Created Permission View: can create on DAG Run:example_branch_labels
[2025-03-11T13:10:35.361+0000] {logging_mixin.py:190} INFO - [2025-03-11T13:10:35.361+0000] {override.py:1912} INFO - Created Permission View: menu access on DAG Run:example_branch_labels
[2025-03-11T13:10:35.364+0000] {logging_mixin.py:190} INFO - [2025-03-11T13:10:35.364+0000] {dag.py:3239} INFO - Sync 1 DAGs
[2025-03-11T13:10:35.374+0000] {logging_mixin.py:190} INFO - [2025-03-11T13:10:35.374+0000] {dag.py:3262} INFO - Creating ORM DAG for example_branch_labels
[2025-03-11T13:10:35.381+0000] {logging_mixin.py:190} INFO - [2025-03-11T13:10:35.381+0000] {dag.py:4180} INFO - Setting next_dagrun for example_branch_labels to 2025-03-10 00:00:00+00:00, run_after=2025-03-11 00:00:00+00:00
[2025-03-11T13:10:35.394+0000] {processor.py:208} INFO - Processing /home/airflow/.local/lib/python3.12/site-packages/airflow/example_dags/example_branch_labels.py took 0.214 seconds
[2025-03-11T13:11:05.610+0000] {processor.py:186} INFO - Started process (PID=134) to work on /home/airflow/.local/lib/python3.12/site-packages/airflow/example_dags/example_branch_labels.py
[2025-03-11T13:11:05.610+0000] {processor.py:914} INFO - Processing file /home/airflow/.local/lib/python3.12/site-packages/airflow/example_dags/example_branch_labels.py for tasks to queue
[2025-03-11T13:11:05.611+0000] {logging_mixin.py:190} INFO - [2025-03-11T13:11:05.611+0000] {dagbag.py:588} INFO - Filling up the DagBag from /home/airflow/.local/lib/python3.12/site-packages/airflow/example_dags/example_branch_labels.py
[2025-03-11T13:11:05.621+0000] {processor.py:925} INFO - DAG(s) 'example_branch_labels' retrieved from /home/airflow/.local/lib/python3.12/site-packages/airflow/example_dags/example_branch_labels.py
[2025-03-11T13:11:05.635+0000] {logging_mixin.py:190} INFO - [2025-03-11T13:11:05.634+0000] {dag.py:3239} INFO - Sync 1 DAGs
[2025-03-11T13:11:05.658+0000] {logging_mixin.py:190} INFO - [2025-03-11T13:11:05.658+0000] {dag.py:4180} INFO - Setting next_dagrun for example_branch_labels to 2025-03-10 00:00:00+00:00, run_after=2025-03-11 00:00:00+00:00
[2025-03-11T13:11:05.682+0000] {processor.py:208} INFO - Processing /home/airflow/.local/lib/python3.12/site-packages/airflow/example_dags/example_branch_labels.py took 0.077 seconds
[2025-03-11T13:11:36.024+0000] {processor.py:186} INFO - Started process (PID=197) to work on /home/airflow/.local/lib/python3.12/site-packages/airflow/example_dags/example_branch_labels.py
[2025-03-11T13:11:36.025+0000] {processor.py:914} INFO - Processing file /home/airflow/.local/lib/python3.12/site-packages/airflow/example_dags/example_branch_labels.py for tasks to queue
[2025-03-11T13:11:36.026+0000] {logging_mixin.py:190} INFO - [2025-03-11T13:11:36.026+0000] {dagbag.py:588} INFO - Filling up the DagBag from /home/airflow/.local/lib/python3.12/site-packages/airflow/example_dags/example_branch_labels.py
[2025-03-11T13:11:36.033+0000] {processor.py:925} INFO - DAG(s) 'example_branch_labels' retrieved from /home/airflow/.local/lib/python3.12/site-packages/airflow/example_dags/example_branch_labels.py
[2025-03-11T13:11:36.044+0000] {logging_mixin.py:190} INFO - [2025-03-11T13:11:36.044+0000] {dag.py:3239} INFO - Sync 1 DAGs
[2025-03-11T13:11:36.056+0000] {logging_mixin.py:190} INFO - [2025-03-11T13:11:36.056+0000] {dag.py:4180} INFO - Setting next_dagrun for example_branch_labels to 2025-03-10 00:00:00+00:00, run_after=2025-03-11 00:00:00+00:00
[2025-03-11T13:11:36.064+0000] {processor.py:208} INFO - Processing /home/airflow/.local/lib/python3.12/site-packages/airflow/example_dags/example_branch_labels.py took 0.044 seconds
[2025-03-11T13:12:06.779+0000] {processor.py:186} INFO - Started process (PID=259) to work on /home/airflow/.local/lib/python3.12/site-packages/airflow/example_dags/example_branch_labels.py
[2025-03-11T13:12:06.783+0000] {processor.py:914} INFO - Processing file /home/airflow/.local/lib/python3.12/site-packages/airflow/example_dags/example_branch_labels.py for tasks to queue
[2025-03-11T13:12:06.784+0000] {logging_mixin.py:190} INFO - [2025-03-11T13:12:06.784+0000] {dagbag.py:588} INFO - Filling up the DagBag from /home/airflow/.local/lib/python3.12/site-packages/airflow/example_dags/example_branch_labels.py
[2025-03-11T13:12:06.790+0000] {processor.py:925} INFO - DAG(s) 'example_branch_labels' retrieved from /home/airflow/.local/lib/python3.12/site-packages/airflow/example_dags/example_branch_labels.py
[2025-03-11T13:12:06.805+0000] {logging_mixin.py:190} INFO - [2025-03-11T13:12:06.805+0000] {dag.py:3239} INFO - Sync 1 DAGs
[2025-03-11T13:12:06.818+0000] {logging_mixin.py:190} INFO - [2025-03-11T13:12:06.817+0000] {dag.py:4180} INFO - Setting next_dagrun for example_branch_labels to 2025-03-10 00:00:00+00:00, run_after=2025-03-11 00:00:00+00:00
[2025-03-11T13:12:06.827+0000] {processor.py:208} INFO - Processing /home/airflow/.local/lib/python3.12/site-packages/airflow/example_dags/example_branch_labels.py took 0.052 seconds
[2025-03-11T13:12:38.246+0000] {processor.py:186} INFO - Started process (PID=322) to work on /home/airflow/.local/lib/python3.12/site-packages/airflow/example_dags/example_branch_labels.py
[2025-03-11T13:12:38.251+0000] {processor.py:914} INFO - Processing file /home/airflow/.local/lib/python3.12/site-packages/airflow/example_dags/example_branch_labels.py for tasks to queue
[2025-03-11T13:12:38.255+0000] {logging_mixin.py:190} INFO - [2025-03-11T13:12:38.254+0000] {dagbag.py:588} INFO - Filling up the DagBag from /home/airflow/.local/lib/python3.12/site-packages/airflow/example_dags/example_branch_labels.py
[2025-03-11T13:12:38.271+0000] {processor.py:925} INFO - DAG(s) 'example_branch_labels' retrieved from /home/airflow/.local/lib/python3.12/site-packages/airflow/example_dags/example_branch_labels.py
[2025-03-11T13:12:38.304+0000] {logging_mixin.py:190} INFO - [2025-03-11T13:12:38.303+0000] {dag.py:3239} INFO - Sync 1 DAGs
[2025-03-11T13:12:38.338+0000] {logging_mixin.py:190} INFO - [2025-03-11T13:12:38.338+0000] {dag.py:4180} INFO - Setting next_dagrun for example_branch_labels to 2025-03-10 00:00:00+00:00, run_after=2025-03-11 00:00:00+00:00
[2025-03-11T13:12:38.361+0000] {processor.py:208} INFO - Processing /home/airflow/.local/lib/python3.12/site-packages/airflow/example_dags/example_branch_labels.py took 0.126 seconds
[2025-03-11T14:00:39.164+0000] {processor.py:186} INFO - Started process (PID=144) to work on /home/airflow/.local/lib/python3.12/site-packages/airflow/example_dags/example_branch_labels.py
[2025-03-11T14:00:39.171+0000] {processor.py:914} INFO - Processing file /home/airflow/.local/lib/python3.12/site-packages/airflow/example_dags/example_branch_labels.py for tasks to queue
[2025-03-11T14:00:39.186+0000] {logging_mixin.py:190} INFO - [2025-03-11T14:00:39.186+0000] {dagbag.py:588} INFO - Filling up the DagBag from /home/airflow/.local/lib/python3.12/site-packages/airflow/example_dags/example_branch_labels.py
[2025-03-11T14:00:39.250+0000] {processor.py:925} INFO - DAG(s) 'example_branch_labels' retrieved from /home/airflow/.local/lib/python3.12/site-packages/airflow/example_dags/example_branch_labels.py
[2025-03-11T14:00:40.057+0000] {logging_mixin.py:190} INFO - [2025-03-11T14:00:40.051+0000] {override.py:1912} INFO - Created Permission View: can edit on DAG:example_branch_labels
[2025-03-11T14:00:40.198+0000] {logging_mixin.py:190} INFO - [2025-03-11T14:00:40.198+0000] {override.py:1912} INFO - Created Permission View: can delete on DAG:example_branch_labels
[2025-03-11T14:00:40.250+0000] {logging_mixin.py:190} INFO - [2025-03-11T14:00:40.249+0000] {override.py:1912} INFO - Created Permission View: can read on DAG:example_branch_labels
[2025-03-11T14:00:40.294+0000] {logging_mixin.py:190} INFO - [2025-03-11T14:00:40.294+0000] {override.py:1912} INFO - Created Permission View: can create on DAG Run:example_branch_labels
[2025-03-11T14:00:40.338+0000] {logging_mixin.py:190} INFO - [2025-03-11T14:00:40.337+0000] {override.py:1912} INFO - Created Permission View: can delete on DAG Run:example_branch_labels
[2025-03-11T14:00:40.399+0000] {logging_mixin.py:190} INFO - [2025-03-11T14:00:40.395+0000] {override.py:1912} INFO - Created Permission View: can read on DAG Run:example_branch_labels
[2025-03-11T14:00:40.479+0000] {logging_mixin.py:190} INFO - [2025-03-11T14:00:40.478+0000] {override.py:1912} INFO - Created Permission View: menu access on DAG Run:example_branch_labels
[2025-03-11T14:00:40.479+0000] {logging_mixin.py:190} INFO - [2025-03-11T14:00:40.479+0000] {dag.py:3239} INFO - Sync 1 DAGs
[2025-03-11T14:00:40.651+0000] {logging_mixin.py:190} INFO - [2025-03-11T14:00:40.644+0000] {dag.py:3262} INFO - Creating ORM DAG for example_branch_labels
[2025-03-11T14:00:40.746+0000] {logging_mixin.py:190} INFO - [2025-03-11T14:00:40.739+0000] {dag.py:4180} INFO - Setting next_dagrun for example_branch_labels to 2025-03-10 00:00:00+00:00, run_after=2025-03-11 00:00:00+00:00
[2025-03-11T14:00:40.891+0000] {processor.py:208} INFO - Processing /home/airflow/.local/lib/python3.12/site-packages/airflow/example_dags/example_branch_labels.py took 1.776 seconds
[2025-03-11T14:29:10.802+0000] {processor.py:186} INFO - Started process (PID=115) to work on /home/airflow/.local/lib/python3.12/site-packages/airflow/example_dags/example_branch_labels.py
[2025-03-11T14:29:10.806+0000] {processor.py:914} INFO - Processing file /home/airflow/.local/lib/python3.12/site-packages/airflow/example_dags/example_branch_labels.py for tasks to queue
[2025-03-11T14:29:10.809+0000] {logging_mixin.py:190} INFO - [2025-03-11T14:29:10.809+0000] {dagbag.py:588} INFO - Filling up the DagBag from /home/airflow/.local/lib/python3.12/site-packages/airflow/example_dags/example_branch_labels.py
[2025-03-11T14:29:10.835+0000] {processor.py:925} INFO - DAG(s) 'example_branch_labels' retrieved from /home/airflow/.local/lib/python3.12/site-packages/airflow/example_dags/example_branch_labels.py
[2025-03-11T14:29:10.862+0000] {logging_mixin.py:190} INFO - [2025-03-11T14:29:10.861+0000] {dag.py:3239} INFO - Sync 1 DAGs
[2025-03-11T14:29:10.922+0000] {logging_mixin.py:190} INFO - [2025-03-11T14:29:10.921+0000] {dag.py:4180} INFO - Setting next_dagrun for example_branch_labels to 2025-03-10 00:00:00+00:00, run_after=2025-03-11 00:00:00+00:00
[2025-03-11T14:29:10.942+0000] {processor.py:208} INFO - Processing /home/airflow/.local/lib/python3.12/site-packages/airflow/example_dags/example_branch_labels.py took 0.158 seconds
[2025-03-11T14:29:41.235+0000] {processor.py:186} INFO - Started process (PID=178) to work on /home/airflow/.local/lib/python3.12/site-packages/airflow/example_dags/example_branch_labels.py
[2025-03-11T14:29:41.236+0000] {processor.py:914} INFO - Processing file /home/airflow/.local/lib/python3.12/site-packages/airflow/example_dags/example_branch_labels.py for tasks to queue
[2025-03-11T14:29:41.238+0000] {logging_mixin.py:190} INFO - [2025-03-11T14:29:41.238+0000] {dagbag.py:588} INFO - Filling up the DagBag from /home/airflow/.local/lib/python3.12/site-packages/airflow/example_dags/example_branch_labels.py
[2025-03-11T14:29:41.250+0000] {processor.py:925} INFO - DAG(s) 'example_branch_labels' retrieved from /home/airflow/.local/lib/python3.12/site-packages/airflow/example_dags/example_branch_labels.py
[2025-03-11T14:29:41.271+0000] {logging_mixin.py:190} INFO - [2025-03-11T14:29:41.271+0000] {dag.py:3239} INFO - Sync 1 DAGs
[2025-03-11T14:29:41.294+0000] {logging_mixin.py:190} INFO - [2025-03-11T14:29:41.293+0000] {dag.py:4180} INFO - Setting next_dagrun for example_branch_labels to 2025-03-10 00:00:00+00:00, run_after=2025-03-11 00:00:00+00:00
[2025-03-11T14:29:41.310+0000] {processor.py:208} INFO - Processing /home/airflow/.local/lib/python3.12/site-packages/airflow/example_dags/example_branch_labels.py took 0.081 seconds
[2025-03-11T14:30:11.696+0000] {processor.py:186} INFO - Started process (PID=239) to work on /home/airflow/.local/lib/python3.12/site-packages/airflow/example_dags/example_branch_labels.py
[2025-03-11T14:30:11.698+0000] {processor.py:914} INFO - Processing file /home/airflow/.local/lib/python3.12/site-packages/airflow/example_dags/example_branch_labels.py for tasks to queue
[2025-03-11T14:30:11.700+0000] {logging_mixin.py:190} INFO - [2025-03-11T14:30:11.699+0000] {dagbag.py:588} INFO - Filling up the DagBag from /home/airflow/.local/lib/python3.12/site-packages/airflow/example_dags/example_branch_labels.py
[2025-03-11T14:30:11.709+0000] {processor.py:925} INFO - DAG(s) 'example_branch_labels' retrieved from /home/airflow/.local/lib/python3.12/site-packages/airflow/example_dags/example_branch_labels.py
[2025-03-11T14:30:11.730+0000] {logging_mixin.py:190} INFO - [2025-03-11T14:30:11.729+0000] {dag.py:3239} INFO - Sync 1 DAGs
[2025-03-11T14:30:11.756+0000] {logging_mixin.py:190} INFO - [2025-03-11T14:30:11.756+0000] {dag.py:4180} INFO - Setting next_dagrun for example_branch_labels to 2025-03-10 00:00:00+00:00, run_after=2025-03-11 00:00:00+00:00
[2025-03-11T14:30:11.773+0000] {processor.py:208} INFO - Processing /home/airflow/.local/lib/python3.12/site-packages/airflow/example_dags/example_branch_labels.py took 0.083 seconds
[2025-03-11T14:30:42.136+0000] {processor.py:186} INFO - Started process (PID=302) to work on /home/airflow/.local/lib/python3.12/site-packages/airflow/example_dags/example_branch_labels.py
[2025-03-11T14:30:42.138+0000] {processor.py:914} INFO - Processing file /home/airflow/.local/lib/python3.12/site-packages/airflow/example_dags/example_branch_labels.py for tasks to queue
[2025-03-11T14:30:42.140+0000] {logging_mixin.py:190} INFO - [2025-03-11T14:30:42.140+0000] {dagbag.py:588} INFO - Filling up the DagBag from /home/airflow/.local/lib/python3.12/site-packages/airflow/example_dags/example_branch_labels.py
[2025-03-11T14:30:42.151+0000] {processor.py:925} INFO - DAG(s) 'example_branch_labels' retrieved from /home/airflow/.local/lib/python3.12/site-packages/airflow/example_dags/example_branch_labels.py
[2025-03-11T14:30:42.172+0000] {logging_mixin.py:190} INFO - [2025-03-11T14:30:42.172+0000] {dag.py:3239} INFO - Sync 1 DAGs
[2025-03-11T14:30:42.196+0000] {logging_mixin.py:190} INFO - [2025-03-11T14:30:42.196+0000] {dag.py:4180} INFO - Setting next_dagrun for example_branch_labels to 2025-03-10 00:00:00+00:00, run_after=2025-03-11 00:00:00+00:00
[2025-03-11T14:30:42.215+0000] {processor.py:208} INFO - Processing /home/airflow/.local/lib/python3.12/site-packages/airflow/example_dags/example_branch_labels.py took 0.084 seconds
[2025-03-11T14:31:12.900+0000] {processor.py:186} INFO - Started process (PID=365) to work on /home/airflow/.local/lib/python3.12/site-packages/airflow/example_dags/example_branch_labels.py
[2025-03-11T14:31:12.903+0000] {processor.py:914} INFO - Processing file /home/airflow/.local/lib/python3.12/site-packages/airflow/example_dags/example_branch_labels.py for tasks to queue
[2025-03-11T14:31:12.905+0000] {logging_mixin.py:190} INFO - [2025-03-11T14:31:12.905+0000] {dagbag.py:588} INFO - Filling up the DagBag from /home/airflow/.local/lib/python3.12/site-packages/airflow/example_dags/example_branch_labels.py
[2025-03-11T14:31:12.919+0000] {processor.py:925} INFO - DAG(s) 'example_branch_labels' retrieved from /home/airflow/.local/lib/python3.12/site-packages/airflow/example_dags/example_branch_labels.py
[2025-03-11T14:31:12.944+0000] {logging_mixin.py:190} INFO - [2025-03-11T14:31:12.944+0000] {dag.py:3239} INFO - Sync 1 DAGs
[2025-03-11T14:31:12.975+0000] {logging_mixin.py:190} INFO - [2025-03-11T14:31:12.975+0000] {dag.py:4180} INFO - Setting next_dagrun for example_branch_labels to 2025-03-10 00:00:00+00:00, run_after=2025-03-11 00:00:00+00:00
[2025-03-11T14:31:12.996+0000] {processor.py:208} INFO - Processing /home/airflow/.local/lib/python3.12/site-packages/airflow/example_dags/example_branch_labels.py took 0.103 seconds
