[2025-03-11T13:10:38.241+0000] {processor.py:186} INFO - Started process (PID=89) to work on /home/airflow/.local/lib/python3.12/site-packages/airflow/example_dags/example_xcom.py
[2025-03-11T13:10:38.241+0000] {processor.py:914} INFO - Processing file /home/airflow/.local/lib/python3.12/site-packages/airflow/example_dags/example_xcom.py for tasks to queue
[2025-03-11T13:10:38.243+0000] {logging_mixin.py:190} INFO - [2025-03-11T13:10:38.242+0000] {dagbag.py:588} INFO - Filling up the DagBag from /home/airflow/.local/lib/python3.12/site-packages/airflow/example_dags/example_xcom.py
[2025-03-11T13:10:38.249+0000] {processor.py:925} INFO - DAG(s) 'example_xcom' retrieved from /home/airflow/.local/lib/python3.12/site-packages/airflow/example_dags/example_xcom.py
[2025-03-11T13:10:38.316+0000] {logging_mixin.py:190} INFO - [2025-03-11T13:10:38.316+0000] {override.py:1912} INFO - Created Permission View: can read on DAG:example_xcom
[2025-03-11T13:10:38.322+0000] {logging_mixin.py:190} INFO - [2025-03-11T13:10:38.322+0000] {override.py:1912} INFO - Created Permission View: can edit on DAG:example_xcom
[2025-03-11T13:10:38.327+0000] {logging_mixin.py:190} INFO - [2025-03-11T13:10:38.326+0000] {override.py:1912} INFO - Created Permission View: can delete on DAG:example_xcom
[2025-03-11T13:10:38.330+0000] {logging_mixin.py:190} INFO - [2025-03-11T13:10:38.330+0000] {override.py:1912} INFO - Created Permission View: can read on DAG Run:example_xcom
[2025-03-11T13:10:38.340+0000] {logging_mixin.py:190} INFO - [2025-03-11T13:10:38.340+0000] {override.py:1912} INFO - Created Permission View: can delete on DAG Run:example_xcom
[2025-03-11T13:10:38.344+0000] {logging_mixin.py:190} INFO - [2025-03-11T13:10:38.344+0000] {override.py:1912} INFO - Created Permission View: can create on DAG Run:example_xcom
[2025-03-11T13:10:38.348+0000] {logging_mixin.py:190} INFO - [2025-03-11T13:10:38.347+0000] {override.py:1912} INFO - Created Permission View: menu access on DAG Run:example_xcom
[2025-03-11T13:10:38.348+0000] {logging_mixin.py:190} INFO - [2025-03-11T13:10:38.348+0000] {dag.py:3239} INFO - Sync 1 DAGs
[2025-03-11T13:10:38.359+0000] {logging_mixin.py:190} INFO - [2025-03-11T13:10:38.358+0000] {dag.py:3262} INFO - Creating ORM DAG for example_xcom
[2025-03-11T13:10:38.364+0000] {logging_mixin.py:190} INFO - [2025-03-11T13:10:38.364+0000] {dag.py:4180} INFO - Setting next_dagrun for example_xcom to 2021-01-01 00:00:00+00:00, run_after=2021-01-01 00:00:00+00:00
[2025-03-11T13:10:38.378+0000] {processor.py:208} INFO - Processing /home/airflow/.local/lib/python3.12/site-packages/airflow/example_dags/example_xcom.py took 0.142 seconds
[2025-03-11T13:11:09.284+0000] {processor.py:186} INFO - Started process (PID=152) to work on /home/airflow/.local/lib/python3.12/site-packages/airflow/example_dags/example_xcom.py
[2025-03-11T13:11:09.285+0000] {processor.py:914} INFO - Processing file /home/airflow/.local/lib/python3.12/site-packages/airflow/example_dags/example_xcom.py for tasks to queue
[2025-03-11T13:11:09.286+0000] {logging_mixin.py:190} INFO - [2025-03-11T13:11:09.286+0000] {dagbag.py:588} INFO - Filling up the DagBag from /home/airflow/.local/lib/python3.12/site-packages/airflow/example_dags/example_xcom.py
[2025-03-11T13:11:09.291+0000] {processor.py:925} INFO - DAG(s) 'example_xcom' retrieved from /home/airflow/.local/lib/python3.12/site-packages/airflow/example_dags/example_xcom.py
[2025-03-11T13:11:09.301+0000] {logging_mixin.py:190} INFO - [2025-03-11T13:11:09.301+0000] {dag.py:3239} INFO - Sync 1 DAGs
[2025-03-11T13:11:09.311+0000] {logging_mixin.py:190} INFO - [2025-03-11T13:11:09.310+0000] {dag.py:4180} INFO - Setting next_dagrun for example_xcom to 2021-01-01 00:00:00+00:00, run_after=2021-01-01 00:00:00+00:00
[2025-03-11T13:11:09.318+0000] {processor.py:208} INFO - Processing /home/airflow/.local/lib/python3.12/site-packages/airflow/example_dags/example_xcom.py took 0.037 seconds
[2025-03-11T13:11:40.076+0000] {processor.py:186} INFO - Started process (PID=215) to work on /home/airflow/.local/lib/python3.12/site-packages/airflow/example_dags/example_xcom.py
[2025-03-11T13:11:40.077+0000] {processor.py:914} INFO - Processing file /home/airflow/.local/lib/python3.12/site-packages/airflow/example_dags/example_xcom.py for tasks to queue
[2025-03-11T13:11:40.078+0000] {logging_mixin.py:190} INFO - [2025-03-11T13:11:40.078+0000] {dagbag.py:588} INFO - Filling up the DagBag from /home/airflow/.local/lib/python3.12/site-packages/airflow/example_dags/example_xcom.py
[2025-03-11T13:11:40.083+0000] {processor.py:925} INFO - DAG(s) 'example_xcom' retrieved from /home/airflow/.local/lib/python3.12/site-packages/airflow/example_dags/example_xcom.py
[2025-03-11T13:11:40.094+0000] {logging_mixin.py:190} INFO - [2025-03-11T13:11:40.094+0000] {dag.py:3239} INFO - Sync 1 DAGs
[2025-03-11T13:11:40.105+0000] {logging_mixin.py:190} INFO - [2025-03-11T13:11:40.105+0000] {dag.py:4180} INFO - Setting next_dagrun for example_xcom to 2021-01-01 00:00:00+00:00, run_after=2021-01-01 00:00:00+00:00
[2025-03-11T13:11:40.120+0000] {processor.py:208} INFO - Processing /home/airflow/.local/lib/python3.12/site-packages/airflow/example_dags/example_xcom.py took 0.047 seconds
[2025-03-11T13:12:10.887+0000] {processor.py:186} INFO - Started process (PID=278) to work on /home/airflow/.local/lib/python3.12/site-packages/airflow/example_dags/example_xcom.py
[2025-03-11T13:12:10.887+0000] {processor.py:914} INFO - Processing file /home/airflow/.local/lib/python3.12/site-packages/airflow/example_dags/example_xcom.py for tasks to queue
[2025-03-11T13:12:10.889+0000] {logging_mixin.py:190} INFO - [2025-03-11T13:12:10.888+0000] {dagbag.py:588} INFO - Filling up the DagBag from /home/airflow/.local/lib/python3.12/site-packages/airflow/example_dags/example_xcom.py
[2025-03-11T13:12:10.894+0000] {processor.py:925} INFO - DAG(s) 'example_xcom' retrieved from /home/airflow/.local/lib/python3.12/site-packages/airflow/example_dags/example_xcom.py
[2025-03-11T13:12:10.906+0000] {logging_mixin.py:190} INFO - [2025-03-11T13:12:10.906+0000] {dag.py:3239} INFO - Sync 1 DAGs
[2025-03-11T13:12:10.917+0000] {logging_mixin.py:190} INFO - [2025-03-11T13:12:10.917+0000] {dag.py:4180} INFO - Setting next_dagrun for example_xcom to 2021-01-01 00:00:00+00:00, run_after=2021-01-01 00:00:00+00:00
[2025-03-11T13:12:10.931+0000] {processor.py:208} INFO - Processing /home/airflow/.local/lib/python3.12/site-packages/airflow/example_dags/example_xcom.py took 0.047 seconds
[2025-03-11T13:12:41.052+0000] {processor.py:186} INFO - Started process (PID=340) to work on /home/airflow/.local/lib/python3.12/site-packages/airflow/example_dags/example_xcom.py
[2025-03-11T13:12:41.056+0000] {processor.py:914} INFO - Processing file /home/airflow/.local/lib/python3.12/site-packages/airflow/example_dags/example_xcom.py for tasks to queue
[2025-03-11T13:12:41.057+0000] {logging_mixin.py:190} INFO - [2025-03-11T13:12:41.057+0000] {dagbag.py:588} INFO - Filling up the DagBag from /home/airflow/.local/lib/python3.12/site-packages/airflow/example_dags/example_xcom.py
[2025-03-11T13:12:41.064+0000] {processor.py:925} INFO - DAG(s) 'example_xcom' retrieved from /home/airflow/.local/lib/python3.12/site-packages/airflow/example_dags/example_xcom.py
[2025-03-11T13:12:41.079+0000] {logging_mixin.py:190} INFO - [2025-03-11T13:12:41.078+0000] {dag.py:3239} INFO - Sync 1 DAGs
[2025-03-11T13:12:41.093+0000] {logging_mixin.py:190} INFO - [2025-03-11T13:12:41.093+0000] {dag.py:4180} INFO - Setting next_dagrun for example_xcom to 2021-01-01 00:00:00+00:00, run_after=2021-01-01 00:00:00+00:00
[2025-03-11T13:12:41.103+0000] {processor.py:208} INFO - Processing /home/airflow/.local/lib/python3.12/site-packages/airflow/example_dags/example_xcom.py took 0.054 seconds
[2025-03-11T13:59:42.458+0000] {processor.py:186} INFO - Started process (PID=94) to work on /home/airflow/.local/lib/python3.12/site-packages/airflow/example_dags/example_xcom.py
[2025-03-11T13:59:42.474+0000] {processor.py:914} INFO - Processing file /home/airflow/.local/lib/python3.12/site-packages/airflow/example_dags/example_xcom.py for tasks to queue
[2025-03-11T13:59:42.495+0000] {logging_mixin.py:190} INFO - [2025-03-11T13:59:42.494+0000] {dagbag.py:588} INFO - Filling up the DagBag from /home/airflow/.local/lib/python3.12/site-packages/airflow/example_dags/example_xcom.py
[2025-03-11T13:59:42.598+0000] {processor.py:925} INFO - DAG(s) 'example_xcom' retrieved from /home/airflow/.local/lib/python3.12/site-packages/airflow/example_dags/example_xcom.py
[2025-03-11T13:59:43.999+0000] {logging_mixin.py:190} INFO - [2025-03-11T13:59:43.996+0000] {override.py:1912} INFO - Created Permission View: can edit on DAG:example_xcom
[2025-03-11T13:59:44.072+0000] {logging_mixin.py:190} INFO - [2025-03-11T13:59:44.068+0000] {override.py:1912} INFO - Created Permission View: can delete on DAG:example_xcom
[2025-03-11T13:59:44.116+0000] {logging_mixin.py:190} INFO - [2025-03-11T13:59:44.116+0000] {override.py:1912} INFO - Created Permission View: can read on DAG:example_xcom
[2025-03-11T13:59:44.160+0000] {logging_mixin.py:190} INFO - [2025-03-11T13:59:44.157+0000] {override.py:1912} INFO - Created Permission View: can create on DAG Run:example_xcom
[2025-03-11T13:59:44.198+0000] {logging_mixin.py:190} INFO - [2025-03-11T13:59:44.198+0000] {override.py:1912} INFO - Created Permission View: can delete on DAG Run:example_xcom
[2025-03-11T13:59:44.238+0000] {logging_mixin.py:190} INFO - [2025-03-11T13:59:44.238+0000] {override.py:1912} INFO - Created Permission View: can read on DAG Run:example_xcom
[2025-03-11T13:59:44.285+0000] {logging_mixin.py:190} INFO - [2025-03-11T13:59:44.285+0000] {override.py:1912} INFO - Created Permission View: menu access on DAG Run:example_xcom
[2025-03-11T13:59:44.285+0000] {logging_mixin.py:190} INFO - [2025-03-11T13:59:44.285+0000] {dag.py:3239} INFO - Sync 1 DAGs
[2025-03-11T13:59:44.381+0000] {logging_mixin.py:190} INFO - [2025-03-11T13:59:44.381+0000] {dag.py:3262} INFO - Creating ORM DAG for example_xcom
[2025-03-11T13:59:44.440+0000] {logging_mixin.py:190} INFO - [2025-03-11T13:59:44.440+0000] {dag.py:4180} INFO - Setting next_dagrun for example_xcom to 2021-01-01 00:00:00+00:00, run_after=2021-01-01 00:00:00+00:00
[2025-03-11T13:59:44.590+0000] {processor.py:208} INFO - Processing /home/airflow/.local/lib/python3.12/site-packages/airflow/example_dags/example_xcom.py took 2.349 seconds
[2025-03-11T14:29:02.165+0000] {processor.py:186} INFO - Started process (PID=76) to work on /home/airflow/.local/lib/python3.12/site-packages/airflow/example_dags/example_xcom.py
[2025-03-11T14:29:02.167+0000] {processor.py:914} INFO - Processing file /home/airflow/.local/lib/python3.12/site-packages/airflow/example_dags/example_xcom.py for tasks to queue
[2025-03-11T14:29:02.174+0000] {logging_mixin.py:190} INFO - [2025-03-11T14:29:02.171+0000] {dagbag.py:588} INFO - Filling up the DagBag from /home/airflow/.local/lib/python3.12/site-packages/airflow/example_dags/example_xcom.py
[2025-03-11T14:29:02.202+0000] {processor.py:925} INFO - DAG(s) 'example_xcom' retrieved from /home/airflow/.local/lib/python3.12/site-packages/airflow/example_dags/example_xcom.py
[2025-03-11T14:29:02.293+0000] {logging_mixin.py:190} INFO - [2025-03-11T14:29:02.291+0000] {dag.py:3239} INFO - Sync 1 DAGs
[2025-03-11T14:29:02.319+0000] {logging_mixin.py:190} INFO - [2025-03-11T14:29:02.318+0000] {dag.py:4180} INFO - Setting next_dagrun for example_xcom to 2021-01-01 00:00:00+00:00, run_after=2021-01-01 00:00:00+00:00
[2025-03-11T14:29:02.340+0000] {processor.py:208} INFO - Processing /home/airflow/.local/lib/python3.12/site-packages/airflow/example_dags/example_xcom.py took 0.190 seconds
[2025-03-11T14:29:32.823+0000] {processor.py:186} INFO - Started process (PID=138) to work on /home/airflow/.local/lib/python3.12/site-packages/airflow/example_dags/example_xcom.py
[2025-03-11T14:29:32.825+0000] {processor.py:914} INFO - Processing file /home/airflow/.local/lib/python3.12/site-packages/airflow/example_dags/example_xcom.py for tasks to queue
[2025-03-11T14:29:32.827+0000] {logging_mixin.py:190} INFO - [2025-03-11T14:29:32.827+0000] {dagbag.py:588} INFO - Filling up the DagBag from /home/airflow/.local/lib/python3.12/site-packages/airflow/example_dags/example_xcom.py
[2025-03-11T14:29:32.836+0000] {processor.py:925} INFO - DAG(s) 'example_xcom' retrieved from /home/airflow/.local/lib/python3.12/site-packages/airflow/example_dags/example_xcom.py
[2025-03-11T14:29:32.859+0000] {logging_mixin.py:190} INFO - [2025-03-11T14:29:32.859+0000] {dag.py:3239} INFO - Sync 1 DAGs
[2025-03-11T14:29:32.883+0000] {logging_mixin.py:190} INFO - [2025-03-11T14:29:32.883+0000] {dag.py:4180} INFO - Setting next_dagrun for example_xcom to 2021-01-01 00:00:00+00:00, run_after=2021-01-01 00:00:00+00:00
[2025-03-11T14:29:32.902+0000] {processor.py:208} INFO - Processing /home/airflow/.local/lib/python3.12/site-packages/airflow/example_dags/example_xcom.py took 0.086 seconds
[2025-03-11T14:30:03.555+0000] {processor.py:186} INFO - Started process (PID=199) to work on /home/airflow/.local/lib/python3.12/site-packages/airflow/example_dags/example_xcom.py
[2025-03-11T14:30:03.555+0000] {processor.py:914} INFO - Processing file /home/airflow/.local/lib/python3.12/site-packages/airflow/example_dags/example_xcom.py for tasks to queue
[2025-03-11T14:30:03.558+0000] {logging_mixin.py:190} INFO - [2025-03-11T14:30:03.558+0000] {dagbag.py:588} INFO - Filling up the DagBag from /home/airflow/.local/lib/python3.12/site-packages/airflow/example_dags/example_xcom.py
[2025-03-11T14:30:03.567+0000] {processor.py:925} INFO - DAG(s) 'example_xcom' retrieved from /home/airflow/.local/lib/python3.12/site-packages/airflow/example_dags/example_xcom.py
[2025-03-11T14:30:03.587+0000] {logging_mixin.py:190} INFO - [2025-03-11T14:30:03.587+0000] {dag.py:3239} INFO - Sync 1 DAGs
[2025-03-11T14:30:03.609+0000] {logging_mixin.py:190} INFO - [2025-03-11T14:30:03.609+0000] {dag.py:4180} INFO - Setting next_dagrun for example_xcom to 2021-01-01 00:00:00+00:00, run_after=2021-01-01 00:00:00+00:00
[2025-03-11T14:30:03.628+0000] {processor.py:208} INFO - Processing /home/airflow/.local/lib/python3.12/site-packages/airflow/example_dags/example_xcom.py took 0.088 seconds
[2025-03-11T14:30:34.010+0000] {processor.py:186} INFO - Started process (PID=262) to work on /home/airflow/.local/lib/python3.12/site-packages/airflow/example_dags/example_xcom.py
[2025-03-11T14:30:34.017+0000] {processor.py:914} INFO - Processing file /home/airflow/.local/lib/python3.12/site-packages/airflow/example_dags/example_xcom.py for tasks to queue
[2025-03-11T14:30:34.024+0000] {logging_mixin.py:190} INFO - [2025-03-11T14:30:34.023+0000] {dagbag.py:588} INFO - Filling up the DagBag from /home/airflow/.local/lib/python3.12/site-packages/airflow/example_dags/example_xcom.py
[2025-03-11T14:30:34.049+0000] {processor.py:925} INFO - DAG(s) 'example_xcom' retrieved from /home/airflow/.local/lib/python3.12/site-packages/airflow/example_dags/example_xcom.py
[2025-03-11T14:30:34.102+0000] {logging_mixin.py:190} INFO - [2025-03-11T14:30:34.102+0000] {dag.py:3239} INFO - Sync 1 DAGs
[2025-03-11T14:30:34.141+0000] {logging_mixin.py:190} INFO - [2025-03-11T14:30:34.140+0000] {dag.py:4180} INFO - Setting next_dagrun for example_xcom to 2021-01-01 00:00:00+00:00, run_after=2021-01-01 00:00:00+00:00
[2025-03-11T14:30:34.166+0000] {processor.py:208} INFO - Processing /home/airflow/.local/lib/python3.12/site-packages/airflow/example_dags/example_xcom.py took 0.171 seconds
[2025-03-11T14:31:05.133+0000] {processor.py:186} INFO - Started process (PID=325) to work on /home/airflow/.local/lib/python3.12/site-packages/airflow/example_dags/example_xcom.py
[2025-03-11T14:31:05.138+0000] {processor.py:914} INFO - Processing file /home/airflow/.local/lib/python3.12/site-packages/airflow/example_dags/example_xcom.py for tasks to queue
[2025-03-11T14:31:05.145+0000] {logging_mixin.py:190} INFO - [2025-03-11T14:31:05.144+0000] {dagbag.py:588} INFO - Filling up the DagBag from /home/airflow/.local/lib/python3.12/site-packages/airflow/example_dags/example_xcom.py
[2025-03-11T14:31:05.196+0000] {processor.py:925} INFO - DAG(s) 'example_xcom' retrieved from /home/airflow/.local/lib/python3.12/site-packages/airflow/example_dags/example_xcom.py
[2025-03-11T14:31:05.238+0000] {logging_mixin.py:190} INFO - [2025-03-11T14:31:05.237+0000] {dag.py:3239} INFO - Sync 1 DAGs
[2025-03-11T14:31:05.284+0000] {logging_mixin.py:190} INFO - [2025-03-11T14:31:05.283+0000] {dag.py:4180} INFO - Setting next_dagrun for example_xcom to 2021-01-01 00:00:00+00:00, run_after=2021-01-01 00:00:00+00:00
[2025-03-11T14:31:05.306+0000] {processor.py:208} INFO - Processing /home/airflow/.local/lib/python3.12/site-packages/airflow/example_dags/example_xcom.py took 0.193 seconds
