[2025-03-11T13:10:38.035+0000] {processor.py:186} INFO - Started process (PID=87) to work on /home/airflow/.local/lib/python3.12/site-packages/airflow/example_dags/example_xcomargs.py
[2025-03-11T13:10:38.036+0000] {processor.py:914} INFO - Processing file /home/airflow/.local/lib/python3.12/site-packages/airflow/example_dags/example_xcomargs.py for tasks to queue
[2025-03-11T13:10:38.037+0000] {logging_mixin.py:190} INFO - [2025-03-11T13:10:38.037+0000] {dagbag.py:588} INFO - Filling up the DagBag from /home/airflow/.local/lib/python3.12/site-packages/airflow/example_dags/example_xcomargs.py
[2025-03-11T13:10:38.045+0000] {processor.py:925} INFO - DAG(s) 'example_xcom_args', 'example_xcom_args_with_operators' retrieved from /home/airflow/.local/lib/python3.12/site-packages/airflow/example_dags/example_xcomargs.py
[2025-03-11T13:10:38.107+0000] {logging_mixin.py:190} INFO - [2025-03-11T13:10:38.106+0000] {override.py:1912} INFO - Created Permission View: can read on DAG:example_xcom_args
[2025-03-11T13:10:38.112+0000] {logging_mixin.py:190} INFO - [2025-03-11T13:10:38.112+0000] {override.py:1912} INFO - Created Permission View: can edit on DAG:example_xcom_args
[2025-03-11T13:10:38.115+0000] {logging_mixin.py:190} INFO - [2025-03-11T13:10:38.115+0000] {override.py:1912} INFO - Created Permission View: can delete on DAG:example_xcom_args
[2025-03-11T13:10:38.119+0000] {logging_mixin.py:190} INFO - [2025-03-11T13:10:38.119+0000] {override.py:1912} INFO - Created Permission View: can read on DAG Run:example_xcom_args
[2025-03-11T13:10:38.124+0000] {logging_mixin.py:190} INFO - [2025-03-11T13:10:38.124+0000] {override.py:1912} INFO - Created Permission View: can delete on DAG Run:example_xcom_args
[2025-03-11T13:10:38.127+0000] {logging_mixin.py:190} INFO - [2025-03-11T13:10:38.127+0000] {override.py:1912} INFO - Created Permission View: can create on DAG Run:example_xcom_args
[2025-03-11T13:10:38.130+0000] {logging_mixin.py:190} INFO - [2025-03-11T13:10:38.130+0000] {override.py:1912} INFO - Created Permission View: menu access on DAG Run:example_xcom_args
[2025-03-11T13:10:38.139+0000] {logging_mixin.py:190} INFO - [2025-03-11T13:10:38.139+0000] {override.py:1912} INFO - Created Permission View: can read on DAG:example_xcom_args_with_operators
[2025-03-11T13:10:38.143+0000] {logging_mixin.py:190} INFO - [2025-03-11T13:10:38.143+0000] {override.py:1912} INFO - Created Permission View: can edit on DAG:example_xcom_args_with_operators
[2025-03-11T13:10:38.146+0000] {logging_mixin.py:190} INFO - [2025-03-11T13:10:38.146+0000] {override.py:1912} INFO - Created Permission View: can delete on DAG:example_xcom_args_with_operators
[2025-03-11T13:10:38.151+0000] {logging_mixin.py:190} INFO - [2025-03-11T13:10:38.150+0000] {override.py:1912} INFO - Created Permission View: can read on DAG Run:example_xcom_args_with_operators
[2025-03-11T13:10:38.155+0000] {logging_mixin.py:190} INFO - [2025-03-11T13:10:38.155+0000] {override.py:1912} INFO - Created Permission View: can delete on DAG Run:example_xcom_args_with_operators
[2025-03-11T13:10:38.160+0000] {logging_mixin.py:190} INFO - [2025-03-11T13:10:38.160+0000] {override.py:1912} INFO - Created Permission View: can create on DAG Run:example_xcom_args_with_operators
[2025-03-11T13:10:38.162+0000] {logging_mixin.py:190} INFO - [2025-03-11T13:10:38.162+0000] {override.py:1912} INFO - Created Permission View: menu access on DAG Run:example_xcom_args_with_operators
[2025-03-11T13:10:38.163+0000] {logging_mixin.py:190} INFO - [2025-03-11T13:10:38.163+0000] {dag.py:3239} INFO - Sync 2 DAGs
[2025-03-11T13:10:38.169+0000] {logging_mixin.py:190} INFO - [2025-03-11T13:10:38.169+0000] {dag.py:3262} INFO - Creating ORM DAG for example_xcom_args
[2025-03-11T13:10:38.170+0000] {logging_mixin.py:190} INFO - [2025-03-11T13:10:38.170+0000] {dag.py:3262} INFO - Creating ORM DAG for example_xcom_args_with_operators
[2025-03-11T13:10:38.170+0000] {logging_mixin.py:190} INFO - [2025-03-11T13:10:38.170+0000] {dag.py:4180} INFO - Setting next_dagrun for example_xcom_args to None, run_after=None
[2025-03-11T13:10:38.171+0000] {logging_mixin.py:190} INFO - [2025-03-11T13:10:38.171+0000] {dag.py:4180} INFO - Setting next_dagrun for example_xcom_args_with_operators to None, run_after=None
[2025-03-11T13:10:38.181+0000] {processor.py:208} INFO - Processing /home/airflow/.local/lib/python3.12/site-packages/airflow/example_dags/example_xcomargs.py took 0.150 seconds
[2025-03-11T13:11:09.184+0000] {processor.py:186} INFO - Started process (PID=150) to work on /home/airflow/.local/lib/python3.12/site-packages/airflow/example_dags/example_xcomargs.py
[2025-03-11T13:11:09.184+0000] {processor.py:914} INFO - Processing file /home/airflow/.local/lib/python3.12/site-packages/airflow/example_dags/example_xcomargs.py for tasks to queue
[2025-03-11T13:11:09.186+0000] {logging_mixin.py:190} INFO - [2025-03-11T13:11:09.186+0000] {dagbag.py:588} INFO - Filling up the DagBag from /home/airflow/.local/lib/python3.12/site-packages/airflow/example_dags/example_xcomargs.py
[2025-03-11T13:11:09.193+0000] {processor.py:925} INFO - DAG(s) 'example_xcom_args_with_operators', 'example_xcom_args' retrieved from /home/airflow/.local/lib/python3.12/site-packages/airflow/example_dags/example_xcomargs.py
[2025-03-11T13:11:09.208+0000] {logging_mixin.py:190} INFO - [2025-03-11T13:11:09.207+0000] {dag.py:3239} INFO - Sync 2 DAGs
[2025-03-11T13:11:09.217+0000] {logging_mixin.py:190} INFO - [2025-03-11T13:11:09.216+0000] {dag.py:4180} INFO - Setting next_dagrun for example_xcom_args to None, run_after=None
[2025-03-11T13:11:09.219+0000] {logging_mixin.py:190} INFO - [2025-03-11T13:11:09.219+0000] {dag.py:4180} INFO - Setting next_dagrun for example_xcom_args_with_operators to None, run_after=None
[2025-03-11T13:11:09.228+0000] {processor.py:208} INFO - Processing /home/airflow/.local/lib/python3.12/site-packages/airflow/example_dags/example_xcomargs.py took 0.051 seconds
[2025-03-11T13:11:39.939+0000] {processor.py:186} INFO - Started process (PID=213) to work on /home/airflow/.local/lib/python3.12/site-packages/airflow/example_dags/example_xcomargs.py
[2025-03-11T13:11:39.940+0000] {processor.py:914} INFO - Processing file /home/airflow/.local/lib/python3.12/site-packages/airflow/example_dags/example_xcomargs.py for tasks to queue
[2025-03-11T13:11:39.941+0000] {logging_mixin.py:190} INFO - [2025-03-11T13:11:39.941+0000] {dagbag.py:588} INFO - Filling up the DagBag from /home/airflow/.local/lib/python3.12/site-packages/airflow/example_dags/example_xcomargs.py
[2025-03-11T13:11:39.949+0000] {processor.py:925} INFO - DAG(s) 'example_xcom_args_with_operators', 'example_xcom_args' retrieved from /home/airflow/.local/lib/python3.12/site-packages/airflow/example_dags/example_xcomargs.py
[2025-03-11T13:11:39.964+0000] {logging_mixin.py:190} INFO - [2025-03-11T13:11:39.964+0000] {dag.py:3239} INFO - Sync 2 DAGs
[2025-03-11T13:11:39.971+0000] {logging_mixin.py:190} INFO - [2025-03-11T13:11:39.971+0000] {dag.py:4180} INFO - Setting next_dagrun for example_xcom_args to None, run_after=None
[2025-03-11T13:11:39.973+0000] {logging_mixin.py:190} INFO - [2025-03-11T13:11:39.973+0000] {dag.py:4180} INFO - Setting next_dagrun for example_xcom_args_with_operators to None, run_after=None
[2025-03-11T13:11:39.982+0000] {processor.py:208} INFO - Processing /home/airflow/.local/lib/python3.12/site-packages/airflow/example_dags/example_xcomargs.py took 0.046 seconds
[2025-03-11T13:12:10.785+0000] {processor.py:186} INFO - Started process (PID=276) to work on /home/airflow/.local/lib/python3.12/site-packages/airflow/example_dags/example_xcomargs.py
[2025-03-11T13:12:10.786+0000] {processor.py:914} INFO - Processing file /home/airflow/.local/lib/python3.12/site-packages/airflow/example_dags/example_xcomargs.py for tasks to queue
[2025-03-11T13:12:10.787+0000] {logging_mixin.py:190} INFO - [2025-03-11T13:12:10.786+0000] {dagbag.py:588} INFO - Filling up the DagBag from /home/airflow/.local/lib/python3.12/site-packages/airflow/example_dags/example_xcomargs.py
[2025-03-11T13:12:10.792+0000] {processor.py:925} INFO - DAG(s) 'example_xcom_args_with_operators', 'example_xcom_args' retrieved from /home/airflow/.local/lib/python3.12/site-packages/airflow/example_dags/example_xcomargs.py
[2025-03-11T13:12:10.811+0000] {logging_mixin.py:190} INFO - [2025-03-11T13:12:10.811+0000] {dag.py:3239} INFO - Sync 2 DAGs
[2025-03-11T13:12:10.818+0000] {logging_mixin.py:190} INFO - [2025-03-11T13:12:10.818+0000] {dag.py:4180} INFO - Setting next_dagrun for example_xcom_args to None, run_after=None
[2025-03-11T13:12:10.820+0000] {logging_mixin.py:190} INFO - [2025-03-11T13:12:10.820+0000] {dag.py:4180} INFO - Setting next_dagrun for example_xcom_args_with_operators to None, run_after=None
[2025-03-11T13:12:10.829+0000] {processor.py:208} INFO - Processing /home/airflow/.local/lib/python3.12/site-packages/airflow/example_dags/example_xcomargs.py took 0.047 seconds
[2025-03-11T13:12:40.988+0000] {processor.py:186} INFO - Started process (PID=338) to work on /home/airflow/.local/lib/python3.12/site-packages/airflow/example_dags/example_xcomargs.py
[2025-03-11T13:12:40.990+0000] {processor.py:914} INFO - Processing file /home/airflow/.local/lib/python3.12/site-packages/airflow/example_dags/example_xcomargs.py for tasks to queue
[2025-03-11T13:12:40.991+0000] {logging_mixin.py:190} INFO - [2025-03-11T13:12:40.991+0000] {dagbag.py:588} INFO - Filling up the DagBag from /home/airflow/.local/lib/python3.12/site-packages/airflow/example_dags/example_xcomargs.py
[2025-03-11T13:12:41.002+0000] {processor.py:925} INFO - DAG(s) 'example_xcom_args', 'example_xcom_args_with_operators' retrieved from /home/airflow/.local/lib/python3.12/site-packages/airflow/example_dags/example_xcomargs.py
[2025-03-11T13:12:41.018+0000] {logging_mixin.py:190} INFO - [2025-03-11T13:12:41.018+0000] {dag.py:3239} INFO - Sync 2 DAGs
[2025-03-11T13:12:41.025+0000] {logging_mixin.py:190} INFO - [2025-03-11T13:12:41.025+0000] {dag.py:4180} INFO - Setting next_dagrun for example_xcom_args to None, run_after=None
[2025-03-11T13:12:41.029+0000] {logging_mixin.py:190} INFO - [2025-03-11T13:12:41.028+0000] {dag.py:4180} INFO - Setting next_dagrun for example_xcom_args_with_operators to None, run_after=None
[2025-03-11T13:12:41.036+0000] {processor.py:208} INFO - Processing /home/airflow/.local/lib/python3.12/site-packages/airflow/example_dags/example_xcomargs.py took 0.052 seconds
