[2025-03-11T13:10:33.636+0000] {processor.py:186} INFO - Started process (PID=63) to work on /home/airflow/.local/lib/python3.12/site-packages/airflow/example_dags/example_dag_decorator.py
[2025-03-11T13:10:33.637+0000] {processor.py:914} INFO - Processing file /home/airflow/.local/lib/python3.12/site-packages/airflow/example_dags/example_dag_decorator.py for tasks to queue
[2025-03-11T13:10:33.638+0000] {logging_mixin.py:190} INFO - [2025-03-11T13:10:33.638+0000] {dagbag.py:588} INFO - Filling up the DagBag from /home/airflow/.local/lib/python3.12/site-packages/airflow/example_dags/example_dag_decorator.py
[2025-03-11T13:10:33.938+0000] {processor.py:925} INFO - DAG(s) 'example_dag_decorator' retrieved from /home/airflow/.local/lib/python3.12/site-packages/airflow/example_dags/example_dag_decorator.py
[2025-03-11T13:10:34.013+0000] {logging_mixin.py:190} INFO - [2025-03-11T13:10:34.012+0000] {override.py:1912} INFO - Created Permission View: can read on DAG:example_dag_decorator
[2025-03-11T13:10:34.022+0000] {logging_mixin.py:190} INFO - [2025-03-11T13:10:34.021+0000] {override.py:1912} INFO - Created Permission View: can edit on DAG:example_dag_decorator
[2025-03-11T13:10:34.028+0000] {logging_mixin.py:190} INFO - [2025-03-11T13:10:34.028+0000] {override.py:1912} INFO - Created Permission View: can delete on DAG:example_dag_decorator
[2025-03-11T13:10:34.033+0000] {logging_mixin.py:190} INFO - [2025-03-11T13:10:34.033+0000] {override.py:1912} INFO - Created Permission View: can read on DAG Run:example_dag_decorator
[2025-03-11T13:10:34.038+0000] {logging_mixin.py:190} INFO - [2025-03-11T13:10:34.038+0000] {override.py:1912} INFO - Created Permission View: can delete on DAG Run:example_dag_decorator
[2025-03-11T13:10:34.044+0000] {logging_mixin.py:190} INFO - [2025-03-11T13:10:34.044+0000] {override.py:1912} INFO - Created Permission View: can create on DAG Run:example_dag_decorator
[2025-03-11T13:10:34.048+0000] {logging_mixin.py:190} INFO - [2025-03-11T13:10:34.048+0000] {override.py:1912} INFO - Created Permission View: menu access on DAG Run:example_dag_decorator
[2025-03-11T13:10:34.049+0000] {logging_mixin.py:190} INFO - [2025-03-11T13:10:34.048+0000] {dag.py:3239} INFO - Sync 1 DAGs
[2025-03-11T13:10:34.061+0000] {logging_mixin.py:190} INFO - [2025-03-11T13:10:34.060+0000] {dag.py:3262} INFO - Creating ORM DAG for example_dag_decorator
[2025-03-11T13:10:34.061+0000] {logging_mixin.py:190} INFO - [2025-03-11T13:10:34.061+0000] {dag.py:4180} INFO - Setting next_dagrun for example_dag_decorator to None, run_after=None
[2025-03-11T13:10:34.076+0000] {processor.py:208} INFO - Processing /home/airflow/.local/lib/python3.12/site-packages/airflow/example_dags/example_dag_decorator.py took 0.445 seconds
[2025-03-11T13:11:04.903+0000] {processor.py:186} INFO - Started process (PID=125) to work on /home/airflow/.local/lib/python3.12/site-packages/airflow/example_dags/example_dag_decorator.py
[2025-03-11T13:11:04.904+0000] {processor.py:914} INFO - Processing file /home/airflow/.local/lib/python3.12/site-packages/airflow/example_dags/example_dag_decorator.py for tasks to queue
[2025-03-11T13:11:04.906+0000] {logging_mixin.py:190} INFO - [2025-03-11T13:11:04.906+0000] {dagbag.py:588} INFO - Filling up the DagBag from /home/airflow/.local/lib/python3.12/site-packages/airflow/example_dags/example_dag_decorator.py
[2025-03-11T13:11:04.974+0000] {processor.py:925} INFO - DAG(s) 'example_dag_decorator' retrieved from /home/airflow/.local/lib/python3.12/site-packages/airflow/example_dags/example_dag_decorator.py
[2025-03-11T13:11:05.039+0000] {logging_mixin.py:190} INFO - [2025-03-11T13:11:05.038+0000] {dag.py:3239} INFO - Sync 1 DAGs
[2025-03-11T13:11:05.046+0000] {logging_mixin.py:190} INFO - [2025-03-11T13:11:05.045+0000] {dag.py:4180} INFO - Setting next_dagrun for example_dag_decorator to None, run_after=None
[2025-03-11T13:11:05.058+0000] {processor.py:208} INFO - Processing /home/airflow/.local/lib/python3.12/site-packages/airflow/example_dags/example_dag_decorator.py took 0.158 seconds
[2025-03-11T13:11:35.575+0000] {processor.py:186} INFO - Started process (PID=188) to work on /home/airflow/.local/lib/python3.12/site-packages/airflow/example_dags/example_dag_decorator.py
[2025-03-11T13:11:35.576+0000] {processor.py:914} INFO - Processing file /home/airflow/.local/lib/python3.12/site-packages/airflow/example_dags/example_dag_decorator.py for tasks to queue
[2025-03-11T13:11:35.578+0000] {logging_mixin.py:190} INFO - [2025-03-11T13:11:35.578+0000] {dagbag.py:588} INFO - Filling up the DagBag from /home/airflow/.local/lib/python3.12/site-packages/airflow/example_dags/example_dag_decorator.py
[2025-03-11T13:11:35.647+0000] {processor.py:925} INFO - DAG(s) 'example_dag_decorator' retrieved from /home/airflow/.local/lib/python3.12/site-packages/airflow/example_dags/example_dag_decorator.py
[2025-03-11T13:11:35.745+0000] {logging_mixin.py:190} INFO - [2025-03-11T13:11:35.745+0000] {dag.py:3239} INFO - Sync 1 DAGs
[2025-03-11T13:11:35.754+0000] {logging_mixin.py:190} INFO - [2025-03-11T13:11:35.754+0000] {dag.py:4180} INFO - Setting next_dagrun for example_dag_decorator to None, run_after=None
[2025-03-11T13:11:35.772+0000] {processor.py:208} INFO - Processing /home/airflow/.local/lib/python3.12/site-packages/airflow/example_dags/example_dag_decorator.py took 0.202 seconds
[2025-03-11T13:12:06.469+0000] {processor.py:186} INFO - Started process (PID=251) to work on /home/airflow/.local/lib/python3.12/site-packages/airflow/example_dags/example_dag_decorator.py
[2025-03-11T13:12:06.469+0000] {processor.py:914} INFO - Processing file /home/airflow/.local/lib/python3.12/site-packages/airflow/example_dags/example_dag_decorator.py for tasks to queue
[2025-03-11T13:12:06.473+0000] {logging_mixin.py:190} INFO - [2025-03-11T13:12:06.473+0000] {dagbag.py:588} INFO - Filling up the DagBag from /home/airflow/.local/lib/python3.12/site-packages/airflow/example_dags/example_dag_decorator.py
[2025-03-11T13:12:06.534+0000] {processor.py:925} INFO - DAG(s) 'example_dag_decorator' retrieved from /home/airflow/.local/lib/python3.12/site-packages/airflow/example_dags/example_dag_decorator.py
[2025-03-11T13:12:06.596+0000] {logging_mixin.py:190} INFO - [2025-03-11T13:12:06.596+0000] {dag.py:3239} INFO - Sync 1 DAGs
[2025-03-11T13:12:06.606+0000] {logging_mixin.py:190} INFO - [2025-03-11T13:12:06.606+0000] {dag.py:4180} INFO - Setting next_dagrun for example_dag_decorator to None, run_after=None
[2025-03-11T13:12:06.619+0000] {processor.py:208} INFO - Processing /home/airflow/.local/lib/python3.12/site-packages/airflow/example_dags/example_dag_decorator.py took 0.155 seconds
[2025-03-11T13:12:37.212+0000] {processor.py:186} INFO - Started process (PID=314) to work on /home/airflow/.local/lib/python3.12/site-packages/airflow/example_dags/example_dag_decorator.py
[2025-03-11T13:12:37.217+0000] {processor.py:914} INFO - Processing file /home/airflow/.local/lib/python3.12/site-packages/airflow/example_dags/example_dag_decorator.py for tasks to queue
[2025-03-11T13:12:37.223+0000] {logging_mixin.py:190} INFO - [2025-03-11T13:12:37.222+0000] {dagbag.py:588} INFO - Filling up the DagBag from /home/airflow/.local/lib/python3.12/site-packages/airflow/example_dags/example_dag_decorator.py
[2025-03-11T13:12:37.420+0000] {processor.py:925} INFO - DAG(s) 'example_dag_decorator' retrieved from /home/airflow/.local/lib/python3.12/site-packages/airflow/example_dags/example_dag_decorator.py
[2025-03-11T13:12:37.590+0000] {logging_mixin.py:190} INFO - [2025-03-11T13:12:37.590+0000] {dag.py:3239} INFO - Sync 1 DAGs
[2025-03-11T13:12:37.605+0000] {logging_mixin.py:190} INFO - [2025-03-11T13:12:37.604+0000] {dag.py:4180} INFO - Setting next_dagrun for example_dag_decorator to None, run_after=None
[2025-03-11T13:12:37.644+0000] {processor.py:208} INFO - Processing /home/airflow/.local/lib/python3.12/site-packages/airflow/example_dags/example_dag_decorator.py took 0.451 seconds
[2025-03-11T14:00:00.841+0000] {processor.py:186} INFO - Started process (PID=113) to work on /home/airflow/.local/lib/python3.12/site-packages/airflow/example_dags/example_dag_decorator.py
[2025-03-11T14:00:00.844+0000] {processor.py:914} INFO - Processing file /home/airflow/.local/lib/python3.12/site-packages/airflow/example_dags/example_dag_decorator.py for tasks to queue
[2025-03-11T14:00:00.866+0000] {logging_mixin.py:190} INFO - [2025-03-11T14:00:00.866+0000] {dagbag.py:588} INFO - Filling up the DagBag from /home/airflow/.local/lib/python3.12/site-packages/airflow/example_dags/example_dag_decorator.py
[2025-03-11T14:00:04.709+0000] {processor.py:925} INFO - DAG(s) 'example_dag_decorator' retrieved from /home/airflow/.local/lib/python3.12/site-packages/airflow/example_dags/example_dag_decorator.py
[2025-03-11T14:00:05.625+0000] {logging_mixin.py:190} INFO - [2025-03-11T14:00:05.625+0000] {override.py:1912} INFO - Created Permission View: can edit on DAG:example_dag_decorator
[2025-03-11T14:00:05.676+0000] {logging_mixin.py:190} INFO - [2025-03-11T14:00:05.676+0000] {override.py:1912} INFO - Created Permission View: can delete on DAG:example_dag_decorator
[2025-03-11T14:00:05.722+0000] {logging_mixin.py:190} INFO - [2025-03-11T14:00:05.722+0000] {override.py:1912} INFO - Created Permission View: can read on DAG:example_dag_decorator
[2025-03-11T14:00:05.795+0000] {logging_mixin.py:190} INFO - [2025-03-11T14:00:05.795+0000] {override.py:1912} INFO - Created Permission View: can create on DAG Run:example_dag_decorator
[2025-03-11T14:00:05.875+0000] {logging_mixin.py:190} INFO - [2025-03-11T14:00:05.875+0000] {override.py:1912} INFO - Created Permission View: can delete on DAG Run:example_dag_decorator
[2025-03-11T14:00:05.958+0000] {logging_mixin.py:190} INFO - [2025-03-11T14:00:05.957+0000] {override.py:1912} INFO - Created Permission View: can read on DAG Run:example_dag_decorator
[2025-03-11T14:00:06.006+0000] {logging_mixin.py:190} INFO - [2025-03-11T14:00:06.006+0000] {override.py:1912} INFO - Created Permission View: menu access on DAG Run:example_dag_decorator
[2025-03-11T14:00:06.007+0000] {logging_mixin.py:190} INFO - [2025-03-11T14:00:06.007+0000] {dag.py:3239} INFO - Sync 1 DAGs
[2025-03-11T14:00:06.121+0000] {logging_mixin.py:190} INFO - [2025-03-11T14:00:06.121+0000] {dag.py:3262} INFO - Creating ORM DAG for example_dag_decorator
[2025-03-11T14:00:06.121+0000] {logging_mixin.py:190} INFO - [2025-03-11T14:00:06.121+0000] {dag.py:4180} INFO - Setting next_dagrun for example_dag_decorator to None, run_after=None
[2025-03-11T14:00:06.261+0000] {processor.py:208} INFO - Processing /home/airflow/.local/lib/python3.12/site-packages/airflow/example_dags/example_dag_decorator.py took 5.485 seconds
[2025-03-11T14:29:05.407+0000] {processor.py:186} INFO - Started process (PID=89) to work on /home/airflow/.local/lib/python3.12/site-packages/airflow/example_dags/example_dag_decorator.py
[2025-03-11T14:29:05.418+0000] {processor.py:914} INFO - Processing file /home/airflow/.local/lib/python3.12/site-packages/airflow/example_dags/example_dag_decorator.py for tasks to queue
[2025-03-11T14:29:05.430+0000] {logging_mixin.py:190} INFO - [2025-03-11T14:29:05.424+0000] {dagbag.py:588} INFO - Filling up the DagBag from /home/airflow/.local/lib/python3.12/site-packages/airflow/example_dags/example_dag_decorator.py
[2025-03-11T14:29:05.988+0000] {processor.py:925} INFO - DAG(s) 'example_dag_decorator' retrieved from /home/airflow/.local/lib/python3.12/site-packages/airflow/example_dags/example_dag_decorator.py
[2025-03-11T14:29:06.188+0000] {logging_mixin.py:190} INFO - [2025-03-11T14:29:06.188+0000] {dag.py:3239} INFO - Sync 1 DAGs
[2025-03-11T14:29:06.231+0000] {logging_mixin.py:190} INFO - [2025-03-11T14:29:06.231+0000] {dag.py:4180} INFO - Setting next_dagrun for example_dag_decorator to None, run_after=None
[2025-03-11T14:29:06.304+0000] {processor.py:208} INFO - Processing /home/airflow/.local/lib/python3.12/site-packages/airflow/example_dags/example_dag_decorator.py took 0.921 seconds
[2025-03-11T14:29:37.236+0000] {processor.py:186} INFO - Started process (PID=154) to work on /home/airflow/.local/lib/python3.12/site-packages/airflow/example_dags/example_dag_decorator.py
[2025-03-11T14:29:37.241+0000] {processor.py:914} INFO - Processing file /home/airflow/.local/lib/python3.12/site-packages/airflow/example_dags/example_dag_decorator.py for tasks to queue
[2025-03-11T14:29:37.242+0000] {logging_mixin.py:190} INFO - [2025-03-11T14:29:37.242+0000] {dagbag.py:588} INFO - Filling up the DagBag from /home/airflow/.local/lib/python3.12/site-packages/airflow/example_dags/example_dag_decorator.py
[2025-03-11T14:29:37.514+0000] {processor.py:925} INFO - DAG(s) 'example_dag_decorator' retrieved from /home/airflow/.local/lib/python3.12/site-packages/airflow/example_dags/example_dag_decorator.py
[2025-03-11T14:29:37.742+0000] {logging_mixin.py:190} INFO - [2025-03-11T14:29:37.742+0000] {dag.py:3239} INFO - Sync 1 DAGs
[2025-03-11T14:29:37.756+0000] {logging_mixin.py:190} INFO - [2025-03-11T14:29:37.755+0000] {dag.py:4180} INFO - Setting next_dagrun for example_dag_decorator to None, run_after=None
[2025-03-11T14:29:37.774+0000] {processor.py:208} INFO - Processing /home/airflow/.local/lib/python3.12/site-packages/airflow/example_dags/example_dag_decorator.py took 0.543 seconds
[2025-03-11T14:30:07.923+0000] {processor.py:186} INFO - Started process (PID=216) to work on /home/airflow/.local/lib/python3.12/site-packages/airflow/example_dags/example_dag_decorator.py
[2025-03-11T14:30:07.924+0000] {processor.py:914} INFO - Processing file /home/airflow/.local/lib/python3.12/site-packages/airflow/example_dags/example_dag_decorator.py for tasks to queue
[2025-03-11T14:30:07.926+0000] {logging_mixin.py:190} INFO - [2025-03-11T14:30:07.926+0000] {dagbag.py:588} INFO - Filling up the DagBag from /home/airflow/.local/lib/python3.12/site-packages/airflow/example_dags/example_dag_decorator.py
[2025-03-11T14:30:08.056+0000] {processor.py:925} INFO - DAG(s) 'example_dag_decorator' retrieved from /home/airflow/.local/lib/python3.12/site-packages/airflow/example_dags/example_dag_decorator.py
[2025-03-11T14:30:08.260+0000] {logging_mixin.py:190} INFO - [2025-03-11T14:30:08.260+0000] {dag.py:3239} INFO - Sync 1 DAGs
[2025-03-11T14:30:08.273+0000] {logging_mixin.py:190} INFO - [2025-03-11T14:30:08.273+0000] {dag.py:4180} INFO - Setting next_dagrun for example_dag_decorator to None, run_after=None
[2025-03-11T14:30:08.291+0000] {processor.py:208} INFO - Processing /home/airflow/.local/lib/python3.12/site-packages/airflow/example_dags/example_dag_decorator.py took 0.373 seconds
[2025-03-11T14:30:38.468+0000] {processor.py:186} INFO - Started process (PID=281) to work on /home/airflow/.local/lib/python3.12/site-packages/airflow/example_dags/example_dag_decorator.py
[2025-03-11T14:30:38.470+0000] {processor.py:914} INFO - Processing file /home/airflow/.local/lib/python3.12/site-packages/airflow/example_dags/example_dag_decorator.py for tasks to queue
[2025-03-11T14:30:38.473+0000] {logging_mixin.py:190} INFO - [2025-03-11T14:30:38.472+0000] {dagbag.py:588} INFO - Filling up the DagBag from /home/airflow/.local/lib/python3.12/site-packages/airflow/example_dags/example_dag_decorator.py
[2025-03-11T14:30:38.695+0000] {processor.py:925} INFO - DAG(s) 'example_dag_decorator' retrieved from /home/airflow/.local/lib/python3.12/site-packages/airflow/example_dags/example_dag_decorator.py
[2025-03-11T14:30:38.824+0000] {logging_mixin.py:190} INFO - [2025-03-11T14:30:38.824+0000] {dag.py:3239} INFO - Sync 1 DAGs
[2025-03-11T14:30:38.835+0000] {logging_mixin.py:190} INFO - [2025-03-11T14:30:38.835+0000] {dag.py:4180} INFO - Setting next_dagrun for example_dag_decorator to None, run_after=None
[2025-03-11T14:30:38.850+0000] {processor.py:208} INFO - Processing /home/airflow/.local/lib/python3.12/site-packages/airflow/example_dags/example_dag_decorator.py took 0.390 seconds
[2025-03-11T14:31:10.481+0000] {processor.py:186} INFO - Started process (PID=340) to work on /home/airflow/.local/lib/python3.12/site-packages/airflow/example_dags/example_dag_decorator.py
[2025-03-11T14:31:10.482+0000] {processor.py:914} INFO - Processing file /home/airflow/.local/lib/python3.12/site-packages/airflow/example_dags/example_dag_decorator.py for tasks to queue
[2025-03-11T14:31:10.484+0000] {logging_mixin.py:190} INFO - [2025-03-11T14:31:10.484+0000] {dagbag.py:588} INFO - Filling up the DagBag from /home/airflow/.local/lib/python3.12/site-packages/airflow/example_dags/example_dag_decorator.py
[2025-03-11T14:31:10.755+0000] {processor.py:925} INFO - DAG(s) 'example_dag_decorator' retrieved from /home/airflow/.local/lib/python3.12/site-packages/airflow/example_dags/example_dag_decorator.py
[2025-03-11T14:31:11.111+0000] {logging_mixin.py:190} INFO - [2025-03-11T14:31:11.110+0000] {dag.py:3239} INFO - Sync 1 DAGs
[2025-03-11T14:31:11.129+0000] {logging_mixin.py:190} INFO - [2025-03-11T14:31:11.129+0000] {dag.py:4180} INFO - Setting next_dagrun for example_dag_decorator to None, run_after=None
[2025-03-11T14:31:11.164+0000] {processor.py:208} INFO - Processing /home/airflow/.local/lib/python3.12/site-packages/airflow/example_dags/example_dag_decorator.py took 0.691 seconds
