[2025-03-11T13:10:38.989+0000] {processor.py:186} INFO - Started process (PID=99) to work on /home/airflow/.local/lib/python3.12/site-packages/airflow/example_dags/example_branch_operator_decorator.py
[2025-03-11T13:10:38.990+0000] {processor.py:914} INFO - Processing file /home/airflow/.local/lib/python3.12/site-packages/airflow/example_dags/example_branch_operator_decorator.py for tasks to queue
[2025-03-11T13:10:38.992+0000] {logging_mixin.py:190} INFO - [2025-03-11T13:10:38.992+0000] {dagbag.py:588} INFO - Filling up the DagBag from /home/airflow/.local/lib/python3.12/site-packages/airflow/example_dags/example_branch_operator_decorator.py
[2025-03-11T13:10:39.004+0000] {processor.py:925} INFO - DAG(s) 'example_branch_python_operator_decorator' retrieved from /home/airflow/.local/lib/python3.12/site-packages/airflow/example_dags/example_branch_operator_decorator.py
[2025-03-11T13:10:39.059+0000] {logging_mixin.py:190} INFO - [2025-03-11T13:10:39.058+0000] {override.py:1912} INFO - Created Permission View: can read on DAG:example_branch_python_operator_decorator
[2025-03-11T13:10:39.063+0000] {logging_mixin.py:190} INFO - [2025-03-11T13:10:39.063+0000] {override.py:1912} INFO - Created Permission View: can edit on DAG:example_branch_python_operator_decorator
[2025-03-11T13:10:39.066+0000] {logging_mixin.py:190} INFO - [2025-03-11T13:10:39.066+0000] {override.py:1912} INFO - Created Permission View: can delete on DAG:example_branch_python_operator_decorator
[2025-03-11T13:10:39.069+0000] {logging_mixin.py:190} INFO - [2025-03-11T13:10:39.069+0000] {override.py:1912} INFO - Created Permission View: can read on DAG Run:example_branch_python_operator_decorator
[2025-03-11T13:10:39.072+0000] {logging_mixin.py:190} INFO - [2025-03-11T13:10:39.071+0000] {override.py:1912} INFO - Created Permission View: can delete on DAG Run:example_branch_python_operator_decorator
[2025-03-11T13:10:39.074+0000] {logging_mixin.py:190} INFO - [2025-03-11T13:10:39.074+0000] {override.py:1912} INFO - Created Permission View: can create on DAG Run:example_branch_python_operator_decorator
[2025-03-11T13:10:39.077+0000] {logging_mixin.py:190} INFO - [2025-03-11T13:10:39.077+0000] {override.py:1912} INFO - Created Permission View: menu access on DAG Run:example_branch_python_operator_decorator
[2025-03-11T13:10:39.077+0000] {logging_mixin.py:190} INFO - [2025-03-11T13:10:39.077+0000] {dag.py:3239} INFO - Sync 1 DAGs
[2025-03-11T13:10:39.083+0000] {logging_mixin.py:190} INFO - [2025-03-11T13:10:39.083+0000] {dag.py:3262} INFO - Creating ORM DAG for example_branch_python_operator_decorator
[2025-03-11T13:10:39.088+0000] {logging_mixin.py:190} INFO - [2025-03-11T13:10:39.088+0000] {dag.py:4180} INFO - Setting next_dagrun for example_branch_python_operator_decorator to 2025-03-10 00:00:00+00:00, run_after=2025-03-11 00:00:00+00:00
[2025-03-11T13:10:39.097+0000] {processor.py:208} INFO - Processing /home/airflow/.local/lib/python3.12/site-packages/airflow/example_dags/example_branch_operator_decorator.py took 0.112 seconds
[2025-03-11T13:11:09.681+0000] {processor.py:186} INFO - Started process (PID=162) to work on /home/airflow/.local/lib/python3.12/site-packages/airflow/example_dags/example_branch_operator_decorator.py
[2025-03-11T13:11:09.681+0000] {processor.py:914} INFO - Processing file /home/airflow/.local/lib/python3.12/site-packages/airflow/example_dags/example_branch_operator_decorator.py for tasks to queue
[2025-03-11T13:11:09.683+0000] {logging_mixin.py:190} INFO - [2025-03-11T13:11:09.682+0000] {dagbag.py:588} INFO - Filling up the DagBag from /home/airflow/.local/lib/python3.12/site-packages/airflow/example_dags/example_branch_operator_decorator.py
[2025-03-11T13:11:09.692+0000] {processor.py:925} INFO - DAG(s) 'example_branch_python_operator_decorator' retrieved from /home/airflow/.local/lib/python3.12/site-packages/airflow/example_dags/example_branch_operator_decorator.py
[2025-03-11T13:11:09.705+0000] {logging_mixin.py:190} INFO - [2025-03-11T13:11:09.705+0000] {dag.py:3239} INFO - Sync 1 DAGs
[2025-03-11T13:11:09.715+0000] {logging_mixin.py:190} INFO - [2025-03-11T13:11:09.715+0000] {dag.py:4180} INFO - Setting next_dagrun for example_branch_python_operator_decorator to 2025-03-10 00:00:00+00:00, run_after=2025-03-11 00:00:00+00:00
[2025-03-11T13:11:09.723+0000] {processor.py:208} INFO - Processing /home/airflow/.local/lib/python3.12/site-packages/airflow/example_dags/example_branch_operator_decorator.py took 0.045 seconds
[2025-03-11T13:11:40.556+0000] {processor.py:186} INFO - Started process (PID=225) to work on /home/airflow/.local/lib/python3.12/site-packages/airflow/example_dags/example_branch_operator_decorator.py
[2025-03-11T13:11:40.558+0000] {processor.py:914} INFO - Processing file /home/airflow/.local/lib/python3.12/site-packages/airflow/example_dags/example_branch_operator_decorator.py for tasks to queue
[2025-03-11T13:11:40.559+0000] {logging_mixin.py:190} INFO - [2025-03-11T13:11:40.559+0000] {dagbag.py:588} INFO - Filling up the DagBag from /home/airflow/.local/lib/python3.12/site-packages/airflow/example_dags/example_branch_operator_decorator.py
[2025-03-11T13:11:40.571+0000] {processor.py:925} INFO - DAG(s) 'example_branch_python_operator_decorator' retrieved from /home/airflow/.local/lib/python3.12/site-packages/airflow/example_dags/example_branch_operator_decorator.py
[2025-03-11T13:11:40.589+0000] {logging_mixin.py:190} INFO - [2025-03-11T13:11:40.589+0000] {dag.py:3239} INFO - Sync 1 DAGs
[2025-03-11T13:11:40.604+0000] {logging_mixin.py:190} INFO - [2025-03-11T13:11:40.604+0000] {dag.py:4180} INFO - Setting next_dagrun for example_branch_python_operator_decorator to 2025-03-10 00:00:00+00:00, run_after=2025-03-11 00:00:00+00:00
[2025-03-11T13:11:40.618+0000] {processor.py:208} INFO - Processing /home/airflow/.local/lib/python3.12/site-packages/airflow/example_dags/example_branch_operator_decorator.py took 0.065 seconds
[2025-03-11T13:12:11.335+0000] {processor.py:186} INFO - Started process (PID=288) to work on /home/airflow/.local/lib/python3.12/site-packages/airflow/example_dags/example_branch_operator_decorator.py
[2025-03-11T13:12:11.336+0000] {processor.py:914} INFO - Processing file /home/airflow/.local/lib/python3.12/site-packages/airflow/example_dags/example_branch_operator_decorator.py for tasks to queue
[2025-03-11T13:12:11.337+0000] {logging_mixin.py:190} INFO - [2025-03-11T13:12:11.337+0000] {dagbag.py:588} INFO - Filling up the DagBag from /home/airflow/.local/lib/python3.12/site-packages/airflow/example_dags/example_branch_operator_decorator.py
[2025-03-11T13:12:11.348+0000] {processor.py:925} INFO - DAG(s) 'example_branch_python_operator_decorator' retrieved from /home/airflow/.local/lib/python3.12/site-packages/airflow/example_dags/example_branch_operator_decorator.py
[2025-03-11T13:12:11.367+0000] {logging_mixin.py:190} INFO - [2025-03-11T13:12:11.367+0000] {dag.py:3239} INFO - Sync 1 DAGs
[2025-03-11T13:12:11.382+0000] {logging_mixin.py:190} INFO - [2025-03-11T13:12:11.382+0000] {dag.py:4180} INFO - Setting next_dagrun for example_branch_python_operator_decorator to 2025-03-10 00:00:00+00:00, run_after=2025-03-11 00:00:00+00:00
[2025-03-11T13:12:11.395+0000] {processor.py:208} INFO - Processing /home/airflow/.local/lib/python3.12/site-packages/airflow/example_dags/example_branch_operator_decorator.py took 0.063 seconds
[2025-03-11T13:12:41.604+0000] {processor.py:186} INFO - Started process (PID=351) to work on /home/airflow/.local/lib/python3.12/site-packages/airflow/example_dags/example_branch_operator_decorator.py
[2025-03-11T13:12:41.605+0000] {processor.py:914} INFO - Processing file /home/airflow/.local/lib/python3.12/site-packages/airflow/example_dags/example_branch_operator_decorator.py for tasks to queue
[2025-03-11T13:12:41.606+0000] {logging_mixin.py:190} INFO - [2025-03-11T13:12:41.606+0000] {dagbag.py:588} INFO - Filling up the DagBag from /home/airflow/.local/lib/python3.12/site-packages/airflow/example_dags/example_branch_operator_decorator.py
[2025-03-11T13:12:41.616+0000] {processor.py:925} INFO - DAG(s) 'example_branch_python_operator_decorator' retrieved from /home/airflow/.local/lib/python3.12/site-packages/airflow/example_dags/example_branch_operator_decorator.py
[2025-03-11T13:12:41.633+0000] {logging_mixin.py:190} INFO - [2025-03-11T13:12:41.633+0000] {dag.py:3239} INFO - Sync 1 DAGs
[2025-03-11T13:12:41.645+0000] {logging_mixin.py:190} INFO - [2025-03-11T13:12:41.645+0000] {dag.py:4180} INFO - Setting next_dagrun for example_branch_python_operator_decorator to 2025-03-10 00:00:00+00:00, run_after=2025-03-11 00:00:00+00:00
[2025-03-11T13:12:41.655+0000] {processor.py:208} INFO - Processing /home/airflow/.local/lib/python3.12/site-packages/airflow/example_dags/example_branch_operator_decorator.py took 0.054 seconds
