[2025-03-11T13:10:34.562+0000] {processor.py:186} INFO - Started process (PID=67) to work on /home/airflow/.local/lib/python3.12/site-packages/airflow/example_dags/example_sla_dag.py
[2025-03-11T13:10:34.563+0000] {processor.py:914} INFO - Processing file /home/airflow/.local/lib/python3.12/site-packages/airflow/example_dags/example_sla_dag.py for tasks to queue
[2025-03-11T13:10:34.565+0000] {logging_mixin.py:190} INFO - [2025-03-11T13:10:34.565+0000] {dagbag.py:588} INFO - Filling up the DagBag from /home/airflow/.local/lib/python3.12/site-packages/airflow/example_dags/example_sla_dag.py
[2025-03-11T13:10:34.575+0000] {processor.py:925} INFO - DAG(s) 'example_sla_dag' retrieved from /home/airflow/.local/lib/python3.12/site-packages/airflow/example_dags/example_sla_dag.py
[2025-03-11T13:10:34.684+0000] {logging_mixin.py:190} INFO - [2025-03-11T13:10:34.683+0000] {override.py:1912} INFO - Created Permission View: can read on DAG:example_sla_dag
[2025-03-11T13:10:34.698+0000] {logging_mixin.py:190} INFO - [2025-03-11T13:10:34.697+0000] {override.py:1912} INFO - Created Permission View: can edit on DAG:example_sla_dag
[2025-03-11T13:10:34.706+0000] {logging_mixin.py:190} INFO - [2025-03-11T13:10:34.706+0000] {override.py:1912} INFO - Created Permission View: can delete on DAG:example_sla_dag
[2025-03-11T13:10:34.718+0000] {logging_mixin.py:190} INFO - [2025-03-11T13:10:34.718+0000] {override.py:1912} INFO - Created Permission View: can read on DAG Run:example_sla_dag
[2025-03-11T13:10:34.727+0000] {logging_mixin.py:190} INFO - [2025-03-11T13:10:34.727+0000] {override.py:1912} INFO - Created Permission View: can delete on DAG Run:example_sla_dag
[2025-03-11T13:10:34.735+0000] {logging_mixin.py:190} INFO - [2025-03-11T13:10:34.734+0000] {override.py:1912} INFO - Created Permission View: can create on DAG Run:example_sla_dag
[2025-03-11T13:10:34.741+0000] {logging_mixin.py:190} INFO - [2025-03-11T13:10:34.741+0000] {override.py:1912} INFO - Created Permission View: menu access on DAG Run:example_sla_dag
[2025-03-11T13:10:34.741+0000] {logging_mixin.py:190} INFO - [2025-03-11T13:10:34.741+0000] {dag.py:3239} INFO - Sync 1 DAGs
[2025-03-11T13:10:34.750+0000] {logging_mixin.py:190} INFO - [2025-03-11T13:10:34.750+0000] {dag.py:3262} INFO - Creating ORM DAG for example_sla_dag
[2025-03-11T13:10:34.758+0000] {logging_mixin.py:190} INFO - [2025-03-11T13:10:34.758+0000] {dag.py:4180} INFO - Setting next_dagrun for example_sla_dag to 2025-03-11 13:08:00+00:00, run_after=2025-03-11 13:10:00+00:00
[2025-03-11T13:10:34.768+0000] {processor.py:208} INFO - Processing /home/airflow/.local/lib/python3.12/site-packages/airflow/example_dags/example_sla_dag.py took 0.209 seconds
[2025-03-11T13:11:05.077+0000] {processor.py:186} INFO - Started process (PID=129) to work on /home/airflow/.local/lib/python3.12/site-packages/airflow/example_dags/example_sla_dag.py
[2025-03-11T13:11:05.081+0000] {processor.py:914} INFO - Processing file /home/airflow/.local/lib/python3.12/site-packages/airflow/example_dags/example_sla_dag.py for tasks to queue
[2025-03-11T13:11:05.083+0000] {logging_mixin.py:190} INFO - [2025-03-11T13:11:05.083+0000] {dagbag.py:588} INFO - Filling up the DagBag from /home/airflow/.local/lib/python3.12/site-packages/airflow/example_dags/example_sla_dag.py
[2025-03-11T13:11:05.094+0000] {processor.py:925} INFO - DAG(s) 'example_sla_dag' retrieved from /home/airflow/.local/lib/python3.12/site-packages/airflow/example_dags/example_sla_dag.py
[2025-03-11T13:11:05.106+0000] {logging_mixin.py:190} INFO - [2025-03-11T13:11:05.105+0000] {dag.py:3239} INFO - Sync 1 DAGs
[2025-03-11T13:11:05.120+0000] {logging_mixin.py:190} INFO - [2025-03-11T13:11:05.120+0000] {dag.py:4180} INFO - Setting next_dagrun for example_sla_dag to 2025-03-11 13:08:00+00:00, run_after=2025-03-11 13:10:00+00:00
[2025-03-11T13:11:05.131+0000] {processor.py:208} INFO - Processing /home/airflow/.local/lib/python3.12/site-packages/airflow/example_dags/example_sla_dag.py took 0.058 seconds
[2025-03-11T13:11:35.794+0000] {processor.py:186} INFO - Started process (PID=192) to work on /home/airflow/.local/lib/python3.12/site-packages/airflow/example_dags/example_sla_dag.py
[2025-03-11T13:11:35.796+0000] {processor.py:914} INFO - Processing file /home/airflow/.local/lib/python3.12/site-packages/airflow/example_dags/example_sla_dag.py for tasks to queue
[2025-03-11T13:11:35.797+0000] {logging_mixin.py:190} INFO - [2025-03-11T13:11:35.797+0000] {dagbag.py:588} INFO - Filling up the DagBag from /home/airflow/.local/lib/python3.12/site-packages/airflow/example_dags/example_sla_dag.py
[2025-03-11T13:11:35.804+0000] {processor.py:925} INFO - DAG(s) 'example_sla_dag' retrieved from /home/airflow/.local/lib/python3.12/site-packages/airflow/example_dags/example_sla_dag.py
[2025-03-11T13:11:35.818+0000] {logging_mixin.py:190} INFO - [2025-03-11T13:11:35.818+0000] {dag.py:3239} INFO - Sync 1 DAGs
[2025-03-11T13:11:35.837+0000] {logging_mixin.py:190} INFO - [2025-03-11T13:11:35.837+0000] {dag.py:4180} INFO - Setting next_dagrun for example_sla_dag to 2025-03-11 13:08:00+00:00, run_after=2025-03-11 13:10:00+00:00
[2025-03-11T13:11:35.855+0000] {processor.py:208} INFO - Processing /home/airflow/.local/lib/python3.12/site-packages/airflow/example_dags/example_sla_dag.py took 0.066 seconds
[2025-03-11T13:12:06.642+0000] {processor.py:186} INFO - Started process (PID=255) to work on /home/airflow/.local/lib/python3.12/site-packages/airflow/example_dags/example_sla_dag.py
[2025-03-11T13:12:06.643+0000] {processor.py:914} INFO - Processing file /home/airflow/.local/lib/python3.12/site-packages/airflow/example_dags/example_sla_dag.py for tasks to queue
[2025-03-11T13:12:06.644+0000] {logging_mixin.py:190} INFO - [2025-03-11T13:12:06.644+0000] {dagbag.py:588} INFO - Filling up the DagBag from /home/airflow/.local/lib/python3.12/site-packages/airflow/example_dags/example_sla_dag.py
[2025-03-11T13:12:06.652+0000] {processor.py:925} INFO - DAG(s) 'example_sla_dag' retrieved from /home/airflow/.local/lib/python3.12/site-packages/airflow/example_dags/example_sla_dag.py
[2025-03-11T13:12:06.667+0000] {logging_mixin.py:190} INFO - [2025-03-11T13:12:06.667+0000] {dag.py:3239} INFO - Sync 1 DAGs
[2025-03-11T13:12:06.681+0000] {logging_mixin.py:190} INFO - [2025-03-11T13:12:06.681+0000] {dag.py:4180} INFO - Setting next_dagrun for example_sla_dag to 2025-03-11 13:10:00+00:00, run_after=2025-03-11 13:12:00+00:00
[2025-03-11T13:12:06.695+0000] {processor.py:208} INFO - Processing /home/airflow/.local/lib/python3.12/site-packages/airflow/example_dags/example_sla_dag.py took 0.057 seconds
[2025-03-11T13:12:37.866+0000] {processor.py:186} INFO - Started process (PID=318) to work on /home/airflow/.local/lib/python3.12/site-packages/airflow/example_dags/example_sla_dag.py
[2025-03-11T13:12:37.869+0000] {processor.py:914} INFO - Processing file /home/airflow/.local/lib/python3.12/site-packages/airflow/example_dags/example_sla_dag.py for tasks to queue
[2025-03-11T13:12:37.881+0000] {logging_mixin.py:190} INFO - [2025-03-11T13:12:37.880+0000] {dagbag.py:588} INFO - Filling up the DagBag from /home/airflow/.local/lib/python3.12/site-packages/airflow/example_dags/example_sla_dag.py
[2025-03-11T13:12:37.903+0000] {processor.py:925} INFO - DAG(s) 'example_sla_dag' retrieved from /home/airflow/.local/lib/python3.12/site-packages/airflow/example_dags/example_sla_dag.py
[2025-03-11T13:12:37.938+0000] {logging_mixin.py:190} INFO - [2025-03-11T13:12:37.937+0000] {dag.py:3239} INFO - Sync 1 DAGs
[2025-03-11T13:12:37.985+0000] {logging_mixin.py:190} INFO - [2025-03-11T13:12:37.985+0000] {dag.py:4180} INFO - Setting next_dagrun for example_sla_dag to 2025-03-11 13:10:00+00:00, run_after=2025-03-11 13:12:00+00:00
[2025-03-11T13:12:38.034+0000] {processor.py:208} INFO - Processing /home/airflow/.local/lib/python3.12/site-packages/airflow/example_dags/example_sla_dag.py took 0.180 seconds
