[2025-03-11T13:10:32.898+0000] {processor.py:186} INFO - Started process (PID=55) to work on /home/airflow/.local/lib/python3.12/site-packages/airflow/example_dags/example_bash_operator.py
[2025-03-11T13:10:32.899+0000] {processor.py:914} INFO - Processing file /home/airflow/.local/lib/python3.12/site-packages/airflow/example_dags/example_bash_operator.py for tasks to queue
[2025-03-11T13:10:32.901+0000] {logging_mixin.py:190} INFO - [2025-03-11T13:10:32.901+0000] {dagbag.py:588} INFO - Filling up the DagBag from /home/airflow/.local/lib/python3.12/site-packages/airflow/example_dags/example_bash_operator.py
[2025-03-11T13:10:32.910+0000] {processor.py:925} INFO - DAG(s) 'example_bash_operator' retrieved from /home/airflow/.local/lib/python3.12/site-packages/airflow/example_dags/example_bash_operator.py
[2025-03-11T13:10:32.992+0000] {logging_mixin.py:190} INFO - [2025-03-11T13:10:32.991+0000] {override.py:1912} INFO - Created Permission View: can read on DAG:example_bash_operator
[2025-03-11T13:10:33.002+0000] {logging_mixin.py:190} INFO - [2025-03-11T13:10:33.002+0000] {override.py:1912} INFO - Created Permission View: can edit on DAG:example_bash_operator
[2025-03-11T13:10:33.006+0000] {logging_mixin.py:190} INFO - [2025-03-11T13:10:33.005+0000] {override.py:1912} INFO - Created Permission View: can delete on DAG:example_bash_operator
[2025-03-11T13:10:33.010+0000] {logging_mixin.py:190} INFO - [2025-03-11T13:10:33.010+0000] {override.py:1912} INFO - Created Permission View: can read on DAG Run:example_bash_operator
[2025-03-11T13:10:33.013+0000] {logging_mixin.py:190} INFO - [2025-03-11T13:10:33.013+0000] {override.py:1912} INFO - Created Permission View: can delete on DAG Run:example_bash_operator
[2025-03-11T13:10:33.017+0000] {logging_mixin.py:190} INFO - [2025-03-11T13:10:33.016+0000] {override.py:1912} INFO - Created Permission View: can create on DAG Run:example_bash_operator
[2025-03-11T13:10:33.020+0000] {logging_mixin.py:190} INFO - [2025-03-11T13:10:33.020+0000] {override.py:1912} INFO - Created Permission View: menu access on DAG Run:example_bash_operator
[2025-03-11T13:10:33.020+0000] {logging_mixin.py:190} INFO - [2025-03-11T13:10:33.020+0000] {dag.py:3239} INFO - Sync 1 DAGs
[2025-03-11T13:10:33.028+0000] {logging_mixin.py:190} INFO - [2025-03-11T13:10:33.028+0000] {dag.py:3262} INFO - Creating ORM DAG for example_bash_operator
[2025-03-11T13:10:33.036+0000] {logging_mixin.py:190} INFO - [2025-03-11T13:10:33.036+0000] {dag.py:4180} INFO - Setting next_dagrun for example_bash_operator to 2025-03-10 00:00:00+00:00, run_after=2025-03-11 00:00:00+00:00
[2025-03-11T13:10:33.046+0000] {processor.py:208} INFO - Processing /home/airflow/.local/lib/python3.12/site-packages/airflow/example_dags/example_bash_operator.py took 0.152 seconds
[2025-03-11T13:11:04.576+0000] {processor.py:186} INFO - Started process (PID=118) to work on /home/airflow/.local/lib/python3.12/site-packages/airflow/example_dags/example_bash_operator.py
[2025-03-11T13:11:04.577+0000] {processor.py:914} INFO - Processing file /home/airflow/.local/lib/python3.12/site-packages/airflow/example_dags/example_bash_operator.py for tasks to queue
[2025-03-11T13:11:04.581+0000] {logging_mixin.py:190} INFO - [2025-03-11T13:11:04.581+0000] {dagbag.py:588} INFO - Filling up the DagBag from /home/airflow/.local/lib/python3.12/site-packages/airflow/example_dags/example_bash_operator.py
[2025-03-11T13:11:04.606+0000] {processor.py:925} INFO - DAG(s) 'example_bash_operator' retrieved from /home/airflow/.local/lib/python3.12/site-packages/airflow/example_dags/example_bash_operator.py
[2025-03-11T13:11:04.654+0000] {logging_mixin.py:190} INFO - [2025-03-11T13:11:04.653+0000] {dag.py:3239} INFO - Sync 1 DAGs
[2025-03-11T13:11:04.677+0000] {logging_mixin.py:190} INFO - [2025-03-11T13:11:04.677+0000] {dag.py:4180} INFO - Setting next_dagrun for example_bash_operator to 2025-03-10 00:00:00+00:00, run_after=2025-03-11 00:00:00+00:00
[2025-03-11T13:11:04.695+0000] {processor.py:208} INFO - Processing /home/airflow/.local/lib/python3.12/site-packages/airflow/example_dags/example_bash_operator.py took 0.125 seconds
[2025-03-11T13:11:35.273+0000] {processor.py:186} INFO - Started process (PID=181) to work on /home/airflow/.local/lib/python3.12/site-packages/airflow/example_dags/example_bash_operator.py
[2025-03-11T13:11:35.275+0000] {processor.py:914} INFO - Processing file /home/airflow/.local/lib/python3.12/site-packages/airflow/example_dags/example_bash_operator.py for tasks to queue
[2025-03-11T13:11:35.276+0000] {logging_mixin.py:190} INFO - [2025-03-11T13:11:35.276+0000] {dagbag.py:588} INFO - Filling up the DagBag from /home/airflow/.local/lib/python3.12/site-packages/airflow/example_dags/example_bash_operator.py
[2025-03-11T13:11:35.288+0000] {processor.py:925} INFO - DAG(s) 'example_bash_operator' retrieved from /home/airflow/.local/lib/python3.12/site-packages/airflow/example_dags/example_bash_operator.py
[2025-03-11T13:11:35.308+0000] {logging_mixin.py:190} INFO - [2025-03-11T13:11:35.308+0000] {dag.py:3239} INFO - Sync 1 DAGs
[2025-03-11T13:11:35.321+0000] {logging_mixin.py:190} INFO - [2025-03-11T13:11:35.321+0000] {dag.py:4180} INFO - Setting next_dagrun for example_bash_operator to 2025-03-10 00:00:00+00:00, run_after=2025-03-11 00:00:00+00:00
[2025-03-11T13:11:35.334+0000] {processor.py:208} INFO - Processing /home/airflow/.local/lib/python3.12/site-packages/airflow/example_dags/example_bash_operator.py took 0.064 seconds
[2025-03-11T13:12:06.209+0000] {processor.py:186} INFO - Started process (PID=244) to work on /home/airflow/.local/lib/python3.12/site-packages/airflow/example_dags/example_bash_operator.py
[2025-03-11T13:12:06.213+0000] {processor.py:914} INFO - Processing file /home/airflow/.local/lib/python3.12/site-packages/airflow/example_dags/example_bash_operator.py for tasks to queue
[2025-03-11T13:12:06.215+0000] {logging_mixin.py:190} INFO - [2025-03-11T13:12:06.215+0000] {dagbag.py:588} INFO - Filling up the DagBag from /home/airflow/.local/lib/python3.12/site-packages/airflow/example_dags/example_bash_operator.py
[2025-03-11T13:12:06.223+0000] {processor.py:925} INFO - DAG(s) 'example_bash_operator' retrieved from /home/airflow/.local/lib/python3.12/site-packages/airflow/example_dags/example_bash_operator.py
[2025-03-11T13:12:06.239+0000] {logging_mixin.py:190} INFO - [2025-03-11T13:12:06.239+0000] {dag.py:3239} INFO - Sync 1 DAGs
[2025-03-11T13:12:06.252+0000] {logging_mixin.py:190} INFO - [2025-03-11T13:12:06.252+0000] {dag.py:4180} INFO - Setting next_dagrun for example_bash_operator to 2025-03-10 00:00:00+00:00, run_after=2025-03-11 00:00:00+00:00
[2025-03-11T13:12:06.265+0000] {processor.py:208} INFO - Processing /home/airflow/.local/lib/python3.12/site-packages/airflow/example_dags/example_bash_operator.py took 0.060 seconds
[2025-03-11T13:12:36.470+0000] {processor.py:186} INFO - Started process (PID=307) to work on /home/airflow/.local/lib/python3.12/site-packages/airflow/example_dags/example_bash_operator.py
[2025-03-11T13:12:36.474+0000] {processor.py:914} INFO - Processing file /home/airflow/.local/lib/python3.12/site-packages/airflow/example_dags/example_bash_operator.py for tasks to queue
[2025-03-11T13:12:36.480+0000] {logging_mixin.py:190} INFO - [2025-03-11T13:12:36.479+0000] {dagbag.py:588} INFO - Filling up the DagBag from /home/airflow/.local/lib/python3.12/site-packages/airflow/example_dags/example_bash_operator.py
[2025-03-11T13:12:36.512+0000] {processor.py:925} INFO - DAG(s) 'example_bash_operator' retrieved from /home/airflow/.local/lib/python3.12/site-packages/airflow/example_dags/example_bash_operator.py
[2025-03-11T13:12:36.570+0000] {logging_mixin.py:190} INFO - [2025-03-11T13:12:36.569+0000] {dag.py:3239} INFO - Sync 1 DAGs
[2025-03-11T13:12:36.614+0000] {logging_mixin.py:190} INFO - [2025-03-11T13:12:36.614+0000] {dag.py:4180} INFO - Setting next_dagrun for example_bash_operator to 2025-03-10 00:00:00+00:00, run_after=2025-03-11 00:00:00+00:00
[2025-03-11T13:12:36.634+0000] {processor.py:208} INFO - Processing /home/airflow/.local/lib/python3.12/site-packages/airflow/example_dags/example_bash_operator.py took 0.177 seconds
