[2025-03-11T13:10:38.796+0000] {processor.py:186} INFO - Started process (PID=96) to work on /home/airflow/.local/lib/python3.12/site-packages/airflow/example_dags/example_trigger_controller_dag.py
[2025-03-11T13:10:38.798+0000] {processor.py:914} INFO - Processing file /home/airflow/.local/lib/python3.12/site-packages/airflow/example_dags/example_trigger_controller_dag.py for tasks to queue
[2025-03-11T13:10:38.800+0000] {logging_mixin.py:190} INFO - [2025-03-11T13:10:38.800+0000] {dagbag.py:588} INFO - Filling up the DagBag from /home/airflow/.local/lib/python3.12/site-packages/airflow/example_dags/example_trigger_controller_dag.py
[2025-03-11T13:10:38.807+0000] {processor.py:925} INFO - DAG(s) 'example_trigger_controller_dag' retrieved from /home/airflow/.local/lib/python3.12/site-packages/airflow/example_dags/example_trigger_controller_dag.py
[2025-03-11T13:10:38.860+0000] {logging_mixin.py:190} INFO - [2025-03-11T13:10:38.860+0000] {override.py:1912} INFO - Created Permission View: can read on DAG:example_trigger_controller_dag
[2025-03-11T13:10:38.865+0000] {logging_mixin.py:190} INFO - [2025-03-11T13:10:38.865+0000] {override.py:1912} INFO - Created Permission View: can edit on DAG:example_trigger_controller_dag
[2025-03-11T13:10:38.867+0000] {logging_mixin.py:190} INFO - [2025-03-11T13:10:38.867+0000] {override.py:1912} INFO - Created Permission View: can delete on DAG:example_trigger_controller_dag
[2025-03-11T13:10:38.870+0000] {logging_mixin.py:190} INFO - [2025-03-11T13:10:38.870+0000] {override.py:1912} INFO - Created Permission View: can read on DAG Run:example_trigger_controller_dag
[2025-03-11T13:10:38.873+0000] {logging_mixin.py:190} INFO - [2025-03-11T13:10:38.873+0000] {override.py:1912} INFO - Created Permission View: can delete on DAG Run:example_trigger_controller_dag
[2025-03-11T13:10:38.876+0000] {logging_mixin.py:190} INFO - [2025-03-11T13:10:38.876+0000] {override.py:1912} INFO - Created Permission View: can create on DAG Run:example_trigger_controller_dag
[2025-03-11T13:10:38.878+0000] {logging_mixin.py:190} INFO - [2025-03-11T13:10:38.878+0000] {override.py:1912} INFO - Created Permission View: menu access on DAG Run:example_trigger_controller_dag
[2025-03-11T13:10:38.878+0000] {logging_mixin.py:190} INFO - [2025-03-11T13:10:38.878+0000] {dag.py:3239} INFO - Sync 1 DAGs
[2025-03-11T13:10:38.884+0000] {logging_mixin.py:190} INFO - [2025-03-11T13:10:38.884+0000] {dag.py:3262} INFO - Creating ORM DAG for example_trigger_controller_dag
[2025-03-11T13:10:38.889+0000] {logging_mixin.py:190} INFO - [2025-03-11T13:10:38.889+0000] {dag.py:4180} INFO - Setting next_dagrun for example_trigger_controller_dag to 2021-01-01 00:00:00+00:00, run_after=2021-01-01 00:00:00+00:00
[2025-03-11T13:10:38.896+0000] {processor.py:208} INFO - Processing /home/airflow/.local/lib/python3.12/site-packages/airflow/example_dags/example_trigger_controller_dag.py took 0.104 seconds
[2025-03-11T13:11:09.589+0000] {processor.py:186} INFO - Started process (PID=159) to work on /home/airflow/.local/lib/python3.12/site-packages/airflow/example_dags/example_trigger_controller_dag.py
[2025-03-11T13:11:09.589+0000] {processor.py:914} INFO - Processing file /home/airflow/.local/lib/python3.12/site-packages/airflow/example_dags/example_trigger_controller_dag.py for tasks to queue
[2025-03-11T13:11:09.591+0000] {logging_mixin.py:190} INFO - [2025-03-11T13:11:09.590+0000] {dagbag.py:588} INFO - Filling up the DagBag from /home/airflow/.local/lib/python3.12/site-packages/airflow/example_dags/example_trigger_controller_dag.py
[2025-03-11T13:11:09.594+0000] {processor.py:925} INFO - DAG(s) 'example_trigger_controller_dag' retrieved from /home/airflow/.local/lib/python3.12/site-packages/airflow/example_dags/example_trigger_controller_dag.py
[2025-03-11T13:11:09.603+0000] {logging_mixin.py:190} INFO - [2025-03-11T13:11:09.603+0000] {dag.py:3239} INFO - Sync 1 DAGs
[2025-03-11T13:11:09.615+0000] {logging_mixin.py:190} INFO - [2025-03-11T13:11:09.615+0000] {dag.py:4180} INFO - Setting next_dagrun for example_trigger_controller_dag to 2021-01-01 00:00:00+00:00, run_after=2021-01-01 00:00:00+00:00
[2025-03-11T13:11:09.623+0000] {processor.py:208} INFO - Processing /home/airflow/.local/lib/python3.12/site-packages/airflow/example_dags/example_trigger_controller_dag.py took 0.038 seconds
[2025-03-11T13:11:40.459+0000] {processor.py:186} INFO - Started process (PID=222) to work on /home/airflow/.local/lib/python3.12/site-packages/airflow/example_dags/example_trigger_controller_dag.py
[2025-03-11T13:11:40.460+0000] {processor.py:914} INFO - Processing file /home/airflow/.local/lib/python3.12/site-packages/airflow/example_dags/example_trigger_controller_dag.py for tasks to queue
[2025-03-11T13:11:40.462+0000] {logging_mixin.py:190} INFO - [2025-03-11T13:11:40.462+0000] {dagbag.py:588} INFO - Filling up the DagBag from /home/airflow/.local/lib/python3.12/site-packages/airflow/example_dags/example_trigger_controller_dag.py
[2025-03-11T13:11:40.466+0000] {processor.py:925} INFO - DAG(s) 'example_trigger_controller_dag' retrieved from /home/airflow/.local/lib/python3.12/site-packages/airflow/example_dags/example_trigger_controller_dag.py
[2025-03-11T13:11:40.477+0000] {logging_mixin.py:190} INFO - [2025-03-11T13:11:40.477+0000] {dag.py:3239} INFO - Sync 1 DAGs
[2025-03-11T13:11:40.489+0000] {logging_mixin.py:190} INFO - [2025-03-11T13:11:40.489+0000] {dag.py:4180} INFO - Setting next_dagrun for example_trigger_controller_dag to 2021-01-01 00:00:00+00:00, run_after=2021-01-01 00:00:00+00:00
[2025-03-11T13:11:40.502+0000] {processor.py:208} INFO - Processing /home/airflow/.local/lib/python3.12/site-packages/airflow/example_dags/example_trigger_controller_dag.py took 0.046 seconds
[2025-03-11T13:12:11.228+0000] {processor.py:186} INFO - Started process (PID=285) to work on /home/airflow/.local/lib/python3.12/site-packages/airflow/example_dags/example_trigger_controller_dag.py
[2025-03-11T13:12:11.229+0000] {processor.py:914} INFO - Processing file /home/airflow/.local/lib/python3.12/site-packages/airflow/example_dags/example_trigger_controller_dag.py for tasks to queue
[2025-03-11T13:12:11.230+0000] {logging_mixin.py:190} INFO - [2025-03-11T13:12:11.230+0000] {dagbag.py:588} INFO - Filling up the DagBag from /home/airflow/.local/lib/python3.12/site-packages/airflow/example_dags/example_trigger_controller_dag.py
[2025-03-11T13:12:11.233+0000] {processor.py:925} INFO - DAG(s) 'example_trigger_controller_dag' retrieved from /home/airflow/.local/lib/python3.12/site-packages/airflow/example_dags/example_trigger_controller_dag.py
[2025-03-11T13:12:11.243+0000] {logging_mixin.py:190} INFO - [2025-03-11T13:12:11.243+0000] {dag.py:3239} INFO - Sync 1 DAGs
[2025-03-11T13:12:11.253+0000] {logging_mixin.py:190} INFO - [2025-03-11T13:12:11.253+0000] {dag.py:4180} INFO - Setting next_dagrun for example_trigger_controller_dag to 2021-01-01 00:00:00+00:00, run_after=2021-01-01 00:00:00+00:00
[2025-03-11T13:12:11.262+0000] {processor.py:208} INFO - Processing /home/airflow/.local/lib/python3.12/site-packages/airflow/example_dags/example_trigger_controller_dag.py took 0.036 seconds
[2025-03-11T13:12:41.390+0000] {processor.py:186} INFO - Started process (PID=348) to work on /home/airflow/.local/lib/python3.12/site-packages/airflow/example_dags/example_trigger_controller_dag.py
[2025-03-11T13:12:41.391+0000] {processor.py:914} INFO - Processing file /home/airflow/.local/lib/python3.12/site-packages/airflow/example_dags/example_trigger_controller_dag.py for tasks to queue
[2025-03-11T13:12:41.393+0000] {logging_mixin.py:190} INFO - [2025-03-11T13:12:41.393+0000] {dagbag.py:588} INFO - Filling up the DagBag from /home/airflow/.local/lib/python3.12/site-packages/airflow/example_dags/example_trigger_controller_dag.py
[2025-03-11T13:12:41.397+0000] {processor.py:925} INFO - DAG(s) 'example_trigger_controller_dag' retrieved from /home/airflow/.local/lib/python3.12/site-packages/airflow/example_dags/example_trigger_controller_dag.py
[2025-03-11T13:12:41.448+0000] {logging_mixin.py:190} INFO - [2025-03-11T13:12:41.448+0000] {dag.py:3239} INFO - Sync 1 DAGs
[2025-03-11T13:12:41.460+0000] {logging_mixin.py:190} INFO - [2025-03-11T13:12:41.460+0000] {dag.py:4180} INFO - Setting next_dagrun for example_trigger_controller_dag to 2021-01-01 00:00:00+00:00, run_after=2021-01-01 00:00:00+00:00
[2025-03-11T13:12:41.471+0000] {processor.py:208} INFO - Processing /home/airflow/.local/lib/python3.12/site-packages/airflow/example_dags/example_trigger_controller_dag.py took 0.085 seconds
