[2025-03-11T13:10:32.769+0000] {processor.py:186} INFO - Started process (PID=54) to work on /home/airflow/.local/lib/python3.12/site-packages/airflow/example_dags/example_sensor_decorator.py
[2025-03-11T13:10:32.770+0000] {processor.py:914} INFO - Processing file /home/airflow/.local/lib/python3.12/site-packages/airflow/example_dags/example_sensor_decorator.py for tasks to queue
[2025-03-11T13:10:32.773+0000] {logging_mixin.py:190} INFO - [2025-03-11T13:10:32.772+0000] {dagbag.py:588} INFO - Filling up the DagBag from /home/airflow/.local/lib/python3.12/site-packages/airflow/example_dags/example_sensor_decorator.py
[2025-03-11T13:10:32.784+0000] {processor.py:925} INFO - DAG(s) 'example_sensor_decorator' retrieved from /home/airflow/.local/lib/python3.12/site-packages/airflow/example_dags/example_sensor_decorator.py
[2025-03-11T13:10:32.869+0000] {logging_mixin.py:190} INFO - [2025-03-11T13:10:32.869+0000] {override.py:1912} INFO - Created Permission View: can read on DAG:example_sensor_decorator
[2025-03-11T13:10:32.875+0000] {logging_mixin.py:190} INFO - [2025-03-11T13:10:32.875+0000] {override.py:1912} INFO - Created Permission View: can edit on DAG:example_sensor_decorator
[2025-03-11T13:10:32.879+0000] {logging_mixin.py:190} INFO - [2025-03-11T13:10:32.878+0000] {override.py:1912} INFO - Created Permission View: can delete on DAG:example_sensor_decorator
[2025-03-11T13:10:32.883+0000] {logging_mixin.py:190} INFO - [2025-03-11T13:10:32.883+0000] {override.py:1912} INFO - Created Permission View: can read on DAG Run:example_sensor_decorator
[2025-03-11T13:10:32.891+0000] {logging_mixin.py:190} INFO - [2025-03-11T13:10:32.891+0000] {override.py:1912} INFO - Created Permission View: can delete on DAG Run:example_sensor_decorator
[2025-03-11T13:10:32.896+0000] {logging_mixin.py:190} INFO - [2025-03-11T13:10:32.895+0000] {override.py:1912} INFO - Created Permission View: can create on DAG Run:example_sensor_decorator
[2025-03-11T13:10:32.900+0000] {logging_mixin.py:190} INFO - [2025-03-11T13:10:32.900+0000] {override.py:1912} INFO - Created Permission View: menu access on DAG Run:example_sensor_decorator
[2025-03-11T13:10:32.900+0000] {logging_mixin.py:190} INFO - [2025-03-11T13:10:32.900+0000] {dag.py:3239} INFO - Sync 1 DAGs
[2025-03-11T13:10:32.908+0000] {logging_mixin.py:190} INFO - [2025-03-11T13:10:32.908+0000] {dag.py:3262} INFO - Creating ORM DAG for example_sensor_decorator
[2025-03-11T13:10:32.909+0000] {logging_mixin.py:190} INFO - [2025-03-11T13:10:32.909+0000] {dag.py:4180} INFO - Setting next_dagrun for example_sensor_decorator to None, run_after=None
[2025-03-11T13:10:32.918+0000] {processor.py:208} INFO - Processing /home/airflow/.local/lib/python3.12/site-packages/airflow/example_dags/example_sensor_decorator.py took 0.157 seconds
[2025-03-11T13:11:04.572+0000] {processor.py:186} INFO - Started process (PID=117) to work on /home/airflow/.local/lib/python3.12/site-packages/airflow/example_dags/example_sensor_decorator.py
[2025-03-11T13:11:04.575+0000] {processor.py:914} INFO - Processing file /home/airflow/.local/lib/python3.12/site-packages/airflow/example_dags/example_sensor_decorator.py for tasks to queue
[2025-03-11T13:11:04.577+0000] {logging_mixin.py:190} INFO - [2025-03-11T13:11:04.577+0000] {dagbag.py:588} INFO - Filling up the DagBag from /home/airflow/.local/lib/python3.12/site-packages/airflow/example_dags/example_sensor_decorator.py
[2025-03-11T13:11:04.589+0000] {processor.py:925} INFO - DAG(s) 'example_sensor_decorator' retrieved from /home/airflow/.local/lib/python3.12/site-packages/airflow/example_dags/example_sensor_decorator.py
[2025-03-11T13:11:04.631+0000] {logging_mixin.py:190} INFO - [2025-03-11T13:11:04.631+0000] {dag.py:3239} INFO - Sync 1 DAGs
[2025-03-11T13:11:04.653+0000] {logging_mixin.py:190} INFO - [2025-03-11T13:11:04.653+0000] {dag.py:4180} INFO - Setting next_dagrun for example_sensor_decorator to None, run_after=None
[2025-03-11T13:11:04.671+0000] {processor.py:208} INFO - Processing /home/airflow/.local/lib/python3.12/site-packages/airflow/example_dags/example_sensor_decorator.py took 0.114 seconds
[2025-03-11T13:11:35.271+0000] {processor.py:186} INFO - Started process (PID=180) to work on /home/airflow/.local/lib/python3.12/site-packages/airflow/example_dags/example_sensor_decorator.py
[2025-03-11T13:11:35.274+0000] {processor.py:914} INFO - Processing file /home/airflow/.local/lib/python3.12/site-packages/airflow/example_dags/example_sensor_decorator.py for tasks to queue
[2025-03-11T13:11:35.276+0000] {logging_mixin.py:190} INFO - [2025-03-11T13:11:35.276+0000] {dagbag.py:588} INFO - Filling up the DagBag from /home/airflow/.local/lib/python3.12/site-packages/airflow/example_dags/example_sensor_decorator.py
[2025-03-11T13:11:35.280+0000] {processor.py:925} INFO - DAG(s) 'example_sensor_decorator' retrieved from /home/airflow/.local/lib/python3.12/site-packages/airflow/example_dags/example_sensor_decorator.py
[2025-03-11T13:11:35.295+0000] {logging_mixin.py:190} INFO - [2025-03-11T13:11:35.295+0000] {dag.py:3239} INFO - Sync 1 DAGs
[2025-03-11T13:11:35.304+0000] {logging_mixin.py:190} INFO - [2025-03-11T13:11:35.304+0000] {dag.py:4180} INFO - Setting next_dagrun for example_sensor_decorator to None, run_after=None
[2025-03-11T13:11:35.318+0000] {processor.py:208} INFO - Processing /home/airflow/.local/lib/python3.12/site-packages/airflow/example_dags/example_sensor_decorator.py took 0.051 seconds
[2025-03-11T13:12:06.206+0000] {processor.py:186} INFO - Started process (PID=243) to work on /home/airflow/.local/lib/python3.12/site-packages/airflow/example_dags/example_sensor_decorator.py
[2025-03-11T13:12:06.207+0000] {processor.py:914} INFO - Processing file /home/airflow/.local/lib/python3.12/site-packages/airflow/example_dags/example_sensor_decorator.py for tasks to queue
[2025-03-11T13:12:06.208+0000] {logging_mixin.py:190} INFO - [2025-03-11T13:12:06.208+0000] {dagbag.py:588} INFO - Filling up the DagBag from /home/airflow/.local/lib/python3.12/site-packages/airflow/example_dags/example_sensor_decorator.py
[2025-03-11T13:12:06.213+0000] {processor.py:925} INFO - DAG(s) 'example_sensor_decorator' retrieved from /home/airflow/.local/lib/python3.12/site-packages/airflow/example_dags/example_sensor_decorator.py
[2025-03-11T13:12:06.231+0000] {logging_mixin.py:190} INFO - [2025-03-11T13:12:06.231+0000] {dag.py:3239} INFO - Sync 1 DAGs
[2025-03-11T13:12:06.238+0000] {logging_mixin.py:190} INFO - [2025-03-11T13:12:06.238+0000] {dag.py:4180} INFO - Setting next_dagrun for example_sensor_decorator to None, run_after=None
[2025-03-11T13:12:06.252+0000] {processor.py:208} INFO - Processing /home/airflow/.local/lib/python3.12/site-packages/airflow/example_dags/example_sensor_decorator.py took 0.050 seconds
[2025-03-11T13:12:36.338+0000] {processor.py:186} INFO - Started process (PID=306) to work on /home/airflow/.local/lib/python3.12/site-packages/airflow/example_dags/example_sensor_decorator.py
[2025-03-11T13:12:36.340+0000] {processor.py:914} INFO - Processing file /home/airflow/.local/lib/python3.12/site-packages/airflow/example_dags/example_sensor_decorator.py for tasks to queue
[2025-03-11T13:12:36.345+0000] {logging_mixin.py:190} INFO - [2025-03-11T13:12:36.344+0000] {dagbag.py:588} INFO - Filling up the DagBag from /home/airflow/.local/lib/python3.12/site-packages/airflow/example_dags/example_sensor_decorator.py
[2025-03-11T13:12:36.364+0000] {processor.py:925} INFO - DAG(s) 'example_sensor_decorator' retrieved from /home/airflow/.local/lib/python3.12/site-packages/airflow/example_dags/example_sensor_decorator.py
[2025-03-11T13:12:36.415+0000] {logging_mixin.py:190} INFO - [2025-03-11T13:12:36.415+0000] {dag.py:3239} INFO - Sync 1 DAGs
[2025-03-11T13:12:36.442+0000] {logging_mixin.py:190} INFO - [2025-03-11T13:12:36.442+0000] {dag.py:4180} INFO - Setting next_dagrun for example_sensor_decorator to None, run_after=None
[2025-03-11T13:12:36.488+0000] {processor.py:208} INFO - Processing /home/airflow/.local/lib/python3.12/site-packages/airflow/example_dags/example_sensor_decorator.py took 0.162 seconds
[2025-03-11T14:00:29.559+0000] {processor.py:186} INFO - Started process (PID=135) to work on /home/airflow/.local/lib/python3.12/site-packages/airflow/example_dags/example_sensor_decorator.py
[2025-03-11T14:00:29.566+0000] {processor.py:914} INFO - Processing file /home/airflow/.local/lib/python3.12/site-packages/airflow/example_dags/example_sensor_decorator.py for tasks to queue
[2025-03-11T14:00:29.581+0000] {logging_mixin.py:190} INFO - [2025-03-11T14:00:29.580+0000] {dagbag.py:588} INFO - Filling up the DagBag from /home/airflow/.local/lib/python3.12/site-packages/airflow/example_dags/example_sensor_decorator.py
[2025-03-11T14:00:29.654+0000] {processor.py:925} INFO - DAG(s) 'example_sensor_decorator' retrieved from /home/airflow/.local/lib/python3.12/site-packages/airflow/example_dags/example_sensor_decorator.py
[2025-03-11T14:00:30.587+0000] {logging_mixin.py:190} INFO - [2025-03-11T14:00:30.586+0000] {override.py:1912} INFO - Created Permission View: can edit on DAG:example_sensor_decorator
[2025-03-11T14:00:30.651+0000] {logging_mixin.py:190} INFO - [2025-03-11T14:00:30.646+0000] {override.py:1912} INFO - Created Permission View: can delete on DAG:example_sensor_decorator
[2025-03-11T14:00:30.692+0000] {logging_mixin.py:190} INFO - [2025-03-11T14:00:30.691+0000] {override.py:1912} INFO - Created Permission View: can read on DAG:example_sensor_decorator
[2025-03-11T14:00:30.731+0000] {logging_mixin.py:190} INFO - [2025-03-11T14:00:30.727+0000] {override.py:1912} INFO - Created Permission View: can create on DAG Run:example_sensor_decorator
[2025-03-11T14:00:30.770+0000] {logging_mixin.py:190} INFO - [2025-03-11T14:00:30.770+0000] {override.py:1912} INFO - Created Permission View: can delete on DAG Run:example_sensor_decorator
[2025-03-11T14:00:30.797+0000] {logging_mixin.py:190} INFO - [2025-03-11T14:00:30.797+0000] {override.py:1912} INFO - Created Permission View: can read on DAG Run:example_sensor_decorator
[2025-03-11T14:00:30.832+0000] {logging_mixin.py:190} INFO - [2025-03-11T14:00:30.826+0000] {override.py:1912} INFO - Created Permission View: menu access on DAG Run:example_sensor_decorator
[2025-03-11T14:00:30.832+0000] {logging_mixin.py:190} INFO - [2025-03-11T14:00:30.832+0000] {dag.py:3239} INFO - Sync 1 DAGs
[2025-03-11T14:00:30.910+0000] {logging_mixin.py:190} INFO - [2025-03-11T14:00:30.907+0000] {dag.py:3262} INFO - Creating ORM DAG for example_sensor_decorator
[2025-03-11T14:00:30.933+0000] {logging_mixin.py:190} INFO - [2025-03-11T14:00:30.932+0000] {dag.py:4180} INFO - Setting next_dagrun for example_sensor_decorator to None, run_after=None
[2025-03-11T14:00:31.053+0000] {processor.py:208} INFO - Processing /home/airflow/.local/lib/python3.12/site-packages/airflow/example_dags/example_sensor_decorator.py took 1.546 seconds
[2025-03-11T14:29:09.424+0000] {processor.py:186} INFO - Started process (PID=106) to work on /home/airflow/.local/lib/python3.12/site-packages/airflow/example_dags/example_sensor_decorator.py
[2025-03-11T14:29:09.427+0000] {processor.py:914} INFO - Processing file /home/airflow/.local/lib/python3.12/site-packages/airflow/example_dags/example_sensor_decorator.py for tasks to queue
[2025-03-11T14:29:09.429+0000] {logging_mixin.py:190} INFO - [2025-03-11T14:29:09.429+0000] {dagbag.py:588} INFO - Filling up the DagBag from /home/airflow/.local/lib/python3.12/site-packages/airflow/example_dags/example_sensor_decorator.py
[2025-03-11T14:29:09.446+0000] {processor.py:925} INFO - DAG(s) 'example_sensor_decorator' retrieved from /home/airflow/.local/lib/python3.12/site-packages/airflow/example_dags/example_sensor_decorator.py
[2025-03-11T14:29:09.473+0000] {logging_mixin.py:190} INFO - [2025-03-11T14:29:09.473+0000] {dag.py:3239} INFO - Sync 1 DAGs
[2025-03-11T14:29:09.486+0000] {logging_mixin.py:190} INFO - [2025-03-11T14:29:09.486+0000] {dag.py:4180} INFO - Setting next_dagrun for example_sensor_decorator to None, run_after=None
[2025-03-11T14:29:09.503+0000] {processor.py:208} INFO - Processing /home/airflow/.local/lib/python3.12/site-packages/airflow/example_dags/example_sensor_decorator.py took 0.091 seconds
[2025-03-11T14:29:39.616+0000] {processor.py:186} INFO - Started process (PID=168) to work on /home/airflow/.local/lib/python3.12/site-packages/airflow/example_dags/example_sensor_decorator.py
[2025-03-11T14:29:39.619+0000] {processor.py:914} INFO - Processing file /home/airflow/.local/lib/python3.12/site-packages/airflow/example_dags/example_sensor_decorator.py for tasks to queue
[2025-03-11T14:29:39.621+0000] {logging_mixin.py:190} INFO - [2025-03-11T14:29:39.621+0000] {dagbag.py:588} INFO - Filling up the DagBag from /home/airflow/.local/lib/python3.12/site-packages/airflow/example_dags/example_sensor_decorator.py
[2025-03-11T14:29:39.629+0000] {processor.py:925} INFO - DAG(s) 'example_sensor_decorator' retrieved from /home/airflow/.local/lib/python3.12/site-packages/airflow/example_dags/example_sensor_decorator.py
[2025-03-11T14:29:39.650+0000] {logging_mixin.py:190} INFO - [2025-03-11T14:29:39.650+0000] {dag.py:3239} INFO - Sync 1 DAGs
[2025-03-11T14:29:39.664+0000] {logging_mixin.py:190} INFO - [2025-03-11T14:29:39.663+0000] {dag.py:4180} INFO - Setting next_dagrun for example_sensor_decorator to None, run_after=None
[2025-03-11T14:29:39.682+0000] {processor.py:208} INFO - Processing /home/airflow/.local/lib/python3.12/site-packages/airflow/example_dags/example_sensor_decorator.py took 0.071 seconds
[2025-03-11T14:30:10.041+0000] {processor.py:186} INFO - Started process (PID=230) to work on /home/airflow/.local/lib/python3.12/site-packages/airflow/example_dags/example_sensor_decorator.py
[2025-03-11T14:30:10.042+0000] {processor.py:914} INFO - Processing file /home/airflow/.local/lib/python3.12/site-packages/airflow/example_dags/example_sensor_decorator.py for tasks to queue
[2025-03-11T14:30:10.043+0000] {logging_mixin.py:190} INFO - [2025-03-11T14:30:10.043+0000] {dagbag.py:588} INFO - Filling up the DagBag from /home/airflow/.local/lib/python3.12/site-packages/airflow/example_dags/example_sensor_decorator.py
[2025-03-11T14:30:10.053+0000] {processor.py:925} INFO - DAG(s) 'example_sensor_decorator' retrieved from /home/airflow/.local/lib/python3.12/site-packages/airflow/example_dags/example_sensor_decorator.py
[2025-03-11T14:30:10.073+0000] {logging_mixin.py:190} INFO - [2025-03-11T14:30:10.072+0000] {dag.py:3239} INFO - Sync 1 DAGs
[2025-03-11T14:30:10.087+0000] {logging_mixin.py:190} INFO - [2025-03-11T14:30:10.087+0000] {dag.py:4180} INFO - Setting next_dagrun for example_sensor_decorator to None, run_after=None
[2025-03-11T14:30:10.104+0000] {processor.py:208} INFO - Processing /home/airflow/.local/lib/python3.12/site-packages/airflow/example_dags/example_sensor_decorator.py took 0.069 seconds
[2025-03-11T14:30:40.382+0000] {processor.py:186} INFO - Started process (PID=292) to work on /home/airflow/.local/lib/python3.12/site-packages/airflow/example_dags/example_sensor_decorator.py
[2025-03-11T14:30:40.383+0000] {processor.py:914} INFO - Processing file /home/airflow/.local/lib/python3.12/site-packages/airflow/example_dags/example_sensor_decorator.py for tasks to queue
[2025-03-11T14:30:40.387+0000] {logging_mixin.py:190} INFO - [2025-03-11T14:30:40.386+0000] {dagbag.py:588} INFO - Filling up the DagBag from /home/airflow/.local/lib/python3.12/site-packages/airflow/example_dags/example_sensor_decorator.py
[2025-03-11T14:30:40.397+0000] {processor.py:925} INFO - DAG(s) 'example_sensor_decorator' retrieved from /home/airflow/.local/lib/python3.12/site-packages/airflow/example_dags/example_sensor_decorator.py
[2025-03-11T14:30:40.422+0000] {logging_mixin.py:190} INFO - [2025-03-11T14:30:40.422+0000] {dag.py:3239} INFO - Sync 1 DAGs
[2025-03-11T14:30:40.440+0000] {logging_mixin.py:190} INFO - [2025-03-11T14:30:40.440+0000] {dag.py:4180} INFO - Setting next_dagrun for example_sensor_decorator to None, run_after=None
[2025-03-11T14:30:40.461+0000] {processor.py:208} INFO - Processing /home/airflow/.local/lib/python3.12/site-packages/airflow/example_dags/example_sensor_decorator.py took 0.088 seconds
[2025-03-11T14:31:12.442+0000] {processor.py:186} INFO - Started process (PID=356) to work on /home/airflow/.local/lib/python3.12/site-packages/airflow/example_dags/example_sensor_decorator.py
[2025-03-11T14:31:12.443+0000] {processor.py:914} INFO - Processing file /home/airflow/.local/lib/python3.12/site-packages/airflow/example_dags/example_sensor_decorator.py for tasks to queue
[2025-03-11T14:31:12.445+0000] {logging_mixin.py:190} INFO - [2025-03-11T14:31:12.444+0000] {dagbag.py:588} INFO - Filling up the DagBag from /home/airflow/.local/lib/python3.12/site-packages/airflow/example_dags/example_sensor_decorator.py
[2025-03-11T14:31:12.453+0000] {processor.py:925} INFO - DAG(s) 'example_sensor_decorator' retrieved from /home/airflow/.local/lib/python3.12/site-packages/airflow/example_dags/example_sensor_decorator.py
[2025-03-11T14:31:12.473+0000] {logging_mixin.py:190} INFO - [2025-03-11T14:31:12.472+0000] {dag.py:3239} INFO - Sync 1 DAGs
[2025-03-11T14:31:12.487+0000] {logging_mixin.py:190} INFO - [2025-03-11T14:31:12.487+0000] {dag.py:4180} INFO - Setting next_dagrun for example_sensor_decorator to None, run_after=None
[2025-03-11T14:31:12.503+0000] {processor.py:208} INFO - Processing /home/airflow/.local/lib/python3.12/site-packages/airflow/example_dags/example_sensor_decorator.py took 0.067 seconds
