[2025-03-11T13:10:33.451+0000] {processor.py:186} INFO - Started process (PID=62) to work on /home/airflow/.local/lib/python3.12/site-packages/airflow/example_dags/example_external_task_marker_dag.py
[2025-03-11T13:10:33.452+0000] {processor.py:914} INFO - Processing file /home/airflow/.local/lib/python3.12/site-packages/airflow/example_dags/example_external_task_marker_dag.py for tasks to queue
[2025-03-11T13:10:33.453+0000] {logging_mixin.py:190} INFO - [2025-03-11T13:10:33.453+0000] {dagbag.py:588} INFO - Filling up the DagBag from /home/airflow/.local/lib/python3.12/site-packages/airflow/example_dags/example_external_task_marker_dag.py
[2025-03-11T13:10:33.462+0000] {processor.py:925} INFO - DAG(s) 'example_external_task_marker_parent', 'example_external_task_marker_child' retrieved from /home/airflow/.local/lib/python3.12/site-packages/airflow/example_dags/example_external_task_marker_dag.py
[2025-03-11T13:10:33.528+0000] {logging_mixin.py:190} INFO - [2025-03-11T13:10:33.527+0000] {override.py:1912} INFO - Created Permission View: can read on DAG:example_external_task_marker_parent
[2025-03-11T13:10:33.534+0000] {logging_mixin.py:190} INFO - [2025-03-11T13:10:33.534+0000] {override.py:1912} INFO - Created Permission View: can edit on DAG:example_external_task_marker_parent
[2025-03-11T13:10:33.538+0000] {logging_mixin.py:190} INFO - [2025-03-11T13:10:33.537+0000] {override.py:1912} INFO - Created Permission View: can delete on DAG:example_external_task_marker_parent
[2025-03-11T13:10:33.542+0000] {logging_mixin.py:190} INFO - [2025-03-11T13:10:33.542+0000] {override.py:1912} INFO - Created Permission View: can read on DAG Run:example_external_task_marker_parent
[2025-03-11T13:10:33.545+0000] {logging_mixin.py:190} INFO - [2025-03-11T13:10:33.545+0000] {override.py:1912} INFO - Created Permission View: can delete on DAG Run:example_external_task_marker_parent
[2025-03-11T13:10:33.550+0000] {logging_mixin.py:190} INFO - [2025-03-11T13:10:33.550+0000] {override.py:1912} INFO - Created Permission View: can create on DAG Run:example_external_task_marker_parent
[2025-03-11T13:10:33.555+0000] {logging_mixin.py:190} INFO - [2025-03-11T13:10:33.554+0000] {override.py:1912} INFO - Created Permission View: menu access on DAG Run:example_external_task_marker_parent
[2025-03-11T13:10:33.563+0000] {logging_mixin.py:190} INFO - [2025-03-11T13:10:33.563+0000] {override.py:1912} INFO - Created Permission View: can read on DAG:example_external_task_marker_child
[2025-03-11T13:10:33.568+0000] {logging_mixin.py:190} INFO - [2025-03-11T13:10:33.567+0000] {override.py:1912} INFO - Created Permission View: can edit on DAG:example_external_task_marker_child
[2025-03-11T13:10:33.574+0000] {logging_mixin.py:190} INFO - [2025-03-11T13:10:33.573+0000] {override.py:1912} INFO - Created Permission View: can delete on DAG:example_external_task_marker_child
[2025-03-11T13:10:33.577+0000] {logging_mixin.py:190} INFO - [2025-03-11T13:10:33.577+0000] {override.py:1912} INFO - Created Permission View: can read on DAG Run:example_external_task_marker_child
[2025-03-11T13:10:33.580+0000] {logging_mixin.py:190} INFO - [2025-03-11T13:10:33.580+0000] {override.py:1912} INFO - Created Permission View: can delete on DAG Run:example_external_task_marker_child
[2025-03-11T13:10:33.584+0000] {logging_mixin.py:190} INFO - [2025-03-11T13:10:33.584+0000] {override.py:1912} INFO - Created Permission View: can create on DAG Run:example_external_task_marker_child
[2025-03-11T13:10:33.587+0000] {logging_mixin.py:190} INFO - [2025-03-11T13:10:33.587+0000] {override.py:1912} INFO - Created Permission View: menu access on DAG Run:example_external_task_marker_child
[2025-03-11T13:10:33.588+0000] {logging_mixin.py:190} INFO - [2025-03-11T13:10:33.587+0000] {dag.py:3239} INFO - Sync 2 DAGs
[2025-03-11T13:10:33.597+0000] {logging_mixin.py:190} INFO - [2025-03-11T13:10:33.597+0000] {dag.py:3262} INFO - Creating ORM DAG for example_external_task_marker_parent
[2025-03-11T13:10:33.597+0000] {logging_mixin.py:190} INFO - [2025-03-11T13:10:33.597+0000] {dag.py:3262} INFO - Creating ORM DAG for example_external_task_marker_child
[2025-03-11T13:10:33.598+0000] {logging_mixin.py:190} INFO - [2025-03-11T13:10:33.598+0000] {dag.py:4180} INFO - Setting next_dagrun for example_external_task_marker_child to None, run_after=None
[2025-03-11T13:10:33.599+0000] {logging_mixin.py:190} INFO - [2025-03-11T13:10:33.599+0000] {dag.py:4180} INFO - Setting next_dagrun for example_external_task_marker_parent to None, run_after=None
[2025-03-11T13:10:33.611+0000] {processor.py:208} INFO - Processing /home/airflow/.local/lib/python3.12/site-packages/airflow/example_dags/example_external_task_marker_dag.py took 0.165 seconds
[2025-03-11T13:11:04.883+0000] {processor.py:186} INFO - Started process (PID=124) to work on /home/airflow/.local/lib/python3.12/site-packages/airflow/example_dags/example_external_task_marker_dag.py
[2025-03-11T13:11:04.886+0000] {processor.py:914} INFO - Processing file /home/airflow/.local/lib/python3.12/site-packages/airflow/example_dags/example_external_task_marker_dag.py for tasks to queue
[2025-03-11T13:11:04.888+0000] {logging_mixin.py:190} INFO - [2025-03-11T13:11:04.888+0000] {dagbag.py:588} INFO - Filling up the DagBag from /home/airflow/.local/lib/python3.12/site-packages/airflow/example_dags/example_external_task_marker_dag.py
[2025-03-11T13:11:04.893+0000] {processor.py:925} INFO - DAG(s) 'example_external_task_marker_parent', 'example_external_task_marker_child' retrieved from /home/airflow/.local/lib/python3.12/site-packages/airflow/example_dags/example_external_task_marker_dag.py
[2025-03-11T13:11:04.908+0000] {logging_mixin.py:190} INFO - [2025-03-11T13:11:04.908+0000] {dag.py:3239} INFO - Sync 2 DAGs
[2025-03-11T13:11:04.917+0000] {logging_mixin.py:190} INFO - [2025-03-11T13:11:04.916+0000] {dag.py:4180} INFO - Setting next_dagrun for example_external_task_marker_child to None, run_after=None
[2025-03-11T13:11:04.919+0000] {logging_mixin.py:190} INFO - [2025-03-11T13:11:04.919+0000] {dag.py:4180} INFO - Setting next_dagrun for example_external_task_marker_parent to None, run_after=None
[2025-03-11T13:11:04.928+0000] {processor.py:208} INFO - Processing /home/airflow/.local/lib/python3.12/site-packages/airflow/example_dags/example_external_task_marker_dag.py took 0.048 seconds
[2025-03-11T13:11:35.515+0000] {processor.py:186} INFO - Started process (PID=187) to work on /home/airflow/.local/lib/python3.12/site-packages/airflow/example_dags/example_external_task_marker_dag.py
[2025-03-11T13:11:35.518+0000] {processor.py:914} INFO - Processing file /home/airflow/.local/lib/python3.12/site-packages/airflow/example_dags/example_external_task_marker_dag.py for tasks to queue
[2025-03-11T13:11:35.522+0000] {logging_mixin.py:190} INFO - [2025-03-11T13:11:35.521+0000] {dagbag.py:588} INFO - Filling up the DagBag from /home/airflow/.local/lib/python3.12/site-packages/airflow/example_dags/example_external_task_marker_dag.py
[2025-03-11T13:11:35.529+0000] {processor.py:925} INFO - DAG(s) 'example_external_task_marker_parent', 'example_external_task_marker_child' retrieved from /home/airflow/.local/lib/python3.12/site-packages/airflow/example_dags/example_external_task_marker_dag.py
[2025-03-11T13:11:35.547+0000] {logging_mixin.py:190} INFO - [2025-03-11T13:11:35.547+0000] {dag.py:3239} INFO - Sync 2 DAGs
[2025-03-11T13:11:35.558+0000] {logging_mixin.py:190} INFO - [2025-03-11T13:11:35.558+0000] {dag.py:4180} INFO - Setting next_dagrun for example_external_task_marker_child to None, run_after=None
[2025-03-11T13:11:35.562+0000] {logging_mixin.py:190} INFO - [2025-03-11T13:11:35.562+0000] {dag.py:4180} INFO - Setting next_dagrun for example_external_task_marker_parent to None, run_after=None
[2025-03-11T13:11:35.571+0000] {processor.py:208} INFO - Processing /home/airflow/.local/lib/python3.12/site-packages/airflow/example_dags/example_external_task_marker_dag.py took 0.060 seconds
[2025-03-11T13:12:06.456+0000] {processor.py:186} INFO - Started process (PID=250) to work on /home/airflow/.local/lib/python3.12/site-packages/airflow/example_dags/example_external_task_marker_dag.py
[2025-03-11T13:12:06.457+0000] {processor.py:914} INFO - Processing file /home/airflow/.local/lib/python3.12/site-packages/airflow/example_dags/example_external_task_marker_dag.py for tasks to queue
[2025-03-11T13:12:06.459+0000] {logging_mixin.py:190} INFO - [2025-03-11T13:12:06.458+0000] {dagbag.py:588} INFO - Filling up the DagBag from /home/airflow/.local/lib/python3.12/site-packages/airflow/example_dags/example_external_task_marker_dag.py
[2025-03-11T13:12:06.463+0000] {processor.py:925} INFO - DAG(s) 'example_external_task_marker_parent', 'example_external_task_marker_child' retrieved from /home/airflow/.local/lib/python3.12/site-packages/airflow/example_dags/example_external_task_marker_dag.py
[2025-03-11T13:12:06.477+0000] {logging_mixin.py:190} INFO - [2025-03-11T13:12:06.477+0000] {dag.py:3239} INFO - Sync 2 DAGs
[2025-03-11T13:12:06.486+0000] {logging_mixin.py:190} INFO - [2025-03-11T13:12:06.486+0000] {dag.py:4180} INFO - Setting next_dagrun for example_external_task_marker_child to None, run_after=None
[2025-03-11T13:12:06.488+0000] {logging_mixin.py:190} INFO - [2025-03-11T13:12:06.488+0000] {dag.py:4180} INFO - Setting next_dagrun for example_external_task_marker_parent to None, run_after=None
[2025-03-11T13:12:06.498+0000] {processor.py:208} INFO - Processing /home/airflow/.local/lib/python3.12/site-packages/airflow/example_dags/example_external_task_marker_dag.py took 0.045 seconds
[2025-03-11T13:12:37.124+0000] {processor.py:186} INFO - Started process (PID=313) to work on /home/airflow/.local/lib/python3.12/site-packages/airflow/example_dags/example_external_task_marker_dag.py
[2025-03-11T13:12:37.126+0000] {processor.py:914} INFO - Processing file /home/airflow/.local/lib/python3.12/site-packages/airflow/example_dags/example_external_task_marker_dag.py for tasks to queue
[2025-03-11T13:12:37.131+0000] {logging_mixin.py:190} INFO - [2025-03-11T13:12:37.130+0000] {dagbag.py:588} INFO - Filling up the DagBag from /home/airflow/.local/lib/python3.12/site-packages/airflow/example_dags/example_external_task_marker_dag.py
[2025-03-11T13:12:37.149+0000] {processor.py:925} INFO - DAG(s) 'example_external_task_marker_child', 'example_external_task_marker_parent' retrieved from /home/airflow/.local/lib/python3.12/site-packages/airflow/example_dags/example_external_task_marker_dag.py
[2025-03-11T13:12:37.233+0000] {logging_mixin.py:190} INFO - [2025-03-11T13:12:37.232+0000] {dag.py:3239} INFO - Sync 2 DAGs
[2025-03-11T13:12:37.258+0000] {logging_mixin.py:190} INFO - [2025-03-11T13:12:37.258+0000] {dag.py:4180} INFO - Setting next_dagrun for example_external_task_marker_child to None, run_after=None
[2025-03-11T13:12:37.262+0000] {logging_mixin.py:190} INFO - [2025-03-11T13:12:37.262+0000] {dag.py:4180} INFO - Setting next_dagrun for example_external_task_marker_parent to None, run_after=None
[2025-03-11T13:12:37.291+0000] {processor.py:208} INFO - Processing /home/airflow/.local/lib/python3.12/site-packages/airflow/example_dags/example_external_task_marker_dag.py took 0.178 seconds
