[2025-03-11T13:10:31.631+0000] {processor.py:186} INFO - Started process (PID=44) to work on /home/airflow/.local/lib/python3.12/site-packages/airflow/example_dags/example_branch_operator.py
[2025-03-11T13:10:31.634+0000] {processor.py:914} INFO - Processing file /home/airflow/.local/lib/python3.12/site-packages/airflow/example_dags/example_branch_operator.py for tasks to queue
[2025-03-11T13:10:31.638+0000] {logging_mixin.py:190} INFO - [2025-03-11T13:10:31.637+0000] {dagbag.py:588} INFO - Filling up the DagBag from /home/airflow/.local/lib/python3.12/site-packages/airflow/example_dags/example_branch_operator.py
[2025-03-11T13:10:31.708+0000] {processor.py:925} INFO - DAG(s) 'example_branch_operator' retrieved from /home/airflow/.local/lib/python3.12/site-packages/airflow/example_dags/example_branch_operator.py
[2025-03-11T13:10:32.236+0000] {logging_mixin.py:190} INFO - [2025-03-11T13:10:32.234+0000] {override.py:1912} INFO - Created Permission View: can read on DAG:example_branch_operator
[2025-03-11T13:10:32.260+0000] {logging_mixin.py:190} INFO - [2025-03-11T13:10:32.259+0000] {override.py:1912} INFO - Created Permission View: can edit on DAG:example_branch_operator
[2025-03-11T13:10:32.270+0000] {logging_mixin.py:190} INFO - [2025-03-11T13:10:32.270+0000] {override.py:1912} INFO - Created Permission View: can delete on DAG:example_branch_operator
[2025-03-11T13:10:32.283+0000] {logging_mixin.py:190} INFO - [2025-03-11T13:10:32.282+0000] {override.py:1912} INFO - Created Permission View: can read on DAG Run:example_branch_operator
[2025-03-11T13:10:32.294+0000] {logging_mixin.py:190} INFO - [2025-03-11T13:10:32.293+0000] {override.py:1912} INFO - Created Permission View: can delete on DAG Run:example_branch_operator
[2025-03-11T13:10:32.303+0000] {logging_mixin.py:190} INFO - [2025-03-11T13:10:32.303+0000] {override.py:1912} INFO - Created Permission View: can create on DAG Run:example_branch_operator
[2025-03-11T13:10:32.311+0000] {logging_mixin.py:190} INFO - [2025-03-11T13:10:32.311+0000] {override.py:1912} INFO - Created Permission View: menu access on DAG Run:example_branch_operator
[2025-03-11T13:10:32.312+0000] {logging_mixin.py:190} INFO - [2025-03-11T13:10:32.312+0000] {dag.py:3239} INFO - Sync 1 DAGs
[2025-03-11T13:10:32.328+0000] {logging_mixin.py:190} INFO - [2025-03-11T13:10:32.328+0000] {dag.py:3262} INFO - Creating ORM DAG for example_branch_operator
[2025-03-11T13:10:32.345+0000] {logging_mixin.py:190} INFO - [2025-03-11T13:10:32.345+0000] {dag.py:4180} INFO - Setting next_dagrun for example_branch_operator to 2025-03-10 00:00:00+00:00, run_after=2025-03-11 00:00:00+00:00
[2025-03-11T13:10:32.374+0000] {processor.py:208} INFO - Processing /home/airflow/.local/lib/python3.12/site-packages/airflow/example_dags/example_branch_operator.py took 0.750 seconds
[2025-03-11T13:11:02.492+0000] {processor.py:186} INFO - Started process (PID=113) to work on /home/airflow/.local/lib/python3.12/site-packages/airflow/example_dags/example_branch_operator.py
[2025-03-11T13:11:02.498+0000] {processor.py:914} INFO - Processing file /home/airflow/.local/lib/python3.12/site-packages/airflow/example_dags/example_branch_operator.py for tasks to queue
[2025-03-11T13:11:02.501+0000] {logging_mixin.py:190} INFO - [2025-03-11T13:11:02.501+0000] {dagbag.py:588} INFO - Filling up the DagBag from /home/airflow/.local/lib/python3.12/site-packages/airflow/example_dags/example_branch_operator.py
[2025-03-11T13:11:02.526+0000] {processor.py:925} INFO - DAG(s) 'example_branch_operator' retrieved from /home/airflow/.local/lib/python3.12/site-packages/airflow/example_dags/example_branch_operator.py
[2025-03-11T13:11:02.553+0000] {logging_mixin.py:190} INFO - [2025-03-11T13:11:02.553+0000] {dag.py:3239} INFO - Sync 1 DAGs
[2025-03-11T13:11:02.572+0000] {logging_mixin.py:190} INFO - [2025-03-11T13:11:02.572+0000] {dag.py:4180} INFO - Setting next_dagrun for example_branch_operator to 2025-03-10 00:00:00+00:00, run_after=2025-03-11 00:00:00+00:00
[2025-03-11T13:11:02.588+0000] {processor.py:208} INFO - Processing /home/airflow/.local/lib/python3.12/site-packages/airflow/example_dags/example_branch_operator.py took 0.102 seconds
[2025-03-11T13:11:33.071+0000] {processor.py:186} INFO - Started process (PID=176) to work on /home/airflow/.local/lib/python3.12/site-packages/airflow/example_dags/example_branch_operator.py
[2025-03-11T13:11:33.078+0000] {processor.py:914} INFO - Processing file /home/airflow/.local/lib/python3.12/site-packages/airflow/example_dags/example_branch_operator.py for tasks to queue
[2025-03-11T13:11:33.083+0000] {logging_mixin.py:190} INFO - [2025-03-11T13:11:33.082+0000] {dagbag.py:588} INFO - Filling up the DagBag from /home/airflow/.local/lib/python3.12/site-packages/airflow/example_dags/example_branch_operator.py
[2025-03-11T13:11:33.102+0000] {processor.py:925} INFO - DAG(s) 'example_branch_operator' retrieved from /home/airflow/.local/lib/python3.12/site-packages/airflow/example_dags/example_branch_operator.py
[2025-03-11T13:11:33.126+0000] {logging_mixin.py:190} INFO - [2025-03-11T13:11:33.126+0000] {dag.py:3239} INFO - Sync 1 DAGs
[2025-03-11T13:11:33.144+0000] {logging_mixin.py:190} INFO - [2025-03-11T13:11:33.144+0000] {dag.py:4180} INFO - Setting next_dagrun for example_branch_operator to 2025-03-10 00:00:00+00:00, run_after=2025-03-11 00:00:00+00:00
[2025-03-11T13:11:33.156+0000] {processor.py:208} INFO - Processing /home/airflow/.local/lib/python3.12/site-packages/airflow/example_dags/example_branch_operator.py took 0.101 seconds
[2025-03-11T13:12:04.019+0000] {processor.py:186} INFO - Started process (PID=239) to work on /home/airflow/.local/lib/python3.12/site-packages/airflow/example_dags/example_branch_operator.py
[2025-03-11T13:12:04.020+0000] {processor.py:914} INFO - Processing file /home/airflow/.local/lib/python3.12/site-packages/airflow/example_dags/example_branch_operator.py for tasks to queue
[2025-03-11T13:12:04.022+0000] {logging_mixin.py:190} INFO - [2025-03-11T13:12:04.022+0000] {dagbag.py:588} INFO - Filling up the DagBag from /home/airflow/.local/lib/python3.12/site-packages/airflow/example_dags/example_branch_operator.py
[2025-03-11T13:12:04.039+0000] {processor.py:925} INFO - DAG(s) 'example_branch_operator' retrieved from /home/airflow/.local/lib/python3.12/site-packages/airflow/example_dags/example_branch_operator.py
[2025-03-11T13:12:04.059+0000] {logging_mixin.py:190} INFO - [2025-03-11T13:12:04.059+0000] {dag.py:3239} INFO - Sync 1 DAGs
[2025-03-11T13:12:04.072+0000] {logging_mixin.py:190} INFO - [2025-03-11T13:12:04.072+0000] {dag.py:4180} INFO - Setting next_dagrun for example_branch_operator to 2025-03-10 00:00:00+00:00, run_after=2025-03-11 00:00:00+00:00
[2025-03-11T13:12:04.085+0000] {processor.py:208} INFO - Processing /home/airflow/.local/lib/python3.12/site-packages/airflow/example_dags/example_branch_operator.py took 0.074 seconds
[2025-03-11T13:12:34.863+0000] {processor.py:186} INFO - Started process (PID=302) to work on /home/airflow/.local/lib/python3.12/site-packages/airflow/example_dags/example_branch_operator.py
[2025-03-11T13:12:34.864+0000] {processor.py:914} INFO - Processing file /home/airflow/.local/lib/python3.12/site-packages/airflow/example_dags/example_branch_operator.py for tasks to queue
[2025-03-11T13:12:34.865+0000] {logging_mixin.py:190} INFO - [2025-03-11T13:12:34.865+0000] {dagbag.py:588} INFO - Filling up the DagBag from /home/airflow/.local/lib/python3.12/site-packages/airflow/example_dags/example_branch_operator.py
[2025-03-11T13:12:34.886+0000] {processor.py:925} INFO - DAG(s) 'example_branch_operator' retrieved from /home/airflow/.local/lib/python3.12/site-packages/airflow/example_dags/example_branch_operator.py
[2025-03-11T13:12:34.919+0000] {logging_mixin.py:190} INFO - [2025-03-11T13:12:34.919+0000] {dag.py:3239} INFO - Sync 1 DAGs
[2025-03-11T13:12:34.941+0000] {logging_mixin.py:190} INFO - [2025-03-11T13:12:34.941+0000] {dag.py:4180} INFO - Setting next_dagrun for example_branch_operator to 2025-03-10 00:00:00+00:00, run_after=2025-03-11 00:00:00+00:00
[2025-03-11T13:12:34.973+0000] {processor.py:208} INFO - Processing /home/airflow/.local/lib/python3.12/site-packages/airflow/example_dags/example_branch_operator.py took 0.119 seconds
