[2025-03-11T13:10:35.828+0000] {processor.py:186} INFO - Started process (PID=75) to work on /home/airflow/.local/lib/python3.12/site-packages/airflow/example_dags/example_kubernetes_executor.py
[2025-03-11T13:10:35.829+0000] {processor.py:914} INFO - Processing file /home/airflow/.local/lib/python3.12/site-packages/airflow/example_dags/example_kubernetes_executor.py for tasks to queue
[2025-03-11T13:10:35.831+0000] {logging_mixin.py:190} INFO - [2025-03-11T13:10:35.831+0000] {dagbag.py:588} INFO - Filling up the DagBag from /home/airflow/.local/lib/python3.12/site-packages/airflow/example_dags/example_kubernetes_executor.py
[2025-03-11T13:10:35.850+0000] {processor.py:925} INFO - DAG(s) 'example_kubernetes_executor' retrieved from /home/airflow/.local/lib/python3.12/site-packages/airflow/example_dags/example_kubernetes_executor.py
[2025-03-11T13:10:35.943+0000] {logging_mixin.py:190} INFO - [2025-03-11T13:10:35.942+0000] {override.py:1912} INFO - Created Permission View: can read on DAG:example_kubernetes_executor
[2025-03-11T13:10:35.954+0000] {logging_mixin.py:190} INFO - [2025-03-11T13:10:35.954+0000] {override.py:1912} INFO - Created Permission View: can edit on DAG:example_kubernetes_executor
[2025-03-11T13:10:35.961+0000] {logging_mixin.py:190} INFO - [2025-03-11T13:10:35.960+0000] {override.py:1912} INFO - Created Permission View: can delete on DAG:example_kubernetes_executor
[2025-03-11T13:10:35.967+0000] {logging_mixin.py:190} INFO - [2025-03-11T13:10:35.967+0000] {override.py:1912} INFO - Created Permission View: can read on DAG Run:example_kubernetes_executor
[2025-03-11T13:10:35.975+0000] {logging_mixin.py:190} INFO - [2025-03-11T13:10:35.975+0000] {override.py:1912} INFO - Created Permission View: can delete on DAG Run:example_kubernetes_executor
[2025-03-11T13:10:35.979+0000] {logging_mixin.py:190} INFO - [2025-03-11T13:10:35.979+0000] {override.py:1912} INFO - Created Permission View: can create on DAG Run:example_kubernetes_executor
[2025-03-11T13:10:35.984+0000] {logging_mixin.py:190} INFO - [2025-03-11T13:10:35.983+0000] {override.py:1912} INFO - Created Permission View: menu access on DAG Run:example_kubernetes_executor
[2025-03-11T13:10:35.984+0000] {logging_mixin.py:190} INFO - [2025-03-11T13:10:35.984+0000] {dag.py:3239} INFO - Sync 1 DAGs
[2025-03-11T13:10:35.992+0000] {logging_mixin.py:190} INFO - [2025-03-11T13:10:35.992+0000] {dag.py:3262} INFO - Creating ORM DAG for example_kubernetes_executor
[2025-03-11T13:10:35.992+0000] {logging_mixin.py:190} INFO - [2025-03-11T13:10:35.992+0000] {dag.py:4180} INFO - Setting next_dagrun for example_kubernetes_executor to None, run_after=None
[2025-03-11T13:10:36.006+0000] {processor.py:208} INFO - Processing /home/airflow/.local/lib/python3.12/site-packages/airflow/example_dags/example_kubernetes_executor.py took 0.181 seconds
[2025-03-11T13:11:06.847+0000] {processor.py:186} INFO - Started process (PID=138) to work on /home/airflow/.local/lib/python3.12/site-packages/airflow/example_dags/example_kubernetes_executor.py
[2025-03-11T13:11:06.848+0000] {processor.py:914} INFO - Processing file /home/airflow/.local/lib/python3.12/site-packages/airflow/example_dags/example_kubernetes_executor.py for tasks to queue
[2025-03-11T13:11:06.850+0000] {logging_mixin.py:190} INFO - [2025-03-11T13:11:06.849+0000] {dagbag.py:588} INFO - Filling up the DagBag from /home/airflow/.local/lib/python3.12/site-packages/airflow/example_dags/example_kubernetes_executor.py
[2025-03-11T13:11:06.859+0000] {processor.py:925} INFO - DAG(s) 'example_kubernetes_executor' retrieved from /home/airflow/.local/lib/python3.12/site-packages/airflow/example_dags/example_kubernetes_executor.py
[2025-03-11T13:11:06.875+0000] {logging_mixin.py:190} INFO - [2025-03-11T13:11:06.875+0000] {dag.py:3239} INFO - Sync 1 DAGs
[2025-03-11T13:11:06.884+0000] {logging_mixin.py:190} INFO - [2025-03-11T13:11:06.884+0000] {dag.py:4180} INFO - Setting next_dagrun for example_kubernetes_executor to None, run_after=None
[2025-03-11T13:11:06.893+0000] {processor.py:208} INFO - Processing /home/airflow/.local/lib/python3.12/site-packages/airflow/example_dags/example_kubernetes_executor.py took 0.050 seconds
[2025-03-11T13:11:37.144+0000] {processor.py:186} INFO - Started process (PID=200) to work on /home/airflow/.local/lib/python3.12/site-packages/airflow/example_dags/example_kubernetes_executor.py
[2025-03-11T13:11:37.150+0000] {processor.py:914} INFO - Processing file /home/airflow/.local/lib/python3.12/site-packages/airflow/example_dags/example_kubernetes_executor.py for tasks to queue
[2025-03-11T13:11:37.151+0000] {logging_mixin.py:190} INFO - [2025-03-11T13:11:37.151+0000] {dagbag.py:588} INFO - Filling up the DagBag from /home/airflow/.local/lib/python3.12/site-packages/airflow/example_dags/example_kubernetes_executor.py
[2025-03-11T13:11:37.160+0000] {processor.py:925} INFO - DAG(s) 'example_kubernetes_executor' retrieved from /home/airflow/.local/lib/python3.12/site-packages/airflow/example_dags/example_kubernetes_executor.py
[2025-03-11T13:11:37.177+0000] {logging_mixin.py:190} INFO - [2025-03-11T13:11:37.177+0000] {dag.py:3239} INFO - Sync 1 DAGs
[2025-03-11T13:11:37.184+0000] {logging_mixin.py:190} INFO - [2025-03-11T13:11:37.184+0000] {dag.py:4180} INFO - Setting next_dagrun for example_kubernetes_executor to None, run_after=None
[2025-03-11T13:11:37.197+0000] {processor.py:208} INFO - Processing /home/airflow/.local/lib/python3.12/site-packages/airflow/example_dags/example_kubernetes_executor.py took 0.057 seconds
[2025-03-11T13:12:07.971+0000] {processor.py:186} INFO - Started process (PID=264) to work on /home/airflow/.local/lib/python3.12/site-packages/airflow/example_dags/example_kubernetes_executor.py
[2025-03-11T13:12:07.971+0000] {processor.py:914} INFO - Processing file /home/airflow/.local/lib/python3.12/site-packages/airflow/example_dags/example_kubernetes_executor.py for tasks to queue
[2025-03-11T13:12:07.972+0000] {logging_mixin.py:190} INFO - [2025-03-11T13:12:07.972+0000] {dagbag.py:588} INFO - Filling up the DagBag from /home/airflow/.local/lib/python3.12/site-packages/airflow/example_dags/example_kubernetes_executor.py
[2025-03-11T13:12:07.980+0000] {processor.py:925} INFO - DAG(s) 'example_kubernetes_executor' retrieved from /home/airflow/.local/lib/python3.12/site-packages/airflow/example_dags/example_kubernetes_executor.py
[2025-03-11T13:12:07.993+0000] {logging_mixin.py:190} INFO - [2025-03-11T13:12:07.993+0000] {dag.py:3239} INFO - Sync 1 DAGs
[2025-03-11T13:12:08.000+0000] {logging_mixin.py:190} INFO - [2025-03-11T13:12:08.000+0000] {dag.py:4180} INFO - Setting next_dagrun for example_kubernetes_executor to None, run_after=None
[2025-03-11T13:12:08.008+0000] {processor.py:208} INFO - Processing /home/airflow/.local/lib/python3.12/site-packages/airflow/example_dags/example_kubernetes_executor.py took 0.041 seconds
[2025-03-11T13:12:39.058+0000] {processor.py:186} INFO - Started process (PID=327) to work on /home/airflow/.local/lib/python3.12/site-packages/airflow/example_dags/example_kubernetes_executor.py
[2025-03-11T13:12:39.060+0000] {processor.py:914} INFO - Processing file /home/airflow/.local/lib/python3.12/site-packages/airflow/example_dags/example_kubernetes_executor.py for tasks to queue
[2025-03-11T13:12:39.064+0000] {logging_mixin.py:190} INFO - [2025-03-11T13:12:39.064+0000] {dagbag.py:588} INFO - Filling up the DagBag from /home/airflow/.local/lib/python3.12/site-packages/airflow/example_dags/example_kubernetes_executor.py
[2025-03-11T13:12:39.086+0000] {processor.py:925} INFO - DAG(s) 'example_kubernetes_executor' retrieved from /home/airflow/.local/lib/python3.12/site-packages/airflow/example_dags/example_kubernetes_executor.py
[2025-03-11T13:12:39.113+0000] {logging_mixin.py:190} INFO - [2025-03-11T13:12:39.113+0000] {dag.py:3239} INFO - Sync 1 DAGs
[2025-03-11T13:12:39.127+0000] {logging_mixin.py:190} INFO - [2025-03-11T13:12:39.126+0000] {dag.py:4180} INFO - Setting next_dagrun for example_kubernetes_executor to None, run_after=None
[2025-03-11T13:12:39.142+0000] {processor.py:208} INFO - Processing /home/airflow/.local/lib/python3.12/site-packages/airflow/example_dags/example_kubernetes_executor.py took 0.093 seconds
[2025-03-11T14:00:27.831+0000] {processor.py:186} INFO - Started process (PID=134) to work on /home/airflow/.local/lib/python3.12/site-packages/airflow/example_dags/example_kubernetes_executor.py
[2025-03-11T14:00:27.844+0000] {processor.py:914} INFO - Processing file /home/airflow/.local/lib/python3.12/site-packages/airflow/example_dags/example_kubernetes_executor.py for tasks to queue
[2025-03-11T14:00:27.856+0000] {logging_mixin.py:190} INFO - [2025-03-11T14:00:27.855+0000] {dagbag.py:588} INFO - Filling up the DagBag from /home/airflow/.local/lib/python3.12/site-packages/airflow/example_dags/example_kubernetes_executor.py
[2025-03-11T14:00:27.987+0000] {processor.py:925} INFO - DAG(s) 'example_kubernetes_executor' retrieved from /home/airflow/.local/lib/python3.12/site-packages/airflow/example_dags/example_kubernetes_executor.py
[2025-03-11T14:00:28.739+0000] {logging_mixin.py:190} INFO - [2025-03-11T14:00:28.736+0000] {override.py:1912} INFO - Created Permission View: can edit on DAG:example_kubernetes_executor
[2025-03-11T14:00:28.790+0000] {logging_mixin.py:190} INFO - [2025-03-11T14:00:28.785+0000] {override.py:1912} INFO - Created Permission View: can delete on DAG:example_kubernetes_executor
[2025-03-11T14:00:28.830+0000] {logging_mixin.py:190} INFO - [2025-03-11T14:00:28.830+0000] {override.py:1912} INFO - Created Permission View: can read on DAG:example_kubernetes_executor
[2025-03-11T14:00:28.864+0000] {logging_mixin.py:190} INFO - [2025-03-11T14:00:28.863+0000] {override.py:1912} INFO - Created Permission View: can create on DAG Run:example_kubernetes_executor
[2025-03-11T14:00:28.926+0000] {logging_mixin.py:190} INFO - [2025-03-11T14:00:28.925+0000] {override.py:1912} INFO - Created Permission View: can delete on DAG Run:example_kubernetes_executor
[2025-03-11T14:00:28.964+0000] {logging_mixin.py:190} INFO - [2025-03-11T14:00:28.964+0000] {override.py:1912} INFO - Created Permission View: can read on DAG Run:example_kubernetes_executor
[2025-03-11T14:00:29.011+0000] {logging_mixin.py:190} INFO - [2025-03-11T14:00:29.011+0000] {override.py:1912} INFO - Created Permission View: menu access on DAG Run:example_kubernetes_executor
[2025-03-11T14:00:29.011+0000] {logging_mixin.py:190} INFO - [2025-03-11T14:00:29.011+0000] {dag.py:3239} INFO - Sync 1 DAGs
[2025-03-11T14:00:29.114+0000] {logging_mixin.py:190} INFO - [2025-03-11T14:00:29.109+0000] {dag.py:3262} INFO - Creating ORM DAG for example_kubernetes_executor
[2025-03-11T14:00:29.114+0000] {logging_mixin.py:190} INFO - [2025-03-11T14:00:29.114+0000] {dag.py:4180} INFO - Setting next_dagrun for example_kubernetes_executor to None, run_after=None
[2025-03-11T14:00:29.265+0000] {processor.py:208} INFO - Processing /home/airflow/.local/lib/python3.12/site-packages/airflow/example_dags/example_kubernetes_executor.py took 1.478 seconds
[2025-03-11T14:29:09.312+0000] {processor.py:186} INFO - Started process (PID=105) to work on /home/airflow/.local/lib/python3.12/site-packages/airflow/example_dags/example_kubernetes_executor.py
[2025-03-11T14:29:09.314+0000] {processor.py:914} INFO - Processing file /home/airflow/.local/lib/python3.12/site-packages/airflow/example_dags/example_kubernetes_executor.py for tasks to queue
[2025-03-11T14:29:09.316+0000] {logging_mixin.py:190} INFO - [2025-03-11T14:29:09.316+0000] {dagbag.py:588} INFO - Filling up the DagBag from /home/airflow/.local/lib/python3.12/site-packages/airflow/example_dags/example_kubernetes_executor.py
[2025-03-11T14:29:09.332+0000] {processor.py:925} INFO - DAG(s) 'example_kubernetes_executor' retrieved from /home/airflow/.local/lib/python3.12/site-packages/airflow/example_dags/example_kubernetes_executor.py
[2025-03-11T14:29:09.357+0000] {logging_mixin.py:190} INFO - [2025-03-11T14:29:09.357+0000] {dag.py:3239} INFO - Sync 1 DAGs
[2025-03-11T14:29:09.371+0000] {logging_mixin.py:190} INFO - [2025-03-11T14:29:09.371+0000] {dag.py:4180} INFO - Setting next_dagrun for example_kubernetes_executor to None, run_after=None
[2025-03-11T14:29:09.387+0000] {processor.py:208} INFO - Processing /home/airflow/.local/lib/python3.12/site-packages/airflow/example_dags/example_kubernetes_executor.py took 0.082 seconds
[2025-03-11T14:29:39.513+0000] {processor.py:186} INFO - Started process (PID=167) to work on /home/airflow/.local/lib/python3.12/site-packages/airflow/example_dags/example_kubernetes_executor.py
[2025-03-11T14:29:39.515+0000] {processor.py:914} INFO - Processing file /home/airflow/.local/lib/python3.12/site-packages/airflow/example_dags/example_kubernetes_executor.py for tasks to queue
[2025-03-11T14:29:39.517+0000] {logging_mixin.py:190} INFO - [2025-03-11T14:29:39.517+0000] {dagbag.py:588} INFO - Filling up the DagBag from /home/airflow/.local/lib/python3.12/site-packages/airflow/example_dags/example_kubernetes_executor.py
[2025-03-11T14:29:39.532+0000] {processor.py:925} INFO - DAG(s) 'example_kubernetes_executor' retrieved from /home/airflow/.local/lib/python3.12/site-packages/airflow/example_dags/example_kubernetes_executor.py
[2025-03-11T14:29:39.558+0000] {logging_mixin.py:190} INFO - [2025-03-11T14:29:39.558+0000] {dag.py:3239} INFO - Sync 1 DAGs
[2025-03-11T14:29:39.571+0000] {logging_mixin.py:190} INFO - [2025-03-11T14:29:39.570+0000] {dag.py:4180} INFO - Setting next_dagrun for example_kubernetes_executor to None, run_after=None
[2025-03-11T14:29:39.590+0000] {processor.py:208} INFO - Processing /home/airflow/.local/lib/python3.12/site-packages/airflow/example_dags/example_kubernetes_executor.py took 0.082 seconds
[2025-03-11T14:30:09.937+0000] {processor.py:186} INFO - Started process (PID=229) to work on /home/airflow/.local/lib/python3.12/site-packages/airflow/example_dags/example_kubernetes_executor.py
[2025-03-11T14:30:09.937+0000] {processor.py:914} INFO - Processing file /home/airflow/.local/lib/python3.12/site-packages/airflow/example_dags/example_kubernetes_executor.py for tasks to queue
[2025-03-11T14:30:09.940+0000] {logging_mixin.py:190} INFO - [2025-03-11T14:30:09.940+0000] {dagbag.py:588} INFO - Filling up the DagBag from /home/airflow/.local/lib/python3.12/site-packages/airflow/example_dags/example_kubernetes_executor.py
[2025-03-11T14:30:09.955+0000] {processor.py:925} INFO - DAG(s) 'example_kubernetes_executor' retrieved from /home/airflow/.local/lib/python3.12/site-packages/airflow/example_dags/example_kubernetes_executor.py
[2025-03-11T14:30:09.979+0000] {logging_mixin.py:190} INFO - [2025-03-11T14:30:09.979+0000] {dag.py:3239} INFO - Sync 1 DAGs
[2025-03-11T14:30:09.993+0000] {logging_mixin.py:190} INFO - [2025-03-11T14:30:09.992+0000] {dag.py:4180} INFO - Setting next_dagrun for example_kubernetes_executor to None, run_after=None
[2025-03-11T14:30:10.011+0000] {processor.py:208} INFO - Processing /home/airflow/.local/lib/python3.12/site-packages/airflow/example_dags/example_kubernetes_executor.py took 0.080 seconds
[2025-03-11T14:30:40.347+0000] {processor.py:186} INFO - Started process (PID=291) to work on /home/airflow/.local/lib/python3.12/site-packages/airflow/example_dags/example_kubernetes_executor.py
[2025-03-11T14:30:40.348+0000] {processor.py:914} INFO - Processing file /home/airflow/.local/lib/python3.12/site-packages/airflow/example_dags/example_kubernetes_executor.py for tasks to queue
[2025-03-11T14:30:40.352+0000] {logging_mixin.py:190} INFO - [2025-03-11T14:30:40.352+0000] {dagbag.py:588} INFO - Filling up the DagBag from /home/airflow/.local/lib/python3.12/site-packages/airflow/example_dags/example_kubernetes_executor.py
[2025-03-11T14:30:40.370+0000] {processor.py:925} INFO - DAG(s) 'example_kubernetes_executor' retrieved from /home/airflow/.local/lib/python3.12/site-packages/airflow/example_dags/example_kubernetes_executor.py
[2025-03-11T14:30:40.404+0000] {logging_mixin.py:190} INFO - [2025-03-11T14:30:40.404+0000] {dag.py:3239} INFO - Sync 1 DAGs
[2025-03-11T14:30:40.424+0000] {logging_mixin.py:190} INFO - [2025-03-11T14:30:40.424+0000] {dag.py:4180} INFO - Setting next_dagrun for example_kubernetes_executor to None, run_after=None
[2025-03-11T14:30:40.446+0000] {processor.py:208} INFO - Processing /home/airflow/.local/lib/python3.12/site-packages/airflow/example_dags/example_kubernetes_executor.py took 0.107 seconds
[2025-03-11T14:31:12.381+0000] {processor.py:186} INFO - Started process (PID=355) to work on /home/airflow/.local/lib/python3.12/site-packages/airflow/example_dags/example_kubernetes_executor.py
[2025-03-11T14:31:12.381+0000] {processor.py:914} INFO - Processing file /home/airflow/.local/lib/python3.12/site-packages/airflow/example_dags/example_kubernetes_executor.py for tasks to queue
[2025-03-11T14:31:12.383+0000] {logging_mixin.py:190} INFO - [2025-03-11T14:31:12.383+0000] {dagbag.py:588} INFO - Filling up the DagBag from /home/airflow/.local/lib/python3.12/site-packages/airflow/example_dags/example_kubernetes_executor.py
[2025-03-11T14:31:12.399+0000] {processor.py:925} INFO - DAG(s) 'example_kubernetes_executor' retrieved from /home/airflow/.local/lib/python3.12/site-packages/airflow/example_dags/example_kubernetes_executor.py
[2025-03-11T14:31:12.431+0000] {logging_mixin.py:190} INFO - [2025-03-11T14:31:12.431+0000] {dag.py:3239} INFO - Sync 1 DAGs
[2025-03-11T14:31:12.445+0000] {logging_mixin.py:190} INFO - [2025-03-11T14:31:12.445+0000] {dag.py:4180} INFO - Setting next_dagrun for example_kubernetes_executor to None, run_after=None
[2025-03-11T14:31:12.462+0000] {processor.py:208} INFO - Processing /home/airflow/.local/lib/python3.12/site-packages/airflow/example_dags/example_kubernetes_executor.py took 0.087 seconds
