[2025-03-11T13:10:37.880+0000] {processor.py:186} INFO - Started process (PID=86) to work on /home/airflow/.local/lib/python3.12/site-packages/airflow/example_dags/example_branch_python_dop_operator_3.py
[2025-03-11T13:10:37.880+0000] {processor.py:914} INFO - Processing file /home/airflow/.local/lib/python3.12/site-packages/airflow/example_dags/example_branch_python_dop_operator_3.py for tasks to queue
[2025-03-11T13:10:37.883+0000] {logging_mixin.py:190} INFO - [2025-03-11T13:10:37.882+0000] {dagbag.py:588} INFO - Filling up the DagBag from /home/airflow/.local/lib/python3.12/site-packages/airflow/example_dags/example_branch_python_dop_operator_3.py
[2025-03-11T13:10:37.892+0000] {processor.py:925} INFO - DAG(s) 'example_branch_dop_operator_v3' retrieved from /home/airflow/.local/lib/python3.12/site-packages/airflow/example_dags/example_branch_python_dop_operator_3.py
[2025-03-11T13:10:37.965+0000] {logging_mixin.py:190} INFO - [2025-03-11T13:10:37.963+0000] {override.py:1912} INFO - Created Permission View: can read on DAG:example_branch_dop_operator_v3
[2025-03-11T13:10:37.972+0000] {logging_mixin.py:190} INFO - [2025-03-11T13:10:37.971+0000] {override.py:1912} INFO - Created Permission View: can edit on DAG:example_branch_dop_operator_v3
[2025-03-11T13:10:37.977+0000] {logging_mixin.py:190} INFO - [2025-03-11T13:10:37.977+0000] {override.py:1912} INFO - Created Permission View: can delete on DAG:example_branch_dop_operator_v3
[2025-03-11T13:10:37.980+0000] {logging_mixin.py:190} INFO - [2025-03-11T13:10:37.980+0000] {override.py:1912} INFO - Created Permission View: can read on DAG Run:example_branch_dop_operator_v3
[2025-03-11T13:10:37.985+0000] {logging_mixin.py:190} INFO - [2025-03-11T13:10:37.985+0000] {override.py:1912} INFO - Created Permission View: can delete on DAG Run:example_branch_dop_operator_v3
[2025-03-11T13:10:37.989+0000] {logging_mixin.py:190} INFO - [2025-03-11T13:10:37.988+0000] {override.py:1912} INFO - Created Permission View: can create on DAG Run:example_branch_dop_operator_v3
[2025-03-11T13:10:37.993+0000] {logging_mixin.py:190} INFO - [2025-03-11T13:10:37.993+0000] {override.py:1912} INFO - Created Permission View: menu access on DAG Run:example_branch_dop_operator_v3
[2025-03-11T13:10:37.993+0000] {logging_mixin.py:190} INFO - [2025-03-11T13:10:37.993+0000] {dag.py:3239} INFO - Sync 1 DAGs
[2025-03-11T13:10:38.001+0000] {logging_mixin.py:190} INFO - [2025-03-11T13:10:38.000+0000] {dag.py:3262} INFO - Creating ORM DAG for example_branch_dop_operator_v3
[2025-03-11T13:10:38.009+0000] {logging_mixin.py:190} INFO - [2025-03-11T13:10:38.009+0000] {dag.py:4180} INFO - Setting next_dagrun for example_branch_dop_operator_v3 to 2025-03-11 13:09:00+00:00, run_after=2025-03-11 13:10:00+00:00
[2025-03-11T13:10:38.019+0000] {processor.py:208} INFO - Processing /home/airflow/.local/lib/python3.12/site-packages/airflow/example_dags/example_branch_python_dop_operator_3.py took 0.142 seconds
[2025-03-11T13:11:08.109+0000] {processor.py:186} INFO - Started process (PID=148) to work on /home/airflow/.local/lib/python3.12/site-packages/airflow/example_dags/example_branch_python_dop_operator_3.py
[2025-03-11T13:11:08.110+0000] {processor.py:914} INFO - Processing file /home/airflow/.local/lib/python3.12/site-packages/airflow/example_dags/example_branch_python_dop_operator_3.py for tasks to queue
[2025-03-11T13:11:08.111+0000] {logging_mixin.py:190} INFO - [2025-03-11T13:11:08.111+0000] {dagbag.py:588} INFO - Filling up the DagBag from /home/airflow/.local/lib/python3.12/site-packages/airflow/example_dags/example_branch_python_dop_operator_3.py
[2025-03-11T13:11:08.117+0000] {processor.py:925} INFO - DAG(s) 'example_branch_dop_operator_v3' retrieved from /home/airflow/.local/lib/python3.12/site-packages/airflow/example_dags/example_branch_python_dop_operator_3.py
[2025-03-11T13:11:08.129+0000] {logging_mixin.py:190} INFO - [2025-03-11T13:11:08.129+0000] {dag.py:3239} INFO - Sync 1 DAGs
[2025-03-11T13:11:08.146+0000] {logging_mixin.py:190} INFO - [2025-03-11T13:11:08.146+0000] {dag.py:4180} INFO - Setting next_dagrun for example_branch_dop_operator_v3 to 2025-03-11 13:10:00+00:00, run_after=2025-03-11 13:11:00+00:00
[2025-03-11T13:11:08.156+0000] {processor.py:208} INFO - Processing /home/airflow/.local/lib/python3.12/site-packages/airflow/example_dags/example_branch_python_dop_operator_3.py took 0.050 seconds
[2025-03-11T13:11:38.892+0000] {processor.py:186} INFO - Started process (PID=211) to work on /home/airflow/.local/lib/python3.12/site-packages/airflow/example_dags/example_branch_python_dop_operator_3.py
[2025-03-11T13:11:38.893+0000] {processor.py:914} INFO - Processing file /home/airflow/.local/lib/python3.12/site-packages/airflow/example_dags/example_branch_python_dop_operator_3.py for tasks to queue
[2025-03-11T13:11:38.894+0000] {logging_mixin.py:190} INFO - [2025-03-11T13:11:38.894+0000] {dagbag.py:588} INFO - Filling up the DagBag from /home/airflow/.local/lib/python3.12/site-packages/airflow/example_dags/example_branch_python_dop_operator_3.py
[2025-03-11T13:11:38.900+0000] {processor.py:925} INFO - DAG(s) 'example_branch_dop_operator_v3' retrieved from /home/airflow/.local/lib/python3.12/site-packages/airflow/example_dags/example_branch_python_dop_operator_3.py
[2025-03-11T13:11:38.926+0000] {logging_mixin.py:190} INFO - [2025-03-11T13:11:38.926+0000] {dag.py:3239} INFO - Sync 1 DAGs
[2025-03-11T13:11:38.939+0000] {logging_mixin.py:190} INFO - [2025-03-11T13:11:38.938+0000] {dag.py:4180} INFO - Setting next_dagrun for example_branch_dop_operator_v3 to 2025-03-11 13:10:00+00:00, run_after=2025-03-11 13:11:00+00:00
[2025-03-11T13:11:38.952+0000] {processor.py:208} INFO - Processing /home/airflow/.local/lib/python3.12/site-packages/airflow/example_dags/example_branch_python_dop_operator_3.py took 0.064 seconds
[2025-03-11T13:12:09.762+0000] {processor.py:186} INFO - Started process (PID=274) to work on /home/airflow/.local/lib/python3.12/site-packages/airflow/example_dags/example_branch_python_dop_operator_3.py
[2025-03-11T13:12:09.763+0000] {processor.py:914} INFO - Processing file /home/airflow/.local/lib/python3.12/site-packages/airflow/example_dags/example_branch_python_dop_operator_3.py for tasks to queue
[2025-03-11T13:12:09.764+0000] {logging_mixin.py:190} INFO - [2025-03-11T13:12:09.764+0000] {dagbag.py:588} INFO - Filling up the DagBag from /home/airflow/.local/lib/python3.12/site-packages/airflow/example_dags/example_branch_python_dop_operator_3.py
[2025-03-11T13:12:09.769+0000] {processor.py:925} INFO - DAG(s) 'example_branch_dop_operator_v3' retrieved from /home/airflow/.local/lib/python3.12/site-packages/airflow/example_dags/example_branch_python_dop_operator_3.py
[2025-03-11T13:12:09.778+0000] {logging_mixin.py:190} INFO - [2025-03-11T13:12:09.778+0000] {dag.py:3239} INFO - Sync 1 DAGs
[2025-03-11T13:12:09.789+0000] {logging_mixin.py:190} INFO - [2025-03-11T13:12:09.789+0000] {dag.py:4180} INFO - Setting next_dagrun for example_branch_dop_operator_v3 to 2025-03-11 13:11:00+00:00, run_after=2025-03-11 13:12:00+00:00
[2025-03-11T13:12:09.796+0000] {processor.py:208} INFO - Processing /home/airflow/.local/lib/python3.12/site-packages/airflow/example_dags/example_branch_python_dop_operator_3.py took 0.037 seconds
[2025-03-11T13:12:40.974+0000] {processor.py:186} INFO - Started process (PID=337) to work on /home/airflow/.local/lib/python3.12/site-packages/airflow/example_dags/example_branch_python_dop_operator_3.py
[2025-03-11T13:12:40.975+0000] {processor.py:914} INFO - Processing file /home/airflow/.local/lib/python3.12/site-packages/airflow/example_dags/example_branch_python_dop_operator_3.py for tasks to queue
[2025-03-11T13:12:40.976+0000] {logging_mixin.py:190} INFO - [2025-03-11T13:12:40.976+0000] {dagbag.py:588} INFO - Filling up the DagBag from /home/airflow/.local/lib/python3.12/site-packages/airflow/example_dags/example_branch_python_dop_operator_3.py
[2025-03-11T13:12:40.983+0000] {processor.py:925} INFO - DAG(s) 'example_branch_dop_operator_v3' retrieved from /home/airflow/.local/lib/python3.12/site-packages/airflow/example_dags/example_branch_python_dop_operator_3.py
[2025-03-11T13:12:40.997+0000] {logging_mixin.py:190} INFO - [2025-03-11T13:12:40.997+0000] {dag.py:3239} INFO - Sync 1 DAGs
[2025-03-11T13:12:41.012+0000] {logging_mixin.py:190} INFO - [2025-03-11T13:12:41.012+0000] {dag.py:4180} INFO - Setting next_dagrun for example_branch_dop_operator_v3 to 2025-03-11 13:11:00+00:00, run_after=2025-03-11 13:12:00+00:00
[2025-03-11T13:12:41.023+0000] {processor.py:208} INFO - Processing /home/airflow/.local/lib/python3.12/site-packages/airflow/example_dags/example_branch_python_dop_operator_3.py took 0.053 seconds
[2025-03-11T14:00:35.860+0000] {processor.py:186} INFO - Started process (PID=141) to work on /home/airflow/.local/lib/python3.12/site-packages/airflow/example_dags/example_branch_python_dop_operator_3.py
[2025-03-11T14:00:35.870+0000] {processor.py:914} INFO - Processing file /home/airflow/.local/lib/python3.12/site-packages/airflow/example_dags/example_branch_python_dop_operator_3.py for tasks to queue
[2025-03-11T14:00:35.878+0000] {logging_mixin.py:190} INFO - [2025-03-11T14:00:35.877+0000] {dagbag.py:588} INFO - Filling up the DagBag from /home/airflow/.local/lib/python3.12/site-packages/airflow/example_dags/example_branch_python_dop_operator_3.py
[2025-03-11T14:00:35.980+0000] {processor.py:925} INFO - DAG(s) 'example_branch_dop_operator_v3' retrieved from /home/airflow/.local/lib/python3.12/site-packages/airflow/example_dags/example_branch_python_dop_operator_3.py
[2025-03-11T14:00:36.806+0000] {logging_mixin.py:190} INFO - [2025-03-11T14:00:36.806+0000] {override.py:1912} INFO - Created Permission View: can edit on DAG:example_branch_dop_operator_v3
[2025-03-11T14:00:36.868+0000] {logging_mixin.py:190} INFO - [2025-03-11T14:00:36.868+0000] {override.py:1912} INFO - Created Permission View: can delete on DAG:example_branch_dop_operator_v3
[2025-03-11T14:00:36.908+0000] {logging_mixin.py:190} INFO - [2025-03-11T14:00:36.908+0000] {override.py:1912} INFO - Created Permission View: can read on DAG:example_branch_dop_operator_v3
[2025-03-11T14:00:36.970+0000] {logging_mixin.py:190} INFO - [2025-03-11T14:00:36.970+0000] {override.py:1912} INFO - Created Permission View: can create on DAG Run:example_branch_dop_operator_v3
[2025-03-11T14:00:37.005+0000] {logging_mixin.py:190} INFO - [2025-03-11T14:00:37.005+0000] {override.py:1912} INFO - Created Permission View: can delete on DAG Run:example_branch_dop_operator_v3
[2025-03-11T14:00:37.045+0000] {logging_mixin.py:190} INFO - [2025-03-11T14:00:37.044+0000] {override.py:1912} INFO - Created Permission View: can read on DAG Run:example_branch_dop_operator_v3
[2025-03-11T14:00:37.084+0000] {logging_mixin.py:190} INFO - [2025-03-11T14:00:37.083+0000] {override.py:1912} INFO - Created Permission View: menu access on DAG Run:example_branch_dop_operator_v3
[2025-03-11T14:00:37.084+0000] {logging_mixin.py:190} INFO - [2025-03-11T14:00:37.084+0000] {dag.py:3239} INFO - Sync 1 DAGs
[2025-03-11T14:00:37.186+0000] {logging_mixin.py:190} INFO - [2025-03-11T14:00:37.178+0000] {dag.py:3262} INFO - Creating ORM DAG for example_branch_dop_operator_v3
[2025-03-11T14:00:37.302+0000] {logging_mixin.py:190} INFO - [2025-03-11T14:00:37.302+0000] {dag.py:4180} INFO - Setting next_dagrun for example_branch_dop_operator_v3 to 2025-03-11 13:59:00+00:00, run_after=2025-03-11 14:00:00+00:00
[2025-03-11T14:00:37.422+0000] {processor.py:208} INFO - Processing /home/airflow/.local/lib/python3.12/site-packages/airflow/example_dags/example_branch_python_dop_operator_3.py took 1.613 seconds
[2025-03-11T14:29:10.176+0000] {processor.py:186} INFO - Started process (PID=112) to work on /home/airflow/.local/lib/python3.12/site-packages/airflow/example_dags/example_branch_python_dop_operator_3.py
[2025-03-11T14:29:10.179+0000] {processor.py:914} INFO - Processing file /home/airflow/.local/lib/python3.12/site-packages/airflow/example_dags/example_branch_python_dop_operator_3.py for tasks to queue
[2025-03-11T14:29:10.187+0000] {logging_mixin.py:190} INFO - [2025-03-11T14:29:10.185+0000] {dagbag.py:588} INFO - Filling up the DagBag from /home/airflow/.local/lib/python3.12/site-packages/airflow/example_dags/example_branch_python_dop_operator_3.py
[2025-03-11T14:29:10.221+0000] {processor.py:925} INFO - DAG(s) 'example_branch_dop_operator_v3' retrieved from /home/airflow/.local/lib/python3.12/site-packages/airflow/example_dags/example_branch_python_dop_operator_3.py
[2025-03-11T14:29:10.261+0000] {logging_mixin.py:190} INFO - [2025-03-11T14:29:10.260+0000] {dag.py:3239} INFO - Sync 1 DAGs
[2025-03-11T14:29:10.304+0000] {logging_mixin.py:190} INFO - [2025-03-11T14:29:10.304+0000] {dag.py:4180} INFO - Setting next_dagrun for example_branch_dop_operator_v3 to 2025-03-11 14:28:00+00:00, run_after=2025-03-11 14:29:00+00:00
[2025-03-11T14:29:10.342+0000] {processor.py:208} INFO - Processing /home/airflow/.local/lib/python3.12/site-packages/airflow/example_dags/example_branch_python_dop_operator_3.py took 0.187 seconds
[2025-03-11T14:29:41.024+0000] {processor.py:186} INFO - Started process (PID=174) to work on /home/airflow/.local/lib/python3.12/site-packages/airflow/example_dags/example_branch_python_dop_operator_3.py
[2025-03-11T14:29:41.026+0000] {processor.py:914} INFO - Processing file /home/airflow/.local/lib/python3.12/site-packages/airflow/example_dags/example_branch_python_dop_operator_3.py for tasks to queue
[2025-03-11T14:29:41.028+0000] {logging_mixin.py:190} INFO - [2025-03-11T14:29:41.028+0000] {dagbag.py:588} INFO - Filling up the DagBag from /home/airflow/.local/lib/python3.12/site-packages/airflow/example_dags/example_branch_python_dop_operator_3.py
[2025-03-11T14:29:41.040+0000] {processor.py:925} INFO - DAG(s) 'example_branch_dop_operator_v3' retrieved from /home/airflow/.local/lib/python3.12/site-packages/airflow/example_dags/example_branch_python_dop_operator_3.py
[2025-03-11T14:29:41.059+0000] {logging_mixin.py:190} INFO - [2025-03-11T14:29:41.059+0000] {dag.py:3239} INFO - Sync 1 DAGs
[2025-03-11T14:29:41.089+0000] {logging_mixin.py:190} INFO - [2025-03-11T14:29:41.088+0000] {dag.py:4180} INFO - Setting next_dagrun for example_branch_dop_operator_v3 to 2025-03-11 14:28:00+00:00, run_after=2025-03-11 14:29:00+00:00
[2025-03-11T14:29:41.133+0000] {processor.py:208} INFO - Processing /home/airflow/.local/lib/python3.12/site-packages/airflow/example_dags/example_branch_python_dop_operator_3.py took 0.115 seconds
[2025-03-11T14:30:11.490+0000] {processor.py:186} INFO - Started process (PID=236) to work on /home/airflow/.local/lib/python3.12/site-packages/airflow/example_dags/example_branch_python_dop_operator_3.py
[2025-03-11T14:30:11.492+0000] {processor.py:914} INFO - Processing file /home/airflow/.local/lib/python3.12/site-packages/airflow/example_dags/example_branch_python_dop_operator_3.py for tasks to queue
[2025-03-11T14:30:11.494+0000] {logging_mixin.py:190} INFO - [2025-03-11T14:30:11.494+0000] {dagbag.py:588} INFO - Filling up the DagBag from /home/airflow/.local/lib/python3.12/site-packages/airflow/example_dags/example_branch_python_dop_operator_3.py
[2025-03-11T14:30:11.505+0000] {processor.py:925} INFO - DAG(s) 'example_branch_dop_operator_v3' retrieved from /home/airflow/.local/lib/python3.12/site-packages/airflow/example_dags/example_branch_python_dop_operator_3.py
[2025-03-11T14:30:11.527+0000] {logging_mixin.py:190} INFO - [2025-03-11T14:30:11.526+0000] {dag.py:3239} INFO - Sync 1 DAGs
[2025-03-11T14:30:11.552+0000] {logging_mixin.py:190} INFO - [2025-03-11T14:30:11.552+0000] {dag.py:4180} INFO - Setting next_dagrun for example_branch_dop_operator_v3 to 2025-03-11 14:29:00+00:00, run_after=2025-03-11 14:30:00+00:00
[2025-03-11T14:30:11.568+0000] {processor.py:208} INFO - Processing /home/airflow/.local/lib/python3.12/site-packages/airflow/example_dags/example_branch_python_dop_operator_3.py took 0.083 seconds
[2025-03-11T14:30:41.932+0000] {processor.py:186} INFO - Started process (PID=299) to work on /home/airflow/.local/lib/python3.12/site-packages/airflow/example_dags/example_branch_python_dop_operator_3.py
[2025-03-11T14:30:41.933+0000] {processor.py:914} INFO - Processing file /home/airflow/.local/lib/python3.12/site-packages/airflow/example_dags/example_branch_python_dop_operator_3.py for tasks to queue
[2025-03-11T14:30:41.935+0000] {logging_mixin.py:190} INFO - [2025-03-11T14:30:41.935+0000] {dagbag.py:588} INFO - Filling up the DagBag from /home/airflow/.local/lib/python3.12/site-packages/airflow/example_dags/example_branch_python_dop_operator_3.py
[2025-03-11T14:30:41.946+0000] {processor.py:925} INFO - DAG(s) 'example_branch_dop_operator_v3' retrieved from /home/airflow/.local/lib/python3.12/site-packages/airflow/example_dags/example_branch_python_dop_operator_3.py
[2025-03-11T14:30:41.966+0000] {logging_mixin.py:190} INFO - [2025-03-11T14:30:41.966+0000] {dag.py:3239} INFO - Sync 1 DAGs
[2025-03-11T14:30:41.991+0000] {logging_mixin.py:190} INFO - [2025-03-11T14:30:41.991+0000] {dag.py:4180} INFO - Setting next_dagrun for example_branch_dop_operator_v3 to 2025-03-11 14:29:00+00:00, run_after=2025-03-11 14:30:00+00:00
[2025-03-11T14:30:42.008+0000] {processor.py:208} INFO - Processing /home/airflow/.local/lib/python3.12/site-packages/airflow/example_dags/example_branch_python_dop_operator_3.py took 0.081 seconds
[2025-03-11T14:31:12.766+0000] {processor.py:186} INFO - Started process (PID=362) to work on /home/airflow/.local/lib/python3.12/site-packages/airflow/example_dags/example_branch_python_dop_operator_3.py
[2025-03-11T14:31:12.768+0000] {processor.py:914} INFO - Processing file /home/airflow/.local/lib/python3.12/site-packages/airflow/example_dags/example_branch_python_dop_operator_3.py for tasks to queue
[2025-03-11T14:31:12.770+0000] {logging_mixin.py:190} INFO - [2025-03-11T14:31:12.770+0000] {dagbag.py:588} INFO - Filling up the DagBag from /home/airflow/.local/lib/python3.12/site-packages/airflow/example_dags/example_branch_python_dop_operator_3.py
[2025-03-11T14:31:12.782+0000] {processor.py:925} INFO - DAG(s) 'example_branch_dop_operator_v3' retrieved from /home/airflow/.local/lib/python3.12/site-packages/airflow/example_dags/example_branch_python_dop_operator_3.py
[2025-03-11T14:31:12.802+0000] {logging_mixin.py:190} INFO - [2025-03-11T14:31:12.802+0000] {dag.py:3239} INFO - Sync 1 DAGs
[2025-03-11T14:31:12.829+0000] {logging_mixin.py:190} INFO - [2025-03-11T14:31:12.828+0000] {dag.py:4180} INFO - Setting next_dagrun for example_branch_dop_operator_v3 to 2025-03-11 14:30:00+00:00, run_after=2025-03-11 14:31:00+00:00
[2025-03-11T14:31:12.846+0000] {processor.py:208} INFO - Processing /home/airflow/.local/lib/python3.12/site-packages/airflow/example_dags/example_branch_python_dop_operator_3.py took 0.086 seconds
