[2025-03-11T13:10:33.242+0000] {processor.py:186} INFO - Started process (PID=59) to work on /home/airflow/.local/lib/python3.12/site-packages/airflow/example_dags/example_skip_dag.py
[2025-03-11T13:10:33.243+0000] {processor.py:914} INFO - Processing file /home/airflow/.local/lib/python3.12/site-packages/airflow/example_dags/example_skip_dag.py for tasks to queue
[2025-03-11T13:10:33.245+0000] {logging_mixin.py:190} INFO - [2025-03-11T13:10:33.245+0000] {dagbag.py:588} INFO - Filling up the DagBag from /home/airflow/.local/lib/python3.12/site-packages/airflow/example_dags/example_skip_dag.py
[2025-03-11T13:10:33.260+0000] {processor.py:925} INFO - DAG(s) 'example_skip_dag' retrieved from /home/airflow/.local/lib/python3.12/site-packages/airflow/example_dags/example_skip_dag.py
[2025-03-11T13:10:33.343+0000] {logging_mixin.py:190} INFO - [2025-03-11T13:10:33.343+0000] {override.py:1912} INFO - Created Permission View: can read on DAG:example_skip_dag
[2025-03-11T13:10:33.349+0000] {logging_mixin.py:190} INFO - [2025-03-11T13:10:33.349+0000] {override.py:1912} INFO - Created Permission View: can edit on DAG:example_skip_dag
[2025-03-11T13:10:33.354+0000] {logging_mixin.py:190} INFO - [2025-03-11T13:10:33.353+0000] {override.py:1912} INFO - Created Permission View: can delete on DAG:example_skip_dag
[2025-03-11T13:10:33.359+0000] {logging_mixin.py:190} INFO - [2025-03-11T13:10:33.359+0000] {override.py:1912} INFO - Created Permission View: can read on DAG Run:example_skip_dag
[2025-03-11T13:10:33.362+0000] {logging_mixin.py:190} INFO - [2025-03-11T13:10:33.362+0000] {override.py:1912} INFO - Created Permission View: can delete on DAG Run:example_skip_dag
[2025-03-11T13:10:33.366+0000] {logging_mixin.py:190} INFO - [2025-03-11T13:10:33.366+0000] {override.py:1912} INFO - Created Permission View: can create on DAG Run:example_skip_dag
[2025-03-11T13:10:33.370+0000] {logging_mixin.py:190} INFO - [2025-03-11T13:10:33.370+0000] {override.py:1912} INFO - Created Permission View: menu access on DAG Run:example_skip_dag
[2025-03-11T13:10:33.370+0000] {logging_mixin.py:190} INFO - [2025-03-11T13:10:33.370+0000] {dag.py:3239} INFO - Sync 1 DAGs
[2025-03-11T13:10:33.378+0000] {logging_mixin.py:190} INFO - [2025-03-11T13:10:33.378+0000] {dag.py:3262} INFO - Creating ORM DAG for example_skip_dag
[2025-03-11T13:10:33.386+0000] {logging_mixin.py:190} INFO - [2025-03-11T13:10:33.386+0000] {dag.py:4180} INFO - Setting next_dagrun for example_skip_dag to 2025-03-10 00:00:00+00:00, run_after=2025-03-11 00:00:00+00:00
[2025-03-11T13:10:33.396+0000] {processor.py:208} INFO - Processing /home/airflow/.local/lib/python3.12/site-packages/airflow/example_dags/example_skip_dag.py took 0.159 seconds
[2025-03-11T13:11:04.822+0000] {processor.py:186} INFO - Started process (PID=122) to work on /home/airflow/.local/lib/python3.12/site-packages/airflow/example_dags/example_skip_dag.py
[2025-03-11T13:11:04.825+0000] {processor.py:914} INFO - Processing file /home/airflow/.local/lib/python3.12/site-packages/airflow/example_dags/example_skip_dag.py for tasks to queue
[2025-03-11T13:11:04.826+0000] {logging_mixin.py:190} INFO - [2025-03-11T13:11:04.826+0000] {dagbag.py:588} INFO - Filling up the DagBag from /home/airflow/.local/lib/python3.12/site-packages/airflow/example_dags/example_skip_dag.py
[2025-03-11T13:11:04.833+0000] {processor.py:925} INFO - DAG(s) 'example_skip_dag' retrieved from /home/airflow/.local/lib/python3.12/site-packages/airflow/example_dags/example_skip_dag.py
[2025-03-11T13:11:04.845+0000] {logging_mixin.py:190} INFO - [2025-03-11T13:11:04.845+0000] {dag.py:3239} INFO - Sync 1 DAGs
[2025-03-11T13:11:04.858+0000] {logging_mixin.py:190} INFO - [2025-03-11T13:11:04.858+0000] {dag.py:4180} INFO - Setting next_dagrun for example_skip_dag to 2025-03-10 00:00:00+00:00, run_after=2025-03-11 00:00:00+00:00
[2025-03-11T13:11:04.868+0000] {processor.py:208} INFO - Processing /home/airflow/.local/lib/python3.12/site-packages/airflow/example_dags/example_skip_dag.py took 0.050 seconds
[2025-03-11T13:11:35.445+0000] {processor.py:186} INFO - Started process (PID=185) to work on /home/airflow/.local/lib/python3.12/site-packages/airflow/example_dags/example_skip_dag.py
[2025-03-11T13:11:35.447+0000] {processor.py:914} INFO - Processing file /home/airflow/.local/lib/python3.12/site-packages/airflow/example_dags/example_skip_dag.py for tasks to queue
[2025-03-11T13:11:35.449+0000] {logging_mixin.py:190} INFO - [2025-03-11T13:11:35.449+0000] {dagbag.py:588} INFO - Filling up the DagBag from /home/airflow/.local/lib/python3.12/site-packages/airflow/example_dags/example_skip_dag.py
[2025-03-11T13:11:35.454+0000] {processor.py:925} INFO - DAG(s) 'example_skip_dag' retrieved from /home/airflow/.local/lib/python3.12/site-packages/airflow/example_dags/example_skip_dag.py
[2025-03-11T13:11:35.469+0000] {logging_mixin.py:190} INFO - [2025-03-11T13:11:35.469+0000] {dag.py:3239} INFO - Sync 1 DAGs
[2025-03-11T13:11:35.483+0000] {logging_mixin.py:190} INFO - [2025-03-11T13:11:35.483+0000] {dag.py:4180} INFO - Setting next_dagrun for example_skip_dag to 2025-03-10 00:00:00+00:00, run_after=2025-03-11 00:00:00+00:00
[2025-03-11T13:11:35.494+0000] {processor.py:208} INFO - Processing /home/airflow/.local/lib/python3.12/site-packages/airflow/example_dags/example_skip_dag.py took 0.053 seconds
[2025-03-11T13:12:06.384+0000] {processor.py:186} INFO - Started process (PID=248) to work on /home/airflow/.local/lib/python3.12/site-packages/airflow/example_dags/example_skip_dag.py
[2025-03-11T13:12:06.387+0000] {processor.py:914} INFO - Processing file /home/airflow/.local/lib/python3.12/site-packages/airflow/example_dags/example_skip_dag.py for tasks to queue
[2025-03-11T13:12:06.389+0000] {logging_mixin.py:190} INFO - [2025-03-11T13:12:06.388+0000] {dagbag.py:588} INFO - Filling up the DagBag from /home/airflow/.local/lib/python3.12/site-packages/airflow/example_dags/example_skip_dag.py
[2025-03-11T13:12:06.393+0000] {processor.py:925} INFO - DAG(s) 'example_skip_dag' retrieved from /home/airflow/.local/lib/python3.12/site-packages/airflow/example_dags/example_skip_dag.py
[2025-03-11T13:12:06.407+0000] {logging_mixin.py:190} INFO - [2025-03-11T13:12:06.406+0000] {dag.py:3239} INFO - Sync 1 DAGs
[2025-03-11T13:12:06.421+0000] {logging_mixin.py:190} INFO - [2025-03-11T13:12:06.421+0000] {dag.py:4180} INFO - Setting next_dagrun for example_skip_dag to 2025-03-10 00:00:00+00:00, run_after=2025-03-11 00:00:00+00:00
[2025-03-11T13:12:06.436+0000] {processor.py:208} INFO - Processing /home/airflow/.local/lib/python3.12/site-packages/airflow/example_dags/example_skip_dag.py took 0.055 seconds
[2025-03-11T13:12:36.913+0000] {processor.py:186} INFO - Started process (PID=311) to work on /home/airflow/.local/lib/python3.12/site-packages/airflow/example_dags/example_skip_dag.py
[2025-03-11T13:12:36.916+0000] {processor.py:914} INFO - Processing file /home/airflow/.local/lib/python3.12/site-packages/airflow/example_dags/example_skip_dag.py for tasks to queue
[2025-03-11T13:12:36.929+0000] {logging_mixin.py:190} INFO - [2025-03-11T13:12:36.928+0000] {dagbag.py:588} INFO - Filling up the DagBag from /home/airflow/.local/lib/python3.12/site-packages/airflow/example_dags/example_skip_dag.py
[2025-03-11T13:12:36.948+0000] {processor.py:925} INFO - DAG(s) 'example_skip_dag' retrieved from /home/airflow/.local/lib/python3.12/site-packages/airflow/example_dags/example_skip_dag.py
[2025-03-11T13:12:36.988+0000] {logging_mixin.py:190} INFO - [2025-03-11T13:12:36.988+0000] {dag.py:3239} INFO - Sync 1 DAGs
[2025-03-11T13:12:37.036+0000] {logging_mixin.py:190} INFO - [2025-03-11T13:12:37.036+0000] {dag.py:4180} INFO - Setting next_dagrun for example_skip_dag to 2025-03-10 00:00:00+00:00, run_after=2025-03-11 00:00:00+00:00
[2025-03-11T13:12:37.082+0000] {processor.py:208} INFO - Processing /home/airflow/.local/lib/python3.12/site-packages/airflow/example_dags/example_skip_dag.py took 0.186 seconds
