[2025-03-11T13:10:39.114+0000] {processor.py:186} INFO - Started process (PID=101) to work on /home/airflow/.local/lib/python3.12/site-packages/airflow/example_dags/tutorial_objectstorage.py
[2025-03-11T13:10:39.115+0000] {processor.py:914} INFO - Processing file /home/airflow/.local/lib/python3.12/site-packages/airflow/example_dags/tutorial_objectstorage.py for tasks to queue
[2025-03-11T13:10:39.117+0000] {logging_mixin.py:190} INFO - [2025-03-11T13:10:39.117+0000] {dagbag.py:588} INFO - Filling up the DagBag from /home/airflow/.local/lib/python3.12/site-packages/airflow/example_dags/tutorial_objectstorage.py
[2025-03-11T13:10:39.123+0000] {processor.py:925} INFO - DAG(s) 'tutorial_objectstorage' retrieved from /home/airflow/.local/lib/python3.12/site-packages/airflow/example_dags/tutorial_objectstorage.py
[2025-03-11T13:10:39.180+0000] {logging_mixin.py:190} INFO - [2025-03-11T13:10:39.179+0000] {override.py:1912} INFO - Created Permission View: can read on DAG:tutorial_objectstorage
[2025-03-11T13:10:39.185+0000] {logging_mixin.py:190} INFO - [2025-03-11T13:10:39.185+0000] {override.py:1912} INFO - Created Permission View: can edit on DAG:tutorial_objectstorage
[2025-03-11T13:10:39.188+0000] {logging_mixin.py:190} INFO - [2025-03-11T13:10:39.188+0000] {override.py:1912} INFO - Created Permission View: can delete on DAG:tutorial_objectstorage
[2025-03-11T13:10:39.195+0000] {logging_mixin.py:190} INFO - [2025-03-11T13:10:39.195+0000] {override.py:1912} INFO - Created Permission View: can read on DAG Run:tutorial_objectstorage
[2025-03-11T13:10:39.199+0000] {logging_mixin.py:190} INFO - [2025-03-11T13:10:39.199+0000] {override.py:1912} INFO - Created Permission View: can delete on DAG Run:tutorial_objectstorage
[2025-03-11T13:10:39.202+0000] {logging_mixin.py:190} INFO - [2025-03-11T13:10:39.202+0000] {override.py:1912} INFO - Created Permission View: can create on DAG Run:tutorial_objectstorage
[2025-03-11T13:10:39.206+0000] {logging_mixin.py:190} INFO - [2025-03-11T13:10:39.205+0000] {override.py:1912} INFO - Created Permission View: menu access on DAG Run:tutorial_objectstorage
[2025-03-11T13:10:39.206+0000] {logging_mixin.py:190} INFO - [2025-03-11T13:10:39.206+0000] {dag.py:3239} INFO - Sync 1 DAGs
[2025-03-11T13:10:39.212+0000] {logging_mixin.py:190} INFO - [2025-03-11T13:10:39.212+0000] {dag.py:3262} INFO - Creating ORM DAG for tutorial_objectstorage
[2025-03-11T13:10:39.213+0000] {logging_mixin.py:190} INFO - [2025-03-11T13:10:39.213+0000] {dag.py:4180} INFO - Setting next_dagrun for tutorial_objectstorage to None, run_after=None
[2025-03-11T13:10:39.225+0000] {processor.py:208} INFO - Processing /home/airflow/.local/lib/python3.12/site-packages/airflow/example_dags/tutorial_objectstorage.py took 0.114 seconds
[2025-03-11T13:11:09.735+0000] {processor.py:186} INFO - Started process (PID=164) to work on /home/airflow/.local/lib/python3.12/site-packages/airflow/example_dags/tutorial_objectstorage.py
[2025-03-11T13:11:09.736+0000] {processor.py:914} INFO - Processing file /home/airflow/.local/lib/python3.12/site-packages/airflow/example_dags/tutorial_objectstorage.py for tasks to queue
[2025-03-11T13:11:09.737+0000] {logging_mixin.py:190} INFO - [2025-03-11T13:11:09.736+0000] {dagbag.py:588} INFO - Filling up the DagBag from /home/airflow/.local/lib/python3.12/site-packages/airflow/example_dags/tutorial_objectstorage.py
[2025-03-11T13:11:09.741+0000] {processor.py:925} INFO - DAG(s) 'tutorial_objectstorage' retrieved from /home/airflow/.local/lib/python3.12/site-packages/airflow/example_dags/tutorial_objectstorage.py
[2025-03-11T13:11:09.750+0000] {logging_mixin.py:190} INFO - [2025-03-11T13:11:09.750+0000] {dag.py:3239} INFO - Sync 1 DAGs
[2025-03-11T13:11:09.756+0000] {logging_mixin.py:190} INFO - [2025-03-11T13:11:09.756+0000] {dag.py:4180} INFO - Setting next_dagrun for tutorial_objectstorage to None, run_after=None
[2025-03-11T13:11:09.764+0000] {processor.py:208} INFO - Processing /home/airflow/.local/lib/python3.12/site-packages/airflow/example_dags/tutorial_objectstorage.py took 0.031 seconds
[2025-03-11T13:11:40.628+0000] {processor.py:186} INFO - Started process (PID=227) to work on /home/airflow/.local/lib/python3.12/site-packages/airflow/example_dags/tutorial_objectstorage.py
[2025-03-11T13:11:40.629+0000] {processor.py:914} INFO - Processing file /home/airflow/.local/lib/python3.12/site-packages/airflow/example_dags/tutorial_objectstorage.py for tasks to queue
[2025-03-11T13:11:40.630+0000] {logging_mixin.py:190} INFO - [2025-03-11T13:11:40.630+0000] {dagbag.py:588} INFO - Filling up the DagBag from /home/airflow/.local/lib/python3.12/site-packages/airflow/example_dags/tutorial_objectstorage.py
[2025-03-11T13:11:40.636+0000] {processor.py:925} INFO - DAG(s) 'tutorial_objectstorage' retrieved from /home/airflow/.local/lib/python3.12/site-packages/airflow/example_dags/tutorial_objectstorage.py
[2025-03-11T13:11:40.645+0000] {logging_mixin.py:190} INFO - [2025-03-11T13:11:40.645+0000] {dag.py:3239} INFO - Sync 1 DAGs
[2025-03-11T13:11:40.651+0000] {logging_mixin.py:190} INFO - [2025-03-11T13:11:40.651+0000] {dag.py:4180} INFO - Setting next_dagrun for tutorial_objectstorage to None, run_after=None
[2025-03-11T13:11:40.660+0000] {processor.py:208} INFO - Processing /home/airflow/.local/lib/python3.12/site-packages/airflow/example_dags/tutorial_objectstorage.py took 0.034 seconds
[2025-03-11T13:12:11.408+0000] {processor.py:186} INFO - Started process (PID=290) to work on /home/airflow/.local/lib/python3.12/site-packages/airflow/example_dags/tutorial_objectstorage.py
[2025-03-11T13:12:11.408+0000] {processor.py:914} INFO - Processing file /home/airflow/.local/lib/python3.12/site-packages/airflow/example_dags/tutorial_objectstorage.py for tasks to queue
[2025-03-11T13:12:11.409+0000] {logging_mixin.py:190} INFO - [2025-03-11T13:12:11.409+0000] {dagbag.py:588} INFO - Filling up the DagBag from /home/airflow/.local/lib/python3.12/site-packages/airflow/example_dags/tutorial_objectstorage.py
[2025-03-11T13:12:11.414+0000] {processor.py:925} INFO - DAG(s) 'tutorial_objectstorage' retrieved from /home/airflow/.local/lib/python3.12/site-packages/airflow/example_dags/tutorial_objectstorage.py
[2025-03-11T13:12:11.424+0000] {logging_mixin.py:190} INFO - [2025-03-11T13:12:11.423+0000] {dag.py:3239} INFO - Sync 1 DAGs
[2025-03-11T13:12:11.430+0000] {logging_mixin.py:190} INFO - [2025-03-11T13:12:11.430+0000] {dag.py:4180} INFO - Setting next_dagrun for tutorial_objectstorage to None, run_after=None
[2025-03-11T13:12:11.438+0000] {processor.py:208} INFO - Processing /home/airflow/.local/lib/python3.12/site-packages/airflow/example_dags/tutorial_objectstorage.py took 0.033 seconds
[2025-03-11T13:12:41.674+0000] {processor.py:186} INFO - Started process (PID=353) to work on /home/airflow/.local/lib/python3.12/site-packages/airflow/example_dags/tutorial_objectstorage.py
[2025-03-11T13:12:41.675+0000] {processor.py:914} INFO - Processing file /home/airflow/.local/lib/python3.12/site-packages/airflow/example_dags/tutorial_objectstorage.py for tasks to queue
[2025-03-11T13:12:41.677+0000] {logging_mixin.py:190} INFO - [2025-03-11T13:12:41.677+0000] {dagbag.py:588} INFO - Filling up the DagBag from /home/airflow/.local/lib/python3.12/site-packages/airflow/example_dags/tutorial_objectstorage.py
[2025-03-11T13:12:41.687+0000] {processor.py:925} INFO - DAG(s) 'tutorial_objectstorage' retrieved from /home/airflow/.local/lib/python3.12/site-packages/airflow/example_dags/tutorial_objectstorage.py
[2025-03-11T13:12:41.703+0000] {logging_mixin.py:190} INFO - [2025-03-11T13:12:41.703+0000] {dag.py:3239} INFO - Sync 1 DAGs
[2025-03-11T13:12:41.711+0000] {logging_mixin.py:190} INFO - [2025-03-11T13:12:41.711+0000] {dag.py:4180} INFO - Setting next_dagrun for tutorial_objectstorage to None, run_after=None
[2025-03-11T13:12:41.728+0000] {processor.py:208} INFO - Processing /home/airflow/.local/lib/python3.12/site-packages/airflow/example_dags/tutorial_objectstorage.py took 0.058 seconds
