[2025-03-11T13:10:36.856+0000] {processor.py:186} INFO - Started process (PID=80) to work on /home/airflow/.local/lib/python3.12/site-packages/airflow/example_dags/tutorial.py
[2025-03-11T13:10:36.857+0000] {processor.py:914} INFO - Processing file /home/airflow/.local/lib/python3.12/site-packages/airflow/example_dags/tutorial.py for tasks to queue
[2025-03-11T13:10:36.860+0000] {logging_mixin.py:190} INFO - [2025-03-11T13:10:36.860+0000] {dagbag.py:588} INFO - Filling up the DagBag from /home/airflow/.local/lib/python3.12/site-packages/airflow/example_dags/tutorial.py
[2025-03-11T13:10:36.868+0000] {processor.py:925} INFO - DAG(s) 'tutorial' retrieved from /home/airflow/.local/lib/python3.12/site-packages/airflow/example_dags/tutorial.py
[2025-03-11T13:10:36.969+0000] {logging_mixin.py:190} INFO - [2025-03-11T13:10:36.968+0000] {override.py:1912} INFO - Created Permission View: can read on DAG:tutorial
[2025-03-11T13:10:36.977+0000] {logging_mixin.py:190} INFO - [2025-03-11T13:10:36.977+0000] {override.py:1912} INFO - Created Permission View: can edit on DAG:tutorial
[2025-03-11T13:10:36.982+0000] {logging_mixin.py:190} INFO - [2025-03-11T13:10:36.981+0000] {override.py:1912} INFO - Created Permission View: can delete on DAG:tutorial
[2025-03-11T13:10:36.989+0000] {logging_mixin.py:190} INFO - [2025-03-11T13:10:36.988+0000] {override.py:1912} INFO - Created Permission View: can read on DAG Run:tutorial
[2025-03-11T13:10:36.994+0000] {logging_mixin.py:190} INFO - [2025-03-11T13:10:36.994+0000] {override.py:1912} INFO - Created Permission View: can delete on DAG Run:tutorial
[2025-03-11T13:10:36.998+0000] {logging_mixin.py:190} INFO - [2025-03-11T13:10:36.998+0000] {override.py:1912} INFO - Created Permission View: can create on DAG Run:tutorial
[2025-03-11T13:10:37.007+0000] {logging_mixin.py:190} INFO - [2025-03-11T13:10:37.007+0000] {override.py:1912} INFO - Created Permission View: menu access on DAG Run:tutorial
[2025-03-11T13:10:37.008+0000] {logging_mixin.py:190} INFO - [2025-03-11T13:10:37.008+0000] {dag.py:3239} INFO - Sync 1 DAGs
[2025-03-11T13:10:37.015+0000] {logging_mixin.py:190} INFO - [2025-03-11T13:10:37.015+0000] {dag.py:3262} INFO - Creating ORM DAG for tutorial
[2025-03-11T13:10:37.022+0000] {logging_mixin.py:190} INFO - [2025-03-11T13:10:37.021+0000] {dag.py:4180} INFO - Setting next_dagrun for tutorial to 2025-03-10 00:00:00+00:00, run_after=2025-03-11 00:00:00+00:00
[2025-03-11T13:10:37.035+0000] {processor.py:208} INFO - Processing /home/airflow/.local/lib/python3.12/site-packages/airflow/example_dags/tutorial.py took 0.185 seconds
[2025-03-11T13:11:07.251+0000] {processor.py:186} INFO - Started process (PID=142) to work on /home/airflow/.local/lib/python3.12/site-packages/airflow/example_dags/tutorial.py
[2025-03-11T13:11:07.252+0000] {processor.py:914} INFO - Processing file /home/airflow/.local/lib/python3.12/site-packages/airflow/example_dags/tutorial.py for tasks to queue
[2025-03-11T13:11:07.254+0000] {logging_mixin.py:190} INFO - [2025-03-11T13:11:07.254+0000] {dagbag.py:588} INFO - Filling up the DagBag from /home/airflow/.local/lib/python3.12/site-packages/airflow/example_dags/tutorial.py
[2025-03-11T13:11:07.259+0000] {processor.py:925} INFO - DAG(s) 'tutorial' retrieved from /home/airflow/.local/lib/python3.12/site-packages/airflow/example_dags/tutorial.py
[2025-03-11T13:11:07.271+0000] {logging_mixin.py:190} INFO - [2025-03-11T13:11:07.271+0000] {dag.py:3239} INFO - Sync 1 DAGs
[2025-03-11T13:11:07.284+0000] {logging_mixin.py:190} INFO - [2025-03-11T13:11:07.284+0000] {dag.py:4180} INFO - Setting next_dagrun for tutorial to 2025-03-10 00:00:00+00:00, run_after=2025-03-11 00:00:00+00:00
[2025-03-11T13:11:07.293+0000] {processor.py:208} INFO - Processing /home/airflow/.local/lib/python3.12/site-packages/airflow/example_dags/tutorial.py took 0.050 seconds
[2025-03-11T13:11:37.323+0000] {processor.py:186} INFO - Started process (PID=205) to work on /home/airflow/.local/lib/python3.12/site-packages/airflow/example_dags/tutorial.py
[2025-03-11T13:11:37.324+0000] {processor.py:914} INFO - Processing file /home/airflow/.local/lib/python3.12/site-packages/airflow/example_dags/tutorial.py for tasks to queue
[2025-03-11T13:11:37.327+0000] {logging_mixin.py:190} INFO - [2025-03-11T13:11:37.327+0000] {dagbag.py:588} INFO - Filling up the DagBag from /home/airflow/.local/lib/python3.12/site-packages/airflow/example_dags/tutorial.py
[2025-03-11T13:11:37.331+0000] {processor.py:925} INFO - DAG(s) 'tutorial' retrieved from /home/airflow/.local/lib/python3.12/site-packages/airflow/example_dags/tutorial.py
[2025-03-11T13:11:37.342+0000] {logging_mixin.py:190} INFO - [2025-03-11T13:11:37.341+0000] {dag.py:3239} INFO - Sync 1 DAGs
[2025-03-11T13:11:37.352+0000] {logging_mixin.py:190} INFO - [2025-03-11T13:11:37.352+0000] {dag.py:4180} INFO - Setting next_dagrun for tutorial to 2025-03-10 00:00:00+00:00, run_after=2025-03-11 00:00:00+00:00
[2025-03-11T13:11:37.362+0000] {processor.py:208} INFO - Processing /home/airflow/.local/lib/python3.12/site-packages/airflow/example_dags/tutorial.py took 0.042 seconds
[2025-03-11T13:12:08.211+0000] {processor.py:186} INFO - Started process (PID=268) to work on /home/airflow/.local/lib/python3.12/site-packages/airflow/example_dags/tutorial.py
[2025-03-11T13:12:08.212+0000] {processor.py:914} INFO - Processing file /home/airflow/.local/lib/python3.12/site-packages/airflow/example_dags/tutorial.py for tasks to queue
[2025-03-11T13:12:08.214+0000] {logging_mixin.py:190} INFO - [2025-03-11T13:12:08.214+0000] {dagbag.py:588} INFO - Filling up the DagBag from /home/airflow/.local/lib/python3.12/site-packages/airflow/example_dags/tutorial.py
[2025-03-11T13:12:08.221+0000] {processor.py:925} INFO - DAG(s) 'tutorial' retrieved from /home/airflow/.local/lib/python3.12/site-packages/airflow/example_dags/tutorial.py
[2025-03-11T13:12:08.231+0000] {logging_mixin.py:190} INFO - [2025-03-11T13:12:08.231+0000] {dag.py:3239} INFO - Sync 1 DAGs
[2025-03-11T13:12:08.241+0000] {logging_mixin.py:190} INFO - [2025-03-11T13:12:08.241+0000] {dag.py:4180} INFO - Setting next_dagrun for tutorial to 2025-03-10 00:00:00+00:00, run_after=2025-03-11 00:00:00+00:00
[2025-03-11T13:12:08.251+0000] {processor.py:208} INFO - Processing /home/airflow/.local/lib/python3.12/site-packages/airflow/example_dags/tutorial.py took 0.046 seconds
[2025-03-11T13:12:39.282+0000] {processor.py:186} INFO - Started process (PID=331) to work on /home/airflow/.local/lib/python3.12/site-packages/airflow/example_dags/tutorial.py
[2025-03-11T13:12:39.286+0000] {processor.py:914} INFO - Processing file /home/airflow/.local/lib/python3.12/site-packages/airflow/example_dags/tutorial.py for tasks to queue
[2025-03-11T13:12:39.290+0000] {logging_mixin.py:190} INFO - [2025-03-11T13:12:39.289+0000] {dagbag.py:588} INFO - Filling up the DagBag from /home/airflow/.local/lib/python3.12/site-packages/airflow/example_dags/tutorial.py
[2025-03-11T13:12:39.300+0000] {processor.py:925} INFO - DAG(s) 'tutorial' retrieved from /home/airflow/.local/lib/python3.12/site-packages/airflow/example_dags/tutorial.py
[2025-03-11T13:12:39.321+0000] {logging_mixin.py:190} INFO - [2025-03-11T13:12:39.321+0000] {dag.py:3239} INFO - Sync 1 DAGs
[2025-03-11T13:12:39.338+0000] {logging_mixin.py:190} INFO - [2025-03-11T13:12:39.338+0000] {dag.py:4180} INFO - Setting next_dagrun for tutorial to 2025-03-10 00:00:00+00:00, run_after=2025-03-11 00:00:00+00:00
[2025-03-11T13:12:39.350+0000] {processor.py:208} INFO - Processing /home/airflow/.local/lib/python3.12/site-packages/airflow/example_dags/tutorial.py took 0.078 seconds
[2025-03-11T14:00:33.843+0000] {processor.py:186} INFO - Started process (PID=139) to work on /home/airflow/.local/lib/python3.12/site-packages/airflow/example_dags/tutorial.py
[2025-03-11T14:00:33.853+0000] {processor.py:914} INFO - Processing file /home/airflow/.local/lib/python3.12/site-packages/airflow/example_dags/tutorial.py for tasks to queue
[2025-03-11T14:00:33.869+0000] {logging_mixin.py:190} INFO - [2025-03-11T14:00:33.864+0000] {dagbag.py:588} INFO - Filling up the DagBag from /home/airflow/.local/lib/python3.12/site-packages/airflow/example_dags/tutorial.py
[2025-03-11T14:00:33.941+0000] {processor.py:925} INFO - DAG(s) 'tutorial' retrieved from /home/airflow/.local/lib/python3.12/site-packages/airflow/example_dags/tutorial.py
[2025-03-11T14:00:35.051+0000] {logging_mixin.py:190} INFO - [2025-03-11T14:00:35.049+0000] {override.py:1912} INFO - Created Permission View: can edit on DAG:tutorial
[2025-03-11T14:00:35.122+0000] {logging_mixin.py:190} INFO - [2025-03-11T14:00:35.118+0000] {override.py:1912} INFO - Created Permission View: can delete on DAG:tutorial
[2025-03-11T14:00:35.175+0000] {logging_mixin.py:190} INFO - [2025-03-11T14:00:35.175+0000] {override.py:1912} INFO - Created Permission View: can read on DAG:tutorial
[2025-03-11T14:00:35.248+0000] {logging_mixin.py:190} INFO - [2025-03-11T14:00:35.248+0000] {override.py:1912} INFO - Created Permission View: can create on DAG Run:tutorial
[2025-03-11T14:00:35.306+0000] {logging_mixin.py:190} INFO - [2025-03-11T14:00:35.306+0000] {override.py:1912} INFO - Created Permission View: can delete on DAG Run:tutorial
[2025-03-11T14:00:35.363+0000] {logging_mixin.py:190} INFO - [2025-03-11T14:00:35.362+0000] {override.py:1912} INFO - Created Permission View: can read on DAG Run:tutorial
[2025-03-11T14:00:35.390+0000] {logging_mixin.py:190} INFO - [2025-03-11T14:00:35.388+0000] {override.py:1912} INFO - Created Permission View: menu access on DAG Run:tutorial
[2025-03-11T14:00:35.390+0000] {logging_mixin.py:190} INFO - [2025-03-11T14:00:35.390+0000] {dag.py:3239} INFO - Sync 1 DAGs
[2025-03-11T14:00:35.466+0000] {logging_mixin.py:190} INFO - [2025-03-11T14:00:35.464+0000] {dag.py:3262} INFO - Creating ORM DAG for tutorial
[2025-03-11T14:00:35.541+0000] {logging_mixin.py:190} INFO - [2025-03-11T14:00:35.540+0000] {dag.py:4180} INFO - Setting next_dagrun for tutorial to 2025-03-10 00:00:00+00:00, run_after=2025-03-11 00:00:00+00:00
[2025-03-11T14:00:35.653+0000] {processor.py:208} INFO - Processing /home/airflow/.local/lib/python3.12/site-packages/airflow/example_dags/tutorial.py took 1.857 seconds
[2025-03-11T14:29:09.942+0000] {processor.py:186} INFO - Started process (PID=110) to work on /home/airflow/.local/lib/python3.12/site-packages/airflow/example_dags/tutorial.py
[2025-03-11T14:29:09.944+0000] {processor.py:914} INFO - Processing file /home/airflow/.local/lib/python3.12/site-packages/airflow/example_dags/tutorial.py for tasks to queue
[2025-03-11T14:29:09.946+0000] {logging_mixin.py:190} INFO - [2025-03-11T14:29:09.945+0000] {dagbag.py:588} INFO - Filling up the DagBag from /home/airflow/.local/lib/python3.12/site-packages/airflow/example_dags/tutorial.py
[2025-03-11T14:29:09.956+0000] {processor.py:925} INFO - DAG(s) 'tutorial' retrieved from /home/airflow/.local/lib/python3.12/site-packages/airflow/example_dags/tutorial.py
[2025-03-11T14:29:09.977+0000] {logging_mixin.py:190} INFO - [2025-03-11T14:29:09.977+0000] {dag.py:3239} INFO - Sync 1 DAGs
[2025-03-11T14:29:10.002+0000] {logging_mixin.py:190} INFO - [2025-03-11T14:29:10.002+0000] {dag.py:4180} INFO - Setting next_dagrun for tutorial to 2025-03-10 00:00:00+00:00, run_after=2025-03-11 00:00:00+00:00
[2025-03-11T14:29:10.021+0000] {processor.py:208} INFO - Processing /home/airflow/.local/lib/python3.12/site-packages/airflow/example_dags/tutorial.py took 0.085 seconds
[2025-03-11T14:29:40.832+0000] {processor.py:186} INFO - Started process (PID=172) to work on /home/airflow/.local/lib/python3.12/site-packages/airflow/example_dags/tutorial.py
[2025-03-11T14:29:40.834+0000] {processor.py:914} INFO - Processing file /home/airflow/.local/lib/python3.12/site-packages/airflow/example_dags/tutorial.py for tasks to queue
[2025-03-11T14:29:40.837+0000] {logging_mixin.py:190} INFO - [2025-03-11T14:29:40.836+0000] {dagbag.py:588} INFO - Filling up the DagBag from /home/airflow/.local/lib/python3.12/site-packages/airflow/example_dags/tutorial.py
[2025-03-11T14:29:40.848+0000] {processor.py:925} INFO - DAG(s) 'tutorial' retrieved from /home/airflow/.local/lib/python3.12/site-packages/airflow/example_dags/tutorial.py
[2025-03-11T14:29:40.872+0000] {logging_mixin.py:190} INFO - [2025-03-11T14:29:40.872+0000] {dag.py:3239} INFO - Sync 1 DAGs
[2025-03-11T14:29:40.894+0000] {logging_mixin.py:190} INFO - [2025-03-11T14:29:40.893+0000] {dag.py:4180} INFO - Setting next_dagrun for tutorial to 2025-03-10 00:00:00+00:00, run_after=2025-03-11 00:00:00+00:00
[2025-03-11T14:29:40.909+0000] {processor.py:208} INFO - Processing /home/airflow/.local/lib/python3.12/site-packages/airflow/example_dags/tutorial.py took 0.082 seconds
[2025-03-11T14:30:11.290+0000] {processor.py:186} INFO - Started process (PID=234) to work on /home/airflow/.local/lib/python3.12/site-packages/airflow/example_dags/tutorial.py
[2025-03-11T14:30:11.291+0000] {processor.py:914} INFO - Processing file /home/airflow/.local/lib/python3.12/site-packages/airflow/example_dags/tutorial.py for tasks to queue
[2025-03-11T14:30:11.293+0000] {logging_mixin.py:190} INFO - [2025-03-11T14:30:11.293+0000] {dagbag.py:588} INFO - Filling up the DagBag from /home/airflow/.local/lib/python3.12/site-packages/airflow/example_dags/tutorial.py
[2025-03-11T14:30:11.301+0000] {processor.py:925} INFO - DAG(s) 'tutorial' retrieved from /home/airflow/.local/lib/python3.12/site-packages/airflow/example_dags/tutorial.py
[2025-03-11T14:30:11.319+0000] {logging_mixin.py:190} INFO - [2025-03-11T14:30:11.319+0000] {dag.py:3239} INFO - Sync 1 DAGs
[2025-03-11T14:30:11.348+0000] {logging_mixin.py:190} INFO - [2025-03-11T14:30:11.347+0000] {dag.py:4180} INFO - Setting next_dagrun for tutorial to 2025-03-10 00:00:00+00:00, run_after=2025-03-11 00:00:00+00:00
[2025-03-11T14:30:11.367+0000] {processor.py:208} INFO - Processing /home/airflow/.local/lib/python3.12/site-packages/airflow/example_dags/tutorial.py took 0.083 seconds
[2025-03-11T14:30:41.739+0000] {processor.py:186} INFO - Started process (PID=297) to work on /home/airflow/.local/lib/python3.12/site-packages/airflow/example_dags/tutorial.py
[2025-03-11T14:30:41.740+0000] {processor.py:914} INFO - Processing file /home/airflow/.local/lib/python3.12/site-packages/airflow/example_dags/tutorial.py for tasks to queue
[2025-03-11T14:30:41.742+0000] {logging_mixin.py:190} INFO - [2025-03-11T14:30:41.742+0000] {dagbag.py:588} INFO - Filling up the DagBag from /home/airflow/.local/lib/python3.12/site-packages/airflow/example_dags/tutorial.py
[2025-03-11T14:30:41.754+0000] {processor.py:925} INFO - DAG(s) 'tutorial' retrieved from /home/airflow/.local/lib/python3.12/site-packages/airflow/example_dags/tutorial.py
[2025-03-11T14:30:41.774+0000] {logging_mixin.py:190} INFO - [2025-03-11T14:30:41.774+0000] {dag.py:3239} INFO - Sync 1 DAGs
[2025-03-11T14:30:41.797+0000] {logging_mixin.py:190} INFO - [2025-03-11T14:30:41.796+0000] {dag.py:4180} INFO - Setting next_dagrun for tutorial to 2025-03-10 00:00:00+00:00, run_after=2025-03-11 00:00:00+00:00
[2025-03-11T14:30:41.811+0000] {processor.py:208} INFO - Processing /home/airflow/.local/lib/python3.12/site-packages/airflow/example_dags/tutorial.py took 0.078 seconds
[2025-03-11T14:31:12.661+0000] {processor.py:186} INFO - Started process (PID=360) to work on /home/airflow/.local/lib/python3.12/site-packages/airflow/example_dags/tutorial.py
[2025-03-11T14:31:12.663+0000] {processor.py:914} INFO - Processing file /home/airflow/.local/lib/python3.12/site-packages/airflow/example_dags/tutorial.py for tasks to queue
[2025-03-11T14:31:12.665+0000] {logging_mixin.py:190} INFO - [2025-03-11T14:31:12.665+0000] {dagbag.py:588} INFO - Filling up the DagBag from /home/airflow/.local/lib/python3.12/site-packages/airflow/example_dags/tutorial.py
[2025-03-11T14:31:12.674+0000] {processor.py:925} INFO - DAG(s) 'tutorial' retrieved from /home/airflow/.local/lib/python3.12/site-packages/airflow/example_dags/tutorial.py
[2025-03-11T14:31:12.692+0000] {logging_mixin.py:190} INFO - [2025-03-11T14:31:12.692+0000] {dag.py:3239} INFO - Sync 1 DAGs
[2025-03-11T14:31:12.716+0000] {logging_mixin.py:190} INFO - [2025-03-11T14:31:12.716+0000] {dag.py:4180} INFO - Setting next_dagrun for tutorial to 2025-03-10 00:00:00+00:00, run_after=2025-03-11 00:00:00+00:00
[2025-03-11T14:31:12.733+0000] {processor.py:208} INFO - Processing /home/airflow/.local/lib/python3.12/site-packages/airflow/example_dags/tutorial.py took 0.077 seconds
