[2025-03-11T13:10:35.379+0000] {processor.py:186} INFO - Started process (PID=72) to work on /home/airflow/.local/lib/python3.12/site-packages/airflow/example_dags/tutorial_dag.py
[2025-03-11T13:10:35.379+0000] {processor.py:914} INFO - Processing file /home/airflow/.local/lib/python3.12/site-packages/airflow/example_dags/tutorial_dag.py for tasks to queue
[2025-03-11T13:10:35.381+0000] {logging_mixin.py:190} INFO - [2025-03-11T13:10:35.381+0000] {dagbag.py:588} INFO - Filling up the DagBag from /home/airflow/.local/lib/python3.12/site-packages/airflow/example_dags/tutorial_dag.py
[2025-03-11T13:10:35.387+0000] {processor.py:925} INFO - DAG(s) 'tutorial_dag' retrieved from /home/airflow/.local/lib/python3.12/site-packages/airflow/example_dags/tutorial_dag.py
[2025-03-11T13:10:35.470+0000] {logging_mixin.py:190} INFO - [2025-03-11T13:10:35.469+0000] {override.py:1912} INFO - Created Permission View: can read on DAG:tutorial_dag
[2025-03-11T13:10:35.479+0000] {logging_mixin.py:190} INFO - [2025-03-11T13:10:35.479+0000] {override.py:1912} INFO - Created Permission View: can edit on DAG:tutorial_dag
[2025-03-11T13:10:35.485+0000] {logging_mixin.py:190} INFO - [2025-03-11T13:10:35.484+0000] {override.py:1912} INFO - Created Permission View: can delete on DAG:tutorial_dag
[2025-03-11T13:10:35.492+0000] {logging_mixin.py:190} INFO - [2025-03-11T13:10:35.492+0000] {override.py:1912} INFO - Created Permission View: can read on DAG Run:tutorial_dag
[2025-03-11T13:10:35.496+0000] {logging_mixin.py:190} INFO - [2025-03-11T13:10:35.496+0000] {override.py:1912} INFO - Created Permission View: can delete on DAG Run:tutorial_dag
[2025-03-11T13:10:35.502+0000] {logging_mixin.py:190} INFO - [2025-03-11T13:10:35.501+0000] {override.py:1912} INFO - Created Permission View: can create on DAG Run:tutorial_dag
[2025-03-11T13:10:35.509+0000] {logging_mixin.py:190} INFO - [2025-03-11T13:10:35.509+0000] {override.py:1912} INFO - Created Permission View: menu access on DAG Run:tutorial_dag
[2025-03-11T13:10:35.509+0000] {logging_mixin.py:190} INFO - [2025-03-11T13:10:35.509+0000] {dag.py:3239} INFO - Sync 1 DAGs
[2025-03-11T13:10:35.519+0000] {logging_mixin.py:190} INFO - [2025-03-11T13:10:35.519+0000] {dag.py:3262} INFO - Creating ORM DAG for tutorial_dag
[2025-03-11T13:10:35.520+0000] {logging_mixin.py:190} INFO - [2025-03-11T13:10:35.520+0000] {dag.py:4180} INFO - Setting next_dagrun for tutorial_dag to None, run_after=None
[2025-03-11T13:10:35.533+0000] {processor.py:208} INFO - Processing /home/airflow/.local/lib/python3.12/site-packages/airflow/example_dags/tutorial_dag.py took 0.158 seconds
[2025-03-11T13:11:05.709+0000] {processor.py:186} INFO - Started process (PID=135) to work on /home/airflow/.local/lib/python3.12/site-packages/airflow/example_dags/tutorial_dag.py
[2025-03-11T13:11:05.709+0000] {processor.py:914} INFO - Processing file /home/airflow/.local/lib/python3.12/site-packages/airflow/example_dags/tutorial_dag.py for tasks to queue
[2025-03-11T13:11:05.710+0000] {logging_mixin.py:190} INFO - [2025-03-11T13:11:05.710+0000] {dagbag.py:588} INFO - Filling up the DagBag from /home/airflow/.local/lib/python3.12/site-packages/airflow/example_dags/tutorial_dag.py
[2025-03-11T13:11:05.716+0000] {processor.py:925} INFO - DAG(s) 'tutorial_dag' retrieved from /home/airflow/.local/lib/python3.12/site-packages/airflow/example_dags/tutorial_dag.py
[2025-03-11T13:11:05.730+0000] {logging_mixin.py:190} INFO - [2025-03-11T13:11:05.730+0000] {dag.py:3239} INFO - Sync 1 DAGs
[2025-03-11T13:11:05.738+0000] {logging_mixin.py:190} INFO - [2025-03-11T13:11:05.738+0000] {dag.py:4180} INFO - Setting next_dagrun for tutorial_dag to None, run_after=None
[2025-03-11T13:11:05.751+0000] {processor.py:208} INFO - Processing /home/airflow/.local/lib/python3.12/site-packages/airflow/example_dags/tutorial_dag.py took 0.047 seconds
[2025-03-11T13:11:36.078+0000] {processor.py:186} INFO - Started process (PID=198) to work on /home/airflow/.local/lib/python3.12/site-packages/airflow/example_dags/tutorial_dag.py
[2025-03-11T13:11:36.079+0000] {processor.py:914} INFO - Processing file /home/airflow/.local/lib/python3.12/site-packages/airflow/example_dags/tutorial_dag.py for tasks to queue
[2025-03-11T13:11:36.080+0000] {logging_mixin.py:190} INFO - [2025-03-11T13:11:36.080+0000] {dagbag.py:588} INFO - Filling up the DagBag from /home/airflow/.local/lib/python3.12/site-packages/airflow/example_dags/tutorial_dag.py
[2025-03-11T13:11:36.084+0000] {processor.py:925} INFO - DAG(s) 'tutorial_dag' retrieved from /home/airflow/.local/lib/python3.12/site-packages/airflow/example_dags/tutorial_dag.py
[2025-03-11T13:11:36.095+0000] {logging_mixin.py:190} INFO - [2025-03-11T13:11:36.095+0000] {dag.py:3239} INFO - Sync 1 DAGs
[2025-03-11T13:11:36.102+0000] {logging_mixin.py:190} INFO - [2025-03-11T13:11:36.102+0000] {dag.py:4180} INFO - Setting next_dagrun for tutorial_dag to None, run_after=None
[2025-03-11T13:11:36.111+0000] {processor.py:208} INFO - Processing /home/airflow/.local/lib/python3.12/site-packages/airflow/example_dags/tutorial_dag.py took 0.036 seconds
[2025-03-11T13:12:06.827+0000] {processor.py:186} INFO - Started process (PID=260) to work on /home/airflow/.local/lib/python3.12/site-packages/airflow/example_dags/tutorial_dag.py
[2025-03-11T13:12:06.831+0000] {processor.py:914} INFO - Processing file /home/airflow/.local/lib/python3.12/site-packages/airflow/example_dags/tutorial_dag.py for tasks to queue
[2025-03-11T13:12:06.832+0000] {logging_mixin.py:190} INFO - [2025-03-11T13:12:06.832+0000] {dagbag.py:588} INFO - Filling up the DagBag from /home/airflow/.local/lib/python3.12/site-packages/airflow/example_dags/tutorial_dag.py
[2025-03-11T13:12:06.836+0000] {processor.py:925} INFO - DAG(s) 'tutorial_dag' retrieved from /home/airflow/.local/lib/python3.12/site-packages/airflow/example_dags/tutorial_dag.py
[2025-03-11T13:12:06.847+0000] {logging_mixin.py:190} INFO - [2025-03-11T13:12:06.847+0000] {dag.py:3239} INFO - Sync 1 DAGs
[2025-03-11T13:12:06.854+0000] {logging_mixin.py:190} INFO - [2025-03-11T13:12:06.854+0000] {dag.py:4180} INFO - Setting next_dagrun for tutorial_dag to None, run_after=None
[2025-03-11T13:12:06.863+0000] {processor.py:208} INFO - Processing /home/airflow/.local/lib/python3.12/site-packages/airflow/example_dags/tutorial_dag.py took 0.039 seconds
[2025-03-11T13:12:38.337+0000] {processor.py:186} INFO - Started process (PID=323) to work on /home/airflow/.local/lib/python3.12/site-packages/airflow/example_dags/tutorial_dag.py
[2025-03-11T13:12:38.339+0000] {processor.py:914} INFO - Processing file /home/airflow/.local/lib/python3.12/site-packages/airflow/example_dags/tutorial_dag.py for tasks to queue
[2025-03-11T13:12:38.344+0000] {logging_mixin.py:190} INFO - [2025-03-11T13:12:38.343+0000] {dagbag.py:588} INFO - Filling up the DagBag from /home/airflow/.local/lib/python3.12/site-packages/airflow/example_dags/tutorial_dag.py
[2025-03-11T13:12:38.354+0000] {processor.py:925} INFO - DAG(s) 'tutorial_dag' retrieved from /home/airflow/.local/lib/python3.12/site-packages/airflow/example_dags/tutorial_dag.py
[2025-03-11T13:12:38.370+0000] {logging_mixin.py:190} INFO - [2025-03-11T13:12:38.370+0000] {dag.py:3239} INFO - Sync 1 DAGs
[2025-03-11T13:12:38.382+0000] {logging_mixin.py:190} INFO - [2025-03-11T13:12:38.381+0000] {dag.py:4180} INFO - Setting next_dagrun for tutorial_dag to None, run_after=None
[2025-03-11T13:12:38.395+0000] {processor.py:208} INFO - Processing /home/airflow/.local/lib/python3.12/site-packages/airflow/example_dags/tutorial_dag.py took 0.065 seconds
[2025-03-11T14:00:39.653+0000] {processor.py:186} INFO - Started process (PID=145) to work on /home/airflow/.local/lib/python3.12/site-packages/airflow/example_dags/tutorial_dag.py
[2025-03-11T14:00:39.658+0000] {processor.py:914} INFO - Processing file /home/airflow/.local/lib/python3.12/site-packages/airflow/example_dags/tutorial_dag.py for tasks to queue
[2025-03-11T14:00:39.676+0000] {logging_mixin.py:190} INFO - [2025-03-11T14:00:39.675+0000] {dagbag.py:588} INFO - Filling up the DagBag from /home/airflow/.local/lib/python3.12/site-packages/airflow/example_dags/tutorial_dag.py
[2025-03-11T14:00:39.733+0000] {processor.py:925} INFO - DAG(s) 'tutorial_dag' retrieved from /home/airflow/.local/lib/python3.12/site-packages/airflow/example_dags/tutorial_dag.py
[2025-03-11T14:00:40.744+0000] {logging_mixin.py:190} INFO - [2025-03-11T14:00:40.743+0000] {override.py:1912} INFO - Created Permission View: can edit on DAG:tutorial_dag
[2025-03-11T14:00:40.813+0000] {logging_mixin.py:190} INFO - [2025-03-11T14:00:40.813+0000] {override.py:1912} INFO - Created Permission View: can delete on DAG:tutorial_dag
[2025-03-11T14:00:40.854+0000] {logging_mixin.py:190} INFO - [2025-03-11T14:00:40.854+0000] {override.py:1912} INFO - Created Permission View: can read on DAG:tutorial_dag
[2025-03-11T14:00:40.895+0000] {logging_mixin.py:190} INFO - [2025-03-11T14:00:40.895+0000] {override.py:1912} INFO - Created Permission View: can create on DAG Run:tutorial_dag
[2025-03-11T14:00:40.951+0000] {logging_mixin.py:190} INFO - [2025-03-11T14:00:40.950+0000] {override.py:1912} INFO - Created Permission View: can delete on DAG Run:tutorial_dag
[2025-03-11T14:00:40.990+0000] {logging_mixin.py:190} INFO - [2025-03-11T14:00:40.984+0000] {override.py:1912} INFO - Created Permission View: can read on DAG Run:tutorial_dag
[2025-03-11T14:00:41.042+0000] {logging_mixin.py:190} INFO - [2025-03-11T14:00:41.040+0000] {override.py:1912} INFO - Created Permission View: menu access on DAG Run:tutorial_dag
[2025-03-11T14:00:41.050+0000] {logging_mixin.py:190} INFO - [2025-03-11T14:00:41.042+0000] {dag.py:3239} INFO - Sync 1 DAGs
[2025-03-11T14:00:41.150+0000] {logging_mixin.py:190} INFO - [2025-03-11T14:00:41.150+0000] {dag.py:3262} INFO - Creating ORM DAG for tutorial_dag
[2025-03-11T14:00:41.151+0000] {logging_mixin.py:190} INFO - [2025-03-11T14:00:41.151+0000] {dag.py:4180} INFO - Setting next_dagrun for tutorial_dag to None, run_after=None
[2025-03-11T14:00:41.263+0000] {processor.py:208} INFO - Processing /home/airflow/.local/lib/python3.12/site-packages/airflow/example_dags/tutorial_dag.py took 1.672 seconds
[2025-03-11T14:29:10.883+0000] {processor.py:186} INFO - Started process (PID=116) to work on /home/airflow/.local/lib/python3.12/site-packages/airflow/example_dags/tutorial_dag.py
[2025-03-11T14:29:10.889+0000] {processor.py:914} INFO - Processing file /home/airflow/.local/lib/python3.12/site-packages/airflow/example_dags/tutorial_dag.py for tasks to queue
[2025-03-11T14:29:10.897+0000] {logging_mixin.py:190} INFO - [2025-03-11T14:29:10.894+0000] {dagbag.py:588} INFO - Filling up the DagBag from /home/airflow/.local/lib/python3.12/site-packages/airflow/example_dags/tutorial_dag.py
[2025-03-11T14:29:10.922+0000] {processor.py:925} INFO - DAG(s) 'tutorial_dag' retrieved from /home/airflow/.local/lib/python3.12/site-packages/airflow/example_dags/tutorial_dag.py
[2025-03-11T14:29:10.966+0000] {logging_mixin.py:190} INFO - [2025-03-11T14:29:10.966+0000] {dag.py:3239} INFO - Sync 1 DAGs
[2025-03-11T14:29:10.986+0000] {logging_mixin.py:190} INFO - [2025-03-11T14:29:10.986+0000] {dag.py:4180} INFO - Setting next_dagrun for tutorial_dag to None, run_after=None
[2025-03-11T14:29:11.021+0000] {processor.py:208} INFO - Processing /home/airflow/.local/lib/python3.12/site-packages/airflow/example_dags/tutorial_dag.py took 0.157 seconds
[2025-03-11T14:29:41.341+0000] {processor.py:186} INFO - Started process (PID=179) to work on /home/airflow/.local/lib/python3.12/site-packages/airflow/example_dags/tutorial_dag.py
[2025-03-11T14:29:41.341+0000] {processor.py:914} INFO - Processing file /home/airflow/.local/lib/python3.12/site-packages/airflow/example_dags/tutorial_dag.py for tasks to queue
[2025-03-11T14:29:41.344+0000] {logging_mixin.py:190} INFO - [2025-03-11T14:29:41.343+0000] {dagbag.py:588} INFO - Filling up the DagBag from /home/airflow/.local/lib/python3.12/site-packages/airflow/example_dags/tutorial_dag.py
[2025-03-11T14:29:41.353+0000] {processor.py:925} INFO - DAG(s) 'tutorial_dag' retrieved from /home/airflow/.local/lib/python3.12/site-packages/airflow/example_dags/tutorial_dag.py
[2025-03-11T14:29:41.372+0000] {logging_mixin.py:190} INFO - [2025-03-11T14:29:41.371+0000] {dag.py:3239} INFO - Sync 1 DAGs
[2025-03-11T14:29:41.385+0000] {logging_mixin.py:190} INFO - [2025-03-11T14:29:41.385+0000] {dag.py:4180} INFO - Setting next_dagrun for tutorial_dag to None, run_after=None
[2025-03-11T14:29:41.401+0000] {processor.py:208} INFO - Processing /home/airflow/.local/lib/python3.12/site-packages/airflow/example_dags/tutorial_dag.py took 0.065 seconds
[2025-03-11T14:30:11.703+0000] {processor.py:186} INFO - Started process (PID=240) to work on /home/airflow/.local/lib/python3.12/site-packages/airflow/example_dags/tutorial_dag.py
[2025-03-11T14:30:11.705+0000] {processor.py:914} INFO - Processing file /home/airflow/.local/lib/python3.12/site-packages/airflow/example_dags/tutorial_dag.py for tasks to queue
[2025-03-11T14:30:11.707+0000] {logging_mixin.py:190} INFO - [2025-03-11T14:30:11.707+0000] {dagbag.py:588} INFO - Filling up the DagBag from /home/airflow/.local/lib/python3.12/site-packages/airflow/example_dags/tutorial_dag.py
[2025-03-11T14:30:11.715+0000] {processor.py:925} INFO - DAG(s) 'tutorial_dag' retrieved from /home/airflow/.local/lib/python3.12/site-packages/airflow/example_dags/tutorial_dag.py
[2025-03-11T14:30:11.734+0000] {logging_mixin.py:190} INFO - [2025-03-11T14:30:11.734+0000] {dag.py:3239} INFO - Sync 1 DAGs
[2025-03-11T14:30:11.750+0000] {logging_mixin.py:190} INFO - [2025-03-11T14:30:11.749+0000] {dag.py:4180} INFO - Setting next_dagrun for tutorial_dag to None, run_after=None
[2025-03-11T14:30:11.769+0000] {processor.py:208} INFO - Processing /home/airflow/.local/lib/python3.12/site-packages/airflow/example_dags/tutorial_dag.py took 0.071 seconds
[2025-03-11T14:30:42.145+0000] {processor.py:186} INFO - Started process (PID=303) to work on /home/airflow/.local/lib/python3.12/site-packages/airflow/example_dags/tutorial_dag.py
[2025-03-11T14:30:42.147+0000] {processor.py:914} INFO - Processing file /home/airflow/.local/lib/python3.12/site-packages/airflow/example_dags/tutorial_dag.py for tasks to queue
[2025-03-11T14:30:42.149+0000] {logging_mixin.py:190} INFO - [2025-03-11T14:30:42.149+0000] {dagbag.py:588} INFO - Filling up the DagBag from /home/airflow/.local/lib/python3.12/site-packages/airflow/example_dags/tutorial_dag.py
[2025-03-11T14:30:42.157+0000] {processor.py:925} INFO - DAG(s) 'tutorial_dag' retrieved from /home/airflow/.local/lib/python3.12/site-packages/airflow/example_dags/tutorial_dag.py
[2025-03-11T14:30:42.176+0000] {logging_mixin.py:190} INFO - [2025-03-11T14:30:42.175+0000] {dag.py:3239} INFO - Sync 1 DAGs
[2025-03-11T14:30:42.189+0000] {logging_mixin.py:190} INFO - [2025-03-11T14:30:42.189+0000] {dag.py:4180} INFO - Setting next_dagrun for tutorial_dag to None, run_after=None
[2025-03-11T14:30:42.205+0000] {processor.py:208} INFO - Processing /home/airflow/.local/lib/python3.12/site-packages/airflow/example_dags/tutorial_dag.py took 0.066 seconds
[2025-03-11T14:31:13.028+0000] {processor.py:186} INFO - Started process (PID=366) to work on /home/airflow/.local/lib/python3.12/site-packages/airflow/example_dags/tutorial_dag.py
[2025-03-11T14:31:13.030+0000] {processor.py:914} INFO - Processing file /home/airflow/.local/lib/python3.12/site-packages/airflow/example_dags/tutorial_dag.py for tasks to queue
[2025-03-11T14:31:13.032+0000] {logging_mixin.py:190} INFO - [2025-03-11T14:31:13.031+0000] {dagbag.py:588} INFO - Filling up the DagBag from /home/airflow/.local/lib/python3.12/site-packages/airflow/example_dags/tutorial_dag.py
[2025-03-11T14:31:13.040+0000] {processor.py:925} INFO - DAG(s) 'tutorial_dag' retrieved from /home/airflow/.local/lib/python3.12/site-packages/airflow/example_dags/tutorial_dag.py
[2025-03-11T14:31:13.063+0000] {logging_mixin.py:190} INFO - [2025-03-11T14:31:13.063+0000] {dag.py:3239} INFO - Sync 1 DAGs
[2025-03-11T14:31:13.076+0000] {logging_mixin.py:190} INFO - [2025-03-11T14:31:13.076+0000] {dag.py:4180} INFO - Setting next_dagrun for tutorial_dag to None, run_after=None
[2025-03-11T14:31:13.095+0000] {processor.py:208} INFO - Processing /home/airflow/.local/lib/python3.12/site-packages/airflow/example_dags/tutorial_dag.py took 0.075 seconds
